ARM GAS  C:\Users\johnb\AppData\Local\Temp\ccjhUT4U.s 			page 1


   1              		.cpu cortex-m4
   2              		.eabi_attribute 20, 1
   3              		.eabi_attribute 21, 1
   4              		.eabi_attribute 23, 3
   5              		.eabi_attribute 24, 1
   6              		.eabi_attribute 25, 1
   7              		.eabi_attribute 26, 1
   8              		.eabi_attribute 30, 2
   9              		.eabi_attribute 34, 1
  10              		.eabi_attribute 18, 4
  11              		.file	"board.c"
  12              		.text
  13              	.Ltext0:
  14              		.section	.gnu.lto_.profile.5f7e944,"",%progbits
  15 0000 789C6365 		.ascii	"x\234ce`b`a```d\340c\006\000\000\237\000\036"
  15      60626061 
  15      60606064 
  15      E0630600 
  15      009F001E 
  16              		.text
  17              		.section	.gnu.lto_.icf.5f7e944,"",%progbits
  18 0000 789C6365 		.ascii	"x\234ce`b\020a@\000f\206\205??\354\345a\354m}r\233\213"
  18      60621061 
  18      40006686 
  18      853F3FEC 
  18      E561EC6D 
  19 0018 69DAC423 		.ascii	"i\332\304#\013\270\031\000c&\010\346"
  19      0BB81900 
  19      632608E6 
  20              		.text
  21              		.section	.gnu.lto_.jmpfuncs.5f7e944,"",%progbits
  22 0000 789C6365 		.ascii	"x\234ce`b\340d@\000&\020\301\010\304\000\001\227\000"
  22      6062E064 
  22      40002610 
  22      C108C400 
  22      019700
  23 0013 14       		.ascii	"\024"
  24              		.text
  25              		.section	.gnu.lto_.inline.5f7e944,"",%progbits
  26 0000 789C6365 		.ascii	"x\234ce`b\320f@\000&\006\006\026\036F\020\305\300\266"
  26      6062D066 
  26      40002606 
  26      06161E46 
  26      10C5C0B6 
  27 0014 401E4431 		.ascii	"@\036D10r\201\010\006f&Ta\006\000-\355\001\352"
  27      30728108 
  27      06662654 
  27      6106002D 
  27      ED01EA
  28              		.text
  29              		.section	.gnu.lto_.pureconst.5f7e944,"",%progbits
  30 0000 789C6365 		.ascii	"x\234ce`b`e`\000\222\022\214\014\000\000\345\000("
  30      60626065 
  30      60009212 
  30      8C0C0000 
  30      E50028
  31              		.text
ARM GAS  C:\Users\johnb\AppData\Local\Temp\ccjhUT4U.s 			page 2


  32              		.section	.gnu.lto___early_init.5f7e944,"",%progbits
  33 0000 789C6365 		.ascii	"x\234ce`bX\312\300\300`\011\304\322@\314\310\314\300"
  33      606258CA 
  33      C0C06009 
  33      C4D240CC 
  33      C8CCC0
  34 0013 C834E11C 		.ascii	"\3104\341\034\003C#\007\023##\210\321\300\301\310P\317"
  34      03432307 
  34      13232388 
  34      D1C0C1C8 
  34      50CF
  35 0025 C458CFD8 		.ascii	"\304X\317\330\317<\235\231\361P\373\263\235L\232\313"
  35      CF3C9D99 
  35      F150FBB3 
  35      9D4C9ACB 
  36 0035 1B80E0C0 		.ascii	"\033\200\340\300\364mlm\015\255\022\363\231\031\030"
  36      F46D6C6D 
  36      0DAD12F3 
  36      991918
  37 0044 66023108 		.ascii	"f\0021\0100.g\324d\000*{\264\361\337T^6\026\2108\343"
  37      302E67D4 
  37      64002A7B 
  37      B4F1DF54 
  37      5E361688 
  38 005a 0A463646 		.ascii	"\012F6F \275\376\022\343\201\206\177\377\333\033\016"
  38      20BDFE12 
  38      E381867F 
  38      FFDB1B0E 
  39 006a 9C59CCB8 		.ascii	"\234Y\314\270\327\015(\325\005\304 ;\272\231\231@4\363"
  39      D70D28D5 
  39      05C4203B 
  39      BA999940 
  39      34F3
  40 007c 6BC6E605 		.ascii	"k\306\346\005\337{\230A\032@\246\354\334\371\3466{\375"
  40      DF7B9841 
  40      1A40A6EC 
  40      DCF9E636 
  40      7BFD
  41 008e DF068EF9 		.ascii	"\337\006\216\371\314\2143\231\201F0\256d\254g\230\017"
  41      CC8C3399 
  41      814630AE 
  41      64AC6798 
  41      0F
  42 009f 54FC96B1 		.ascii	"T\374\226\261i\301\357\036F\260B\020\350\002\312\002"
  42      69C1EF1E 
  42      46B04210 
  42      E802CA02 
  43 00af 0D606260 		.ascii	"\015`b`0\327\323\323\207\243\374b\375\214\304\034\375"
  43      30D7D3D3 
  43      87A3FC62 
  43      FD8CC41C 
  43      FD
  44 00c0 A4FCC4A2 		.ascii	"\244\374\304\242\224b\375\340\220\370\340\020_c#7\223"
  44      9462FDE0 
  44      90F8E010 
  44      5F632337 
  44      93
ARM GAS  C:\Users\johnb\AppData\Local\Temp\ccjhUT4U.s 			page 3


  45 00d1 7817CF60 		.ascii	"x\027\317`g\3770\327\240H\210\234^2\003\000\204dH("
  45      67FF30D7 
  45      A048889C 
  45      5E320300 
  45      84644828 
  46              		.text
  47              		.section	.gnu.lto_boardInit.5f7e944,"",%progbits
  48 0000 789C6365 		.ascii	"x\234ce`b\250d``\260\004bi fdf`d\232p\216\201\241\221"
  48      6062A864 
  48      6060B004 
  48      62692066 
  48      64666064 
  49 001a 83899111 		.ascii	"\203\211\221\021\304h\340`d\250gb\254g\354g\236\316"
  49      C468E060 
  49      64A86762 
  49      AC67EC67 
  49      9ECE
  50 002c CC78A8FD 		.ascii	"\314x\250\375\331N&\315\345\015@p`\372\004\256\266\206"
  50      D94E26CD 
  50      E50D4070 
  50      60FA04AE 
  50      B686
  51 003e 5689F9CC 		.ascii	"V\211\371\314\014\0143\201\030\004\030\2273j2\000\225"
  51      0C0C3381 
  51      18041897 
  51      336A3200 
  51      95
  52 004f 3DDAF86F 		.ascii	"=\332\370o*/\033\013D\234q\005#\033#\220^\177\211\361"
  52      2A2F1B0B 
  52      449C7105 
  52      231B2390 
  52      5E7F89F1 
  53 0063 40C3BFFF 		.ascii	"@\303\277\377\355\015\007\276,b\234\354\305\304\300"
  53      ED0D07BE 
  53      2C629CEC 
  53      C5C4C0
  54 0072 D0059406 		.ascii	"\320\005\224\006\331\321\315\314\004\242\231\33726)"
  54      D9D1CDCC 
  54      04A299DF 
  54      323629
  55 0081 805483CD 		.ascii	"\200T\203\315\352bf\004\011\002\225\231\353\351\351"
  55      EA626604 
  55      09029599 
  55      EBE9E9
  56 0090 C3517EB1 		.ascii	"\303Q~\261~Fb\216~R~bQJ\261~pH|p\210\257\261\221\233"
  56      7E46628E 
  56      7E527E62 
  56      514AB17E 
  56      70487C70 
  57 00a9 49BC8B67 		.ascii	"I\274\213g\260\263\177\230kP$DN/\231\001\000\33628\240"
  57      B0B37F98 
  57      6B502444 
  57      4E2F9901 
  57      00DE3238 
  58              		.text
  59              		.section	.gnu.lto_pal_default_config.5f7e944,"",%progbits
  60 0000 789CDD93 		.ascii	"x\234\335\223\313/\003Q\024\306\347\314\355\264\264"
ARM GAS  C:\Users\johnb\AppData\Local\Temp\ccjhUT4U.s 			page 4


  60      CB2F0351 
  60      14C6E7CC 
  60      EDB4B4
  61 000f 1EB1B320 		.ascii	"\036\261\263 \254%\254\373g\371\023\256j\004\221\252"
  61      AC25ACFB 
  61      67F913AE 
  61      6A0491AA 
  62 001f 50061152 		.ascii	"P\006\021R\217j\213\322\242\255g\353\025\013\217M\213"
  62      8F6A8BD2 
  62      A2AD67EB 
  62      150B8F4D 
  62      8B
  63 0030 8DA87885 		.ascii	"\215\250x\205P\302\246\365h\235\333{In\322\215\255Y"
  63      50C2A6F5 
  63      689DDB7B 
  63      496ED28D 
  63      AD59
  64 0042 CC97EF9B 		.ascii	"\314\227\357\233\231\363\375rfFST\245\326\240(\240\360"
  64      99F3FD72 
  64      66465354 
  64      A5D6A028 
  64      A0F0
  65 0054 638040E0 		.ascii	"c\200@\3401\232-w\220Q\202!\332\311\367\217\027\302"
  65      319A2D77 
  65      90518221 
  65      DAC9F78F 
  65      17C2
  66 0066 6D3E4F30 		.ascii	"m>O08\337\367\372\177\203|\276\022\243\243H\317\207"
  66      38DFF7FA 
  66      7F837CBE 
  66      12A3A348 
  66      CF87
  67 0078 665DA6ED 		.ascii	"f]\246\355c\264y\224\200\216\227<P\243\023\340\242\202"
  67      63B47994 
  67      808E973C 
  67      50A313E0 
  67      A282
  68 008a 9709E1CE 		.ascii	"\227\011\341\316\000\323L4\356\214L\224\1776#\234\366"
  68      00D34C34 
  68      EE8C4C94 
  68      7F36239C 
  68      F6
  69 009b 87C50A63 		.ascii	"\207\305\012c\314;\343!\217I\2369\367\327\231\336\304"
  69      CC3BE321 
  69      8F499E39 
  69      F7D799DE 
  69      C4
  70 00ac E18359AC 		.ascii	"\341\203Y\254\275\016\375\366\327^\233\211\373\344X"
  70      BD0EFDF6 
  70      D75E9B89 
  70      FBE458
  71 00bb 52C5E4E6 		.ascii	"R\305\344\346\350\365M\334AmtZ\303\350\312\035\312Z"
  71      E8F54DDC 
  71      416D745A 
  71      C3E8CA1D 
  71      CA5A
  72 00cd E4E260B1 		.ascii	"\344\342`\261\342\005^<_\254\370:\263p`\021c\273\252"
ARM GAS  C:\Users\johnb\AppData\Local\Temp\ccjhUT4U.s 			page 5


  72      E2055E3C 
  72      5FACF83A 
  72      B3706011 
  72      63BBAA
  73 00e0 31F077A7 		.ascii	"1\360w\247:JE\200\207\021#[o\277]T'|}nV\355\273\375"
  73      3A4A4580 
  73      8711235B 
  73      6FBF5D54 
  73      277C7D6E 
  74 00f8 8C8ACFA4 		.ascii	"\214\212\317\244\205\332\2520I\005s#f\031&\\\014fY\332"
  74      85DAAA30 
  74      49057323 
  74      6619265C 
  74      0C6659DA 
  75 010c C2128759 		.ascii	"\302\022\207Y\3440\217'\201\264\361\267\273\036\223"
  75      E4308F27 
  75      81B4F1B7 
  75      BB1E93
  76 011b 9EA9E346 		.ascii	"\236\251\343F\036\270:w}\254y\357r|H\360\305\014\350"
  76      1EB83A77 
  76      7DAC79EF 
  76      727C48F0 
  76      C50CE8
  77 012e 697A876A 		.ascii	"iz\207j\342\2318{\344\302\365\3442\312 k\034dU\002Y"
  77      E299387B 
  77      E4C2F5E4 
  77      32CA206B 
  77      1C645502 
  78 0143 9140A21C 		.ascii	"\221@\242\034d\216\203d\202C\233ebh\242\001\203a\375"
  78      648E8364 
  78      82439B65 
  78      6268A201 
  78      8361FD
  79 0156 3956F143 		.ascii	"9V\361CvV\000\311zrN\021%\250\2352\226\344`&\251\212"
  79      765600C9 
  79      7A724E11 
  79      25A89D32 
  79      96E46026 
  80 016c B7789A2B 		.ascii	"\267x\232+\374<\255\251]\007\374L\262\025\336\344\375"
  80      FC3CADA9 
  80      5D07FC4C 
  80      B215DEE4 
  80      FD
  81 017d 97AB49E6 		.ascii	"\227\253I\346\333\222\026\025\347|1\211o\223\363mp\276"
  81      DB921615 
  81      E77C3189 
  81      6F93F36D 
  81      70BE
  82 018f 3B77EF84 		.ascii	";w\357\204X\266\023g\253:1\3016XuR\002\353LJ!\302\304"
  82      58B61367 
  82      AB3A31C1 
  82      36587552 
  82      02EB4C4A 
  83 01a6 0C212616 		.ascii	"\014!&\026\0100)\203Y&\3450\303\244\002\374L*\301\007"
  83      08302983 
  83      5926E530 
  83      C3A402FC 
ARM GAS  C:\Users\johnb\AppData\Local\Temp\ccjhUT4U.s 			page 6


  83      4C2AC107 
  84 01ba 560576F0 		.ascii	"V\005v\360\364\015ge=\367"
  84      F40D6765 
  84      3DF7
  85              		.text
  86              		.section	.gnu.lto_.symbol_nodes.5f7e944,"",%progbits
  87 0000 789C6365 		.ascii	"x\234ce`b\360`\000\002\246iL\365\014\014\023\31610\000"
  87      6062F060 
  87      0002A669 
  87      4CF50C0C 
  87      13CE3130 
  88 0015 A95D0D8E 		.ascii	"\251]\015\216@\221\351L\365\214(\"\254S\231\030\032"
  88      4091E94C 
  88      F58C2822 
  88      AC539918 
  88      1A
  89 0026 95808A19 		.ascii	"\225\200\212\031g0\3253\201\245\030\030\032\032\034"
  89      6730D533 
  89      81A51818 
  89      1A1A1C
  90 0035 18189881 		.ascii	"\030\030\230\201p\311\203\177\214\014\000nr\020\266"
  90      70C9837F 
  90      8C0C006E 
  90      7210B6
  91              		.text
  92              		.section	.gnu.lto_.refs.5f7e944,"",%progbits
  93 0000 789C6365 		.ascii	"x\234ce`b`d\000\002\000\000I\000\011"
  93      60626064 
  93      00020000 
  93      490009
  94              		.text
  95              		.section	.gnu.lto_.decls.5f7e944,"",%progbits
  96 0000 789CAD56 		.ascii	"x\234\255ViLTW\024~\347\275a\204\001\205\200i\374aR"
  96      694C5457 
  96      147EE7BD 
  96      61840185 
  96      8069FC61 
  97 0015 62B0F2A3 		.ascii	"b\260\362\243\202@SM\177X\255\210\332\272\220jI\332"
  97      8240534D 
  97      7F58AD88 
  97      DABA906A 
  97      49DA
  98 0027 4E331998 		.ascii	"N3\031\230A'\035\230\351\314\320h\372\347\251 \356h"
  98      41271D98 
  98      E9CCD068 
  98      FAE7A920 
  98      EE68
  99 0039 B5361817 		.ascii	"\2656\030\027P[\241. .\025\025\034Q\021)\010JE\321a"
  99      505BA12E 
  99      202E1515 
  99      1C511129 
  99      084A45D1 
 100 004e 71C30559 		.ascii	"q\303\005Y]@\243\245\347\336\373\206\367|\320tIo\370"
 100      5D40A3A5 
 100      E7DEFB86 
 100      F77CD074 
 100      496FF8
ARM GAS  C:\Users\johnb\AppData\Local\Temp\ccjhUT4U.s 			page 7


 101 0061 E6BD73CF 		.ascii	"\346\275s\317w\277s\356\271\347\016\343\303\361\\\256"
 101      77BF73EE 
 101      B9E70EE3 
 101      C3F15CAE 
 102 0071 8EE3E278 		.ascii	"\216\343\342x\216{\305q\\?\016\015>\017p\362\020\020"
 102      8E7BC571 
 102      5C3F0E0D 
 102      3E0F70F2 
 102      1010
 103 0083 07118588 		.ascii	"\007\021\205\210\"\004 z\2717\307W\300x\011\210>\305"
 103      2204207A 
 103      B937C757 
 103      C0780988 
 103      3EC5
 104 0095 7A5E5A5B 		.ascii	"z^Z[\304\015\036F`Z\011\222\015R\014\365\350\224\264"
 104      C40D1E46 
 104      605A0992 
 104      0D520CF5 
 104      E894B4
 105 00a8 C7211A10 		.ascii	"\307!\032\020\317\021A\210Z\304UD\035\3422\342\012\242"
 105      CF114188 
 105      5AC45544 
 105      1DE232E2 
 105      0AA2
 106 00ba 1E518378 		.ascii	"\036Q\203x\210x\214\350@\264!\036\021\035D\027\242\007"
 106      88788CE8 
 106      40B4211E 
 106      111D4417 
 106      A207
 107 00cc D13E441C 		.ascii	"\321>D\0342~\024\340\330\272s%|\023x\000s\207 \226\031"
 107      327E14E0 
 107      D8BA7325 
 107      7C137800 
 107      73872096 
 108 00e1 B04FA0A0 		.ascii	"\260O\240\240f\277w\000\320y\234\3459iC\336)\360\256"
 108      66BF7700 
 108      D0799CE5 
 108      396943DE 
 108      29F0AE
 109 00f4 906C5E32 		.ascii	"\220l^2yI\222\376I\213A\241\310\334,\222w\260\372\260"
 109      794992FE 
 109      498B41A1 
 109      C8DC2C92 
 109      77B0FAB0 
 110 0108 17BACCBB 		.ascii	"\027\272\314\273\032x9\000\200r\201B\220\245-\371\007"
 110      1A783900 
 110      80728142 
 110      90A52DF9 
 110      07
 111 0119 F2E3E4CD 		.ascii	"\362\343\344\315\201w\367\335\331U\255\272fh$\2639S"
 111      8177F7DD 
 111      D955ADBA 
 111      666824B3 
 111      3953
 112 012b 80CDB567 		.ascii	"\200\315\265g]\012\024x \357\315/\362\342\"\366\213"
 112      5D0A1478 
 112      20EFCD2F 
ARM GAS  C:\Users\johnb\AppData\Local\Temp\ccjhUT4U.s 			page 8


 112      F2E222F6 
 112      8B
 113 013c 6CF8BE2D 		.ascii	"l\370\276-\227\355|\177\257;p\275\000\301:\340\321\274"
 113      97ED7C7F 
 113      AF3B70BD 
 113      00C13AE0 
 113      D1BC
 114 014e D255B5DD 		.ascii	"\322U\265\335\037\315\221:\010B\263o\351\3253\272Q["
 114      1FCD913A 
 114      0842B36F 
 114      E9D533BA 
 114      515B
 115 0160 E8AAE562 		.ascii	"\350\252\345b\020\017\011o\301~\030\015\373`4\006?\000"
 115      100F096F 
 115      C17E180D 
 115      FB603406 
 115      3F00
 116 0172 A3F03351 		.ascii	"\243\3603Q\303\224~j\277T\340;&G\314i\021\335\027\356"
 116      C3947E6A 
 116      BF54E03B 
 116      2647CC69 
 116      11DD17EE 
 117 0186 BC73AB48 		.ascii	"\274s\253H\0243p\231\206\320 \037\004\370\005\"H\312"
 117      14337099 
 117      86D0201F 
 117      04F80522 
 117      48CA
 118 0198 F88A9F79 		.ascii	"\370\212\237y\320\014\260\027\232pC\007a\014.\257jm"
 118      D00CB017 
 118      9A704307 
 118      610C2EAF 
 118      6A6D
 119 01aa FC4E88A7 		.ascii	"\374N\210\247\311\246\347\334-\326\242R!*\225\205g\213"
 119      C9A6E7DC 
 119      2DD6A252 
 119      212A9585 
 119      678B
 120 01bc EE65A8C3 		.ascii	"\356e\250\303S\235\002Y\247@\255SHu\304\007'=\201\302"
 120      539D0259 
 120      A740AD53 
 120      4875C407 
 120      273D81C2 
 121 01d0 1754A860 		.ascii	"\027T\250`w\375\346\341(\324\"\212\356\346\355a/3\313"
 121      77FDE6E1 
 121      28D4228A 
 121      EEE6ED61 
 121      2F33CB
 122 01e3 D78AB940 		.ascii	"\327\212\271@\023\207C\262\322!\242D^\212\250B\305\331"
 122      138743B2 
 122      D221A244 
 122      5E8AA842 
 122      C5D9
 123 01f5 83CFFD85 		.ascii	"\203\317\375\205\235@%*=}\267\206\261\372\274\002\264"
 123      9D40252A 
 123      3D7DB786 
 123      B1FABC02 
 123      B4
ARM GAS  C:\Users\johnb\AppData\Local\Temp\ccjhUT4U.s 			page 9


 124 0206 1FADEBF7 		.ascii	"\037\255\353\367\004\260\002\265\004\242}\242\261\333"
 124      04B002B5 
 124      04A27DA2 
 124      B1DB
 125 0214 EDCFFC2D 		.ascii	"\355\317\374-\304\177\274\244=\232\231\243\025\336\221"
 125      C47FBCA4 
 125      3D9A99A3 
 125      15DE91
 126 0223 92B7BB7A 		.ascii	"\222\267\273z\353\235\021\314\016E\263\360Tz\373\010"
 126      EB9D11CC 
 126      0E45B3F0 
 126      547AFB08 
 127 0233 C67613F7 		.ascii	"\306v\023\367\232\214\254U\303\204\"\026\271#\375^\213"
 127      9A8CAC55 
 127      C3842216 
 127      B923FD5E 
 127      8B
 128 0244 A43C0ACD 		.ascii	"\244<\012\315\313\351\205\333\004fj\024\007\025\314"
 128      CBE985DB 
 128      04666A14 
 128      0715CC
 129 0253 0ECAB36A 		.ascii	"\016\312\263j\305\016\255P\314V6V\344\357#\324q: }D"
 129      C50EAD50 
 129      CC563656 
 129      E4EF23D4 
 129      713A207D 
 130 0268 D22C785C 		.ascii	"\322,x\\\374b8\233\"\214+Y={\206\011\245\224\316gW^"
 130      FC62389B 
 130      228C2B59 
 130      3D7B8609 
 130      A594CE67 
 131 027e 2BD340B8 		.ascii	"+\323@\270\356gr\312\356\232\342\311\331=\242\030\012"
 131      EE6772CA 
 131      EE9AE2C9 
 131      D93DA218 
 131      0A
 132 028f E7400765 		.ascii	"\347@\007er\221\306\341\327\015\267R\024\227\211\033"
 132      7291C6E1 
 132      D70DB752 
 132      1497891B 
 133 029f 968B7E33 		.ascii	"\226\213~39(\306>(\301>\200\263\020Nt\011\017\316\340"
 133      3928C63E 
 133      28C13E80 
 133      B3104E74 
 133      090FCEE0 
 134 02b3 A41B2731 		.ascii	"\244\033'1F\376\236\215\273\264B!\355?\276\274\364\346"
 134      46FE9E8D 
 134      BBB44221 
 134      ED3FBEBC 
 134      F4E6
 135 02c5 750DE8C2 		.ascii	"u\015\350\302\207\024\2700\204\200\224L\315\230\362"
 135      8714B830 
 135      8480944C 
 135      CD98F2
 136 02d4 0C72F6E5 		.ascii	"\014r\366\345\230\314y9\031\314\2155\335\355\023\236"
 136      98CC7939 
 136      19CC8D35 
ARM GAS  C:\Users\johnb\AppData\Local\Temp\ccjhUT4U.s 			page 10


 136      DDED139E 
 137 02e4 A5BCF083 		.ascii	"\245\274\360\203@w\265\365\344\323J\037V\023_4;7\235"
 137      4077B5F5 
 137      E4D34A1F 
 137      56135F34 
 137      3B379D
 138 02f7 AFE6856C 		.ascii	"\257\346\205l\346k\275\276<[+\354d\306\206\327\015\242"
 138      E66BBDBE 
 138      3C5B2BEC 
 138      64C686D7 
 138      0DA2
 139 0309 56D8CB8C 		.ascii	"V\330\313\214u\235}\271\032\341 3\032\226\367\326\017"
 139      759D7DB9 
 139      1AE12033 
 139      1A96F7D6 
 139      0F
 140 031a 178E50C3 		.ascii	"\027\216P\303oE\301\361#\001\020FFHXX\370.\222\273\273"
 140      6F45C1F1 
 140      23011046 
 140      46485858 
 140      F82E92BB 
 141 032f A6F3DD8A 		.ascii	"\246\363\335\212\236\273\242\370}\000M\352\022&\365"
 141      9EBBA2F8 
 141      7D004DEA 
 141      1226F5
 142 033e 3B84C89B 		.ascii	";\204\310\2339E\257F\024~pl\301\313\311\330\301\351"
 142      3945AF46 
 142      147E706C 
 142      C1CBC9D8 
 142      C1E9
 143 0350 026557AB 		.ascii	"\002eW\253\331\221*\362\243\017er\245\232|\221J\027"
 143      D9912AF2 
 143      A30F6572 
 143      A59A7C91 
 143      4A17
 144 0362 83425B41 		.ascii	"\203B[A\257P\323K\325\231\334P\260\177\033Z\234\262"
 144      AF50D34B 
 144      D599DC50 
 144      B07F1B5A 
 144      9CB2
 145 0374 3792DA6F 		.ascii	"7\222\332o\020\305)\032\016\216\243\377W\352\"l,?\\"
 145      10C5291A 
 145      0E8EA3FF 
 145      57EA226C 
 145      2C3F5C
 146 0387 C3D3AA85 		.ascii	"\303\323\252\2050\270\212\250C\\F\\A\324#j \214\336"
 146      30B88AA8 
 146      435C465C 
 146      41D4236A 
 146      208CDE
 147 039a 2416AF52 		.ascii	"$\026\257R\021\257j\310\235+\367R9Sf\237\036z/\214\316"
 147      11AF6AC8 
 147      9D2BF752 
 147      3953669F 
 147      1E7A2F8C 
 148 03af 5AA3A334 		.ascii	"Z\243\2434x\251(\002\241qR[H_i\247\377H\257\325\012"
 148      78A92802 
ARM GAS  C:\Users\johnb\AppData\Local\Temp\ccjhUT4U.s 			page 11


 148      A171525B 
 148      485F69A7 
 148      FF48AFD5 
 149 03c4 3DF40CF9 		.ascii	"=\364\014\371=\253\253\216\371BH\370P{\202\033\270\225"
 149      3DABAB8E 
 149      F94248F8 
 149      507B821B 
 149      B895
 150 03d6 7FB32D16 		.ascii	"\177\263-\026\271\265B\213\337\241\320\200\013\257\313"
 150      B9B5428B 
 150      DFA1D080 
 150      0BAFCB
 151 03e5 2D49F2A0 		.ascii	"-I\362\240\341\237\344\025\355\360e]\230G.\365\303\327"
 151      E19FE415 
 151      EDF0655D 
 151      98472EF5 
 151      C3D7
 152 03f7 E56D3E42 		.ascii	"\345m>B\206\206\366\327\376\352\013\036\351\026\257"
 152      8686F6D7 
 152      FEEA0B1E 
 152      E916AF
 153 0406 24CEBADE 		.ascii	"$\316\272\336\332L\235\260\2269\373\0376\354\366c\316"
 153      DA4C9DB0 
 153      9639FB1F 
 153      36ECF663 
 153      CE
 154 0417 2E62AF3E 		.ascii	".b\257>\272iw\240\260\2119\353Zs\323\003\230\263\226"
 154      BA6977A0 
 154      B08939EB 
 154      5A73D303 
 154      98B396
 155 042a D8EBB30E 		.ascii	"\330\353\263\016\037\322\011[\2313\257u\333z\3119\011"
 155      1FD2095B 
 155      9933AF75 
 155      DB7AC939 
 155      09
 156 043b CDA3D5C7 		.ascii	"\315\243\325\307\233|\204\\\346\363\364\324g\372\013"
 156      9B7C845C 
 156      E6F3F4D4 
 156      67FA0B
 157 044a 79CC2878 		.ascii	"y\314(x\265y\257V(`Ff\365\263\275\274p\214\032\376W"
 157      B579AF56 
 157      28604666 
 157      F5B3BDBC 
 157      708C1AFE 
 158 045f 9BEFF70D 		.ascii	"\233\357\367\015\207\2200i\204\207)+v\024+v\204\036"
 158      87903069 
 158      8487292B 
 158      76142B76 
 158      841E
 159 0471 C103A95C 		.ascii	"\301\003\251\\\335X\256\207X\232\307\210\016D\033\342"
 159      DD58AE87 
 159      589AC788 
 159      0E441BE2 
 160 0481 11A213D1 		.ascii	"\021\242\023\321\205\350A\264\313\335\200e+\257\014"
 160      85E841B4 
 160      CBDD8065 
ARM GAS  C:\Users\johnb\AppData\Local\Temp\ccjhUT4U.s 			page 12


 160      2BAF0C
 161 0490 DE248A15 		.ascii	"\336$\212\025\023h\341Z\261pDj\340(\336\270\010\310"
 161      1368E15A 
 161      B170446A 
 161      E028DEB8 
 161      08C8
 162 04a2 2E9BBD94 		.ascii	".\233\275\224v\003!\267\250\311\315\240b\337\376Df\337"
 162      760321B7 
 162      A8C9CDA0 
 162      62DFFE44 
 162      66DF
 163 04b4 56B36FBD 		.ascii	"V\263o\275ym\010\375c\231~OM?5\210^6W\246\337W\323\217"
 163      796D08FD 
 163      63997E4F 
 163      4D3F3588 
 163      5E3657A6 
 164 04cc A9732953 		.ascii	"\251s)S\344rW\315\2763(s\305>\233\324\354\306\301\251"
 164      E47257CD 
 164      BE332873 
 164      C53E9BD4 
 164      ECC6C1A9 
 165 04e0 CC91E91E 		.ascii	"\314\221\351\0365\375\246,.\335\221\213\354\216<x\363"
 165      35FDA62C 
 165      2EDD918B 
 165      EC8E3C78 
 165      F3
 166 04f1 8E30A9D6 		.ascii	"\2160\251\326j\305y\234Tk\235P\204\306V9\363\342qF\240"
 166      6AC5799C 
 166      546B9D50 
 166      84C65639 
 166      F3E27146 
 167 0506 50425B85 		.ascii	"PB[\205\337\267\246\255E\253\272S\336\016\201g\330\030"
 167      DFB7A6AD 
 167      45ABBA53 
 167      DE0E8167 
 167      D818
 168 0518 FFA54958 		.ascii	"\377\245IX\306\3655\364n=E\201'\362\335z\340\275[\267"
 168      C6F535F4 
 168      6E3D4581 
 168      27F2DD7A 
 168      E0BD5BB7 
 169 052c 77B4E48C 		.ascii	"w\264\344\214\010\221\342\256\374\253\270\334?\016J"
 169      0891E2AE 
 169      FCABB8DC 
 169      3F0E4A
 170 053b FEDBBFDE 		.ascii	"\376\333\277\336\271\305o\354n\261\320\215?[\316\006"
 170      B9C56FEC 
 170      6EB1D08D 
 170      3F5BCE06 
 171 054b E6E36F0D 		.ascii	"\346\343o\015?x\216B\207Y|E\357\223\231\005\370s\261"
 171      3F788E42 
 171      87597C45 
 171      EF939905 
 171      F873B1
 172 055e 17C6929F 		.ascii	"\027\306\222\237T}\327\232\002\002V\017\374C\243\277"
 172      547DD79A 
 172      0202560F 
ARM GAS  C:\Users\johnb\AppData\Local\Temp\ccjhUT4U.s 			page 13


 172      FC43A3BF 
 173 056e 2ABC5F58 		.ascii	"*\274_X\034\364A\2007}|\345\002\014\006\263\321a]b\260"
 173      1CF44180 
 173      377D7CE5 
 173      020C06B3 
 173      D1615D62 
 174 0583 A45A5CBE 		.ascii	"\244Z\\\2763\346~\026:-*\212\233\030\021\0219\360gs"
 174      33E67E16 
 174      3A2D2A8A 
 174      9B181111 
 174      39F06773 
 175 0597 462E325A 		.ascii	"F.2Z#\023mF\207\311\0319\177\201a\376\20291\321q\357"
 175      23136D46 
 175      87C91939 
 175      7F8161FE 
 175      823931D1 
 176 05ad 196267CD 		.ascii	"\031bg\315\2376/a\372\247\2373_D\022\347G_f\241T\220"
 176      9F362F61 
 176      FAA79F33 
 176      5F4412E7 
 176      475F66A1 
 177 05c3 D3951213 		.ascii	"\323\225\022\023mH\262\332\222\276\246\3321CH\332m\016"
 177      6D48B2DA 
 177      92BEA6DA 
 177      314348DA 
 177      6D0E
 178 05d5 175144B9 		.ascii	"\027QD\271HIt\361b\3421X\255\246\210E\\\260\035_M\346"
 178      484974F1 
 178      62E23158 
 178      ADA68845 
 178      5CB01D5F 
 179 05eb 64639AD5 		.ascii	"dc\232\325eH\262\245&[\026j\343g\306\032]F\2151\331"
 179      6548B2A5 
 179      265B166A 
 179      E367C61A 
 179      5D468D31 
 180 0600 61D5190C 		.ascii	"a\325\031\014i\226T\027\206q%'}\240OZdI\2648]i&\213"
 180      69965417 
 180      86712527 
 180      7DA04F5A 
 180      6449B438 
 181 0618 4DEFB2D9 		.ascii	"M\357\262\331\254N\375\302\324\264P\372\026jt\244\204"
 181      AC4EFDC2 
 181      D4B450FA 
 181      166A74A4 
 181      84
 182 0629 9A5312CD 		.ascii	"\232S\022\315&\223\331\244\177?\"&4zB\324\304o\242\364"
 182      2693D9A4 
 182      7F3F2226 
 182      347A42D4 
 182      C46FA2F4 
 183 063d 383F3ED5 		.ascii	"8?>\325\226j\036o6&Z\364\226\324$k\232\311\254O1\242"
 183      966A1E6F 
 183      36265AF4 
 183      96D4246B 
 183      9AC9AC4F 
 184 0653 56AA593F 		.ascii	"V\252Y?\020\333\265\304nvbB\276\336x_\376\257\361\234"
ARM GAS  C:\Users\johnb\AppData\Local\Temp\ccjhUT4U.s 			page 14


 184      10DBB5C4 
 184      6E766242 
 184      BEDE785F 
 184      FEAFF19C 
 185 0667 4B9C7A83 		.ascii	"K\234z\203\323eBq\014\"\330L\016\037{\232\335\344\030"
 185      D3654271 
 185      0C22D84C 
 185      0E1F7B9A 
 185      DDE418
 186 067a 6673DACD 		.ascii	"fs\332\315f\223Ck#\0118|Rl&\263\203l}\321\244\277\251"
 186      6693436B 
 186      2309387C 
 186      526C26B3 
 186      836C7DD1 
 187 0691 E6ECD9B1 		.ascii	"\346\354\331\261\2213\342g\315\3736\232\226\323.\227"
 187      9133E267 
 187      CDFB369A 
 187      96D32E97 
 188 06a1 949DCB42 		.ascii	"\224\235\313B\273\305fp\232]iv\203K\033?\203\224T\033"
 188      BBC56670 
 188      9A5D6976 
 188      834B1B3F 
 188      8394541B 
 189 06b5 1FC71ED3 		.ascii	"\037\307\036\323\331#\226=\246\261\307G\3541\225=f\221"
 189      D923963D 
 189      A6B1C747 
 189      EC31953D 
 189      6691
 190 06c7 875FFCD4 		.ascii	"\207_\374\324\331\323\350\241\374\011{\325\320l"
 190      D9D3E8A1 
 190      FC097BD5 
 190      D06C
 191              		.text
 192              		.section	.gnu.lto_.symtab.5f7e944,"",%progbits
 193 0000 5F5F6561 		.ascii	"__early_init\000"
 193      726C795F 
 193      696E6974 
 193      00
 194 000d 00       		.ascii	"\000"
 195 000e 00       		.ascii	"\000"
 196 000f 00       		.ascii	"\000"
 197 0010 00000000 		.ascii	"\000\000\000\000\000\000\000\000"
 197      00000000 
 198 0018 AE000000 		.ascii	"\256\000\000\000"
 199 001c 626F6172 		.ascii	"boardInit\000"
 199      64496E69 
 199      7400
 200 0026 00       		.ascii	"\000"
 201 0027 00       		.ascii	"\000"
 202 0028 00       		.ascii	"\000"
 203 0029 00000000 		.ascii	"\000\000\000\000\000\000\000\000"
 203      00000000 
 204 0031 B0000000 		.ascii	"\260\000\000\000"
 205 0035 70616C5F 		.ascii	"pal_default_config\000"
 205      64656661 
 205      756C745F 
 205      636F6E66 
ARM GAS  C:\Users\johnb\AppData\Local\Temp\ccjhUT4U.s 			page 15


 205      696700
 206 0048 00       		.ascii	"\000"
 207 0049 00       		.ascii	"\000"
 208 004a 00       		.ascii	"\000"
 209 004b 00000000 		.ascii	"\000\000\000\000\000\000\000\000"
 209      00000000 
 210 0053 F7000000 		.ascii	"\367\000\000\000"
 211 0057 73746D33 		.ascii	"stm32_clock_init\000"
 211      325F636C 
 211      6F636B5F 
 211      696E6974 
 211      00
 212 0068 00       		.ascii	"\000"
 213 0069 02       		.ascii	"\002"
 214 006a 00       		.ascii	"\000"
 215 006b 00000000 		.ascii	"\000\000\000\000\000\000\000\000"
 215      00000000 
 216 0073 B2000000 		.ascii	"\262\000\000\000"
 217              		.text
 218              		.section	.gnu.lto_.opts,"",%progbits
 219 0000 272D666D 		.ascii	"'-fmath-errno' '-fsigned-zeros' '-ftrapping-math' '"
 219      6174682D 
 219      6572726E 
 219      6F272027 
 219      2D667369 
 220 0033 2D666E6F 		.ascii	"-fno-trapv' '-fno-openmp' '-fno-openacc' '-mcpu=cor"
 220      2D747261 
 220      70762720 
 220      272D666E 
 220      6F2D6F70 
 221 0066 7465782D 		.ascii	"tex-m4' '-mno-thumb-interwork' '-mthumb' '-ggdb' '-"
 221      6D342720 
 221      272D6D6E 
 221      6F2D7468 
 221      756D622D 
 222 0099 4F322720 		.ascii	"O2' '-fomit-frame-pointer' '-falign-functions=16' '"
 222      272D666F 
 222      6D69742D 
 222      6672616D 
 222      652D706F 
 223 00cc 2D666675 		.ascii	"-ffunction-sections' '-fdata-sections' '-fno-common"
 223      6E637469 
 223      6F6E2D73 
 223      65637469 
 223      6F6E7327 
 224 00ff 2720272D 		.ascii	"' '-flto'\000"
 224      666C746F 
 224      2700
 225              		.text
 226              		.comm	__gnu_lto_v1,1,1
 227              		.comm	__gnu_lto_slim,1,1
 228              		.ident	"GCC: (GNU Tools for ARM Embedded Processors 6-2017-q1-update) 6.3.1 20170215 (release) [AR
ARM GAS  C:\Users\johnb\AppData\Local\Temp\ccjhUT4U.s 			page 16


DEFINED SYMBOLS
                            *ABS*:00000000 board.c
                            *COM*:00000001 __gnu_lto_v1
                            *COM*:00000001 __gnu_lto_slim

NO UNDEFINED SYMBOLS
