ARM GAS  C:\Users\johnb\AppData\Local\Temp\ccLqnJ1O.s 			page 1


   1              		.cpu cortex-m4
   2              		.eabi_attribute 20, 1
   3              		.eabi_attribute 21, 1
   4              		.eabi_attribute 23, 3
   5              		.eabi_attribute 24, 1
   6              		.eabi_attribute 25, 1
   7              		.eabi_attribute 26, 1
   8              		.eabi_attribute 30, 2
   9              		.eabi_attribute 34, 1
  10              		.eabi_attribute 18, 4
  11              		.file	"chcore_v7m.c"
  12              		.text
  13              	.Ltext0:
  14              		.section	.gnu.lto_.profile.5f7ebbb,"",%progbits
  15 0000 789C6365 		.ascii	"x\234ce`b`a```d0\224\001\000\000\376\000Z"
  15      60626061 
  15      60606064 
  15      30940100 
  15      00FE005A 
  16              		.text
  17              		.section	.gnu.lto_.icf.5f7ebbb,"",%progbits
  18 0000 789C6365 		.ascii	"x\234ce`b\020a@\000f\206\345K\256\264s3\367\276\273"
  18      60621061 
  18      40006686 
  18      E54BAEB4 
  18      7333F7BE 
  19 0015 BF9687E5 		.ascii	"\277\226\207\345\363\206\025\213\330\030\000^5\010\335"
  19      F386158B 
  19      D818005E 
  19      3508DD
  20              		.text
  21              		.section	.gnu.lto_.jmpfuncs.5f7ebbb,"",%progbits
  22 0000 789C6365 		.ascii	"x\234ce`b\340e@\000f(\301\002\242\001\002|\000\037"
  22      6062E065 
  22      40006628 
  22      C102A201 
  22      027C001F 
  23              		.text
  24              		.section	.gnu.lto_.inline.5f7ebbb,"",%progbits
  25 0000 789C6365 		.ascii	"x\234ce`bpc@\000f\006\006~1F\006&\221\013=\214\014l"
  25      60627063 
  25      40006606 
  25      067E3146 
  25      0626910B 
  26 0018 0BE49940 		.ascii	"\013\344\231@\202L\334`\031N\016\240\004\317\203X\270"
  26      824CDC60 
  26      194E0EA0 
  26      04CF8358 
  26      B8
  27 0029 380B0317 		.ascii	"8\013\003\0277HhN$\\\210\221\013D\002\000\021\202\006"
  27      3748684E 
  27      245C8891 
  27      0B440200 
  27      118206
  28 003c D4       		.ascii	"\324"
  29              		.text
  30              		.section	.gnu.lto_.pureconst.5f7ebbb,"",%progbits
ARM GAS  C:\Users\johnb\AppData\Local\Temp\ccLqnJ1O.s 			page 2


  31 0000 789C6365 		.ascii	"x\234ce`b\340b```f\330\305\310\274\213\221e\027#\000"
  31      6062E062 
  31      60606066 
  31      D8C5C8BC 
  31      8B916517 
  32 0016 0C46024D 		.ascii	"\014F\002M"
  33              		.text
  34              		.section	.gnu.lto__port_irq_epilogue.part.0.5f7ebbb,"",%progbits
  35 0000 789C9D54 		.ascii	"x\234\235T\337o\024U\024>g\356\314\354v;m\223\306\007"
  35      DF6F1455 
  35      143E67EE 
  35      CCEC763B 
  35      6D93C607 
  36 0014 4D78D83E 		.ascii	"Mx\330>4\204H:$\030}\362\301\220\230h\262\321t\377\000"
  36      3484483A 
  36      24187DF2 
  36      C1909868 
  36      B2D174FF 
  37 0029 62862244 		.ascii	"b\206\"D\332\335\354.\246o\035v\273m\263\325J\324.,"
  37      DADDEC2E 
  37      A66F1D76 
  37      BB6DB3D5 
  37      4AD42E2C 
  38 003d 76338506 		.ascii	"v3\205\006k\325ZZDm\021X\372\203\202\374h\000m\243\360"
  38      6BD55A5A 
  38      446D1158 
  38      FA8382FC 
  38      68006DA3 
  39 0052 80DB8528 		.ascii	"\200\333\205(\013&4\2151$m=\347\316\226V\255\211q2s"
  39      0B26348D 
  39      31246D3D 
  39      E7CE9656 
  39      AD897132 
  40 0067 67EEB9E7 		.ascii	"g\356\271\347;\347\334\357;w4P\340y\015`\000\000^\246"
  40      3BE7DCEF 
  40      3B773450 
  40      E0790D60 
  40      00005EA6 
  41 007b 073D80FA 		.ascii	"\007=\200\372\301k\364\241\243\"\337\212\":6\203\355"
  41      C16BF4A1 
  41      A322DF8A 
  41      223A3683 
  41      ED
  42 008c 53793404 		.ascii	"Sy4\004jl=\340UW?4D\376\260\275\010-\272\"T\015[\360"
  42      6A6C3DE0 
  42      55573F34 
  42      44FEB0BD 
  42      082DBA22 
  43 00a4 3D7148E0 		.ascii	"=qH\340x\373\275QeK\277MW\356\320\242\247\315N>\355"
  43      78FBBD51 
  43      654BBF4D 
  43      57EED0A2 
  43      A7CD4E3E 
  44 00b9 08800C3D 		.ascii	"\010\200\014=|a?n\001r\313\017/wW\350\252k\307O(/\000"
  44      7C613F6E 
  44      0172CB0F 
  44      2F7757E8 
ARM GAS  C:\Users\johnb\AppData\Local\Temp\ccLqnJ1O.s 			page 3


  44      AA6BC74F 
  45 00d0 C3AFB79E 		.ascii	"\303\257\267\236\350\021]\302\021\210*M\037]=2_\311"
  45      E8115DC2 
  45      11882A4D 
  45      1F5D3D32 
  45      5FC9
  46 00e2 5305FD34 		.ascii	"S\005\3754\275\3279u\326#\266#G\310\035?5\213\265}\266"
  46      BDD73975 
  46      D623B623 
  46      47C81D3F 
  46      358BB57D 
  47 00f7 1DB77373 		.ascii	"\035\267ss\323\317\3368\336f\037<\357u\204\300\317P"
  47      D3CFDE38 
  47      DE661F3C 
  47      EF7584C0 
  47      CF50
  48 0109 5058FC14 		.ascii	"PX\374\0247\341\000nr\323~\216\265\204y\347\335\245"
  48      37E1006E 
  48      72D37E8E 
  48      B58479E7 
  48      DDA5
  49 011b C52AC6BC 		.ascii	"\305*\306\274/\213K'\222\027m\225 \360\017\377A\351"
  49      2F8B4B27 
  49      92176D95 
  49      20F00FFF 
  49      41E9
  50 012d 9FBA5438 		.ascii	"\237\272T8V%B2\337o\313\267SF)\337\357N\365\007\011"
  50      56254232 
  50      DF6FCBB7 
  50      534629DF 
  50      EF4EF507 
  51 0142 5B6255FC 		.ascii	"[bU\374b\203tCX;t\003m{y\245\335\266\177\332^m\240,"
  51      62837443 
  51      583B7403 
  51      6D7B79A5 
  51      DDB67FDA 
  52 015a 41912B42 		.ascii	"A\221+B\216*8B\323h\320\001R\304\002\323\231\242\011"
  52      8E2A3842 
  52      D368D001 
  52      52C402D3 
  52      99A209
  53 016d BD45A750 		.ascii	"\275E\247P\344\373>\036\310\027\023s\306\032a\214\224"
  53      E4FB3E1E 
  53      C8171373 
  53      C61A618C 
  53      94
  54 017e 7CC11A8B 		.ascii	"|\301\032\213\255.\331=\276W\001O\240\236\021\270\216"
  54      AD2ED93D 
  54      BE57014F 
  54      A09E11B8 
  54      8E
  55 018f 614E0B38 		.ascii	"aN\0138\314\000\034\241\221x\216\321j\272+\355\2505"
  55      CC001CA1 
  55      91788ED1 
  55      6ABA2BED 
  55      A835
  56 01a1 7174ECC3 		.ascii	"qt\354\303~Gx\030\260\224O\316\227\251\012\371\235\304"
ARM GAS  C:\Users\johnb\AppData\Local\Temp\ccLqnJ1O.s 			page 4


  56      7E477818 
  56      B0944FCE 
  56      97A90AF9 
  56      9DC4
  57 01b3 1A19FE42 		.ascii	"\032\031\376B\376\344\230N\026\374\022\325,E\005<\205"
  57      FEE4984E 
  57      16FC12D5 
  57      2C45053C 
  57      85
  58 01c4 2ADCC5F8 		.ascii	"*\334\305\370\035.\212\303qt^a[g\327T5\347\227\031\341"
  58      1D2E8AC3 
  58      71745E61 
  58      5B67D754 
  58      35E79719 
  59 01d9 578C2FB4 		.ascii	"W\214/\264\017\0106d\205R\362\361\313\365!\306(\344"
  59      0F083664 
  59      8552F2F1 
  59      CBF521C6 
  59      28E4
  60 01eb 91E8691B 		.ascii	"\221\350i\033\274\271\313u\021d\242\2247\177\236Lk\256"
  60      BCB9CB75 
  60      1164A294 
  60      377F9E4C 
  60      6BAE
  61 01fd FE775656 		.ascii	"\376wVVV\252\360+\242\364\257H\301\261\027\177\311&"
  61      56AAF02B 
  61      A2F4AF48 
  61      C1B1177F 
  61      C926
  62 020f 7D6C234C 		.ascii	"}l#L\241\177\241\273\2141\252\213!\323\3673\327/\227"
  62      A17FA1BB 
  62      8C31AA8B 
  62      21D3F733 
  62      D72F97
  63 0222 3B984547 		.ascii	";\230EGx)0~\315\302\220\375\301\321\221\217ts\220\011"
  63      7829307E 
  63      CDC290FD 
  63      C1D1918F 
  63      74739009 
  64 0236 EBDDED88 		.ascii	"\353\335\355\2102\374\006\035<,{\023G\321\344\006\274"
  64      32FC061D 
  64      3C2C7B13 
  64      47D1E406 
  64      BC
  65 0247 FB784606 		.ascii	"\373xF\006\363\221|\324\336c\204\224{9\363\303Sn\245"
  65      F3917CD4 
  65      DE638494 
  65      7B39F3C3 
  65      536EA5
  66 025a 2A97B05A 		.ascii	"*\227\260Z\022!\246\213\205\254W\264\241d\275Xx4Q^\352"
  66      1221A68B 
  66      85AC57B4 
  66      A164BD58 
  66      7834515E 
  67 026f 9259C7C8 		.ascii	"\222Y\307\310\330\271V?\367\344\351\015\232\344[\336"
  67      D8B9563F 
  67      F7E4E90D 
ARM GAS  C:\Users\johnb\AppData\Local\Temp\ccLqnJ1O.s 			page 5


  67      9AE45BDE 
  68 027f 8D0AF731 		.ascii	"\215\012\3671\236/N\374h\374]\317Y\237\306.%M\225\365"
  68      9E2F4EFC 
  68      68FC5DCF 
  68      599FC62E 
  68      254D95F5 
  69 0293 A706CF48 		.ascii	"\247\006\317H=\317\362\261A\350FZ:\346\214\374\341\253"
  69      3DCFF2B1 
  69      41E8465A 
  69      3AE68CFC 
  69      E1AB
  70 02a5 E92B095A 		.ascii	"\351+\011Z\316\336\203\363\247m\257\024\364\\I\320\333"
  70      CEDE83F3 
  70      A76DAF14 
  70      F45C49D0 
  70      DB
  71 02b6 47C63EF4 		.ascii	"G\306>\364\261\2409\026T\245\225\363\362\230\365\015"
  71      B1A03916 
  71      54A595F3 
  71      F298F50D 
  72 02c6 C7AF1835 		.ascii	"\307\257\0305\037\257\357\206k]\361\243\206\004\217"
  72      1FAFEF86 
  72      6B5DF1A3 
  72      86048F
  73 02d5 3318275C 		.ascii	"3\030'\\\345]\035\270,(b\242\367\\\3673.)\032AFG\037"
  73      E55D1DB8 
  73      2C2862A2 
  73      F75CF733 
  73      2E291A41 
  74 02ec DCF2B42C 		.ascii	"\334\362\264,\331t\010\215\014q\0048\211-\324\340\025"
  74      D974088D 
  74      0C710438 
  74      892DD4E0 
  74      15
  75 02fd 50C0D65B 		.ascii	"P\300\326[\023\223\270\346\232N\216\317x\230e\336\300"
  75      1393B8E6 
  75      9A4E8ECF 
  75      789865DE 
  75      C0
  76 030e 5489904E 		.ascii	"T\211\220N\302tl\026\304\366\343\366\354\\/\226\370"
  76      C2746C16 
  76      C4F6E3F6 
  76      EC5C2F96 
  76      F8
  77 031f FD2F5A36 		.ascii	"\375/Z6\261\226\027\244\226\310\324NK-W\013\352 \217"
  77      B19617A4 
  77      96C8D44E 
  77      4B2D570B 
  77      EA208F
  78 0332 05825766 		.ascii	"\005\202Wf\344\236/RU\234M}\222\355\341\377\310vi-\333"
  78      E49E2F52 
  78      559C4D7D 
  78      92EDE1FF 
  78      C876692D 
  79 0347 77FF968D 		.ascii	"w\377\226\215~\261x\271\224M\223'\372!*\356\2170EP2"
  79      7EB178B9 
  79      944D9327 
ARM GAS  C:\Users\johnb\AppData\Local\Temp\ccLqnJ1O.s 			page 6


  79      FA212AEE 
  79      8F304550 
  80 035c D06C5B5D 		.ascii	"\320l[]\235\371\344\016EM+\324\330\030j2\303\241H,j"
  80      9DF9E40E 
  80      454D2BD4 
  80      D8186A32 
  80      C3A1482C 
  81 0371 BE541FD8 		.ascii	"\276T\037\330\021h6\255=V(\322\260\363\355\027\032\353"
  81      116836AD 
  81      3D5628D2 
  81      B0F3ED17 
  81      1AEB
  82 0383 2CD0230D 		.ascii	",\320#\015\321\375\373b\317m\214kh\216\231;\002\301"
  82      D1FDFB62 
  82      CF6D8C6B 
  82      688E993B 
  82      02C1
  83 0395 5782E6DE 		.ascii	"W\202\346\336&k\337\376]\015\246\325\030\335\033\335"
  83      266BDFFE 
  83      5D0DA6D5 
  83      18DD1BDD 
  84 03a5 F9A665D5 		.ascii	"\371\246e\325\355\001\325\2125\207+\002\365A\177\355"
  84      ED01D58A 
  84      35872B02 
  84      F5417FED 
  85 03b5 B6ADFE70 		.ascii	"\266\255\376p4\354\003\361b\004*c\241\360k\273_\217"
  85      34EC03F1 
  85      62042A63 
  85      A1F06BBB 
  85      5F8F
  86 03c7 84AC60EC 		.ascii	"\204\254`\354\015\353\255\212@\260\236\027\267\222\227"
  86      0DEBAD8A 
  86      40B09E17 
  86      B79297
  87 03d6 0F940888 		.ascii	"\017\224\010\210h\030\376\004Y\303\333\377"
  87      6818FE04 
  87      59C3DBFF 
  88              		.text
  89              		.section	.gnu.lto_SVC_Handler.5f7ebbb,"",%progbits
  90 0000 789C9593 		.ascii	"x\234\225\223\357KSQ\030\307\237\347\236\273\2735gI"
  90      EF4B5351 
  90      18C79FE7 
  90      9EBBBB35 
  90      6749
  91 0012 EF22898D 		.ascii	"\357\"\211\215\020\212\302\005\005\365\246\027\341\233"
  91      108AC205 
  91      05F5A617 
  91      E19B
  92 0020 7A310AF7 		.ascii	"z1\012\367\007\204\335VJ\256\215m\206\275\352\266\231"
  92      0784DD56 
  92      4AAE8D6D 
  92      86BDEAB6 
  92      99
  93 0031 230D8B2C 		.ascii	"#\015\213,Si\334J*\3132\177d?\254\326t\345\222~\221"
  93      5369DC4A 
  93      2ACB327F 
  93      643FACD6 
ARM GAS  C:\Users\johnb\AppData\Local\Temp\ccLqnJ1O.s 			page 7


  93      74E5927E 
  94 0046 F413226A 		.ascii	"\364\023\"jZ\221Q\220/\242 \265\363\234{\0133!\272\354"
  94      5A915190 
  94      2FA220B5 
  94      F39C7B0B 
  94      3321BAEC 
  95 005a DEBB739E 		.ascii	"\336\273s\236\357\363=\317\3639\347Z@\202\3752\300w"
  95      EFF33DCF 
  95      F339E75A 
  95      4082FD32 
  95      C077
  96 006c 0098CF6F 		.ascii	"\000\230\317od\200\322\201\007\000\273m\022\"\375\321"
  96      6480D281 
  96      0700BB6D 
  96      1222FDD1 
  97 007c 6C08BB24 		.ascii	"l\010\273$\334\205\373\331\021\206\375\361wW\245\305"
  97      DC85FBD9 
  97      1186FDF1 
  97      7757A5C5 
  98 008c A7357EA5 		.ascii	"\2475~\245\216\374\230\247\265\246Pg\000M\374\246\013"
  98      8EFC98A7 
  98      B5A65067 
  98      004DFCA6 
  98      0B
  99 009d 4FE362E0 		.ascii	"O\343b\340\262GU\035GY\035\323\031\242\314\207_\356"
  99      B247551D 
  99      47591DD3 
  99      19A2CC87 
  99      5FEE
 100 00af 370FCFA6 		.ascii	"7\017\317\246\241\204N>\254\031\03491\207-GR~\236xY"
 100      A1844E3E 
 100      AC191C39 
 100      31872D47 
 100      527E9E78 
 101 00c4 E32868D1 		.ascii	"\343(h\321\264\250\226\032h\\p0\246\335\321d\2351<\213"
 101      B4A8961A 
 101      685C7030 
 101      A6DDD164 
 101      9D313C8B 
 102 00d8 8CBBE219 		.ascii	"\214\273\342\031\314\307V\314\027\356\\\236\355\234"
 102      CCC756CC 
 102      17EE5C9E 
 102      ED9C
 103 00e6 389CABC8 		.ascii	"8\234\253\310\330\206\005\306\242x\016\025\004\220h"
 103      D88605C6 
 103      A2780E15 
 103      049068
 104 00f5 86C7DFD5 		.ascii	"\206\307\337\325\336NZ\331*a\235:\331\363\024M\353\311"
 104      DE4E5AD9 
 104      2A619D3A 
 104      D9F3144D 
 104      EBC9
 105 0107 CC92A193 		.ascii	"\314\222\241\223\325\332\201>\233\316d<\377\2677\266"
 105      D5DA813E 
 105      9BCE643C 
 105      FFB737B6 
 106 0117 63C18521 		.ascii	"c\301\205!Li\023\223q\336Z~<\363\252Y\262J@\276L<e\320"
ARM GAS  C:\Users\johnb\AppData\Local\Temp\ccLqnJ1O.s 			page 8


 106      4C691393 
 106      71DE5A7E 
 106      3CF3AA59 
 106      B24A40BE 
 107 012f 99C52284 		.ascii	"\231\305\"\204\0005|m\242S\313$z\263Q\334\235\235\214"
 107      00357C6D 
 107      A253CB24 
 107      7AB351DC 
 107      9D9D8C
 108 0142 3D73FC2E 		.ascii	"=s\374.\261\312@\324\241\254\025%61\234Z>y\340\005T"
 108      B1CA40D4 
 108      A1AC1525 
 108      36319C5A 
 108      3E79E005 
 109 0157 F8BA1DFC 		.ascii	"\370\272\035\374\311\033\210\360hC]\203.\273\242\250"
 109      C91B88F0 
 109      68435D83 
 109      2EBBA2A8 
 110 0167 6B8D4E9D 		.ascii	"k\215N\235)\2240\236\3353<K\226\270\256\023]\202\300"
 110      2994309E 
 110      DD333C4B 
 110      96B8AE13 
 110      5D82C0
 111 017a 40B6BB57 		.ascii	"@\266\273W\3413\330\205r\202Yx\244\033ex\213\321\327"
 111      E133D885 
 111      72825978 
 111      A41B6578 
 111      8BD1D7
 112 018d B43ED991 		.ascii	"\264>\331\221;Eh\256\26616W \022U\177\300\350X|/\243"
 112      3B4568AE 
 112      B6313657 
 112      2012557F 
 112      C0E8587C 
 113 01a3 8904934C 		.ascii	"\211\004\223L\215S\304\333(G\342\212\330\321\352\373"
 113      8D53C4DB 
 113      2847E28A 
 113      D8D1EAFB 
 114 01b3 DDF98684 		.ascii	"\335\371\206\204\361\251\251\333\207\350\304\213\034"
 114      F1A9A9DB 
 114      87E8C48B 
 114      1C
 115 01c0 D89F59CC 		.ascii	"\330\237Y\314\360\035\357v\030Y2M\375\222\360\364\314"
 115      F01DEF76 
 115      1859324D 
 115      FD92F0F4 
 115      CC
 116 01d1 C791848D 		.ascii	"\307\221\204\215U\243 \360q\344K:\307\334\224\257[\233"
 116      55A320F0 
 116      71E44B3A 
 116      C7DC94AF 
 116      5B9B
 117 01e3 B4549593 		.ascii	"\264T\225\223v\244g\206\035\271D\3462\214b4;\231~1\035"
 117      76A46786 
 117      1DB944E6 
 117      328C6234 
 117      3B997E31 
 118 01f8 6D7D5221 		.ascii	"m}R!\205IW\232B\027\360\262 {\205N\006\302a\344\241"
ARM GAS  C:\Users\johnb\AppData\Local\Temp\ccLqnJ1O.s 			page 9


 118      8549579A 
 118      4217F0B2 
 118      207B854E 
 118      06C261E4 
 119 020d 137AD737 		.ascii	"\023z\3277\273\253\305Dk%\365\371\341k\232M\240\275"
 119      BBABC544 
 119      6B25F5F9 
 119      E16B9A4D 
 119      A0BD
 120 021f 6AA27DD9 		.ascii	"j\242}\331\334{\310Nh{\011-\377*\360\2328\276-\235\321"
 120      DC7BC84E 
 120      687B092D 
 120      FF2AF09A 
 120      38BE2D9D 
 121 0234 7B0ED7A9 		.ascii	"{\016\327\251\251\373\362\240.z\334!\222\257S2\3360"
 121      A9FBF2A0 
 121      2E7ADC21 
 121      92AF5332 
 121      DE30
 122 0246 F6C0A042 		.ascii	"\366\300\240Be\361\221\250\351\375\365\370cdg\215\346"
 122      65F191A8 
 122      E9FDF5F8 
 122      6364678D 
 122      E6
 123 0257 7B92CF1B 		.ascii	"{\222\317\033\355f\363\231\366E\211\330\335}\332\261"
 123      ED66F399 
 123      F64589D8 
 123      DD7DDAB1 
 124 0267 681E0148 		.ascii	"h\036\001H\316\000\340\2468\322\015{\372\037Z\211\276"
 124      CE00E0A6 
 124      38D20D7B 
 124      FA1F5A89 
 124      BE
 125 0278 CCBB49F1 		.ascii	"\314\273I\361\230\000\022\253\317\235\016\344\261b\302"
 125      980012AB 
 125      CF9D0EE4 
 125      B162C2
 126 0287 60302D94 		.ascii	"`0-\224n_\325\312\315\373((O\017\216&\030\255\004\330"
 126      6E5FD5CA 
 126      CDFB2828 
 126      4F0F8E26 
 126      18AD04D8 
 127 029b 4F61CB1F 		.ascii	"Oa\313\037 \323\002\344-\003\344\233\177\202\274m\202"
 127      20D302E4 
 127      2D03E49B 
 127      7F82BC6D 
 127      82
 128 02ac 9CD0DF24 		.ascii	"\234\320\337$s\010\344\000\312\242d\300\214 \331\232"
 128      7308E400 
 128      CAA264C0 
 128      8C20D99A 
 129 02bc 4CBF75B8 		.ascii	"L\277u\270\306\314l\033i\307\332\273\236\344\210\354"
 129      C6CC6C1B 
 129      69C7DABB 
 129      9EE488EC 
 130 02cc 3B82E4A0 		.ascii	";\202\344\240IR\264\017\360\211\016q\333BjL@\251\341"
 130      4952B40F 
ARM GAS  C:\Users\johnb\AppData\Local\Temp\ccLqnJ1O.s 			page 10


 130      F0890E71 
 130      DB426A4C 
 130      40A9E1
 131 02df 1F12FFE0 		.ascii	"\037\022\377\340\270~Ya\241\373\367/\020v\253\001\277"
 131      B87E5961 
 131      A1FBF72F 
 131      1076AB01 
 131      BF
 132 02f0 3FB0DD1D 		.ascii	"?\260\335\035\014\204\"a\367\232bO\221\247\322\255\226"
 132      0C842261 
 132      F79A624F 
 132      91A7D2AD 
 132      96
 133 0301 AA81906F 		.ascii	"\252\201\220o\343\216\225\376B\025d5R\031TB\276pEyd"
 133      E38E95FE 
 133      42156435 
 133      52195442 
 133      BE704579 
 134 0316 C5CCC9BE 		.ascii	"\305\314\311\276\312\210\273\310\343]\347u\227mW\313"
 134      CA88BBC8 
 134      E35DE775 
 134      976D57CB 
 135 0326 2B36FBDC 		.ascii	"+6\373\334\252?\\\026\336\270UU\013K!\327S\354u\026"
 135      AA3F5C16 
 135      DEB85555 
 135      0B4B21D7 
 135      53EC7516 
 136 033a 2C5BEA0C 		.ascii	",[\352\014\206\203v`\253C0;\022\010\256\337\262!\024"
 136      86837660 
 136      AB43303B 
 136      1208AEDF 
 136      B22114
 137 034d 50BD9112 		.ascii	"P\275\221\022u[\256\307[L\301\245\\e\007)\004,\034\004"
 137      755BAEC7 
 137      5B4CC1A5 
 137      5C650729 
 137      042C1C04 
 138 0361 CB8E92F2 		.ascii	"\313\216\222\362\012\337\177V[\012y\344\265\251$\354"
 138      0ADF7F56 
 138      5B0A79E4 
 138      B5A924EC 
 139 0371 0B86CAC8 		.ascii	"\013\206\312\310\017\254~\237?\020\332\011?\001|I\263"
 139      0FAC7E9F 
 139      3F10DA09 
 139      3F017C49 
 139      B3
 140 0382 83       		.ascii	"\203"
 141              		.text
 142              		.section	.gnu.lto__port_irq_epilogue.5f7ebbb,"",%progbits
 143 0000 789C9553 		.ascii	"x\234\225S\335KSa\030\177~\347=g[[\205WR\321\305$\274"
 143      DD4B5361 
 143      187F7EE7 
 143      3D675B5B 
 143      855752D1 
 144 0017 30C22324 		.ascii	"0\302#$yU\020^E\354F\377\200\2505Rh-\266\222\272\362"
 144      7955105E 
 144      45EC46FF 
ARM GAS  C:\Users\johnb\AppData\Local\Temp\ccLqnJ1O.s 			page 11


 144      80A83552 
 144      682DB692 
 145 002d DDD48482 		.ascii	"\335\324\204\202\212\312\322j\034\320\013\2652M\373"
 145      8ACAD26A 
 145      1CD00BB5 
 145      324DFB
 146 003c 9A2D5B5A 		.ascii	"\232-[Z\024\364Eb y\223\232E~@E\027\011\246=\357\331"
 146      14F44562 
 146      2079939A 
 146      457E4045 
 146      1709A63D 
 147 0052 1C6651F4 		.ascii	"\034fQ\364r\316\336\363>\317\357y\177\317\307o\006i"
 147      72CEDEF3 
 147      3ECFEF79 
 147      7FCFC76F 
 147      0669
 148 0064 F44E10F5 		.ascii	"\364N\020\365\022\321V~\341 h\247_\022E]\232&\206rI"
 148      12D1567E 
 148      E12068A7 
 148      5F12455D 
 148      9A268672 
 149 0079 BAF56409 		.ascii	"\272\365d\011\311\225\002\2062CO\357Q\227\001\250\017"
 149      C9950286 
 149      32434FEF 
 149      519701A8 
 149      0F
 150 008a E902556B 		.ascii	"\351\002UkB7P\215S\342\202@\177\375\207\204V\320*y\245"
 150      4237508D 
 150      53E28240 
 150      7FFD8784 
 150      56D02A79 
 151 009f 2E7C731E 		.ascii	".|s\036\223uk,&h\342W-\264\242\200\0306vc\276a\225C"
 151      93756B2C 
 151      2668E257 
 151      2DB4A280 
 151      18367663 
 152 00b7 4FDBD106 		.ascii	"O\333\321\006\007x\357\034DJ\316/\324\313\324\\\013"
 152      0778EF1C 
 152      444ACE2F 
 152      D4CBD45C 
 152      0B
 153 00c8 E23B5D82 		.ascii	"\342;]\202,\001]\375\020\035g\240\"<!4\265\213\011h"
 153      2C015DFD 
 153      101D67A0 
 153      223C2134 
 153      B58B0968 
 154 00dc EA9ED7B5 		.ascii	"\352\236\327\265]\227\305Ia\011\015:\037\277\274\270"
 154      5D97C549 
 154      61090D3A 
 154      1FBFBCB8 
 155 00ec 38BE5A1D 		.ascii	"8\276Z\035\005\274|\374\230\254\037\202\330\014\205"
 155      05BC7CFC 
 155      98AC1F82 
 155      D80C85
 156 00fb BCD537DC 		.ascii	"\274\3257\334\350\316o\2212&S\257\236ll\032~/\345\031"
 156      E8CE6F91 
 156      322653AF 
ARM GAS  C:\Users\johnb\AppData\Local\Temp\ccLqnJ1O.s 			page 12


 156      9E6C6C1A 
 156      7E2FE519 
 157 010f 094BE8B8 		.ascii	"\011K\350\270\012\301y\340\012\326\243\035\353\323y"
 157      0AC179E0 
 157      0AD6A31D 
 157      EBD379
 158 011e 5E433E07 		.ascii	"^C>\007\325\177\222\367uu\237\016/:\3307\211\330\330"
 158      D57F92F7 
 158      75759F0E 
 158      2F3AD837 
 158      89D8D8
 159 0131 D4C9AE41 		.ascii	"\324\311\256Adk\250\265K=\373\335i\227\321$@\313\\\317"
 159      646BA8B5 
 159      4B3DFBDD 
 159      6997D124 
 159      40CB5CCF 
 160 0145 3E6E5B4B 		.ascii	">n[K\270\256|\332r\337\340%\241\230\010\235\312-\226"
 160      B8AE7CDA 
 160      72DFE025 
 160      A198089D 
 160      CA2D96
 161 0158 76065D3C 		.ascii	"v\006]<\014\302\015\325\032\220\245\010\233\255\356"
 161      0CC20DD5 
 161      1A90A508 
 161      9BADEE
 162 0167 EFEEBC2E 		.ascii	"\357\356\274.X\262\321k\011C\241;\306\357I\227\2561"
 162      58B2D16B 
 162      0943A13B 
 162      C6EF4997 
 162      AE31
 163 0179 B01B79A4 		.ascii	"\260\033y\244,\237\247\207F4\266\240\207\207\245R&\334"
 163      2C9FA787 
 163      4634B6A0 
 163      8787A552 
 163      26DC
 164 018b B47BD3D6 		.ascii	"\264{\323\32670\2612\257'\023\355P\330\257\327\273\337"
 164      3730B132 
 164      AF2713ED 
 164      50D8AFD7 
 164      BBDF
 165 019d 78ECE85B 		.ascii	"x\354\350[*\032\267\271\333\023\210y\355\362\211>\241"
 165      2A1AB7B9 
 165      DB138879 
 165      EDF2893E 
 165      A1
 166 01ae BF77B679 		.ascii	"\277w\266ya\030\252\262\270P\343=_\327\377\312\251\032"
 166      6118AAB2 
 166      B850E33D 
 166      5FD7FFCA 
 166      A91A
 167 01c0 E2B4EB8C 		.ascii	"\342\264\353\214&\222\347\214\364Q\276\255\221\253\325"
 167      2692E78C 
 167      F451BEAD 
 167      91ABD5
 168 01cf 441A63A3 		.ascii	"D\032c\243.\013\361(\327\307<.\334\345\266\336Qy\260"
 168      2E0BF128 
 168      D7C73C2E 
ARM GAS  C:\Users\johnb\AppData\Local\Temp\ccLqnJ1O.s 			page 13


 168      DCE5B6DE 
 168      5179B0
 169 01e2 73BAE1E9 		.ascii	"s\272\341\351\025\267\331!k\243\312\267\002\011Xh\264"
 169      15B7D921 
 169      6BA3CAB7 
 169      02095868 
 169      B4
 170 01f3 A5815E98 		.ascii	"\245\201^\230LX3w\254\335H\323\351i\306\231\347\023"
 170      4C583377 
 170      ACDD48D3 
 170      E969C699 
 170      E713
 171 0205 CDF60800 		.ascii	"\315\366\010\000\231\203{|\321{\324\216\014\024g@\214"
 171      99837B7C 
 171      D17BD48E 
 171      0C146740 
 171      8C
 172 0216 E89C4ECC 		.ascii	"\350\234N\314\256J#\010\311\314\000Op7\207r\305\024"
 172      AE4A2308 
 172      C9CC004F 
 172      70378772 
 172      C514
 173 0228 84022AEE 		.ascii	"\204\002*\356Dbz\304Y\375C\272,\341n\022:S\336G5\213"
 173      44627AC4 
 173      59FD43BA 
 173      2CE16E12 
 173      3A53DE47 
 174 023e CB63A375 		.ascii	"\313c\243uJ\226,\212\352W\251l\371\227T\372l\251d;\243"
 174      4A962C8A 
 174      EA57A96C 
 174      F99754FA 
 174      6CA9643B 
 175 0253 73160FFE 		.ascii	"s\026\017\376&\225\213\236\214T\214\337\244\362d\303"
 175      26958B9E 
 175      8C548CDF 
 175      A4F264C3 
 176 0263 3A424AF9 		.ascii	":BJ\371\034\313}\223q\241\230\010\017\177\227J\277-"
 176      1CCB7D93 
 176      71A19808 
 176      0F7F974A 
 176      BF2D
 177 0275 95812552 		.ascii	"\225\201%R\231\267F\373<\213*x`\253\340\221\255\202"
 177      99B746FB 
 177      3C8B2A78 
 177      60ABE091 
 177      AD82
 178 0287 E5237F9C 		.ascii	"\345#\177\234\035\271\272\334n\205a\377\301f\270\027"
 178      1DB9BADC 
 178      6E8561FF 
 178      C166B817 
 179 0297 F63ACE92 		.ascii	"\366:\316\222f\003\237\212\012\013\315\354\023\212\230"
 179      66039F8A 
 179      0A0BCDEC 
 179      138A98
 180 02a6 FE503018 		.ascii	"\376P0\030:`\036\014\205\017E\314\355e\276R\337\021"
 180      3A601E0C 
 180      850F45CC 
ARM GAS  C:\Users\johnb\AppData\Local\Temp\ccLqnJ1O.s 			page 14


 180      ED65BE52 
 180      DF11
 181 02b8 D35FE10F 		.ascii	"\323_\341\017\205\003\273\252J\202\205~2\252v\357?\034"
 181      8503BBAA 
 181      4A82857E 
 181      32AA76EF 
 181      3F1C
 182 02ca F8CFB00A 		.ascii	"\370\317\260\012*\376s@\340\310!\263\324W\276\243\334"
 182      2AFE7340 
 182      E0C821B3 
 182      D457BEA3 
 182      DC
 183 02db AC3CE0DF 		.ascii	"\254<\340\337\177xo\300\364\007#\225\221]\373\374~\016"
 183      7F786FC0 
 183      F4072395 
 183      915DFBFC 
 183      7E0E
 184 02ed CAF19597 		.ascii	"\312\361\225\227y\367\354\216\004\016\206+7y\363\213"
 184      79F7EC8E 
 184      040E862B 
 184      3779F38B 
 185 02fd 480B9333 		.ascii	"H\013\2233\030\010\206\302G\351'l\300u\315"
 185      180886C2 
 185      47E9276C 
 185      C075CD
 186              		.text
 187              		.section	.gnu.lto_.symbol_nodes.5f7ebbb,"",%progbits
 188 0000 789C6365 		.ascii	"x\234ce`b\250a\000\002\246\377\214\365\014\014\023\316"
 188      6062A861 
 188      0002A6FF 
 188      8CF50C0C 
 188      13CE
 189 0012 3130D433 		.ascii	"10\32430\356l9\330\340\300\300\300\370\223\261\236\021"
 189      30EE6C39 
 189      D8E0C0C0 
 189      C0F893B1 
 189      9E11
 190 0024 2CC6C0D0 		.ascii	",\306\300\320\260\000$\360\213\261\236\011Y\200\351"
 190      B00024F0 
 190      8BB19E09 
 190      5980E9
 191 0033 1B633D33 		.ascii	"\033c=3T\027\303\256\006G\240\310w\306z\026\024\021"
 191      5417C3AE 
 191      0647A0C8 
 191      77C67A16 
 191      1411
 192 0045 C61F8CF5 		.ascii	"\306\037\214\365\2540M c\231\031X\031\226\264\277\221"
 192      AC304D20 
 192      63991958 
 192      1996B4BF 
 192      91
 193 0056 67666160 		.ascii	"gfa`x\264R\215\001\000b~ \317"
 193      78B4528D 
 193      0100627E 
 193      20CF
 194              		.text
 195              		.section	.gnu.lto_.refs.5f7ebbb,"",%progbits
ARM GAS  C:\Users\johnb\AppData\Local\Temp\ccLqnJ1O.s 			page 15


 196 0000 789C6365 		.ascii	"x\234ce`b\340d`\000\222L\214\374LL\002\014\000\001\230"
 196      6062E064 
 196      6000924C 
 196      8CFC4C4C 
 196      020C0001 
 197 0015 0039     		.ascii	"\0009"
 198              		.text
 199              		.section	.gnu.lto_.decls.5f7ebbb,"",%progbits
 200 0000 789CBD58 		.ascii	"x\234\275X{LTW\032\237s\317\3000\303\360\010\262\273"
 200      7B4C5457 
 200      1A9F73CF 
 200      C030C3F0 
 200      08B2BB
 201 0013 36212971 		.ascii	"6!)qId\223-`5\333f\263iD\324\352\037\356\232\241\232"
 201      4964932D 
 201      6035DB66 
 201      B36944D4 
 201      EA1FEE9A 
 202 0029 26CBEE2C 		.ascii	"&\313\356,\016S!\345ag\206\255M\266\333\213\240R\237"
 202      0E5321E5 
 202      616786AD 
 202      4DB6DB8B 
 202      A0529F
 203 003c 88286041 		.ascii	"\210(`AQ|\200<\345\351\013D\224\207(\017\261\210 \362"
 203      517C803C 
 203      E5E90B44 
 203      9487280F 
 203      B18820F2 
 204 0050 B0882F44 		.ascii	"\260\210/D\004\037\250(\373\235s\356p\357\334\016m7"
 204      041FA828 
 204      FB9D73EE 
 204      70EFDC0E 
 204      6D37
 205 0062 D9EC0DDF 		.ascii	"\331\354\015\337\314|\347\376\316\357{\236s\357\301"
 205      CC7CE7FE 
 205      CEEF7B9E 
 205      73EFC1
 206 0071 41C129F4 		.ascii	"A\301)\364\263\025\212\"\254P$ \205b\012.\245B\241("
 206      B3158A22 
 206      AC502420 
 206      85620A2E 
 206      A542A128 
 207 0085 50889723 		.ascii	"P\210\227#H!\310\011\220R\220r\220J\220s\212\037_\177"
 207      4821C809 
 207      90529072 
 207      904A9073 
 207      8A1F5F7F 
 208 0099 030E37F8 		.ascii	"\003\0167\370^\015\342\001\342\011\322\010r\007d.\310"
 208      5E0DE201 
 208      E209D208 
 208      7207642E 
 208      C8
 209 00aa 59901190 		.ascii	"Y\220\021\220\333 \315 \253@FA\236\200T\203\214\201"
 209      DB20CD20 
 209      AB404641 
 209      9E805483 
 209      8C81
ARM GAS  C:\Users\johnb\AppData\Local\Temp\ccLqnJ1O.s 			page 16


 210 00bc 70203741 		.ascii	"p 7A\372%\266_\200L\0126\255~\310\257\317\301\266Zf"
 210      FA25B65F 
 210      804C0A36 
 210      AD7EC8AF 
 210      CFC1B65A 
 211 00d1 FB8E607F 		.ascii	"\373\216`\177\256`\227\330BH\214\253\\\302\215a\334"
 211      AE6097D8 
 211      42488CAB 
 211      5CC28D61 
 211      DC
 212 00e2 01C409FD 		.ascii	"\001\304\011\375\230;\006\306\264\002\367\\YlV\316\177"
 212      983B06C6 
 212      B402F75C 
 212      596C56CE 
 212      7F
 213 00f3 80FC1DC4 		.ascii	"\200\374\035\304\007$\024\261\034\022\252\217\341C%"
 213      072414B1 
 213      1C12AA8F 
 213      E14325
 214 0102 E4CC00BF 		.ascii	"\344\314\000\277\215\202\215B\211M\371\225\212Q\305"
 214      8D828D42 
 214      894DF995 
 214      8A51C5
 215 0111 F68B555C 		.ascii	"\366\213U\\/\352A\220\017\344NG\231\347\010\276\210"
 215      2FEA4190 
 215      0FE44E47 
 215      99E708BE 
 215      88
 216 0122 5075CA7A 		.ascii	"Pu\312z!D\307a\224\243\237\014H\207\220u\206\240s\202"
 216      2144C761 
 216      94A39F0C 
 216      48879075 
 216      86A07382 
 217 0136 CA0994F4 		.ascii	"\312\011\224\364O\230\214$\214\3546\263d\275XLH\310"
 217      4F988C24 
 217      8CEC36B3 
 217      64BD584C 
 217      48C8
 218 0148 216567B3 		.ascii	"!eg\263\021'\032@H:AB\310\334\026\356O\373\247\020\203"
 218      11271A40 
 218      483A4142 
 218      C8DC16EE 
 218      4FFBA710 
 219 015d 43D6E89F 		.ascii	"C\326\350\237\244_\031\322\364\241[d4k!\242c\223\333"
 219      A45F19D2 
 219      F4A15B64 
 219      346B21A2 
 219      6393DB
 220 0170 AB2BB498 		.ascii	"\253+\264\230C\344w\337\313\234\245~\371<\273\234\376"
 220      43E477DF 
 220      CB9CA57E 
 220      F93CBB9C 
 220      FE
 221 0181 24A6AD6E 		.ascii	"$\246\255n\352E\215\333\016\214<4\210\003\265}\364J"
 221      EA458DDB 
 221      0E8C3C34 
 221      8803B57D 
ARM GAS  C:\Users\johnb\AppData\Local\Temp\ccLqnJ1O.s 			page 17


 221      F44A
 222 0193 A633A89E 		.ascii	"\2463\250\236\032\344\016\352D\\\307y\315\354\275tV"
 222      1AE40EEA 
 222      445CC779 
 222      CDECBD74 
 222      56
 223 01a4 3CEFCEA1 		.ascii	"<\357\316\241\325\277F\371\310\013\345!/0^\200`)\240"
 223      D5BF46F9 
 223      C80BE521 
 223      2F305E80 
 223      6029A0
 224 01b7 354AC6B4 		.ascii	"5J\306\264\361\315\226\315.s\262\370\232~\276\346\361"
 224      F1CD96CD 
 224      2E73B2F8 
 224      9A7EBEE6 
 224      F1
 225 01c8 C58F064A 		.ascii	"\305\217\006Jj\370\2150\315\221\300P.\302\3508\362#"
 225      6AF88D30 
 225      CD91C050 
 225      2EC2E838 
 225      F223
 226 01da 2EC34FF8 		.ascii	".\303O\370\314A}\010\035C\275\020P!\232\003\323\037"
 226      CC417D08 
 226      1D43BD10 
 226      50219A03 
 226      D31F
 227 01ec 359794B8 		.ascii	"5\227\224\270\341\325\324\333\2376[lc\266\376X\3275"
 227      E1D5D4DB 
 227      9F365B6C 
 227      63B6FE58 
 227      D735
 228 01fe 3598EDE7 		.ascii	"5\230\355\347\371\232\273\231\013\336\024\017\362\211"
 228      F99ABB99 
 228      0BDE140F 
 228      F289
 229 020c 1A0A4245 		.ascii	"\032\012BE\242\321\"b\224\3748A\215\015\364\037\031"
 229      A2D12262 
 229      94FC3841 
 229      8D0DF41F 
 229      19
 230 021d 73C69988 		.ascii	"s\306\231\210Z\333\275\177\374\016\026\030\306\276N"
 230      5ADBBD7F 
 230      FC0E1618 
 230      C6BE4E
 231 022c E76B393A 		.ascii	"\347k9:\273D\234]b\235]Jg\347\324==\202\361\0116\373"
 231      BB449C5D 
 231      629D5D4A 
 231      67E7D43D 
 231      3D82F109 
 232 0242 DEE896DF 		.ascii	"\336\350\226\337\301\344,\032\365\273{\343\371\034p"
 232      C1E42C1A 
 232      F5BB7BE3 
 232      F91C70
 233 0251 DA9B3294 		.ascii	"\332\2332\224\211\014e\362\240\313)S\337\350x\2033\256"
 233      890C65F2 
 233      A0CB2953 
 233      DFE87883 
ARM GAS  C:\Users\johnb\AppData\Local\Temp\ccLqnJ1O.s 			page 18


 233      33AE
 234 0263 624CC935 		.ascii	"bL\3115\331\265N\002U\373\273\351|\315\006\236\217c"
 234      D9B54E02 
 234      55FBBBE9 
 234      7CCD069E 
 234      8F63
 235 0275 BE54884C 		.ascii	"\276T\210L\025r\246J\312\224\225\366\374\276#ncL\315"
 235      1572A64A 
 235      CA9495F6 
 235      FCBE236E 
 235      634CCD
 236 0288 75D7D254 		.ascii	"u\327\322T\370\001U\224\367\316\215q\220;\362\247\366"
 236      F8015594 
 236      F7CE8D71 
 236      903BF2A7 
 236      F6
 237 0299 DDC73BA1 		.ascii	"\335\307;\241\263H\255\330\307'\362\274;\375\271\231"
 237      B348ADD8 
 237      C727F2BC 
 237      3BFDB999 
 238 02a9 E737F0A3 		.ascii	"\3477\360\243\033\222\334\201k\276\027\012\360R\240"
 238      1B92DC81 
 238      6BBE170A 
 238      F052A0
 239 02b8 2AE44B6F 		.ascii	"*\344Ko)\320i\230v\006\262~\324\332:\012r\003\235\022"
 239      29D06998 
 239      7606B27E 
 239      D4DA3A0A 
 239      72039D12 
 240 02cc 12C24A70 		.ascii	"\022\302Jp1\267%Y+-\027\201\210\365\252\266\251W\332"
 240      31B72559 
 240      2B2D1781 
 240      88F5AAB6 
 240      A957DA
 241 02df 68DB2D4E 		.ascii	"h\333-N\310vC\265\357\244P/\000\241\223b\224'\255\031"
 241      C87643B5 
 241      EFA4502F 
 241      00A19362 
 241      9427AD19 
 242 02f3 3F47A3BB 		.ascii	"?G\243\273\325\230\233\207\241-\347j\020Y\031n0T4|\352"
 242      D5989B87 
 242      A12DE76A 
 242      1059196E 
 242      3054347C 
 243 0308 A50B1B22 		.ascii	"\245\013\033\"\264\355;\307\016\253p\012\353\366\253"
 243      B4ED3BC7 
 243      0EAB700A 
 243      EBF6AB
 244 0317 09C51998 		.ascii	"\011\305\031\2305\265\222,\216\346}?\270\262\246\366"
 244      35B5922C 
 244      8EE67D3F 
 244      B8B2A6F6 
 245 0327 4EC55C7A 		.ascii	"N\305\\zSg\255\022\371jhL5S\227?J\037#\025\253G\032"
 245      5367AD12 
 245      F96A684C 
 245      3553973F 
 245      4A1F2315 
ARM GAS  C:\Users\johnb\AppData\Local\Temp\ccLqnJ1O.s 			page 19


 246 033e 542B7A30 		.ascii	"T+z0W\003\237\211$7I\361\274z\231\002]\204\200.@@\250"
 246      57039F89 
 246      243749F1 
 246      BC7A9902 
 246      5D84802E 
 247 0355 0EB20356 		.ascii	"\016\262\003V\011\016\235\207\301\032\030\004+\271\207"
 247      090E9D87 
 247      C11A1804 
 247      2BB987
 248 0364 771D72C4 		.ascii	"w\035r\304\2330\361\200\253\257\276yC\2114\276v\011"
 248      9B30F180 
 248      ABAFBE79 
 248      438934BE 
 248      7609
 249 0376 2ED92110 		.ascii	".\331!\020\234\271?\247\036\026\015\207\032\301\231"
 249      9CB93FA7 
 249      1E160D87 
 249      1AC199
 250 0385 06D119F0 		.ascii	"\006\321\031\360\215|\301(\030\032I\270\323\357\314"
 250      8D7CC128 
 250      181A49B8 
 250      D3EFCC
 251 0394 A29B0D6A 		.ascii	"\242\233\015j\\y\366N-~H\355\242\003=O\012Tx\2249q\276"
 251      5C79F64E 
 251      2D7E48ED 
 251      A2033D4F 
 251      0A547894 
 252 03ab E360AE0B 		.ascii	"\343`\256\013\322\372n\231v\202,\244i7Z\300\215UZ\301"
 252      D2FA6E99 
 252      76822CA4 
 252      69375AC0 
 252      8D555AC1 
 253 03bf 04B3DF3A 		.ascii	"\004\263\337:\265 \243\232$\243\031i\321\025\321\376"
 253      B520A39A 
 253      24A31969 
 253      D115D1FE 
 254 03cf 2A2D2BDE 		.ascii	"*-+\336\336\324\3437\324\370\250\222\245\\\330+<\330"
 254      DED4E337 
 254      D4F8A892 
 254      A55CD82B 
 254      3CD8
 255 03e1 5EF130A3 		.ascii	"^\3610\243\273[\213s\331\275\322\206'\015j\\\314\224"
 255      BB5B8B73 
 255      D9BDD286 
 255      270D6A5C 
 255      CC94
 256 03f3 7D679E36 		.ascii	"}g\236690\240\023\250]m\305[]q\031\273\267)\373\302"
 256      3930A013 
 256      A85D6DC5 
 256      5B5D7119 
 256      BBB729FB 
 257 0408 4B175CC9 		.ascii	"K\027\\\311\224\234\007}\223\030\237f\312\353Su\274"
 257      949C077D 
 257      93189F66 
 257      CAEB5375 
 257      BC
 258 0419 13AE62CA 		.ascii	"\023\256b\312\261\206\256\0067\\\303\024k==h=Q\341\275"
ARM GAS  C:\Users\johnb\AppData\Local\Temp\ccLqnJ1O.s 			page 20


 258      B186AE06 
 258      375CC314 
 258      6B3D3D68 
 258      3D51E1BD 
 259 042d 73191A56 		.ascii	"s\031\032V^\036\3660MO\353\335\267n\310\207^\276\263"
 259      5E1EF630 
 259      4D4FEBDD 
 259      B76EC887 
 259      5EBEB3
 260 0440 7C7C0E91 		.ascii	"||\016\221\360ao\360\275\321>\310\363\311Z\032\334e"
 260      F0616FF0 
 260      BDD13EC8 
 260      F3C95A1A 
 260      DC65
 261 0452 08EE369A 		.ascii	"\010\3566\232%f\243\211\366\352E\362\251`3j?\2055\230"
 261      2566A389 
 261      F6EA45F2 
 261      A960336A 
 261      3F853598 
 262 0466 8029FCAA 		.ascii	"\200)\374\252\034\336\366#\370\203\277\210\360\0169"
 262      1CDEF623 
 262      F883BF88 
 262      F00E39
 263 0475 FC1A85CF 		.ascii	"\374\032\205\317\023\321\335\022t\247\034\355/\003\217"
 263      13D1DD12 
 263      74A71CED 
 263      2F038F
 264 0484 49C0DFDB 		.ascii	"I\300\337\333\247\226z\322$q\274\325~\234\224\234\325"
 264      A7967AD2 
 264      2471BCD5 
 264      7E9C949C 
 264      D5
 265 0495 FC7AAB7B 		.ascii	"\374z\253{\034\317#\202R\010\365&\327.r3\211\347\027"
 265      1CCF2382 
 265      5208F526 
 265      D72E7233 
 265      89E717
 266 04a8 2A15A81B 		.ascii	"*\025\250\033&w\221\3117\0046\200\241\001h\237^\344"
 266      267791C9 
 266      37043680 
 266      A101689F 
 266      5EE4
 267 04ba 8306416E 		.ascii	"\203\006An\201\364\201\374\000\322\003\322\017r\023"
 267      81F481FC 
 267      00D203D2 
 267      0F7213
 268 04c9 F95022E6 		.ascii	"\371P\"\346\323\333V\217\344x\2761\200:\325n?\233\222"
 268      D3DB568F 
 268      E478BE31 
 268      803AD56E 
 268      3F9B92
 269 04dc 886F4B22 		.ascii	"\210oK\"\276n7=,`\322w\251}\235X+\351q)V\201\356 -\335"
 269      BE6E373D 
 269      2C60D277 
 269      A97D9D58 
 269      2BE97129 
 270 04f6 48E01BC0 		.ascii	"H\340\033\300\225O27aM\"\215\215\202\241\207D\354\020"
ARM GAS  C:\Users\johnb\AppData\Local\Temp\ccLqnJ1O.s 			page 21


 270      954F3237 
 270      614D228D 
 270      8D82A187 
 270      44EC10
 271 0509 5966404F 		.ascii	"Yf@O7.@\327\216\025\037\323\262F\303\222\205\347\311"
 271      372E40D7 
 271      8E151FD3 
 271      B246C392 
 271      85E7C9
 272 051c 165EC744 		.ascii	"\026^\307D\325+-\276B{R\331\237=\366\320\021\371\302"
 272      D52B2DBE 
 272      427B52D9 
 272      9F3DF6D0 
 272      11F9C2
 273 052f 26AB0191 		.ascii	"&\253\001\221l\227\303\260\222\357\213\333%\335xG\277"
 273      6C97C3B0 
 273      92EF8BDB 
 273      25DD7847 
 273      BF
 274 0540 21C36C77 		.ascii	"!\303lw\031=\304\343\331\323;\357\003H\3520\365\342"
 274      193DC4E3 
 274      D9D33BEF 
 274      0348EA30 
 274      F5E2
 275 0552 1178F510 		.ascii	"\021x\365\020\334 ;6\031\001\203I\023\005\233\034=\222"
 275      DC203B36 
 275      19018349 
 275      13059B1C 
 275      3D92
 276 0564 84C27823 		.ascii	"\204\302x#\312}\017pw\251\367#\310\303\032\003U`\306"
 276      CA7D0F70 
 276      77A9F723 
 276      C8C31A03 
 276      5560C6
 277 0577 968A6BBD 		.ascii	"\226\212k\275\312\031\303}l\0157\200F\273\355\321\325"
 277      CA19C37D 
 277      6C0D3780 
 277      46BBEDD1 
 277      D5
 278 0588 34AD9C5E 		.ascii	"4\255\234^\334\306G)\375cF?J\351\373'vN\271ISOvq\221"
 278      DCC64729 
 278      FD63463F 
 278      4AE9FB27 
 278      764EB949 
 279 05a1 FF8990FA 		.ascii	"\377\211\220\372'4\365}\023\235\275Z)\270\330\006<&"
 279      2734F57D 
 279      139DBD5A 
 279      29B8D806 
 279      3C26
 280 05b3 80C728F8 		.ascii	"\200\307(\370zO{\232\032_e\353\375x\301\376bW|\223)"
 280      7A4F7B9A 
 280      1A5F65EB 
 280      FD78C1FE 
 280      62577C93 
 281 05c8 5B6B2F64 		.ascii	"[k/d8*\341\245\355)M*\214\234<v\267\320E\372\370i\264"
 281      382AE1A5 
 281      ED294D2A 
ARM GAS  C:\Users\johnb\AppData\Local\Temp\ccLqnJ1O.s 			page 22


 281      8C9C3C76 
 281      B7D045FA 
 282 05df F1FBB9CD 		.ascii	"\361\373\271\315\343\347\305\356\274\0167\341-\2455"
 282      E3E7C5EE 
 282      BC0E37E1 
 282      2DA535
 283 05ee 13E71FE9 		.ascii	"\023\347\037\351\333\306g\305\361\013\0339\002D\343"
 283      DBC667C5 
 283      F10B1B39 
 283      0244E3
 284 05fd D63D0F3D 		.ascii	"\326=\017=CJ\242\331>k_\320\247\321\360\321Nw\274\337"
 284      434AA2D9 
 284      3E6B5FD0 
 284      A7D1F0D1 
 284      4E77BCDF 
 285 0611 6106776A 		.ascii	"a\006wj_\366\271+9\266[\023\263\344\001Y\234\367\306"
 285      5FF6B92B 
 285      39B65B13 
 285      B3E40159 
 285      9CF7C6
 286 0624 75C6F799 		.ascii	"u\306\367\231\327\324\301WH\360\260\365\321\325B\265"
 286      D7D4C157 
 286      48F0B0F5 
 286      D1D542B5 
 287 0634 E0E1F57C 		.ascii	"\340\341\365|\217T\372F\221t\030\021\034\232\230\366"
 287      8F54FA46 
 287      91741811 
 287      1C9A98F6 
 288 0644 EF25F837 		.ascii	"\357%\3707!\367o\222\3727\370\272\340\264\260?:\222"
 288      21F76F92 
 288      FA37F8BA 
 288      E0B4B03F 
 288      3A92
 289 0656 908BB25A 		.ascii	"\220\213\262Z\\fl\202\267\326&x\303z\376\351\226\215"
 289      5C666C82 
 289      B7D62678 
 289      C37AFEE9 
 289      968D
 290 0668 2F8467A7 		.ascii	"/\204g\247\212l\311C\031;\264\254\347?\004\365f[~\275"
 290      8A6CC943 
 290      193BB4AC 
 290      E73F04F5 
 290      665B7EBD 
 291 067c 8BBC4778 		.ascii	"\213\274Gx\316\013MQ\2628\316\303JI\025\230qi\260\240"
 291      CE0B4D51 
 291      B238CEC3 
 291      4A491598 
 291      7169B0A0 
 292 0690 D615E7B0 		.ascii	"\326\025\347\260l\245w?L\263\306v73 '\3762\313>k\206"
 292      6CA5773F 
 292      4CB3C676 
 292      37332027 
 292      FE32CB3E 
 293 06a6 0DDCF403 		.ascii	"\015\334\364\003\007~\332F\026\317\221\310\372\017\334"
 293      077EDA46 
 293      16CF91C8 
 293      FA0FDC
ARM GAS  C:\Users\johnb\AppData\Local\Temp\ccLqnJ1O.s 			page 23


 294 06b5 DDED82AB 		.ascii	"\335\355\202\253\030\331\345\352\354\016\007\201\254"
 294      18D9E5EA 
 294      EC0E0781 
 294      AC
 295 06c2 3D13B317 		.ascii	"=\023\263\027\246\203\354\205)A\244J\220Sm\244T\235"
 295      A683EC85 
 295      2941A44A 
 295      90536DA4 
 295      549D
 296 06d4 43B561F8 		.ascii	"C\265a\370\322LE\034\372no\261\263\330&;r{\247\333\204"
 296      D24C451C 
 296      FA6E6FB1 
 296      B3D8263B 
 296      727BA7DB 
 297 06e9 94619395 		.ascii	"\224a\223\225\036m\346\224D\263\265\220H-\34477\364"
 297      1E6DE694 
 297      44B3B590 
 297      482DE437 
 297      37F4
 298 06fb 08994C44 		.ascii	"\010\231LD\240O\335\357\312V3}\224>\306&3+\005\335\023"
 298      A04FDDEF 
 298      CA56337D 
 298      943EC626 
 298      332B05DD 
 299 0710 D4377D49 		.ascii	"\3247}II*\226\351,\002\037\270uw\213+\356d\036Nn\255"
 299      492A96E9 
 299      2C021FB8 
 299      75778B2B 
 299      EE641E4E 
 300 0726 4A779CB1 		.ascii	"Jw\234\261\206;8\241\206\027X\015_&T\366#\261JJ\332"
 300      863B38A1 
 300      8617580D 
 300      5F2654F6 
 300      23B14A4A 
 301 073b 8ADBA04A 		.ascii	"\212\333\240J[9\002\337I\253D'\021\364\2063]\273\204"
 301      5B3902DF 
 301      49AB4427 
 301      11F48633 
 301      5DBB84
 302 074e 23403FD1 		.ascii	"#@?\321\313\333;\237\253\361\0003\234\365v\327!gb8\036"
 302      CBDB3B9F 
 302      ABF10033 
 302      9CF576D7 
 302      21676238 
 303 0763 0C27FEEC 		.ascii	"\014'\376\354k\014\314\370\266\243\247\304\306x2\367"
 303      6B0CCCF8 
 303      B6A3A7C4 
 303      C67832F7 
 304 0773 13C6AF0D 		.ascii	"\023\306\257\015\035L\020\266\3306z\214\033\272To}\230"
 304      1D4C10B6 
 304      D8367A8C 
 304      1BBA546F 
 304      7D98
 305 0785 932C9CA9 		.ascii	"\223,\234\251o\277\204\360\020s&1}\254\315m\306,\244"
 305      6FBF84F0 
 305      10732631 
 305      7DACCD6D 
ARM GAS  C:\Users\johnb\AppData\Local\Temp\ccLqnJ1O.s 			page 24


 305      C62CA4
 306 0798 5AB37097 		.ascii	"Z\263p\2279\3225Q\327\355 \317\302\036p\204=m\322\250"
 306      39D23551 
 306      D7ED20CF 
 306      C21E7084 
 306      3D6DD2A8 
 307 07ac 23A95647 		.ascii	"#\251VGzK\323\207Tr\267gDo\255+\257\027j\333H\373\345"
 307      7A4BD387 
 307      5472B767 
 307      446FAD2B 
 307      AF176ADB 
 308 07c3 6D69930A 		.ascii	"mi\223\012?dn\356N\236hr\302"
 308      3F646EEE 
 308      4E9E6872 
 308      C2
 309 07d0 8F995239 		.ascii	"\217\231R9\222W\351\302\2205R\335S\320\307\363F\217"
 309      9257E9C2 
 309      903552DD 
 309      53D0C7F3 
 309      468F
 310 07e2 38E27106 		.ascii	"8\342q\006\336S\265\247\334U\356\362~p\202=\344\263"
 310      DE53B5A7 
 310      DC55EEF2 
 310      7E70823D 
 310      E4B3
 311 07f4 38710B26 		.ascii	"8q\013&/>\317\306Ok\344.\317\210\266\256d\017\266\222"
 311      2F3ECFC6 
 311      4F6BE42E 
 311      CF88B6AE 
 311      640FB692 
 312 0808 D35E1E7C 		.ascii	"\323^\036|\340\202_\010\211\315\337q\001[\253\374\363"
 312      E0825F08 
 312      89CDDF71 
 312      015BABFC 
 312      F3
 313 0819 2FABE4B8 		.ascii	"/\253\344\27062Y\344\212'\331\3643\225g\353\205\027"
 313      363259E4 
 313      8A27D9F4 
 313      339567EB 
 313      8517
 314 082b BC0050F3 		.ascii	"\274\000P\363\362\317\2678\3438G\326\271I\007J\325x"
 314      F2CFB738 
 314      E33847D6 
 314      B949074A 
 314      D578
 315 083d 3353BE1B 		.ascii	"3S\276\033\277u_hy_\262Uf\357OV\343m\354\336TRb\272"
 315      BF755F68 
 315      795FB255 
 315      66EF4F56 
 315      E36DECDE 
 316 0855 0AEF624A 		.ascii	"\012\357bJJKJ\2663\336\313\224\327\367R\272\020\233"
 316      4A4B4AB6 
 316      33DECB94 
 316      D7F752BA 
 316      109B
 317 0867 A595F4AB 		.ascii	"\245\225\364\253\247\320\257\205\317w\244:\343\014\206"
 317      A7D0AF85 
ARM GAS  C:\Users\johnb\AppData\Local\Temp\ccLqnJ1O.s 			page 25


 317      CF77A43A 
 317      E30C86
 318 0876 EDEC4A38 		.ascii	"\355\354J8%`\235\311#\363r\337\24736\314\011k\303\024"
 318      25609DC9 
 318      23F372DF 
 318      A73336CC 
 318      096BC314 
 319 088a 7334A6A2 		.ascii	"s4\246\242\215\203\271N0\327\013N\031Hr\304\360bG\214"
 319      8D83B94E 
 319      30D70B4E 
 319      194872C4 
 319      F062478C 
 320 089e B29AF102 		.ascii	"\262\232\361\002%\316\242v\270\212\262\301}\032\311"
 320      25CEA276 
 320      B88AB2C1 
 320      7D1AC9
 321 08ad 21C26FE3 		.ascii	"!\302o\343f\362\336^\001\025(\023\367\036\257\351C\204"
 321      66F2DE5E 
 321      01152813 
 321      F71EAFE9 
 321      4384
 322 08bf ED63BE9C 		.ascii	"\355c\276\234\363%\2544\251\245P\260\022\346@\356\201"
 322      F325AC34 
 322      A9A550B0 
 322      12E640EE 
 322      81
 323 08d0 9C8B2EF8 		.ascii	"\234\213.\3708\263\220\276\347|\231\253h\341\376\234"
 323      38B390BE 
 323      E77C99AB 
 323      68E1FE9C 
 324 08e0 527A3238 		.ascii	"Rz28\005\026*E\013\025\334\014&N\3327\321\324xe\273"
 324      05162A45 
 324      0B15DC0C 
 324      264EDA37 
 324      D1D47865 
 325 08f5 52BA8113 		.ascii	"R\272\201\023\276B\270_@W\347i\3323'\254m\236\225\237"
 325      BE42B85F 
 325      4057E769 
 325      DA3327AC 
 325      6D9E959F 
 326 0909 3EAC627D 		.ascii	">\254b}\361\213\330\263\323\343_9H\331\317\374\024{"
 326      F18BD8B3 
 326      D3E35F39 
 326      48D9CFFC 
 326      147B
 327 091b 557BCF42 		.ascii	"U{\317B\\\302\352\366\254\245g\000\341\012\246$\\\276"
 327      5CC2EAF6 
 327      ACA56700 
 327      E10AA624 
 327      5CBE
 328 092d 744C854F 		.ascii	"tL\205O3e8\267\271\321\021\3270ep\350\325I\214\353\230"
 328      336538B7 
 328      B9D111D7 
 328      306570E8 
 328      D5498CEB 
 329 0942 7274F8D0 		.ascii	"rt\370\320v5n\022\346\014\216\264\010\247\221m\244x"
 329      76356E12 
ARM GAS  C:\Users\johnb\AppData\Local\Temp\ccLqnJ1O.s 			page 26


 329      E60C8EB4 
 329      08A7916D 
 329      A478
 330 0954 AF472BBE 		.ascii	"\257G+\276\267v\0119u<xvg\312\011\267Q\360o\206\313"
 330      B7760939 
 330      753C7876 
 330      67CA09B7 
 330      51F06F86 
 331 0969 761DD10A 		.ascii	"v\035\321\012G\004\037\237Y>\323\227\257\0179/$\304"
 331      47041F9F 
 331      593ED397 
 331      AF0F392F 
 331      24C4
 332 097b F1352FBA 		.ascii	"\3615/\272\361\255\326&\236\357\257A\350,\347\201\212"
 332      F1ADD626 
 332      9EEFAF41 
 332      E82CE781 
 332      8A
 333 098c 20E72DDC 		.ascii	" \347-\334\254\351h\244/\3220#\036\316\013_\263w\326"
 333      ACE968A4 
 333      2FD23023 
 333      1ECE0B5F 
 333      B377D6
 334 099f C310F379 		.ascii	"\303\020\363y\001m\357\235\365\020\237\002\374\265\337"
 334      016DEF9D 
 334      F5109F02 
 334      FCB5DF
 335 09ae C451743A 		.ascii	"\304Qt:p\357\025\320\326\355\006\245p2\3561\011w\276"
 335      70EF15D0 
 335      D6ED06A5 
 335      7032EE31 
 335      0977BE
 336 09c1 9CBBCBE6 		.ascii	"\234\273\313\346\004@\340M\377\026\3419r\370Q)y\012"
 336      0440E04D 
 336      FF16E139 
 336      72F85129 
 336      790A
 337 09d3 2117D064 		.ascii	"!\027\320d\373\310\220\243\367\311]y%q%O\216\316\225"
 337      FBC890A3 
 337      F7C95D79 
 337      2571254F 
 337      8ECE95
 338 09e6 A39B24E8 		.ascii	"\243\233$\350\0329Zr*\222\0367.B\032.P\"\202&g\215."
 338      1A395A72 
 338      2A921E37 
 338      2E421A2E 
 338      50228226 
 339 09fd 68B756CE 		.ascii	"h\267V\316\0075\2004\203\\\007\271\012r\003\244\036"
 339      07358034 
 339      835C07B9 
 339      0A7203A4 
 339      1E
 340 0a0e E412C815 		.ascii	"\344\022\310\025\220\016\220&\220N\2206\220\036\220"
 340      900E9026 
 340      904E9036 
 340      901E90
 341 0a1d 6E90CB20 		.ascii	"n\220\313 7A\032A\256\201|\017\322\316Y\317'$\007\257"
ARM GAS  C:\Users\johnb\AppData\Local\Temp\ccLqnJ1O.s 			page 27


 341      37411A41 
 341      AE817C0F 
 341      D2CE59CF 
 341      272407AF 
 342 0a31 FE25E6A0 		.ascii	"\376%\346\240\326n\361$AuK\322{D\016>$OA\267$\005\325"
 342      D66EF124 
 342      41754BD2 
 342      7B440E3E 
 342      244F41B7 
 343 0a48 72749BBC 		.ascii	"rt\233\274\213\272\277\021\321ur\364\2676\245\203\006"
 343      8BBABF11 
 343      D17572F4 
 343      B736A583 
 343      06
 344 0a59 6A12BA68 		.ascii	"j\022\272h7t\321.\001m}\326\242$)\232l\"\355\002\032"
 344      3774D12E 
 344      016D7DD6 
 344      A224299A 
 344      6C22ED02 
 345 0a6e 9EC168BB 		.ascii	"\236\301h\273\034\275\205\223wQ\255$\314\343\366+-\205"
 345      1CBD8593 
 345      7751AD24 
 345      CCE3F62B 
 345      2D85
 346 0a80 B74BE23C 		.ascii	"\267K\342<g\277\3246p\011\3731\373=*\205\337\226\260"
 346      67BFD436 
 346      7009FB31 
 346      FB3D2A85 
 346      DF96B0
 347 0a93 57D9CF22 		.ascii	"W\331\317\"\203\263\375rd\322\203\236j\001&=\325\262"
 347      83B3FD72 
 347      64D2839E 
 347      6A01263D 
 347      D5B2
 348 0aa5 AC8DBCF5 		.ascii	"\254\215\274\365L\346\311a\364 $\342\200@f}p\242L\371"
 348      4CE6C961 
 348      F42024E2 
 348      8040667D 
 348      70A24CF9 
 349 0ab9 FA782559 		.ascii	"\372x%Y\037\337\331_\0376\236J\002\313\266\337\035\323"
 349      1FDFD95F 
 349      1F369E4A 
 349      02CBB6DF 
 349      1DD3
 350 0acb 87D796BE 		.ascii	"\207\327\226\276=-J\274EEw\374\312\316\322=\256h\226"
 350      3D2D4ABC 
 350      454577FC 
 350      CACED23D 
 350      AE6896
 351 0ade AFBDB580 		.ascii	"\257\275\265\200\372`\011\374?\226\003K\337\320\224"
 351      FA6009FC 
 351      3F96034B 
 351      DFD094
 352 0aed 239C5E51 		.ascii	"#\234^Q/\030\274%>lH2\331\377\201\256\364\304\253\244"
 352      2F18BC25 
 352      3E6C4832 
 352      D9FF81AE 
ARM GAS  C:\Users\johnb\AppData\Local\Temp\ccLqnJ1O.s 			page 28


 352      F4C4ABA4 
 353 0b01 67B95E4E 		.ascii	"g\271^Nz\346\356\347\330Y\016\276\355\035\374\012l\016"
 353      7AE6EEE7 
 353      D8590EBE 
 353      ED1DFC0A 
 353      6C0E
 354 0b13 7E030278 		.ascii	"~\003\002x\200\202/<\277^\240\302\273U\354\237C)\271"
 354      80822F3C 
 354      BF5EA0C2 
 354      BB55EC9F 
 354      4329B9
 355 0b26 6F1DA68F 		.ascii	"o\035\246\217\013>\007l\217\013\267E\307n\313\337\300"
 355      0B3E076C 
 355      8F0BB745 
 355      C76ECBDF 
 355      C0
 356 0b37 7FA06FE0 		.ascii	"\177\240o\340G_Llu\305G\031\331\3067c\375\256\326\343"
 356      475F4C6C 
 356      75C54719 
 356      D9C63763 
 356      FDAED6E3 
 357 0b4b C23EDBE3 		.ascii	"\302>\333\343\302\240H5(\247\272\303\315Q\274\243_\027"
 357      C2A04835 
 357      28A7BAC3 
 357      CD51BCA3 
 357      5F17
 358 0b5d 63B2E823 		.ascii	"c\262\350#L_\350\215\353\"\"c\326\306\032\375\326\205"
 358      4C5FE88D 
 358      EB222263 
 358      D6C61AFD 
 358      D685
 359 0b6f 9A2C7E01 		.ascii	"\232,~\001N\037\377y\225w\320\274y\212\000??\377\351"
 359      4E1FFF79 
 359      9577D0BC 
 359      798A003F 
 359      3FFFE9
 360 0b82 BF18B3BF 		.ascii	"\277\030\263\277!&**&\332\237\3143\373\007\352V\004"
 360      21262A2A 
 360      26DA9FCC 
 360      33FB07EA 
 360      5604
 361 0b94 AD58EF6F 		.ascii	"\255X\357o\0107\304\230\214\372\177~\020\345gP\374\212"
 361      0837C498 
 361      8CFA7F7E 
 361      10E56750 
 361      FC8A
 362 0ba6 719ABF8C 		.ascii	"q\232\277\214\260\030\302\365\237\231b\242\364\021f"
 362      B018C2F5 
 362      9F9962A2 
 362      F41166
 363 0bb5 D37F4913 		.ascii	"\323\177I\023\256\230\305h\214\353#,\323$\316\301\253"
 363      AE98C568 
 363      8CEB232C 
 363      D324CEC1 
 363      AB
 364 0bc6 83F4CB42 		.ascii	"\203\364\313B\243\303\"\215&\217\037\273\376\216!<\330"
 364      A3C3228D 
ARM GAS  C:\Users\johnb\AppData\Local\Temp\ccLqnJ1O.s 			page 29


 364      268F1FBB 
 364      FE8E213C 
 364      D8
 365 0bd7 10BEDCBC 		.ascii	"\020\276\334\274\322d4F\255\263D\304D\353\214_\304F"
 365      D2643446 
 365      ADB344C4 
 365      44EB8C5F 
 365      C446
 366 0be9 988C610E 		.ascii	"\230\214a\016\372E11\221\277\225\371`\262\370GD\033"
 366      FA453131 
 366      91BF95F9 
 366      60B2F847 
 366      441B
 367 0bfb 2263C38C 		.ascii	"\"c\303\214`\332l\010\017\003\263\032\275>6\"\3322\377"
 367      60DA6C08 
 367      0F03B31A 
 367      BD3E3622 
 367      DA32FF
 368 0c0e 7DBDE533 		.ascii	"}\275\3453\303\037C\014\341\021k\"\314\226\330\260\210"
 368      C31F430C 
 368      E1116B22 
 368      CC96D8B0 
 368      88
 369 0c1f 98100B50 		.ascii	"\230\020\013P\230C\326F\307z\323_\336\241\246(oc\324"
 369      9843D646 
 369      C77AD35F 
 369      DEA1A628 
 369      6F63D4
 370 0c32 1A635898 		.ascii	"\032cX\2301,\344\017~\363\275\337\017\230\367\301\027"
 370      312CE40F 
 370      7EF3BDDF 
 370      0F98F7C1 
 370      17
 371 0c43 F34260FC 		.ascii	"\363B`\374\275\350\230h\343{\306\3205\021!\202\205\220"
 371      BDE89868 
 371      E37BC6D0 
 371      35112182 
 371      8590
 372 0c55 A850E08A 		.ascii	"\250P\340\2126\206\350\303\214\237\205\306FZ\364\226"
 372      3686E8C3 
 372      8C9F85C6 
 372      465AF496 
 373 0c65 AFD619CD 		.ascii	"\257\326\031\315`\321\311j\357\257\377S{\346\257\314"
 373      60D1C96A 
 373      EFAFFF53 
 373      7BE6AFCC 
 374 0c75 217AB325 		.ascii	"!z\263%\014\310\301\210r\375:\263\311\311d\\\013`\275"
 374      0CC8C188 
 374      72FD3AB3 
 374      C9C9645C 
 374      0B60BD
 375 0c88 E5F7BFB8 		.ascii	"\345\367\277\270\0300\225[gp\2144\351-\341a\3304\357"
 375      1830955B 
 375      67708C34 
 375      E92DE161 
 375      D834EF
 376 0c9b 7DCE349F 		.ascii	"}\3164\2373\301\347<\316\024\340,T\310b\260\254W\032"
ARM GAS  C:\Users\johnb\AppData\Local\Temp\ccLqnJ1O.s 			page 30


 376      33C1E73C 
 376      CE14E02C 
 376      54C862B0 
 376      AC571A
 377 0cae C2434D6A 		.ascii	"\302CMj\275~\255\321\242_\031\274\322%4\362\313\320"
 377      BD7EADD1 
 377      A25F19BC 
 377      D22534F2 
 377      CBD0
 378 0cc0 AFCCFA88 		.ascii	"\257\314\372\210\350H\010z\201}{0\323?hE\360\362`\261"
 378      E848087A 
 378      817D7B30 
 378      D33F6845 
 378      F0F260B1 
 379 0cd4 0C51E608 		.ascii	"\014Q\346\010\263~\255\301\000v\201\314\314\310<\251"
 379      B37EADC1 
 379      007681CC 
 379      CCC83CA9 
 380 0ce4 9DD8E8C8 		.ascii	"\235\330\350\310\030\303\347b/H\006]\030tQ`\360\222"
 380      18C3E762 
 380      2F48065D 
 380      18745160 
 380      F092
 381 0cf6 95BAE56A 		.ascii	"\225\272\345j\335\222\340%\272\325K\026\007(\227\007"
 381      DD92E025 
 381      BAD54B16 
 381      07289707 
 382 0d06 07EA942B 		.ascii	"\007\352\224+V,\325\341\300\305:\274\030\276W.\325)"
 382      562CD5E1 
 382      C0C53ABC 
 382      18BE572E 
 382      D529
 383 0d18 039706EB 		.ascii	"\003\227\006\353\224\213\226\006\352\034\340\026\000"
 383      948B9606 
 383      EA1CE016 
 383      00
 384 0d25 16137D19 		.ascii	"\026\023}\031\371\010\202\017\207\340eA\301:\034\274"
 384      F908820F 
 384      87E06541 
 384      C13A1CBC 
 385 0d35 6CA59AF5 		.ascii	"l\245\232\365\302\207z\213J\370\306AAp'H\347\020\270"
 385      C2877A8B 
 385      4AF8C641 
 385      41702748 
 385      E710B8
 386 0d48 5C17A453 		.ascii	"\\\027\244S\256\376\344/:\345r@;\004\255\\\265|1|\006"
 386      AEFEE42F 
 386      3AE57240 
 386      3B04AD5C 
 386      B57C317C 
 387 0d5d 06E9E6FF 		.ascii	"\006\351\346\377\342`I\263\033\242\026\220\036\010\016"
 387      E26049B3 
 387      1BA21690 
 387      1E080E
 388 0d6c 5AA4FF04 		.ascii	"Z\244\377\004\032\302\203Fe\023\250zz\350?F\302?\330"
 388      1AC28346 
 388      6513A87A 
ARM GAS  C:\Users\johnb\AppData\Local\Temp\ccLqnJ1O.s 			page 31


 388      7AE83F46 
 388      C23FD8
 389              		.text
 390              		.section	.gnu.lto_.symtab.5f7ebbb,"",%progbits
 391 0000 5356435F 		.ascii	"SVC_Handler\000"
 391      48616E64 
 391      6C657200 
 392 000c 00       		.ascii	"\000"
 393 000d 00       		.ascii	"\000"
 394 000e 00       		.ascii	"\000"
 395 000f 00000000 		.ascii	"\000\000\000\000\000\000\000\000"
 395      00000000 
 396 0017 B5000000 		.ascii	"\265\000\000\000"
 397 001b 5F706F72 		.ascii	"_port_irq_epilogue\000"
 397      745F6972 
 397      715F6570 
 397      696C6F67 
 397      756500
 398 002e 00       		.ascii	"\000"
 399 002f 00       		.ascii	"\000"
 400 0030 00       		.ascii	"\000"
 401 0031 00000000 		.ascii	"\000\000\000\000\000\000\000\000"
 401      00000000 
 402 0039 B7000000 		.ascii	"\267\000\000\000"
 403 003d 5F706F72 		.ascii	"_port_switch_from_isr\000"
 403      745F7377 
 403      69746368 
 403      5F66726F 
 403      6D5F6973 
 404 0053 00       		.ascii	"\000"
 405 0054 02       		.ascii	"\002"
 406 0055 00       		.ascii	"\000"
 407 0056 00000000 		.ascii	"\000\000\000\000\000\000\000\000"
 407      00000000 
 408 005e B1000000 		.ascii	"\261\000\000\000"
 409 0062 5F706F72 		.ascii	"_port_exit_from_isr\000"
 409      745F6578 
 409      69745F66 
 409      726F6D5F 
 409      69737200 
 410 0076 00       		.ascii	"\000"
 411 0077 02       		.ascii	"\002"
 412 0078 00       		.ascii	"\000"
 413 0079 00000000 		.ascii	"\000\000\000\000\000\000\000\000"
 413      00000000 
 414 0081 B3000000 		.ascii	"\263\000\000\000"
 415 0085 63685363 		.ascii	"chSchIsPreemptionRequired\000"
 415      68497350 
 415      7265656D 
 415      7074696F 
 415      6E526571 
 416 009f 00       		.ascii	"\000"
 417 00a0 02       		.ascii	"\002"
 418 00a1 00       		.ascii	"\000"
 419 00a2 00000000 		.ascii	"\000\000\000\000\000\000\000\000"
 419      00000000 
 420 00aa BF000000 		.ascii	"\277\000\000\000"
ARM GAS  C:\Users\johnb\AppData\Local\Temp\ccLqnJ1O.s 			page 32


 421              		.text
 422              		.section	.gnu.lto_.opts,"",%progbits
 423 0000 272D666D 		.ascii	"'-fmath-errno' '-fsigned-zeros' '-ftrapping-math' '"
 423      6174682D 
 423      6572726E 
 423      6F272027 
 423      2D667369 
 424 0033 2D666E6F 		.ascii	"-fno-trapv' '-fno-openmp' '-fno-openacc' '-mcpu=cor"
 424      2D747261 
 424      70762720 
 424      272D666E 
 424      6F2D6F70 
 425 0066 7465782D 		.ascii	"tex-m4' '-mno-thumb-interwork' '-mthumb' '-ggdb' '-"
 425      6D342720 
 425      272D6D6E 
 425      6F2D7468 
 425      756D622D 
 426 0099 4F322720 		.ascii	"O2' '-fomit-frame-pointer' '-falign-functions=16' '"
 426      272D666F 
 426      6D69742D 
 426      6672616D 
 426      652D706F 
 427 00cc 2D666675 		.ascii	"-ffunction-sections' '-fdata-sections' '-fno-common"
 427      6E637469 
 427      6F6E2D73 
 427      65637469 
 427      6F6E7327 
 428 00ff 2720272D 		.ascii	"' '-flto'\000"
 428      666C746F 
 428      2700
 429              		.text
 430              		.comm	__gnu_lto_v1,1,1
 431              		.comm	__gnu_lto_slim,1,1
 432              		.ident	"GCC: (GNU Tools for ARM Embedded Processors 6-2017-q1-update) 6.3.1 20170215 (release) [AR
ARM GAS  C:\Users\johnb\AppData\Local\Temp\ccLqnJ1O.s 			page 33


DEFINED SYMBOLS
                            *ABS*:00000000 chcore_v7m.c
                            *COM*:00000001 __gnu_lto_v1
                            *COM*:00000001 __gnu_lto_slim

NO UNDEFINED SYMBOLS
