ARM GAS  C:\Users\johnb\AppData\Local\Temp\ccBVySA4.s 			page 1


   1              		.cpu cortex-m4
   2              		.eabi_attribute 20, 1
   3              		.eabi_attribute 21, 1
   4              		.eabi_attribute 23, 3
   5              		.eabi_attribute 24, 1
   6              		.eabi_attribute 25, 1
   7              		.eabi_attribute 26, 1
   8              		.eabi_attribute 30, 2
   9              		.eabi_attribute 34, 1
  10              		.eabi_attribute 18, 4
  11              		.file	"crt1.c"
  12              		.text
  13              	.Ltext0:
  14              		.section	.gnu.lto_.profile.d7347a9f,"",%progbits
  15 0000 789C6365 		.ascii	"x\234ce`b`a```d\220\024\005\000\000\307\000;"
  15      60626061 
  15      60606064 
  15      90140500 
  15      00C7003B 
  16              		.text
  17              		.section	.gnu.lto_.icf.d7347a9f,"",%progbits
  18 0000 789C6365 		.ascii	"x\234ce`bPc@\0006\206\336\326'\267\271\030\301$\023"
  18      60625063 
  18      40003686 
  18      DED627B7 
  18      B918C124 
  19 0015 98645EDF 		.ascii	"\230d^\337\262\367;\013\313\234I\377>\263\263^\374\266"
  19      B2F73B0B 
  19      CB9C49FF 
  19      3EB3B35E 
  19      FCB6
  20 0027 B1878F01 		.ascii	"\261\207\217\001\000Z\350\021\367"
  20      005AE811 
  20      F7
  21              		.text
  22              		.section	.gnu.lto_.jmpfuncs.d7347a9f,"",%progbits
  23 0000 789C6365 		.ascii	"x\234ce`b\020d@\000V fd\000\0122030\260\0009\000\003"
  23      60621064 
  23      40005620 
  23      6664000A 
  23      32303330 
  24 0019 8C0028   		.ascii	"\214\000("
  25              		.text
  26              		.section	.gnu.lto_.inline.d7347a9f,"",%progbits
  27 0000 789C6365 		.ascii	"x\234ce`b\210g@\000V\006\006f&F\240 \003\003\333\002"
  27      60628867 
  27      40005606 
  27      06662646 
  27      A0200303 
  28 0016 7910C5C0 		.ascii	"y\020\305\300\210!\302\204!\302\014\344ADX\300$\220"
  28      8821C284 
  28      21C20CE4 
  28      414458C0 
  28      2490
  29 0028 1279C509 		.ascii	"\022y\305\011\024Qj[4\223\021\256\214\001\000\001\274"
  29      14516A5B 
  29      349311AE 
ARM GAS  C:\Users\johnb\AppData\Local\Temp\ccBVySA4.s 			page 2


  29      8C010001 
  29      BC
  30 0039 06A3     		.ascii	"\006\243"
  31              		.text
  32              		.section	.gnu.lto_.pureconst.d7347a9f,"",%progbits
  33 0000 789C6365 		.ascii	"x\234ce`b\340f```e\220`\224`\222`6a\221\002\000\004"
  33      6062E066 
  33      60606065 
  33      90609460 
  33      92603661 
  34 0018 4600B8   		.ascii	"F\000\270"
  35              		.text
  36              		.section	.gnu.lto___core_init.d7347a9f,"",%progbits
  37 0000 789C6365 		.ascii	"x\234ce`b\250d``\260\001bi fdf`d\232p\216\201\241\221"
  37      6062A864 
  37      6060B001 
  37      62692066 
  37      64666064 
  38 001a 83899111 		.ascii	"\203\211\221\021\304h\340`d\250gb\254g\354g\236\316"
  38      C468E060 
  38      64A86762 
  38      AC67EC67 
  38      9ECE
  39 002c CC78A8FD 		.ascii	"\314x\250\375\331N&\315\345\015@p`\372\006\256\266\206"
  39      D94E26CD 
  39      E50D4070 
  39      60FA06AE 
  39      B686
  40 003e 5689F9CC 		.ascii	"V\211\371\314\014\0143\201\030\004\030\2273j2\000\225"
  40      0C0C3381 
  40      18041897 
  40      336A3200 
  40      95
  41 004f 3DDAF86F 		.ascii	"=\332\370o*/\033\013D\234q\005#\033#\220^\177\211\361"
  41      2A2F1B0B 
  41      449C7105 
  41      231B2390 
  41      5E7F89F1 
  42 0063 40C3BFFF 		.ascii	"@\303\277\377\355\015\007\216,f\334\353\305\304\300"
  42      ED0D078E 
  42      2C66DCEB 
  42      C5C4C0
  43 0072 D0059406 		.ascii	"\320\005\224\006\331\321\315\314\004\242\231\33726)"
  43      D9D1CDCC 
  43      04A299DF 
  43      323629
  44 0081 805483CD 		.ascii	"\200T\203\315\352bf\004\011\002\225Y\351\351\351\303"
  44      EA626604 
  44      09029559 
  44      E9E9E9C3 
  45 0091 517EB17E 		.ascii	"Q~\261~r~nn~\236~qIbQIi\201\276c\220\257\263o\005H\264"
  45      727E6E6E 
  45      7E9E7E71 
  45      49625149 
  45      6981BE63 
  46 00ac 203327B5 		.ascii	" 3'\265\250X\337\335\331Y?\271\250\304P/\231\001\000"
  46      A858DFDD 
ARM GAS  C:\Users\johnb\AppData\Local\Temp\ccBVySA4.s 			page 3


  46      D9593FB9 
  46      A8C4502F 
  46      990100
  47 00bf C7AC3B10 		.ascii	"\307\254;\020"
  48              		.text
  49              		.section	.gnu.lto___early_init.d7347a9f,"",%progbits
  50 0000 789C6365 		.ascii	"x\234ce`b(g``\260\001bi fdf`d\232p\216\201\241\221\203"
  50      60622867 
  50      6060B001 
  50      62692066 
  50      64666064 
  51 001b 899111C4 		.ascii	"\211\221\021\304h\340`d\250gb\254g\354g\236\316\314"
  51      68E06064 
  51      A86762AC 
  51      67EC679E 
  51      CECC
  52 002d 78A8FDD9 		.ascii	"x\250\375\331N&\315\345\015@p`\3727\256\266\206V\211"
  52      4E26CDE5 
  52      0D407060 
  52      FA37AEB6 
  52      865689
  53 0040 F9CC0C0C 		.ascii	"\371\314\014\0143\201\030\004\030\2273j2\000\225=\332"
  53      33811804 
  53      1897336A 
  53      3200953D 
  53      DA
  54 0051 F86F2A2F 		.ascii	"\370o*/\033\013D\234q\005#\033#\220^\177\211\361@\303"
  54      1B0B449C 
  54      7105231B 
  54      23905E7F 
  54      89F140C3 
  55 0065 BFFFED0D 		.ascii	"\277\377\355\015\007\316(3310t\001%A6t\0039@\232\371"
  55      07CE2833 
  55      33313074 
  55      01254136 
  55      74033940 
  56 007b 2D639302 		.ascii	"-c\223\002H-\330\244.fF\220 P\231\225\236\236>\034\345"
  56      482DD8A4 
  56      2E664690 
  56      20509995 
  56      9E9E3E1C 
  57 0090 17EB27E7 		.ascii	"\027\353'\347\347\346\346\347\351\027\227$\026\225\224"
  57      E7E6E6E7 
  57      E9179724 
  57      169594
  58 009f 16E83B06 		.ascii	"\026\350;\006\371:\373V\200D\0132sR\213\212\365\335"
  58      F93AFB56 
  58      80440B32 
  58      73528B8A 
  58      F5DD
  59 00b1 9D9DF593 		.ascii	"\235\235\365\223\213J\014\365\222\031\000\032!9\327"
  59      8B4A0CF5 
  59      9219001A 
  59      2139D7
  60              		.text
  61              		.section	.gnu.lto___late_init.d7347a9f,"",%progbits
  62 0000 789C6365 		.ascii	"x\234ce`b(g``\260\001bi fdf`d\232p\216\201\241\221\203"
ARM GAS  C:\Users\johnb\AppData\Local\Temp\ccBVySA4.s 			page 4


  62      60622867 
  62      6060B001 
  62      62692066 
  62      64666064 
  63 001b 899111C4 		.ascii	"\211\221\021\304h\340`d\250gb\254g\354g\236\316\314"
  63      68E06064 
  63      A86762AC 
  63      67EC679E 
  63      CECC
  64 002d 78A8FDD9 		.ascii	"x\250\375\331N&\315\345\015@p`\372&\356\266\206V\211"
  64      4E26CDE5 
  64      0D407060 
  64      FA26EEB6 
  64      865689
  65 0040 F9CC0C0C 		.ascii	"\371\314\014\0143\201\030\004\030\2273j2\000\225=\332"
  65      33811804 
  65      1897336A 
  65      3200953D 
  65      DA
  66 0051 F86F2A2F 		.ascii	"\370o*/\033\013D\234q\005#\033#\220^\177\211\361@\303"
  66      1B0B449C 
  66      7105231B 
  66      23905E7F 
  66      89F140C3 
  67 0065 BFFFED0D 		.ascii	"\277\377\355\015\007\216(3310t\001%A6t\0039@\232\371"
  67      078E2833 
  67      33313074 
  67      01254136 
  67      74033940 
  68 007b 2D639302 		.ascii	"-c\223\002H-\330\244.fF\220 P\231\225\236\236>\034\345"
  68      482DD8A4 
  68      2E664690 
  68      20509995 
  68      9E9E3E1C 
  69 0090 17EB27E7 		.ascii	"\027\353'\347\347\346\346\347\351\027\227$\026\225\224"
  69      E7E6E6E7 
  69      E9179724 
  69      169594
  70 009f 16E83B06 		.ascii	"\026\350;\006\371:\373V\200D\0132sR\213\212\365\335"
  70      F93AFB56 
  70      80440B32 
  70      73528B8A 
  70      F5DD
  71 00b1 9D9DF593 		.ascii	"\235\235\365\223\213J\014\365\222\031\000\354\2569\214"
  71      8B4A0CF5 
  71      921900EC 
  71      AE398C
  72              		.text
  73              		.section	.gnu.lto___default_exit.d7347a9f,"",%progbits
  74 0000 789C6365 		.ascii	"x\234ce`b(c``\260\001bS fde`d\232p\216\201\241\221\203"
  74      60622863 
  74      6060B001 
  74      62532066 
  74      64656064 
  75 001b 899119C4 		.ascii	"\211\221\031\304`dfd\201\010\260@\004\034\031\031\352"
  75      60646664 
  75      8108B040 
ARM GAS  C:\Users\johnb\AppData\Local\Temp\ccBVySA4.s 			page 5


  75      041C1919 
  75      EA
  76 002c 99985918 		.ascii	"\231\230Y\030\201\004\003\004\3643Ogf<\324\376l'\223"
  76      81040304 
  76      F4334F67 
  76      663CD4FE 
  76      6C2793
  77 003f E6F20620 		.ascii	"\346\362\006 80\375\016w[C\253\304|\240\202\231PE\214"
  77      3830FD0E 
  77      775B43AB 
  77      C47CA082 
  77      9950458C 
  78 0053 CB193519 		.ascii	"\313\0315\031\200\312\036m\3747\225\227\215\005\"\316"
  78      80CA1E6D 
  78      FC379597 
  78      8D0522CE 
  79 0063 B882918D 		.ascii	"\270\202\221\215\021H\257\277\304x\240\341\337\377\366"
  79      1148AFBF 
  79      C478A0E1 
  79      DFFFF6
  80 0072 86037716 		.ascii	"\206\003w\0263~\367\006\012u\001\245\031\201$\023\320"
  80      337EF706 
  80      0A7501A5 
  80      19812413 
  80      D0
  81 0083 FE2E6666 		.ascii	"\376.ff\006\240\305\214]\314,P\232\021l\244\225\236"
  81      06A0C58C 
  81      5DCC2C50 
  81      9A116CA4 
  81      959E
  82 0095 9E3E1CE5 		.ascii	"\236>\034\345\027\353'\347\347\346\346\347\351\027\227"
  82      17EB27E7 
  82      E7E6E6E7 
  82      E91797
  83 00a4 24169594 		.ascii	"$\026\225\224\026\350;\006\371:\373V\200D\0132sR\213"
  83      16E83B06 
  83      F93AFB56 
  83      80440B32 
  83      73528B
  84 00b7 8AF5DD9D 		.ascii	"\212\365\335\235\235\365\223\213J\014\365\222\031\000"
  84      9DF5938B 
  84      4A0CF592 
  84      1900
  85 00c5 D18A3C48 		.ascii	"\321\212<H"
  86              		.text
  87              		.section	.gnu.lto___init_ram_areas.d7347a9f,"",%progbits
  88 0000 789C9554 		.ascii	"x\234\225T\315O\\U\024?\347\335\3675\357\0153\3230&"
  88      CD4F5C55 
  88      143FE7DD 
  88      F735EF0D 
  88      33D33026 
  89 0014 C6340D1B 		.ascii	"\3064\015\033\026\3350a\3274qA\250\251\233n\374\013"
  89      16DD3061 
  89      D7347141 
  89      A8A99B6E 
  89      FC0B
  90 0026 6CD085D1 		.ascii	"l\320\205\321\312\004h\342\312\271\300\264U\320J\243"
ARM GAS  C:\Users\johnb\AppData\Local\Temp\ccBVySA4.s 			page 6


  90      CA0468E2 
  90      CAB9C0B4 
  90      55D04AA3 
  91 0036 B6309D71 		.ascii	"\2660\235q\210\215)8\322\241\037*\235J;\320\017\012"
  91      888D2938 
  91      D2A11F2A 
  91      9D4A3BD0 
  91      0F0A
  92 0048 E987CCC2 		.ascii	"\351\207\314\302E\323\225\330\"45\265S4%\012\236{\356"
  92      45D395D8 
  92      223435B5 
  92      5334250A 
  92      9E7BEE
  93 005b 60A7E0E7 		.ascii	"`\247\340\347\313\314{\367\236\217\3379\347w\356=\026"
  93      CBCC7BF7 
  93      9E8FDF39 
  93      E777EE3D 
  93      16
  94 006c 18F0910D 		.ascii	"\030\360\221\015\360\002\000|F\177\014\002\032}7\000"
  94      F002007C 
  94      467F0C02 
  94      1A7D3700 
  95 007c 3A5D0385 		.ascii	":]\003\205^\010\264\364\302\324\213\011\3272\314\367"
  95      5E08B4F4 
  95      C2D48B09 
  95      D732CCF7 
  96 008c A600A467 		.ascii	"\246\000\244g'\035\220A\033]%GG\177'\\\327p\264>\300"
  96      271D9041 
  96      1B5D2547 
  96      477F275C 
  96      D770B43E 
  97 00a1 FA80E1EB 		.ascii	"\372\200\341\353\255\307[_\0037y\210\352+]\204\204!"
  97      ADC75B5F 
  97      03377988 
  97      EA2B5D84 
  97      8421
  98 00b3 4CCB76DC 		.ascii	"L\313v\334\200\357a\302\024\200E\023W\351\001~,\375"
  98      80EF61C2 
  98      14804513 
  98      57E9017E 
  98      2CFD
  99 00c5 01B7F2FD 		.ascii	"\001\267\362\375@\034\0218y\340\356Yc\353qIO\361H_h"
  99      401C1138 
  99      79E0EE59 
  99      63EB7149 
  99      4FF1485F 
 100 00da BFDCF76C 		.ascii	"\277\334\367lV\000\014\010m\203\307q+\220\331lr4-\016"
 100      56000C08 
 100      6D83C771 
 100      2B90D96C 
 100      72342D0E 
 101 00ee 8AAC4034 		.ascii	"\212\254@4i\373\363\365\324\\Hm\015\254\243m2;\2247"
 101      69FBF3F5 
 101      D45C486D 
 101      0DACA36D 
 101      323B9437 
 102 0102 C5F3A82C 		.ascii	"\305\363\250,?\177<\333#\352\217I\331%\213\337\215E"
ARM GAS  C:\Users\johnb\AppData\Local\Temp\ccBVySA4.s 			page 7


 102      3F7F3CDB 
 102      23EA8F49 
 102      D9258BDF 
 102      8D45
 103 0114 3FEC9657 		.ascii	"?\354\226W\245\231\025\244@A\2508\214\233q\01073:\231"
 103      A59915A4 
 103      4041A838 
 103      8C9B7108 
 103      37333A99 
 104 0128 7F7F72E5 		.ascii	"\177\177r\345\343\032\333\304\034\326\353\240\370\005"
 104      E31ADBC4 
 104      1CD6EBA0 
 104      F805
 105 0136 DA082094 		.ascii	"\332\010 \224\204\364\227\356\374V\362E\023Cw\346\216"
 105      84F497EE 
 105      FC56F245 
 105      134377E6 
 105      8E
 106 0147 A68315E8 		.ascii	"\246\203\025\350\237\306\266\034\252@\2338\262\021\032"
 106      9FC6B61C 
 106      AA409B38 
 106      B2111A
 107 0156 4FB0FBB5 		.ascii	"O\260\373\265\342\273yO\354`\367\225\322\302\003\253"
 107      E2BB794F 
 107      EC60F795 
 107      D2C203AB 
 108 0166 E2FE70DB 		.ascii	"\342\376p\333\200,&\353\224s\376/\234G\261>_\302\242"
 108      802C26EB 
 108      9473FE2F 
 108      9C47B13E 
 108      5FC2A2
 109 0179 5C593D20 		.ascii	"\\Y= \213W\266\215\237\271]\373\014\202J\311`d\301&"
 109      8B57B68D 
 109      9FB95DFB 
 109      0C824AC9 
 109      6064C126 
 110 018d 26BF5D7E 		.ascii	"&\277]~{,\367y\035\004\302\255\241\227\025\346}\204"
 110      7B2CF779 
 110      1D04C2AD 
 110      A19715E6 
 110      7D84
 111 019f 759B94B4 		.ascii	"u\233\224\264\226\005Q\206\002\350\241\202g\001z\205"
 111      96055186 
 111      02E8A182 
 111      67017A85 
 112 01af 411F7107 		.ascii	"A\037q\007\273\006s\351\355L\200.\376\360\276\311\233"
 112      BB0673E9 
 112      ED4C802E 
 112      FEF0BEC9 
 112      9B
 113 01c0 8EA2D9E6 		.ascii	"\216\242\331\346\002\272\227/\224C\211\337%u\310>&4"
 113      02BA972F 
 113      944389DF 
 113      2575C83E 
 113      2634
 114 01d2 7FD3A9DC 		.ascii	"\177\323\251\334\353Y\314tF\262\302\301S\230\300\223"
 114      EB59CC74 
ARM GAS  C:\Users\johnb\AppData\Local\Temp\ccBVySA4.s 			page 8


 114      46B2C2C1 
 114      5398C093 
 115 01e2 AA0652AC 		.ascii	"\252\006R\254.\236:\021 \343~)\007?5\024\304i\314\022"
 115      2E9E3A11 
 115      20E37E29 
 115      073F3514 
 115      C469CC12 
 116 01f6 B1780613 		.ascii	"\261x\006\023\240b\012H:\024\323\340\\2\002a\001\273"
 116      A0620A48 
 116      3A14D3E0 
 116      5C320261 
 116      01BB
 117 0208 0A0BEFCF 		.ascii	"\012\013\357\317;U]\241\264U\276\334\024r\375\022\355"
 117      3B555DA1 
 117      B455BEDC 
 117      1472FD12 
 117      ED
 118 0219 8CF0AA13 		.ascii	"\214\360\252\023\023\234\330\257S3\357\004U\026t\212"
 118      139CD8AF 
 118      5333EF04 
 118      5516748A 
 119 0229 06CF2315 		.ascii	"\006\317#\025\352\022 ~UI\345\223\376\261r(6\"\373\244"
 119      EA12207E 
 119      5549E593 
 119      FEB17228 
 119      3622FBA4 
 120 023d 24C603F8 		.ascii	"$\306\003\3705%\322\317\007\014\3070\006\252\356\267"
 120      3525D2CF 
 120      070CC730 
 120      06AAEEB7 
 121 024d 15B60A47 		.ascii	"\025\266\012G\370\234\310\360AG\207\363\327\343\027"
 121      F89CC8F0 
 121      414787F3 
 121      D7E317
 122 025c FE15FF2C 		.ascii	"\376\025\377,\343\243\302/<\205?\252\360}\200%\304*"
 122      E3A3C22F 
 122      3C853FAA 
 122      F07D8025 
 122      C42A
 123 026e 3A1543B9 		.ascii	":\025C\271\364\213k\244\3429L\030\245PFD\375\324\275"
 123      F48B6BA4 
 123      E2394C18 
 123      A5504644 
 123      FDD4BD
 124 0281 0924A64C 		.ascii	"\011$\246L\240{'(\253\345\236\221r\\\247US\315\202\271"
 124      A07B2728 
 124      ABE59E91 
 124      725CA755 
 124      53CD82B9 
 125 0295 8105CAC3 		.ascii	"\201\005\312\303\313\320\355\370F\245\210\343\212y\362"
 125      CBD0EDF8 
 125      46A588E3 
 125      8A79F2
 126 02a4 3F3CFD9C 		.ascii	"?<\375\234\362^_\321\0266\026\025\343\363dL\370d\337"
 126      F25E5FD1 
 126      16361615 
 126      E3F3644C 
ARM GAS  C:\Users\johnb\AppData\Local\Temp\ccBVySA4.s 			page 9


 126      F864DF
 127 02b7 9DDE3F5E 		.ascii	"\235\336?^~Y\307\013+\003u>\251\232\272'\305\204\265"
 127      7E59C70B 
 127      2B03753E 
 127      A99ABA27 
 127      C584B5
 128 02ca D9F5F22B 		.ascii	"\331\365\362+\332,\242\202>e\306\234F\270\343\026\320"
 128      DA2CA282 
 128      3E65C69C 
 128      46B8E316 
 128      D0
 129 02db A0D02D67 		.ascii	"\240\320-gg\001\274f\013C\267\177`\336\323@\301\215"
 129      6701BC66 
 129      0B43B77F 
 129      60DED340 
 129      C18D
 130 02ed 05FD23E7 		.ascii	"\005\375#\347\027\230sC\361W$\316\177\300\344\215\213"
 130      17987343 
 130      F15724CE 
 130      7FC0E48D 
 130      8B
 131 02fe B7516309 		.ascii	"\267Qc\011\202S\335^B\203\332+\012s\217\251\300\210"
 131      8253DD5E 
 131      4283DA2B 
 131      0A738FA9 
 131      C088
 132 0310 999A9FC6 		.ascii	"\231\232\237\306%$\245/n\261(l.\337e\302mu4\311\234"
 132      2524A52F 
 132      6EB1286C 
 132      2EDF65C2 
 132      6D7534C9 
 133 0325 2252D224 		.ascii	"\"R\322$p\326:\360\350\307\341)\373\35794+\034NP6\325"
 133      70D63AF0 
 133      E8C7E129 
 133      FBEF3934 
 133      2B1C4E50 
 134 033b 0DF2E8F2 		.ascii	"\015\362\350\362N\222\206\311\032Y\252pZ\253\0346rZ"
 134      4E9286C9 
 134      1A59AA70 
 134      5AAB1C36 
 134      725A
 135 034d CB64B98A 		.ascii	"\313d\271\212,|B\226\251\011\032Z#h\323\377$\350\"\023"
 135      2C7C4296 
 135      A9091A5A 
 135      2368D3FF 
 135      24E82213 
 136 0361 C407ECD2 		.ascii	"\304\007\354\322z\202L\202\323\004\321\312\265\201r"
 136      7A824C82 
 136      D304D1CA 
 136      B58172
 137 0370 706E2D32 		.ascii	"pn-2\025\001E\005\247}y\2576\216R\024\302/=\270\226"
 137      15014505 
 137      A77D79AF 
 137      368E5214 
 137      C22F3DB8 
 138 0385 F1F5448E 		.ascii	"\361\365D\216\340\345\352\"\370:Gu\204_\012\266\272"
 138      E0E5EA22 
ARM GAS  C:\Users\johnb\AppData\Local\Temp\ccBVySA4.s 			page 10


 138      F83A4775 
 138      845F0AB6 
 138      BA
 139 0396 BBB42797 		.ascii	"\273\264'\227\324\271G3\226r\361\321\375/\343d\252j"
 139      D4B94733 
 139      9672F1D1 
 139      FD2FE364 
 139      AA6A
 140 03a8 9C1C9A39 		.ascii	"\234\034\2329\272h5\346U9\203\213H\265\342U*\010\257"
 140      BA6835E6 
 140      5539838B 
 140      48B5E255 
 140      2A08AF
 141 03bb E8894906 		.ascii	"\350\211I\006\275\367\026\276\015\257\315\033T\223a"
 141      BDF716BE 
 141      0DAFCD1B 
 141      549361
 142 03ca 1A1BA9D8 		.ascii	"\032\033\251\330\031\0367j\326\371p\332\306^\272\337"
 142      191E376A 
 142      D6F970DA 
 142      C65EBADF 
 143 03da 34EBEED3 		.ascii	"4\353\356\323\235\234\313\240\236+\254E\022\323\361"
 143      9D9CCBA0 
 143      9E2BAC45 
 143      12D3F1
 144 03e9 D9DED010 		.ascii	"\331\336\320\020\373\363\327\332\036ki\335\263\247\365"
 144      FBF3D7DA 
 144      1E6B69DD 
 144      B3A7F5
 145 03f8 CD587BC7 		.ascii	"\315X{\307\356\266\216\275\361X\323K\273\232w\275\245"
 145      EEB68EBD 
 145      F158D34B 
 145      BB9A77BD 
 145      A5
 146 0409 A4F1D7DE 		.ascii	"\244\361\327\336x\265\255=\266\263\2719\326\322\326"
 146      78B5AD3D 
 146      B6B3B939 
 146      D6D2D6
 147 0418 D1D8D002 		.ascii	"\321\330\320\002\242mw\334\350\210c\374\017e\3260\254"
 147      A26D77DC 
 147      E88863FC 
 147      0F65D630 
 147      AC
 148              		.text
 149              		.section	.gnu.lto_ram_areas.d7347a9f,"",%progbits
 150 0000 789C75D1 		.ascii	"x\234u\321\313K\033Q\024\006\360{\346\032\243\326\372"
 150      CB4B1B51 
 150      1406F07B 
 150      E61AA3D6 
 150      FA
 151 0011 6EAB36AD 		.ascii	"n\2536\255\377A\206\270\012\342B\311\242t\341\246\377"
 151      FF4186B8 
 151      0AE242C9 
 151      A274E1A6 
 151      FF
 152 0022 41092E04 		.ascii	"A\011.\0045\222\244P\272\311,\024D\321\255\202B\004"
 152      3592A450 
ARM GAS  C:\Users\johnb\AppData\Local\Temp\ccBVySA4.s 			page 11


 152      BAC92C14 
 152      44D1AD82 
 152      4204
 153 0034 055FB54D 		.ascii	"\005_\265M_jb}T\215\257\372\250m]\271)(\202 \010\242"
 153      5F6A627D 
 153      548DAFFA 
 153      A86D5DB9 
 153      29288220 
 154 004a 047CA037 		.ascii	"\004|\2407\371\206\"\023\3160\314\007\347\\>~\334\261"
 154      F9862213 
 154      CE30CC07 
 154      E75C3E7E 
 154      DCB1
 155 005c 094DBCB4 		.ascii	"\011M\274\264\011Q-\360\364H\212FO\366\355\241\033\243"
 155      09512DF0 
 155      F4488A46 
 155      4FF6EDA1 
 155      1BA3
 156 006e DD30FE75 		.ascii	"\3350\376u\036\313wa)\006e\332j\340HK-(}A\251\205\226"
 156      1ECB7761 
 156      290665DA 
 156      6AE0484B 
 156      2D287D41 
 157 0085 B6284ACD 		.ascii	"\266(J\315ej~qt8\237\345\2364\332\007\214\232\260\244"
 157      656A7E71 
 157      74389FE5 
 157      9E34DA07 
 157      8C9AB0A4 
 158 0099 5E29688C 		.ascii	"^)h\214B\275\222h4\031\032\215$C\3220\205\222\307\317"
 158      42BD9268 
 158      34191A8D 
 158      2443D230 
 158      8592C7CF 
 159 00ad 3BDA12B2 		.ascii	";\332\022\262[\206\325\302ni\275\352\2060\203\023\332"
 159      5B86D5C2 
 159      6E69BDEA 
 159      86308313 
 159      DA
 160 00be 38612623 		.ascii	"8a&#\264s\302\010\204\037!\374\000\341\004\204\207W"
 160      B473C208 
 160      841F21FC 
 160      00E10484 
 160      8757
 161 00d0 13B13C08 		.ascii	"\023\261<\0103-\255\247\2460\213\023fs\302\034F\370"
 161      332DADA7 
 161      A6308B13 
 161      6673C21C 
 161      46F8
 162 00e2 80134E42 		.ascii	"\200\023NB\370\015\302\257\020~\201p}(v\235\013\241"
 162      F80DC2AF 
 162      107E8170 
 162      7D28769D 
 162      0BA1
 163 00f4 CDD27A60 		.ascii	"\315\322z`\012s9\341CN\230\307\010\3639\341w\010g \214"
 163      0A7339E1 
 163      434E98C7 
 163      08F339E1 
ARM GAS  C:\Users\johnb\AppData\Local\Temp\ccBVySA4.s 			page 12


 163      77086720 
 164 0109 41188570 		.ascii	"A\030\205p\2675\322o\376\345\014K\353\224),\340\204"
 164      B735D26F 
 164      FEE50C4B 
 164      EB94292C 
 164      E084
 165 011b 859CB088 		.ascii	"\205\234\260\210\021\026s\302E\010\177@\270\000\341"
 165      111673C2 
 165      45087F40 
 165      B800E1
 166 012a 3C848B67 		.ascii	"<\204\213g\221a\363\016\245\245u\334\024\226p\302G\234"
 166      9161F30E 
 166      A5A575DC 
 166      149670C2 
 166      479C
 167 013c F031237C 		.ascii	"\3601#|\302\011\327 \\\205p\005\3028\204\361\333\304"
 167      C209D720 
 167      5C857005 
 167      C23884F1 
 167      DBC4
 168 014e 423E849A 		.ascii	"B>\204\232\245\365\266\013\302RNX\306\011\313\031\341"
 168      A5F5B60B 
 168      C2524E58 
 168      C609CB19 
 168      E1
 169 015f 534EB80D 		.ascii	"SN\270\015\341\026\204\233\020\376\204\360~M\302$98"
 169      E116849B 
 169      10FE84F0 
 169      7E4DC224 
 169      3938
 170 0171 D2338EF4 		.ascii	"\3223\216\364\234!Up\244? \375\006i\027\244_ \265\366"
 170      9C215570 
 170      A43F20FD 
 170      066917A4 
 170      5F20B5F6 
 171 0185 C52FED38 		.ascii	"\305/\3558n\250\253\223\344r\320_rS\245\203vTl\220\203"
 171      6EA8AB93 
 171      E472D05F 
 171      7253A583 
 171      76546C90 
 172 019a D6552EAB 		.ascii	"\326U.\253\\R9\247rV\345\264\312)\225\237U~R\371^\345"
 172      5C5239A7 
 172      7256E5B4 
 172      CA29959F 
 172      557E52F9 
 173 01b0 38B905ED 		.ascii	"8\271\005\355\251O\225\323\251\377\177}\001\335\353"
 173      A94F95D3 
 173      A9FF7F7D 
 173      01DDEB
 174 01bf 6B6AF235 		.ascii	"kj\3625\353\201\340k\177\360M\213^\373\252\316S\367"
 174      EB81E06B 
 174      7FF04D8B 
 174      5EFBAACE 
 174      53F7
 175 01d1 36396D69 		.ascii	"69mih\254\367\007\364\027\036\217\356\365\007]N\257"
 175      68ACF707 
 175      F4171E8F 
ARM GAS  C:\Users\johnb\AppData\Local\Temp\ccBVySA4.s 			page 13


 175      EEF5075D 
 175      4EAF
 176 01e3 B803EBC2 		.ascii	"\270\003\353\302\014\341"
 176      0CE1
 177              		.text
 178              		.section	.gnu.lto_.symbol_nodes.d7347a9f,"",%progbits
 179 0000 789C55CD 		.ascii	"x\234U\315WR\002Q\000D\321\2763<AE1g\021\334\011\213"
 179      57520251 
 179      0044D1BE 
 179      333C4145 
 179      316711DC 
 180 0016 711D6F90 		.ascii	"q\035o\220`V\3149\254\303E\270!E\035\372\207\232\257"
 180      6056CC39 
 180      ACC345B8 
 180      21451DFA 
 180      879AAF
 181 0029 5375ABAB 		.ascii	"Su\253\253:(\321\036\222\222\037Ei\360\245\021\237Y"
 181      3A28D11E 
 181      92921F45 
 181      69F0A511 
 181      9F59
 182 003b 2B2F4345 		.ascii	"+/CE\212\345W1)\226?\305t\\\232y\311\210\245\302&|K"
 182      8AE55731 
 182      29963FC5 
 182      745C9A79 
 182      C988A5C2 
 183 0052 D9AE9486 		.ascii	"\331\256\224\20664\362\253\260Ob;\244\266K\311\366\010"
 183      3634F2AB 
 183      B04F623B 
 183      A4B64BC9 
 183      F608
 184 0064 B6CF843D 		.ascii	"\266\317\204=\240l\017\251\330#&\3551S\366\204i{J\325"
 184      A06C0FA9 
 184      D82326ED 
 184      3153F684 
 184      697B4AD5 
 185 0078 9E3163CF 		.ascii	"\2361c\317\231\265\027\324\354\2009{\311\274\275b\301"
 185      99B517D4 
 185      EC80397B 
 185      C9BCBD62 
 185      C1
 186 0089 5EB3686F 		.ascii	"^\263hoX\262\267,\333;V\354=\253\366\2015\373\310\272"
 186      58B2B72C 
 186      DB3B56EC 
 186      3DABF681 
 186      35FBC8BA 
 187 009d 7D62C33E 		.ascii	"}b\303>\263i_\330\262\257l\3337\352\366\235\035\373"
 187      B3695FD8 
 187      B2AF6CDB 
 187      37EAF69D 
 187      1DFB
 188 00af 4163A4FE 		.ascii	"Ac\244\376\001K\2712\221"
 188      014BB932 
 188      91
 189              		.text
 190              		.section	.gnu.lto_.refs.d7347a9f,"",%progbits
 191 0000 789C05C1 		.ascii	"x\234\005\301\007\022\202@\020\000\260\235\014\207 "
ARM GAS  C:\Users\johnb\AppData\Local\Temp\ccBVySA4.s 			page 14


 191      07128240 
 191      1000B09D 
 191      0C8720
 192 000f 168A8A58 		.ascii	"\026\212\212XNl\257\341\377\377!I!\226\210PH\244<'\245"
 192      4E6CAFE1 
 192      FFFF2149 
 192      21968850 
 192      48A43C27 
 193 0024 8D4A6DAB 		.ascii	"\215Jm\253\261\263wp\324\352\364\006'g\027\243\253\311"
 193      B1B37770 
 193      D4EAF406 
 193      276717A3 
 193      ABC9
 194 0036 CDDDC353 		.ascii	"\315\335\303S\3662{\373\370\372\371\307\012}f\003\234"
 194      F6327BFB 
 194      F8FAF9C7 
 194      0A7D6603 
 194      9C
 195              		.text
 196              		.section	.gnu.lto_.decls.d7347a9f,"",%progbits
 197 0000 789CAD96 		.ascii	"x\234\255\226iPT\331\025\307\337\355\3334M\323\202A"
 197      695054D9 
 197      15C7DFED 
 197      DB344DD3 
 197      8241
 198 0012 27634AAD 		.ascii	"'cJ\255a\014\023\251\232\022\0067R\363!5)\2532\363e"
 198      610C13A9 
 198      9A120637 
 198      52F32135 
 198      29AB32F3 
 199 0027 92542A99 		.ascii	"\222T*\231|\010U]-\364\314Pa1\320\324h\245Ry\202\240"
 199      7C08555D 
 199      2DF4CC50 
 199      6131D0D4 
 199      68A55279 
 200 003d A0206E6C 		.ascii	"\240 nl\242\262\250\303\242\"\243\240\320\202\255(\356"
 200      A2B2A8C3 
 200      A222A3A0 
 200      D082AD28 
 200      EE
 201 004e 2808AE6C 		.ascii	"(\010\256l\212\340\002\210\"\"\210J\316=\367\365z\333"
 201      8AE00288 
 201      2222884A 
 201      CE3DF7F5 
 201      7ADB
 202 0060 E44B5EF5 		.ascii	"\344K^\365\277\373\336\373\316\371\235s\317=\357U{I"
 202      BFFBDEFB 
 202      CEF99D73 
 202      CF3DEF55 
 202      7B49
 203 0072 2AE95F33 		.ascii	"*\351_3%\251\236J\322:\225$M\303\345-I\322A\311qy\201"
 203      25A99E4A 
 203      D23A9524 
 203      4DC3E52D 
 203      49D241C9 
 204 0089 0E838E80 		.ascii	"\016\203\216\200jA\026P\003\350c\320=P\037\250\037\364"
 204      6A411650 
ARM GAS  C:\Users\johnb\AppData\Local\Temp\ccBVySA4.s 			page 15


 204      03E863D0 
 204      3D501FA8 
 204      1FF4
 205 009b 10F41834 		.ascii	"\020\364\0304\010\032\006\215\200\236\203^\200^\202"
 205      081A068D 
 205      809E835E 
 205      805E82
 206 00aa 5E812641 		.ascii	"^\201&AS\240\267\240i\020!\222DA^ o\220\017\310\027"
 206      53A0B7A0 
 206      69102192 
 206      44415E20 
 206      6F900FC8 
 207 00bf 3403E40F 		.ascii	"4\003\344\017\372\031h\026\350\003\320\207\240_\200"
 207      FA196816 
 207      E803D087 
 207      A05F80
 208 00ce E682E683 		.ascii	"\346\202\346\203>\002}L$\227\313\010s\266\364\2152'"
 208      3E027D4C 
 208      2497CB08 
 208      73B6F48D 
 208      3227
 209 00e0 4AEEEED7 		.ascii	"J\356\356\327w\036\354\216x\260\213\365`W\353\301\356"
 209      771EEC8E 
 209      78B08BF5 
 209      6057EBC1 
 209      EE
 210 00f1 070F7616 		.ascii	"\007\017v\026\017v\377\204\033z\305.\0004\033\264\000"
 210      0F76FF84 
 210      1B7AC52E 
 210      00341BB4 
 210      00
 211 0102 D6AEC2EF 		.ascii	"\326\256\302\357B\320/a\334\013\277=\240 \030_\201\337"
 211      42D02F61 
 211      DC0BBF3D 
 211      A020185F 
 211      81DF
 212 0114 3F82D4A0 		.ascii	"?\202\324\240\333\240\016\320\015\320M%F\203\362{\317"
 212      DBA00ED0 
 212      0DD04D25 
 212      4683F27B 
 212      CF
 213 0125 2D4E13E1 		.ascii	"-N\023\341>W\025\026\213\323\373\036\016\273\002%^\313"
 213      3E571516 
 213      8BD3FB1E 
 213      0EBB0225 
 213      5ECB
 214 0137 8F94DACE 		.ascii	"\217\224\332\316Uj\375\241R\373Y\312Y\370+g\343\253"
 214      556AFDA1 
 214      52FB59CA 
 214      59F82B67 
 214      E3AB
 215 0149 9C95B772 		.ascii	"\234\225\267rv\354\014\331Y\2623eg\313\316\230\2355"
 215      76EC0CD9 
 215      59B23365 
 215      67CBCE98 
 215      9D35
 216 015b 3B7376F6 		.ascii	";sv\366\254\007X/\260\236`\275\301z\204\365\012\353"
ARM GAS  C:\Users\johnb\AppData\Local\Temp\ccBVySA4.s 			page 16


 216      AC07582F 
 216      B09E60BD 
 216      C17A84F5 
 216      0AEB
 217 016d 19D63B7D 		.ascii	"\031\326;}n\371\347RR\233y\246A\325M:\011\264%\231\311"
 217      6EF9E752 
 217      529B79A6 
 217      41D54D3A 
 217      09B42599 
 218 0182 AB4AF837 		.ascii	"\253J\3707A\361\200\266\213\020\\\207U\225\244\034\206"
 218      41F180B6 
 218      8B105C87 
 218      5595A41C 
 218      86
 219 0193 6D89D83C 		.ascii	"m\211\330<\224\271J\231\252\024$~\024g\342D\344\267"
 219      94B94A99 
 219      AA14247E 
 219      1467E244 
 219      E4B7
 220 01a5 7924DBC5 		.ascii	"y$\333\305\353\315\007\350f\363&*G\000B\234\035\234"
 220      EBCD07E8 
 220      66F3262A 
 220      4700429C 
 220      1D9C
 221 01b7 803C6DE5 		.ascii	"\200<m\345\276=?\311\2619b\333\375\363\374\313\003\272"
 221      BE3D3FC9 
 221      B13962DB 
 221      FDF3FCCB 
 221      03BA
 222 01c9 1ED2C556 		.ascii	"\036\322\305V\213\276 \270v\354\316\346s\032\252\"l"
 222      8BBE20B8 
 222      76ECCEE6 
 222      731AAA22 
 222      6C
 223 01da 7CA573F8 		.ascii	"|\245s\370\200\027\365\303\361\341\3027\255Z5l\273\202"
 223      8017F5C3 
 223      F1E1C237 
 223      AD5A356C 
 223      BB82
 224 01ec 50EEDD33 		.ascii	"P\356\3353Y\366\273\220\0032\277\264\237:\212zv\372"
 224      59F6BB90 
 224      0332BFB4 
 224      9F3A8A7A 
 224      76FA
 225 01fe 95D53F8B 		.ascii	"\225\325?\213\222\000\035Q\301\264\355\331\345]\276"
 225      92001D51 
 225      C1B4EDD9 
 225      E55DBE
 226 020d 309DAD23 		.ascii	"0\235\255#3a:\261\266\343\224nN\016z\245\3103U\344\233"
 226      33613AB1 
 226      B6E3946E 
 226      4E0E7AA5 
 226      C83355E4 
 227 0222 9F934364 		.ascii	"\237\223Cd\0369H\346AjUd\016|\257Ts\322\271\364\374"
 227      1E3948E6 
 227      416A5564 
 227      0E7CAF54 
ARM GAS  C:\Users\johnb\AppData\Local\Temp\ccBVySA4.s 			page 17


 227      73D2B9F4 
 228 0237 1AB2A048 		.ascii	"\032\262\240H.\262\312\326\207)\277\272\377\223,\247"
 228      2EB2CAD6 
 228      8729BFBA 
 228      FF932CA7 
 229 0247 26CBB29A 		.ascii	"&\313\262\232\231\221rB\311\001\022\002\346\225D\315"
 229      99917242 
 229      C9011202 
 229      E69544CD 
 230 0257 66302A23 		.ascii	"f0*#=\204\374H\272a\307\207\311\002\266\305\341\315"
 230      3D84FC48 
 230      BA61C787 
 230      C902B6C5 
 230      E1CD
 231 0269 2DFEF4AF 		.ascii	"-\376\364\257\357\331\202\245\321Z\357\253\360\357|"
 231      EFD982A5 
 231      D15AEFAB 
 231      F0EF7C
 232 0278 9A2F5B93 		.ascii	"\232/[\223\327\312\262\012\351\325v\372O@\257v\247\037"
 232      D7CAB20A 
 232      E9D576FA 
 232      4F40AF76 
 232      A71F
 233 028a 41FA48FB 		.ascii	"A\372H\373\263nJ\243\336C\037\036\272\236\356\245\320"
 233      B36E4AA3 
 233      DE431F1E 
 233      BA9EEEA5 
 233      D0
 234 029b 2F2E72A1 		.ascii	"/.r\241\037\265\323k\200~\324\235^\213\364\362\333/"
 234      1FB5D36B 
 234      807ED49D 
 234      5E8BF4F2 
 234      DB2F
 235 02ad 4FFBD255 		.ascii	"O\373\322UH\337s\341~\261\236\376\033\307\217\037\265"
 235      48DF73E1 
 235      7EB19EFE 
 235      1BC78F1F 
 235      B5
 236 02be DFF56791 		.ascii	"\337\365g\221\216\333\"\365\245\267\236\360\261\305"
 236      8EDB22F5 
 236      A5B79EF0 
 236      B1C5
 237 02cc 267544CD 		.ascii	"&uD\315\026K\336\244\344hX\370S\262u4\304%\3741{\370"
 237      164BDEA4 
 237      E46858F8 
 237      53B27534 
 237      C425FC31 
 238 02e2 7A087FCC 		.ascii	"z\010\177\314=\274\005\303_\313\333\230F\350\006\202"
 238      3DBC05C3 
 238      5FCBDB98 
 238      46E80682 
 239 02f2 31536BCE 		.ascii	"1Sk\316\226\3711X\257l=\375k\006\223m\260\0236\230\304"
 239      96F93158 
 239      AF6C3DFD 
 239      6B06936D 
 239      B0133698 
 240 0307 86AEA406 		.ascii	"\206\256\244\006$\325\265lk\362\243\371\234T;p\241Y"
ARM GAS  C:\Users\johnb\AppData\Local\Temp\ccBVySA4.s 			page 18


 240      24D5B56C 
 240      6BF2A3F9 
 240      9C543B70 
 240      A159
 241 0319 C7BB4326 		.ascii	"\307\273C&0\177{c\360\014\341\355!ka>\226\221\372\212"
 241      307F7B63 
 241      F00CE1ED 
 241      216B613E 
 241      9691FA8A 
 242 032d F2FBDE30 		.ascii	"\362\373\3360m]w\270P\231\252\331y^)\350\363\343\326"
 242      6D5D77B8 
 242      5099AAD9 
 242      795E29E8 
 242      F3E3D6
 243 0340 8130BD59 		.ascii	"\2010\275Y\334?\241\323m`\275\224\235\"\373|\305\314"
 243      DC3FA1D3 
 243      6D60BD94 
 243      9D22FB7C 
 243      C5CC
 244 0352 9AA0994E 		.ascii	"\232\240\231Nc3\235!:\370\016\235GN\301\024\254\013"
 244      63339D21 
 244      3AF80E9D 
 244      474EC114 
 244      AC0B
 245 0364 2C6317BD 		.ascii	",c\027\2758\213EZ\377\342L\262\232\226\362\264\272\316"
 245      388B455A 
 245      FFE24CB2 
 245      9A96F2B4 
 245      BACE
 246 0376 9757B238 		.ascii	"\227W\2628\013u\204=F\376\260T5T79\203/1\213\266\315"
 246      0B75843D 
 246      46FEB054 
 246      35543739 
 246      832F318B 
 247 038c A37BBDE9 		.ascii	"\243{\275\351!4W\345_\274yZM\202u\373Yh\353\325\252"
 247      213457E5 
 247      5FBC795A 
 247      4D8275FB 
 247      5968EBD5 
 248 03a1 DFE48FCA 		.ascii	"\337\344\217\312r \271Dt\344\202\243\036\013!\276\004"
 248      7220B944 
 248      74E482A3 
 248      1E0B21BE 
 248      04
 249 03b2 D925F3EC 		.ascii	"\331%\363\354${n\344\"\011f\\fG\316\303\3429\236a\371"
 249      247B6EE4 
 249      2209665C 
 249      6647CEC3 
 249      E2399E61 
 250 03c7 DE2D251A 		.ascii	"\336-%\032Z\204\217\237\252\271\361\356-5\321\005{\004"
 250      5A848F9F 
 250      AAB9F1EE 
 250      2D35D105 
 250      7B04
 251 03d9 B4780028 		.ascii	"\264x\000(\311\\Y\320\234\312\016\347\012$s\331\221"
 251      C95C59D0 
 251      9CCA0EE7 
ARM GAS  C:\Users\johnb\AppData\Local\Temp\ccBVySA4.s 			page 19


 251      0A2473D9 
 251      91
 252 03ea CC25560D 		.ascii	"\314%V\015\026d}g\377q/}\206\235\212\206\216\252]%z"
 252      16647D67 
 252      FF712F7D 
 252      869D8A86 
 252      8EAA5D25 
 253 03ff E541BE74 		.ascii	"\345A\276t9\263\321\233\246R\334~\366\323\302\006_\272"
 253      39B3D19B 
 253      A652DC7E 
 253      F6D3C206 
 253      5FBA
 254 0411 994F6CCF 		.ascii	"\231Ol\317t\000\177\246mg:[9\323\253C\257\216\353\350"
 254      74007FA6 
 254      6D673A5B 
 254      39D3AB43 
 254      AF8EEBE8 
 255 0425 6EB4D574 		.ascii	"n\264\325t\034\352\037\247$(((8hV\011\013j}\3304\267"
 255      1CEA1FA7 
 255      24282828 
 255      38685609 
 255      0B6A7DD8 
 256 043b 1E1EE574 		.ascii	"\036\036\345t\015\213E\256A\212w\310,\307\326BY\026"
 256      0D8B45AE 
 256      418A77C8 
 256      2CC7D642 
 256      5916
 257 044d 4D2C1789 		.ascii	"M,\027\211\333\277\316\241\362\3369h\334\354n|\026s"
 257      DBBFCEA1 
 257      F2DE3968 
 257      DCEC6E7C 
 257      1673
 258 045f 0E73189F 		.ascii	"\016s\030\237\316\265\033\267{6\346h^\254\001@\313Z"
 258      CEB51BB7 
 258      7B36E668 
 258      5EAC0140 
 258      CB5A
 259 0471 66252975 		.ascii	"f%)u\222\354\244\247\373\275\241\321\327Qd\265z\314"
 259      92ECA4A7 
 259      FBBDA1D1 
 259      D75164B5 
 259      7ACC
 260 0483 12E36EC1 		.ascii	"\022\343n\301\366\223\345/\324\022\271\016\267\3330"
 260      F693E52F 
 260      D412B90E 
 260      B7DB30
 261 0492 0A330622 		.ascii	"\0123\006\"\271\005\007u\233\004\221\016\320\015\320"
 261      B9050775 
 261      9B04910E 
 261      D00DD0
 262 04a1 4D12647B 		.ascii	"M\022d{Q\336\270\325\332\354C+\261L\252\266k\027oj\310"
 262      51DEB8D5 
 262      DAEC432B 
 262      B14CAAB6 
 262      6B176F6A 
 263 04b6 AC604F34 		.ascii	"\254`O4xE\007\377O \337PK8\333O'\330\336u\034=\333\036"
 263      784507FF 
ARM GAS  C:\Users\johnb\AppData\Local\Temp\ccBVySA4.s 			page 20


 263      4F20DF50 
 263      4B38DB4F 
 263      27D8DE75 
 264 04ce 462C19AF 		.ascii	"F,\031\257\333\242\011\310VB\004\252\321\320\012QNb"
 264      DBA209C8 
 264      564204AA 
 264      D1D00A51 
 264      4E62
 265 04e0 CEDD24C0 		.ascii	"\316\335$\300\366\3300\353G\015\355;\374f)\011mx_B\322"
 265      F6D830EB 
 265      470DED3B 
 265      FC662909 
 265      6D785F42 
 266 04f5 FBB67734 		.ascii	"\373\266w4\377l\253\227s\260\236\377\026\254;\255+M"
 266      FF6CAB97 
 266      73B09EFF 
 266      16AC3BAD 
 266      2B4D
 267 0507 FF49A97C 		.ascii	"\377I\251|\015\336\226\003;\347m\223\345\257H/\011 "
 267      0DDE9603 
 267      3BE76D93 
 267      E5AF482F 
 267      0920
 268 0519 8D7C1B4E 		.ascii	"\215|\033N\216l\345\317\360\262\273G>\001\277\321\261"
 268      8E6CE5CF 
 268      F0B2BB47 
 268      3E01BFD1 
 268      B1
 269 052a CCA3FED4 		.ascii	"\314\243\376\324\302\373rd\352\335\037\200\321\013\247"
 269      C2FB7264 
 269      EADD1F80 
 269      D10BA7
 270 0539 D79C17B0 		.ascii	"\327\234\027\2605\245\2107\367}\205\341h\362\373\370"
 270      35A58837 
 270      F77D85E1 
 270      68F2FBF8 
 271 0549 A6EA43C2 		.ascii	"\246\352C\302\223\314\216i\177\332\302\011\326s\333"
 271      93CC8E69 
 271      7FDAC209 
 271      D673DB
 272 0558 65AD8218 		.ascii	"e\255\202\030\332N\263\203\020\360@\000<@@?\002\366"
 272      DA4EB383 
 272      10F04000 
 272      3C40403F 
 272      02F6
 273 056a BF6BAFD5 		.ascii	"\277k\257\325\320N\016h\035\271\333\354\245\000\036"
 273      D04E0E68 
 273      1DB9DBEC 
 273      A5001E
 274 0579 E4D80003 		.ascii	"\344\330\000\003\002`\000\001\017\021\220_1\234\257"
 274      02600001 
 274      0F11905F 
 274      319CAF
 275 0588 A3831CB0 		.ascii	"\243\203\034\260\351\361\333\034\177\033`N\276\014\357"
 275      E9F1DB1C 
 275      7F1B604E 
 275      BE0CEF
ARM GAS  C:\Users\johnb\AppData\Local\Temp\ccBVySA4.s 			page 21


 276 0597 19467824 		.ascii	"\031Fx$\020\036!\3411\022\372\233\316\337\323\322)N"
 276      101E21E1 
 276      3112FA9B 
 276      CEDFD3D2 
 276      294E
 277 05a9 A82E7970 		.ascii	"\250.yp_\257\020\272\235\312\360D@<A\304 \"\222\237"
 277      5FAF10BA 
 277      9DCAF044 
 277      403C41C4 
 277      2022929F 
 278 05bd E556FBD2 		.ascii	"\345V\373\322,5\"nm\261d\371\010e\030\022\000C\010\030"
 278      2C35226E 
 278      6DB164F9 
 278      08651812 
 278      00430818 
 279 05d1 4640ABB5 		.ascii	"F@\253\265\246\302\233\026r@\227\274\361\232N(\303S"
 279      A6C29B16 
 279      724097BC 
 279      F19A4E28 
 279      C353
 280 05e3 01F01401 		.ascii	"\001\360\024\001#\010\030\350\333T\255\241\225\0340"
 280      230818E8 
 280      DB54ADA1 
 280      951C30
 281 05f2 D63A9241 		.ascii	"\326:\222A\3052<\023\010\317\220\360\034\011\235{~\234"
 281      C5323C13 
 281      08CF90F0 
 281      1C099D7B 
 281      7E9C
 282 0604 D4530B27 		.ascii	"\324S\013'\354^_\375\201\002\030w\252\302\250@\030E"
 282      EC5E5FFD 
 282      81021877 
 282      AAC2A840 
 282      1845
 283 0616 C20B24E4 		.ascii	"\302\013$\344\326_>\346M[8a\242\242v\307\014\241\012"
 283      D65F3EE6 
 283      4D5B3861 
 283      A2A276C7 
 283      0CA10A
 284 0629 6302600C 		.ascii	"c\002`\014\001/\0210\335\262\347\212\212vr\200\265\360"
 284      012F1130 
 284      DDB2E78A 
 284      8A767280 
 284      B5F0
 285 063b 519F9F50 		.ascii	"Q\237\237P\205q\0010\216\200W\010\270xb\253\005\232"
 285      85710130 
 285      8E805708 
 285      B87862AB 
 285      059A
 286 064d 8103D2B2 		.ascii	"\201\003\322\262\256\365\352\305*L\010\204\011$L\"!"
 286      AEF5EAC5 
 286      2A4C0884 
 286      09244C22 
 286      21
 287 065e 6F53FA7C 		.ascii	"oS\372|:\305\001\203\017\213Km\007\331\222\357\250\302"
 287      3AC50183 
 287      0F8B4B6D 
ARM GAS  C:\Users\johnb\AppData\Local\Temp\ccBVySA4.s 			page 22


 287      07D992EF 
 287      A8C2
 288 0670 6B81F01A 		.ascii	"k\201\360\032\011S\374\2218TW\343C\263\274\020Qw{\374"
 288      0953FC91 
 288      385457E3 
 288      43B3BC10 
 288      51777BFC 
 289 0684 A0AF5085 		.ascii	"\240\257P\2057\002\340\015\002\336\"`\252x\262BM\013"
 289      3702E00D 
 289      02DE2260 
 289      AA78B242 
 289      4D0B
 290 0696 39E06A6A 		.ascii	"9\340jjc\273\370H\274\023\000\357\0200\215\200\235\205"
 290      63BBF848 
 290      BC1300EF 
 290      10308D80 
 290      9D85
 291 06a8 BB2D7A5A 		.ascii	"\273-zZ\311\001\311m'\313\325b\025d\225;\001V\340{\255"
 291      C901C96D 
 291      27CBD562 
 291      1564953B 
 291      0156E07B 
 292 06bd 8A110E35 		.ascii	"\212\021\0165v\325\373P\013'\2245d\224\330R\030p*C\262"
 292      76D5FB50 
 292      0B279435 
 292      6494D852 
 292      18702A43 
 293 06d2 80484644 		.ascii	"\200HFD\012\"R'\322vji\013G\254m\034-\023\337\014\353"
 293      0A225227 
 293      D2766A69 
 293      0B47AC6D 
 293      1C2D13DF 
 294 06e8 04C03A04 		.ascii	"\004\300:\004\244\"\24097\363\250/\355\344\200\376\274"
 294      A422A039 
 294      37F3A82F 
 294      EDE480FE 
 294      BC
 295 06f9 C14AB10C 		.ascii	"\301J\261\014i\002 \015\001\353\021\260o,\373\202\232"
 295      6902200D 
 295      01EB11B0 
 295      6F2CFB82 
 295      9A
 296 070a 0E72C0D4 		.ascii	"\016r\300\324\245\266`\261\012\033\004\300\006\004\244"
 296      A5B660B1 
 296      0A1B04C0 
 296      0604A4
 297 0719 2320FDD4 		.ascii	"# \375\324\376r\035\235\342\200\365\351'\237h\024\302"
 297      FE721D9D 
 297      E280F5E9 
 297      279F6814 
 297      C2
 298 072a 3BA72A64 		.ascii	";\247*d\010\210\014DlDD}Y\325(\274\0304\210(\250{=\""
 298      08880C44 
 298      6C44447D 
 298      59D528BC 
 298      18348828 
 299 0742 BE183609 		.ascii	"\276\0306\011\200M\010\310D\300\361\341;\023\032Z\310"
ARM GAS  C:\Users\johnb\AppData\Local\Temp\ccBVySA4.s 			page 23


 299      804D08C8 
 299      44C0F1E1 
 299      3B131A5A 
 299      C8
 300 0753 0177BBEE 		.ascii	"\001w\273\356\312\342#\221%\000\262\020\260\031\001"
 300      CAE22391 
 300      2500B210 
 300      B01901
 301 0762 2F2E65C3 		.ascii	"/.e\303#Q\311\001/S\006;\264b\031\262\005B6\022\266"
 301      2351C901 
 301      2F53063B 
 301      B46219B2 
 301      05423612 
 302 0777 20C17262 		.ascii	" \301rbj>\265p\300\345\355M\273l\375|\243\300Q\205\255"
 302      6A3EB570 
 302      C0E5ED4D 
 302      BB6CFD7C 
 302      A3C05185 
 303 078c 02612B12 		.ascii	"\002a+\022\266!!\273\252\370\015\364\002G\0246\324%"
 303      B62121BB 
 303      AAF80DF4 
 303      02471436 
 303      D425
 304 079e EB852A6C 		.ascii	"\353\205*l\027\000\333\021\260\203o\342\372\201\233"
 304      1700DB11 
 304      B0836FE2 
 304      FA819B
 305 07ad 33682707 		.ascii	"3h'\007\33490\235&\366B\216\000\310A@.\002zkj\253\374"
 305      DC39309D 
 305      26F6428E 
 305      00C84140 
 305      2E027A6B 
 306 07c4 E8A052C6 		.ascii	"\350\240R\306\254\212Lo\261\012y\002"
 306      AC8A4C6F 
 306      B10A7902 
 307 07d0 210F09F9 		.ascii	"!\017\011\371H8\230\335\227\353M\2478aj\307\341\333"
 307      483898DD 
 307      97EB4DA7 
 307      38616AC7 
 307      E1DB
 308 07e2 B63A3E75 		.ascii	"\266:>u*C\201\200(@\304ND\024\\\337n!4\313\033\021\373"
 308      2A438180 
 308      2840C44E 
 308      44145CDF 
 308      6E2134CB 
 309 07f9 D795E789 		.ascii	"\327\225\347\211e(\024\000\205\010\330\205\200\241\365"
 309      65281400 
 309      8508D885 
 309      80A1F5
 310 0808 3DDDD00C 		.ascii	"=\335\320\014\034P;\264\266Tl\206\335\002`7\002\366"
 310      1C503BB4 
 310      B6546C86 
 310      DD026037 
 310      02F6
 311 081a 2020F7C5 		.ascii	"  \367\305\353\024h\006\016xW\360\370\205\207f(\022"
 311      EB146806 
 311      0E7857F0 
ARM GAS  C:\Users\johnb\AppData\Local\Temp\ccBVySA4.s 			page 24


 311      F8858766 
 311      2812
 312 082c 08454828 		.ascii	"\010EH(\346)\034\3347\242w\376\003\334\343\364\307N"
 312      E6291CDC 
 312      37A277FE 
 312      03DCE3F4 
 312      C74E
 313 083e 22252AFC 		.ascii	"\"%*\374\003\314~\301xr_\355\260\326\331\230\375)q\030"
 313      03CC7EC1 
 313      78725FED 
 313      B0D6D998 
 313      FD297118 
 314 0852 972AC6A5 		.ascii	"\227*\306\245h\334v\275\254Fm3\336\360\276\277\326d"
 314      68DC76BD 
 314      AC466D33 
 314      DEF0BEBF 
 314      D664
 315 0864 2F38F91A 		.ascii	"/8\371\032\014\221\361\011&Ct\\\264Y\375\203\311\370"
 315      0C91F109 
 315      2643745C 
 315      B459FD83 
 315      C9F8
 316 0876 77ED97BF 		.ascii	"w\355\227\277\377K\340\212\2600\351\363\220\220P\373"
 316      FF4BE08A 
 316      B030E9F3 
 316      909050FB 
 317 0886 273E3134 		.ascii	"'>142>66>.4\321lL0'\255\012\375\355\237\276^\361\365"
 317      323E3636 
 317      3E2E34D1 
 317      6C4C3027 
 317      AD0AFDED 
 318 089f 6AB6BA2A 		.ascii	"j\266\272*:\306\224\220\030\372\345\212\025\241\221"
 318      3AC69490 
 318      18FAE58A 
 318      15A191
 319 08ae 09E6B090 		.ascii	"\011\346\260\220HIo0\230\214\0111k\220\012\021b\214"
 319      48496F30 
 319      988C0931 
 319      6B900A11 
 319      628C
 320 08c0 661EC1CF 		.ascii	"f\036\301\317`\2102}kL\2121\033L\253\243\315\3328\010"
 320      6088327D 
 320      6B4C8A31 
 320      1B4CABA3 
 320      CDDA3808 
 321 08d4 6D4E4A88 		.ascii	"mNJ\210\233i\300\333\206\004c\254\301\230`2&\372\330"
 321      9B69C0DB 
 321      860463AC 
 321      C1986032 
 321      26FAD8
 322 08e7 47BAC818 		.ascii	"G\272\310\030`\341Xg0$E\307\231\227,6\230\277\215\374"
 322      60E15867 
 322      302445C7 
 322      99972C36 
 322      98BF8DFC 
 323 08fb 3C22F2FB 		.ascii	"<\"\362\373\350\225\321\211\346\244\250\350\370\010"
 323      E895D189 
ARM GAS  C:\Users\johnb\AppData\Local\Temp\ccBVySA4.s 			page 25


 323      E6A4A8E8 
 323      F808
 324 0909 737C7C4C 		.ascii	"s||Lb\304wqI\2018\0124&\304\006\232bW\232\242\242LQ"
 324      62C47771 
 324      4981380A 
 324      3426C406 
 324      9A62579A 
 325 0921 11CB4396 		.ascii	"\021\313C\226\004.\376,,\374\037a\021\260\276(.>\316"
 325      042EFE2C 
 325      2CFC1F61 
 325      11B0BE28 
 325      2E3ECE
 326 0934 B4C8645C 		.ascii	"\264\310d\\\031\035\021\035\027\031\223\024e\212\210"
 326      191D111D 
 326      17199314 
 326      658A88
 327 0943 35022BCE 		.ascii	"5\002+\316\024aO\316\274f\225)1\344{Ik\213\367\267\377"
 327      14614FCE 
 327      BC669529 
 327      31E47B49 
 327      6B8BF7B7 
 328 0958 6BBCC435 		.ascii	"k\274\3045\211\021\206Ds\024\300!\210\017n\235m\320"
 328      89118644 
 328      7314C021 
 328      880F6E9D 
 328      6DD0
 329 096a 0F4766D3 		.ascii	"\017Gf\323j>\325\307\305\033\354\367\374YE\3543\203"
 329      6A3ED5C7 
 329      C51BECF7 
 329      FC5945EC 
 329      3383
 330 097c 39C0C0AA 		.ascii	"9\300\300\252\365\231\301\341b\230\341\274d\360Sf\274"
 330      F599C1E1 
 330      6298E1BC 
 330      64F05366 
 330      BC
 331 098d 7E067F65 		.ascii	"~\006\177e\032\027\317os\3770\321?\314\305?\314\325"
 331      1A17CF6F 
 331      73FF30D1 
 331      3FCCC53F 
 331      CCD5
 332 099f 3FCCCD7F 		.ascii	"?\314\315\177\261\350\277\330\305\177\261\253\377b7"
 332      B1E8BFD8 
 332      C57FB1AB 
 332      FF6237
 333 09ae FF25A2FF 		.ascii	"\377%\242\377\022\027\377%\256\376K\334\374\227\212"
 333      1217FF25 
 333      AEFE4BDC 
 333      FC978A
 334 09bd FE4B5DFC 		.ascii	"\376K]\374\227\272\372/u\363_&\372/s\361_\346\352\277"
 334      97BAFA2F 
 334      75F35F26 
 334      FA2F73F1 
 334      5FE6EABF 
 335 09d1 CCCD7FB9 		.ascii	"\314\315\177\271\350\277\334\305\177\271\253\377r7\377"
 335      E8BFDCC5 
 335      7FB9ABFF 
ARM GAS  C:\Users\johnb\AppData\Local\Temp\ccBVySA4.s 			page 26


 335      7237FF
 336 09e0 70D13FDC 		.ascii	"p\321?\334\305?\334\325?\334\356\377\037\031\226i\025"
 336      C53FDCD5 
 336      3FDCEEFF 
 336      1F199669 
 336      15
 337              		.text
 338              		.section	.gnu.lto_.symtab.d7347a9f,"",%progbits
 339 0000 5F5F636F 		.ascii	"__core_init\000"
 339      72655F69 
 339      6E697400 
 340 000c 00       		.ascii	"\000"
 341 000d 01       		.ascii	"\001"
 342 000e 00       		.ascii	"\000"
 343 000f 00000000 		.ascii	"\000\000\000\000\000\000\000\000"
 343      00000000 
 344 0017 B0000000 		.ascii	"\260\000\000\000"
 345 001b 5F5F6561 		.ascii	"__early_init\000"
 345      726C795F 
 345      696E6974 
 345      00
 346 0028 00       		.ascii	"\000"
 347 0029 01       		.ascii	"\001"
 348 002a 00       		.ascii	"\000"
 349 002b 00000000 		.ascii	"\000\000\000\000\000\000\000\000"
 349      00000000 
 350 0033 B3000000 		.ascii	"\263\000\000\000"
 351 0037 5F5F6C61 		.ascii	"__late_init\000"
 351      74655F69 
 351      6E697400 
 352 0043 00       		.ascii	"\000"
 353 0044 01       		.ascii	"\001"
 354 0045 00       		.ascii	"\000"
 355 0046 00000000 		.ascii	"\000\000\000\000\000\000\000\000"
 355      00000000 
 356 004e B6000000 		.ascii	"\266\000\000\000"
 357 0052 5F5F6465 		.ascii	"__default_exit\000"
 357      6661756C 
 357      745F6578 
 357      697400
 358 0061 00       		.ascii	"\000"
 359 0062 01       		.ascii	"\001"
 360 0063 00       		.ascii	"\000"
 361 0064 00000000 		.ascii	"\000\000\000\000\000\000\000\000"
 361      00000000 
 362 006c BB000000 		.ascii	"\273\000\000\000"
 363 0070 5F5F696E 		.ascii	"__init_ram_areas\000"
 363      69745F72 
 363      616D5F61 
 363      72656173 
 363      00
 364 0081 00       		.ascii	"\000"
 365 0082 00       		.ascii	"\000"
 366 0083 00       		.ascii	"\000"
 367 0084 00000000 		.ascii	"\000\000\000\000\000\000\000\000"
 367      00000000 
 368 008c BD000000 		.ascii	"\275\000\000\000"
ARM GAS  C:\Users\johnb\AppData\Local\Temp\ccBVySA4.s 			page 27


 369 0090 5F5F7261 		.ascii	"__ram0_init_text__\000"
 369      6D305F69 
 369      6E69745F 
 369      74657874 
 369      5F5F00
 370 00a3 00       		.ascii	"\000"
 371 00a4 02       		.ascii	"\002"
 372 00a5 00       		.ascii	"\000"
 373 00a6 00000000 		.ascii	"\000\000\000\000\000\000\000\000"
 373      00000000 
 374 00ae E3000000 		.ascii	"\343\000\000\000"
 375 00b2 5F5F7261 		.ascii	"__ram0_init__\000"
 375      6D305F69 
 375      6E69745F 
 375      5F00
 376 00c0 00       		.ascii	"\000"
 377 00c1 02       		.ascii	"\002"
 378 00c2 00       		.ascii	"\000"
 379 00c3 00000000 		.ascii	"\000\000\000\000\000\000\000\000"
 379      00000000 
 380 00cb E5000000 		.ascii	"\345\000\000\000"
 381 00cf 5F5F7261 		.ascii	"__ram0_clear__\000"
 381      6D305F63 
 381      6C656172 
 381      5F5F00
 382 00de 00       		.ascii	"\000"
 383 00df 02       		.ascii	"\002"
 384 00e0 00       		.ascii	"\000"
 385 00e1 00000000 		.ascii	"\000\000\000\000\000\000\000\000"
 385      00000000 
 386 00e9 E7000000 		.ascii	"\347\000\000\000"
 387 00ed 5F5F7261 		.ascii	"__ram0_noinit__\000"
 387      6D305F6E 
 387      6F696E69 
 387      745F5F00 
 388 00fd 00       		.ascii	"\000"
 389 00fe 02       		.ascii	"\002"
 390 00ff 00       		.ascii	"\000"
 391 0100 00000000 		.ascii	"\000\000\000\000\000\000\000\000"
 391      00000000 
 392 0108 E9000000 		.ascii	"\351\000\000\000"
 393 010c 5F5F7261 		.ascii	"__ram1_init_text__\000"
 393      6D315F69 
 393      6E69745F 
 393      74657874 
 393      5F5F00
 394 011f 00       		.ascii	"\000"
 395 0120 02       		.ascii	"\002"
 396 0121 00       		.ascii	"\000"
 397 0122 00000000 		.ascii	"\000\000\000\000\000\000\000\000"
 397      00000000 
 398 012a EB000000 		.ascii	"\353\000\000\000"
 399 012e 5F5F7261 		.ascii	"__ram1_init__\000"
 399      6D315F69 
 399      6E69745F 
 399      5F00
 400 013c 00       		.ascii	"\000"
ARM GAS  C:\Users\johnb\AppData\Local\Temp\ccBVySA4.s 			page 28


 401 013d 02       		.ascii	"\002"
 402 013e 00       		.ascii	"\000"
 403 013f 00000000 		.ascii	"\000\000\000\000\000\000\000\000"
 403      00000000 
 404 0147 ED000000 		.ascii	"\355\000\000\000"
 405 014b 5F5F7261 		.ascii	"__ram1_clear__\000"
 405      6D315F63 
 405      6C656172 
 405      5F5F00
 406 015a 00       		.ascii	"\000"
 407 015b 02       		.ascii	"\002"
 408 015c 00       		.ascii	"\000"
 409 015d 00000000 		.ascii	"\000\000\000\000\000\000\000\000"
 409      00000000 
 410 0165 EF000000 		.ascii	"\357\000\000\000"
 411 0169 5F5F7261 		.ascii	"__ram1_noinit__\000"
 411      6D315F6E 
 411      6F696E69 
 411      745F5F00 
 412 0179 00       		.ascii	"\000"
 413 017a 02       		.ascii	"\002"
 414 017b 00       		.ascii	"\000"
 415 017c 00000000 		.ascii	"\000\000\000\000\000\000\000\000"
 415      00000000 
 416 0184 F1000000 		.ascii	"\361\000\000\000"
 417 0188 5F5F7261 		.ascii	"__ram2_init_text__\000"
 417      6D325F69 
 417      6E69745F 
 417      74657874 
 417      5F5F00
 418 019b 00       		.ascii	"\000"
 419 019c 02       		.ascii	"\002"
 420 019d 00       		.ascii	"\000"
 421 019e 00000000 		.ascii	"\000\000\000\000\000\000\000\000"
 421      00000000 
 422 01a6 F3000000 		.ascii	"\363\000\000\000"
 423 01aa 5F5F7261 		.ascii	"__ram2_init__\000"
 423      6D325F69 
 423      6E69745F 
 423      5F00
 424 01b8 00       		.ascii	"\000"
 425 01b9 02       		.ascii	"\002"
 426 01ba 00       		.ascii	"\000"
 427 01bb 00000000 		.ascii	"\000\000\000\000\000\000\000\000"
 427      00000000 
 428 01c3 F5000000 		.ascii	"\365\000\000\000"
 429 01c7 5F5F7261 		.ascii	"__ram2_clear__\000"
 429      6D325F63 
 429      6C656172 
 429      5F5F00
 430 01d6 00       		.ascii	"\000"
 431 01d7 02       		.ascii	"\002"
 432 01d8 00       		.ascii	"\000"
 433 01d9 00000000 		.ascii	"\000\000\000\000\000\000\000\000"
 433      00000000 
 434 01e1 F7000000 		.ascii	"\367\000\000\000"
 435 01e5 5F5F7261 		.ascii	"__ram2_noinit__\000"
ARM GAS  C:\Users\johnb\AppData\Local\Temp\ccBVySA4.s 			page 29


 435      6D325F6E 
 435      6F696E69 
 435      745F5F00 
 436 01f5 00       		.ascii	"\000"
 437 01f6 02       		.ascii	"\002"
 438 01f7 00       		.ascii	"\000"
 439 01f8 00000000 		.ascii	"\000\000\000\000\000\000\000\000"
 439      00000000 
 440 0200 F9000000 		.ascii	"\371\000\000\000"
 441 0204 5F5F7261 		.ascii	"__ram3_init_text__\000"
 441      6D335F69 
 441      6E69745F 
 441      74657874 
 441      5F5F00
 442 0217 00       		.ascii	"\000"
 443 0218 02       		.ascii	"\002"
 444 0219 00       		.ascii	"\000"
 445 021a 00000000 		.ascii	"\000\000\000\000\000\000\000\000"
 445      00000000 
 446 0222 FB000000 		.ascii	"\373\000\000\000"
 447 0226 5F5F7261 		.ascii	"__ram3_init__\000"
 447      6D335F69 
 447      6E69745F 
 447      5F00
 448 0234 00       		.ascii	"\000"
 449 0235 02       		.ascii	"\002"
 450 0236 00       		.ascii	"\000"
 451 0237 00000000 		.ascii	"\000\000\000\000\000\000\000\000"
 451      00000000 
 452 023f FD000000 		.ascii	"\375\000\000\000"
 453 0243 5F5F7261 		.ascii	"__ram3_clear__\000"
 453      6D335F63 
 453      6C656172 
 453      5F5F00
 454 0252 00       		.ascii	"\000"
 455 0253 02       		.ascii	"\002"
 456 0254 00       		.ascii	"\000"
 457 0255 00000000 		.ascii	"\000\000\000\000\000\000\000\000"
 457      00000000 
 458 025d FF000000 		.ascii	"\377\000\000\000"
 459 0261 5F5F7261 		.ascii	"__ram3_noinit__\000"
 459      6D335F6E 
 459      6F696E69 
 459      745F5F00 
 460 0271 00       		.ascii	"\000"
 461 0272 02       		.ascii	"\002"
 462 0273 00       		.ascii	"\000"
 463 0274 00000000 		.ascii	"\000\000\000\000\000\000\000\000"
 463      00000000 
 464 027c 01010000 		.ascii	"\001\001\000\000"
 465 0280 5F5F7261 		.ascii	"__ram4_init_text__\000"
 465      6D345F69 
 465      6E69745F 
 465      74657874 
 465      5F5F00
 466 0293 00       		.ascii	"\000"
 467 0294 02       		.ascii	"\002"
ARM GAS  C:\Users\johnb\AppData\Local\Temp\ccBVySA4.s 			page 30


 468 0295 00       		.ascii	"\000"
 469 0296 00000000 		.ascii	"\000\000\000\000\000\000\000\000"
 469      00000000 
 470 029e 03010000 		.ascii	"\003\001\000\000"
 471 02a2 5F5F7261 		.ascii	"__ram4_init__\000"
 471      6D345F69 
 471      6E69745F 
 471      5F00
 472 02b0 00       		.ascii	"\000"
 473 02b1 02       		.ascii	"\002"
 474 02b2 00       		.ascii	"\000"
 475 02b3 00000000 		.ascii	"\000\000\000\000\000\000\000\000"
 475      00000000 
 476 02bb 05010000 		.ascii	"\005\001\000\000"
 477 02bf 5F5F7261 		.ascii	"__ram4_clear__\000"
 477      6D345F63 
 477      6C656172 
 477      5F5F00
 478 02ce 00       		.ascii	"\000"
 479 02cf 02       		.ascii	"\002"
 480 02d0 00       		.ascii	"\000"
 481 02d1 00000000 		.ascii	"\000\000\000\000\000\000\000\000"
 481      00000000 
 482 02d9 07010000 		.ascii	"\007\001\000\000"
 483 02dd 5F5F7261 		.ascii	"__ram4_noinit__\000"
 483      6D345F6E 
 483      6F696E69 
 483      745F5F00 
 484 02ed 00       		.ascii	"\000"
 485 02ee 02       		.ascii	"\002"
 486 02ef 00       		.ascii	"\000"
 487 02f0 00000000 		.ascii	"\000\000\000\000\000\000\000\000"
 487      00000000 
 488 02f8 09010000 		.ascii	"\011\001\000\000"
 489 02fc 5F5F7261 		.ascii	"__ram5_init_text__\000"
 489      6D355F69 
 489      6E69745F 
 489      74657874 
 489      5F5F00
 490 030f 00       		.ascii	"\000"
 491 0310 02       		.ascii	"\002"
 492 0311 00       		.ascii	"\000"
 493 0312 00000000 		.ascii	"\000\000\000\000\000\000\000\000"
 493      00000000 
 494 031a 0B010000 		.ascii	"\013\001\000\000"
 495 031e 5F5F7261 		.ascii	"__ram5_init__\000"
 495      6D355F69 
 495      6E69745F 
 495      5F00
 496 032c 00       		.ascii	"\000"
 497 032d 02       		.ascii	"\002"
 498 032e 00       		.ascii	"\000"
 499 032f 00000000 		.ascii	"\000\000\000\000\000\000\000\000"
 499      00000000 
 500 0337 0D010000 		.ascii	"\015\001\000\000"
 501 033b 5F5F7261 		.ascii	"__ram5_clear__\000"
 501      6D355F63 
ARM GAS  C:\Users\johnb\AppData\Local\Temp\ccBVySA4.s 			page 31


 501      6C656172 
 501      5F5F00
 502 034a 00       		.ascii	"\000"
 503 034b 02       		.ascii	"\002"
 504 034c 00       		.ascii	"\000"
 505 034d 00000000 		.ascii	"\000\000\000\000\000\000\000\000"
 505      00000000 
 506 0355 0F010000 		.ascii	"\017\001\000\000"
 507 0359 5F5F7261 		.ascii	"__ram5_noinit__\000"
 507      6D355F6E 
 507      6F696E69 
 507      745F5F00 
 508 0369 00       		.ascii	"\000"
 509 036a 02       		.ascii	"\002"
 510 036b 00       		.ascii	"\000"
 511 036c 00000000 		.ascii	"\000\000\000\000\000\000\000\000"
 511      00000000 
 512 0374 11010000 		.ascii	"\021\001\000\000"
 513 0378 5F5F7261 		.ascii	"__ram6_init_text__\000"
 513      6D365F69 
 513      6E69745F 
 513      74657874 
 513      5F5F00
 514 038b 00       		.ascii	"\000"
 515 038c 02       		.ascii	"\002"
 516 038d 00       		.ascii	"\000"
 517 038e 00000000 		.ascii	"\000\000\000\000\000\000\000\000"
 517      00000000 
 518 0396 13010000 		.ascii	"\023\001\000\000"
 519 039a 5F5F7261 		.ascii	"__ram6_init__\000"
 519      6D365F69 
 519      6E69745F 
 519      5F00
 520 03a8 00       		.ascii	"\000"
 521 03a9 02       		.ascii	"\002"
 522 03aa 00       		.ascii	"\000"
 523 03ab 00000000 		.ascii	"\000\000\000\000\000\000\000\000"
 523      00000000 
 524 03b3 15010000 		.ascii	"\025\001\000\000"
 525 03b7 5F5F7261 		.ascii	"__ram6_clear__\000"
 525      6D365F63 
 525      6C656172 
 525      5F5F00
 526 03c6 00       		.ascii	"\000"
 527 03c7 02       		.ascii	"\002"
 528 03c8 00       		.ascii	"\000"
 529 03c9 00000000 		.ascii	"\000\000\000\000\000\000\000\000"
 529      00000000 
 530 03d1 17010000 		.ascii	"\027\001\000\000"
 531 03d5 5F5F7261 		.ascii	"__ram6_noinit__\000"
 531      6D365F6E 
 531      6F696E69 
 531      745F5F00 
 532 03e5 00       		.ascii	"\000"
 533 03e6 02       		.ascii	"\002"
 534 03e7 00       		.ascii	"\000"
 535 03e8 00000000 		.ascii	"\000\000\000\000\000\000\000\000"
ARM GAS  C:\Users\johnb\AppData\Local\Temp\ccBVySA4.s 			page 32


 535      00000000 
 536 03f0 19010000 		.ascii	"\031\001\000\000"
 537 03f4 5F5F7261 		.ascii	"__ram7_init_text__\000"
 537      6D375F69 
 537      6E69745F 
 537      74657874 
 537      5F5F00
 538 0407 00       		.ascii	"\000"
 539 0408 02       		.ascii	"\002"
 540 0409 00       		.ascii	"\000"
 541 040a 00000000 		.ascii	"\000\000\000\000\000\000\000\000"
 541      00000000 
 542 0412 1B010000 		.ascii	"\033\001\000\000"
 543 0416 5F5F7261 		.ascii	"__ram7_init__\000"
 543      6D375F69 
 543      6E69745F 
 543      5F00
 544 0424 00       		.ascii	"\000"
 545 0425 02       		.ascii	"\002"
 546 0426 00       		.ascii	"\000"
 547 0427 00000000 		.ascii	"\000\000\000\000\000\000\000\000"
 547      00000000 
 548 042f 1D010000 		.ascii	"\035\001\000\000"
 549 0433 5F5F7261 		.ascii	"__ram7_clear__\000"
 549      6D375F63 
 549      6C656172 
 549      5F5F00
 550 0442 00       		.ascii	"\000"
 551 0443 02       		.ascii	"\002"
 552 0444 00       		.ascii	"\000"
 553 0445 00000000 		.ascii	"\000\000\000\000\000\000\000\000"
 553      00000000 
 554 044d 1F010000 		.ascii	"\037\001\000\000"
 555 0451 5F5F7261 		.ascii	"__ram7_noinit__\000"
 555      6D375F6E 
 555      6F696E69 
 555      745F5F00 
 556 0461 00       		.ascii	"\000"
 557 0462 02       		.ascii	"\002"
 558 0463 00       		.ascii	"\000"
 559 0464 00000000 		.ascii	"\000\000\000\000\000\000\000\000"
 559      00000000 
 560 046c 21010000 		.ascii	"!\001\000\000"
 561              		.text
 562              		.section	.gnu.lto_.opts,"",%progbits
 563 0000 272D666D 		.ascii	"'-fmath-errno' '-fsigned-zeros' '-ftrapping-math' '"
 563      6174682D 
 563      6572726E 
 563      6F272027 
 563      2D667369 
 564 0033 2D666E6F 		.ascii	"-fno-trapv' '-fno-openmp' '-fno-openacc' '-mcpu=cor"
 564      2D747261 
 564      70762720 
 564      272D666E 
 564      6F2D6F70 
 565 0066 7465782D 		.ascii	"tex-m4' '-mno-thumb-interwork' '-mthumb' '-ggdb' '-"
 565      6D342720 
ARM GAS  C:\Users\johnb\AppData\Local\Temp\ccBVySA4.s 			page 33


 565      272D6D6E 
 565      6F2D7468 
 565      756D622D 
 566 0099 4F322720 		.ascii	"O2' '-fomit-frame-pointer' '-falign-functions=16' '"
 566      272D666F 
 566      6D69742D 
 566      6672616D 
 566      652D706F 
 567 00cc 2D666675 		.ascii	"-ffunction-sections' '-fdata-sections' '-fno-common"
 567      6E637469 
 567      6F6E2D73 
 567      65637469 
 567      6F6E7327 
 568 00ff 2720272D 		.ascii	"' '-flto'\000"
 568      666C746F 
 568      2700
 569              		.text
 570              		.comm	__gnu_lto_v1,1,1
 571              		.comm	__gnu_lto_slim,1,1
 572              		.ident	"GCC: (GNU Tools for ARM Embedded Processors 6-2017-q1-update) 6.3.1 20170215 (release) [AR
ARM GAS  C:\Users\johnb\AppData\Local\Temp\ccBVySA4.s 			page 34


DEFINED SYMBOLS
                            *ABS*:00000000 crt1.c
                            *COM*:00000001 __gnu_lto_v1
                            *COM*:00000001 __gnu_lto_slim

NO UNDEFINED SYMBOLS
