ARM GAS  C:\Users\johnb\AppData\Local\Temp\ccJVQPxK.s 			page 1


   1              		.cpu cortex-m4
   2              		.eabi_attribute 20, 1
   3              		.eabi_attribute 21, 1
   4              		.eabi_attribute 23, 3
   5              		.eabi_attribute 24, 1
   6              		.eabi_attribute 25, 1
   7              		.eabi_attribute 26, 1
   8              		.eabi_attribute 30, 2
   9              		.eabi_attribute 34, 1
  10              		.eabi_attribute 18, 4
  11              		.file	"hal.c"
  12              		.text
  13              	.Ltext0:
  14              		.section	.gnu.lto_.profile.d7344195,"",%progbits
  15 0000 789C6365 		.ascii	"x\234ce`b`a```d\260\347\000\000\001\006\000T"
  15      60626061 
  15      60606064 
  15      B0E70000 
  15      01060054 
  16              		.text
  17              		.section	.gnu.lto_.icf.d7344195,"",%progbits
  18 0000 789C6365 		.ascii	"x\234ce`b\340`@\000F\206C\267\257\337\343d\000\000\020"
  18      6062E060 
  18      40004686 
  18      43B7AFDF 
  18      E3640000 
  19 0015 3F036C   		.ascii	"?\003l"
  20              		.text
  21              		.section	.gnu.lto_.jmpfuncs.d7344195,"",%progbits
  22 0000 789C6365 		.ascii	"x\234ce`b\320`@\000F(\315\3048\235\231\261\371\327\376"
  22      6062D060 
  22      40004628 
  22      CDC4389D 
  22      99B1F9D7 
  23 0015 CF7CF57F 		.ascii	"\317|\365\177\033$\34633,f\006\311.g\254g`d\001\262"
  23      1B24E633 
  23      332C6606 
  23      C92E67AC 
  23      67606401 
  24 002a 00B87808 		.ascii	"\000\270x\010\225"
  24      95
  25              		.text
  26              		.section	.gnu.lto_.inline.d7344195,"",%progbits
  27 0000 789C6365 		.ascii	"x\234ce`b0f@\000F\006\006.{F\240 \003\003\333\002y&"
  27      60623066 
  27      40004606 
  27      062E7B46 
  27      A0200303 
  28 0018 B0101726 		.ascii	"\260\020\027&\301\304\015R\012f2\000\000?\336\001\224"
  28      C1C40D52 
  28      0A663200 
  28      003FDE01 
  28      94
  29              		.text
  30              		.section	.gnu.lto_.pureconst.d7344195,"",%progbits
  31 0000 789C6365 		.ascii	"x\234ce`b`f```d\220\000\000\000\204\000$"
  31      60626066 
ARM GAS  C:\Users\johnb\AppData\Local\Temp\ccJVQPxK.s 			page 2


  31      60606064 
  31      90000000 
  31      840024
  32              		.text
  33              		.section	.gnu.lto_halInit.d7344195,"",%progbits
  34 0000 789C7590 		.ascii	"x\234u\220\317KBA\020\307\347\373\366\371|A\277\016"
  34      CF4B4241 
  34      10C7E7FB 
  34      F6F97C41 
  34      BF0E
  35 0012 1D0A8BBA 		.ascii	"\035\012\213\272zy\376\037\375\027\341%(\010\362\017"
  35      7A79FE1F 
  35      FD17E125 
  35      2808F20F 
  36 0022 786B1682 		.ascii	"xk\026\202Au13\210}\024\242eiz\363\020=<\325\245\240"
  36      41753133 
  36      887D14A2 
  36      65697AF3 
  36      103D3CD5 
  37 0038 8E9D8AE8 		.ascii	"\216\235\212\350\220\005A\267BmVC<\350\260\303\354\316"
  37      900541B7 
  37      426D5643 
  37      3CE8B0C3 
  37      ECCE
  38 004a 7C98F9EE 		.ascii	"|\230\371\356\004\310\240\033\020\315\023Q\210\035\202"
  38      04C8A01B 
  38      10CD1351 
  38      881D82
  39 0059 60ECDD11 		.ascii	"`\354\335\021\305m\003\320\027i\203\\\003.vEF\240\236"
  39      C56D03D0 
  39      1769835C 
  39      032E7645 
  39      46A09E
  40 006c 7CAB19E1 		.ascii	"|\253\031\341\274d\3633_3\262\340C\011\242,\2736\344"
  40      BC64F333 
  40      5F33B2E0 
  40      4309A22C 
  40      BB36E4
  41 007f 1126C65E 		.ascii	"\021&\306^*\255\364\230ev\363(\300\342\021T~\200/[\355"
  41      2AADF498 
  41      6576F328 
  41      C0E21154 
  41      7E802F5B 
  42 0094 A4F45F8F 		.ascii	"\244\364_\217\361\270h\023\245\270\254gl\013CG\321@"
  42      F1B86813 
  42      A5B8AC67 
  42      6C0B4347 
  42      D140
  43 00a6 C2FB0D69 		.ascii	"\302\373\015i^7\251\325>\236\202nS\332J +\270\003N\341"
  43      5E37A9D5 
  43      3E9E826E 
  43      53DA4A20 
  43      2BB8034E 
  44 00bb 9262B681 		.ascii	"\222b\266\201M/7:\200\023Y\256\022\316\230\343\302\376"
  44      4D2F373A 
  44      801359AE 
  44      12CE98E3 
ARM GAS  C:\Users\johnb\AppData\Local\Temp\ccJVQPxK.s 			page 3


  44      C2FE
  45 00cd 56FD3EB8 		.ascii	"V\375>\270#\2240\241\237\211\237\353\357q\346\2469q"
  45      239430A1 
  45      9F899FEB 
  45      EF71E6A6 
  45      3971
  46 00df A28571EE 		.ascii	"\242\205q\356\366\260\270\242p\024\237T\"\200s\376e"
  46      F6B0B8A2 
  46      70149F54 
  46      228073FE 
  46      65
  47 00f0 11B39D42 		.ascii	"\021\263\235B\373\275Z\032a\370@\312\005\335\340\002"
  47      FBBD5A1A 
  47      61F840CA 
  47      05DDE002 
  48 0100 0A9D8128 		.ascii	"\012\235\201(\301U\302\"\255571X+7G\271\2475\341]\015"
  48      C155C222 
  48      AD353731 
  48      582B3747 
  48      B9A735E1 
  49 0116 E14CE62E 		.ascii	"\341L\346.\373\270\347\251\301\\\200\271J\037\327\034"
  49      FBB8E7A9 
  49      C15C80B9 
  49      4A1FD71C 
  50 0126 C259CC55 		.ascii	"\302Y\314U\377\271Olx\371tW\263\266\024o\220w\314\353"
  50      FFB94F6C 
  50      78F97457 
  50      B3B6146F 
  50      9077CCEB 
  51 013a 99739C48 		.ascii	"\231s\234H\357\254\305\"\313K\253\221\330zTG'J\177Q"
  51      EFACC522 
  51      CB4BAB91 
  51      D87A5447 
  51      274A7F51 
  52 014e 119D7B   		.ascii	"\021\235{"
  53              		.text
  54              		.section	.gnu.lto_.symbol_nodes.d7344195,"",%progbits
  55 0000 789C55C9 		.ascii	"x\234U\311\273\021\2030\024D\321\253\025\302m\270\024"
  55      BB118330 
  55      1444D1AB 
  55      15C26DB8 
  55      14
  56 0011 53D95340 		.ascii	"S\331S@\001N\374wH\005\204\304\304\256\001f\\\207\207"
  56      014EFC77 
  56      480584C4 
  56      C4AE0166 
  56      5C8787
  57 0024 67456893 		.ascii	"gEh\2233s7!F|\272\310\340\374\001g\312\035\244\2738"
  57      33733721 
  57      467CBAC8 
  57      E0FC0167 
  57      CA1DA4BB 
  58 0039 FA13DEB2 		.ascii	"\372\023\336\262P\036\310\371\344\341%S\025\236\262"
  58      501EC8F9 
  58      E4E12553 
  58      159EB2
  59 0048 588587AC 		.ascii	"X\205\207\254\251\302M\226\252p\225\265\373\02090,\277"
ARM GAS  C:\Users\johnb\AppData\Local\Temp\ccJVQPxK.s 			page 4


  59      A9C24D96 
  59      AA7095B5 
  59      FB103930 
  59      2CBF
  60 005a 1069998B 		.ascii	"\020i\231\213\211o\261\241_\377F\206\242\230]6<\330"
  60      896FB1A1 
  60      5FFF4686 
  60      A2985D36 
  60      3CD8
  61 006c 2BF7     		.ascii	"+\367"
  62              		.text
  63              		.section	.gnu.lto_.refs.d7344195,"",%progbits
  64 0000 789C6365 		.ascii	"x\234ce`b`c```d`bdb\000\000\000\275\000\024"
  64      60626063 
  64      60606064 
  64      60626462 
  64      000000BD 
  65              		.text
  66              		.section	.gnu.lto_.decls.d7344195,"",%progbits
  67 0000 789CAD56 		.ascii	"x\234\255VkPTG\026\276\347\36600\343\210\226X\033\177"
  67      6B505447 
  67      16BEE7F6 
  67      3030E388 
  67      96581B7F 
  68 0014 B85B9435 		.ascii	"\270[\2245\226\3740\0200\265\241\362c7Y\215\217]\223"
  68      96FC3010 
  68      30B5A1F2 
  68      6337598D 
  68      8F5D93
  69 0027 50C9AE55 		.ascii	"P\311\256U[\231\252\251\201\031e\252\200!\363\330Jj"
  69      5B99AAA9 
  69      811965AA 
  69      8021F3D8 
  69      4A6A
  70 0039 FF5C020A 		.ascii	"\377\\\002\012>\020\215\331\2440.\205QW|\004\011\250"
  70      3E108DD9 
  70      A4302E85 
  70      51577C04 
  70      09A8
  71 004b 211A7524 		.ascii	"!\032u$\212d\004E\215\242f\004\2022\306\027/Q\006\025"
  71      8A640445 
  71      8DA26604 
  71      8232C617 
  71      2F510615 
  72 005f 664F77DF 		.ascii	"fOw\337\353\275\214\223rwko\315\271}O\237\257\277s\372"
  72      EBBD8C93 
  72      72776B6F 
  72      CDB97D4F 
  72      9FAFBF73 
  73 0074 F4E99E8E 		.ascii	"\364\351\236\216\023D!\323$\010aQ\020\266\013\202\020"
  73      134421D3 
  73      24086151 
  73      10B60B82 
  73      10
  74 0085 C1073F85 		.ascii	"\301\007?\205/Q\000\345\216\300\237x\224!\224a\224\207"
  74      2F5100E5 
  74      8EC09F78 
ARM GAS  C:\Users\johnb\AppData\Local\Temp\ccJVQPxK.s 			page 5


  74      94219461 
  74      9487
  75 0097 28619447 		.ascii	"(a\224G(\343\002\007R\254\010\302\204\247\027\370\270"
  75      28E30207 
  75      52AC08C2 
  75      84A717F8 
  75      B8
  76 00a8 652804BF 		.ascii	"e(\004\277\007\261\325\001\347\274\2152\026\305MI\306"
  76      07B1D501 
  76      E7BC8D32 
  76      16C54D49 
  76      C6
  77 00b9 65DEB0EC 		.ascii	"e\336\260\354gX\210\315\375\031\201s%u[\310z\002\323"
  77      675888CD 
  77      FD198173 
  77      25755BC8 
  77      7A02D3
  78 00cc 8CA04375 		.ascii	"\214\240Cu\260m\363\365DT\247\033!\031\325C\327\006"
  78      B06DF3F5 
  78      4454A71B 
  78      2119D543 
  78      D706
  79 00de FD93B8B5 		.ascii	"\375\223\270\265\033Po<r/\203\25335\326\351\262\265"
  79      1B506F3C 
  79      722F83AB 
  79      3335D6E9 
  79      B2B5
  80 00f0 EEDB927B 		.ascii	"\356\333\222{\211\334\354\247\372\332\225\025\253\343"
  80      89DCECA7 
  80      FADA9515 
  80      ABE3
  81 00fe 093AC5EF 		.ascii	"\011:\305\357\276\222\336n\231i\006\252\347\007Z\377"
  81      BE92DE6E 
  81      996906AA 
  81      E7075AFF 
  82 010e 29AB5351 		.ascii	")\253SQ\015\256^U\245'\006\206\274\326\262k\017\215"
  82      0DAE5E55 
  82      A5270686 
  82      BCD6B26B 
  82      0F8D
  83 0120 688E1168 		.ascii	"h\216\021h\036\247`\327\276\273\337\214N\346]\024\321"
  83      1EA760D7 
  83      BEBBDF8C 
  83      4EE65D14 
  83      D1
  84 0131 355AB330 		.ascii	"5Z\2630u\257\304\237\204\337\250\2239_1\264=\236\274"
  84      75AFC49F 
  84      84DFA893 
  84      395F31B4 
  84      3D9EBC
  85 0144 40416265 		.ascii	"@Abe\240\243I\007)\306\177Q\220\277cx\316\306RI\022"
  85      A0A34907 
  85      29C67F51 
  85      90BF6378 
  85      CEC65249 
  86 0159 E1201861 		.ascii	"\341 \030a?\020h\200T\232\2249F|\227I\322G\322\206b"
  86      3F106880 
ARM GAS  C:\Users\johnb\AppData\Local\Temp\ccJVQPxK.s 			page 6


  86      549A9439 
  86      467C9749 
  86      D247D286 
  87 016e C9B05880 		.ascii	"\311\260X\200\032\230\011;a\246\000\007 \205\372\243"
  87      1A98093B 
  87      61A60007 
  87      2085FAA3 
  88 017e 38A8C7CE 		.ascii	"8\250\307\316\257\260\023]\354\332\276\361\013=Y\015"
  88      AFB0135D 
  88      ECDABEF1 
  88      0B3D590D 
  89 018e CC47F3D1 		.ascii	"\314G\363\321\037/\353\300\230\022\223\340\233\030\004"
  89      1F2FEBC0 
  89      981293E0 
  89      9B1804
  90 019d 7230BB67 		.ascii	"r0\273g5\257\244\3014b0_\253\301`l|\036=\207\202E\""
  90      35AFA4C1 
  90      3462305F 
  90      ABC1606C 
  90      7C1E3D87 
  91 01b4 E9634E60 		.ascii	"\351cN`\363\341\341@\034OU\002\252\375\233N\266\211"
  91      F3E1E140 
  91      1C4F5502 
  91      AAFD9B4E 
  91      B689
  92 01c6 6488DB42 		.ascii	"d\210\333B\227\213+\365$\314\225\015cW$=\221x\276\313"
  92      978B2BF5 
  92      24CC950D 
  92      6357243D 
  92      9178BECB 
  93 01da FBC35B75 		.ascii	"\373\303[u\244\224+W\212G.M&\345L1\254\332\327\270\337"
  93      A4942B57 
  93      8A472E4D 
  93      26E54C31 
  93      ACDAD7B8 
  94 01ef 0466FA24 		.ascii	"\004f\372$\231\315)_\320\330\375\035\201\271-C7$\351"
  94      99CD295F 
  94      D0D8FD1D 
  94      81B92D43 
  94      3724E9
  95 0202 63130BCA 		.ascii	"c\023\013\312\217A5C\222:\231Z|\011\220\216/\201\017"
  95      8F413543 
  95      923A995A 
  95      7C09908E 
  95      2F810F
  96 0215 78F4BB4A 		.ascii	"x\364\273J\311_B\030\372X4:-\012|\373\367*\370\333h"
  96      C95F4218 
  96      FA58343A 
  96      2D0A7CFB 
  96      F72AF8DB 
  97 022a F061465D 		.ascii	"\360aF]\003\032n\015\374P4|_t$W5\350#\261\311\031z#"
  97      031A6E0D 
  97      FC50347C 
  97      5F742457 
  97      35E823B1 
  98 0242 CDFD0649 		.ascii	"\315\375\006IzM'\300\036\264\357f&\212\306\364\303\367"
  98      7A4D27C0 
ARM GAS  C:\Users\johnb\AppData\Local\Temp\ccJVQPxK.s 			page 7


  98      1EB4EF66 
  98      268AC6F4 
  98      C3F7
  99 0254 B85A4D60 		.ascii	"\270ZM`\206S('Q\276C9\201\322\202r\034\314\254\302\270"
  99      86532827 
  99      51BE4339 
  99      81D28272 
  99      1CCCACC2 
 100 0269 BF80C6DF 		.ascii	"\277\200\306\337\321\2303\327\316%\260XE\327\305\236"
 100      D19833D7 
 100      CE25B058 
 100      45D7C59E 
 101 0279 0B87F3D2 		.ascii	"\013\207\363\322\350;:\255H\222\200\302\004\271,\344"
 101      E83B3AAD 
 101      489280C2 
 101      04B92CE4 
 102 0289 DA3E365E 		.ascii	"\332>6^\322\256'\247\331\032\212\333\327\264\036L\200"
 102      D2AE27A7 
 102      D91A8ADB 
 102      D7B41E4C 
 102      80
 103 029a A4945873 		.ascii	"\244\224Xs\202V\234\312\1773-\3569\324\242\307\315\004"
 103      82569CCA 
 103      7F332DEE 
 103      39D4A2C7 
 103      CD04
 104 02ac A7716040 		.ascii	"\247q`@-I\032\007s\177\277\246\276*\201Wa\015\335\333"
 104      2D491A07 
 104      737FBFA6 
 104      BE2A8157 
 104      610DDDDB 
 105 02c0 B7C69AEF 		.ascii	"\267\306\232\357\304\221N^_{\333N\005\345C\244\214\032"
 105      C4914E5E 
 105      5F7BDB4E 
 105      05E543A4 
 105      8C1A
 106 02d2 2F8CB497 		.ascii	"/\214\264\227\032I/7Fn]\331f\340\306\001\252\2579\260"
 106      1A492F37 
 106      466E5DD9 
 106      66E0C601 
 106      AAAF39B0 
 107 02e6 69DB1472 		.ascii	"i\333\024r\227\033/\204\266\226\230\270\261\235\352"
 107      971B2F84 
 107      B69698B8 
 107      B19DEA
 108 02f5 EB2B1ABE 		.ascii	"\353+\032\2762\222\373\334X\023\332\262^6f\242z\240"
 108      3292FBDC 
 108      5813DAB2 
 108      5E3666A2 
 108      7AA0
 109 0307 ADB1338E 		.ascii	"\255\2613\216<\342\266\340\320\245\322I\244\2100e\337"
 109      3CE2B6E0 
 109      D0A5D249 
 109      A4883065 
 109      DF
 110 0318 934F76EA 		.ascii	"\223Ov\352I\031W\002\301\360O\361|\324\023\032\314\355"
 110      49195702 
ARM GAS  C:\Users\johnb\AppData\Local\Temp\ccJVQPxK.s 			page 8


 110      C1F04FF1 
 110      7CD4131A 
 110      CCED
 111 032a F248D024 		.ascii	"\362H\320$\237R\3640)m{\260S$\025\014<\351b\327\315"
 111      9F52F430 
 111      296D7BB0 
 111      5324150C 
 111      3CE962D7 
 112 033f F0644832 		.ascii	"\360dH2\313O\212Y\233\321\253\230\321+l\211\202r:{1"
 112      CB4F8A59 
 112      9BD1AB98 
 112      D12B6C89 
 112      82723A7B 
 113 0354 9DD73075 		.ascii	"\235\3270u\335(=(](\235(\327Qn\240\204P~R\253\005\323"
 113      DD283D28 
 113      5D289D28 
 113      D7516EA0 
 113      84507E52 
 114 036b DA1C98B6 		.ascii	"\332\034\230\266I\222Z^b\211\275\214\211\245TO\227j"
 114      49925A5E 
 114      6289BD8C 
 114      89A5544F 
 114      976A
 115 037d C2464174 		.ascii	"\302FAt\323\322\"V-\024|>\032|\016\242\320=\177R\321"
 115      D3D22256 
 115      2D147C3E 
 115      1A7C0EA2 
 115      D03D7F52 
 116 0392 3F44A32F 		.ascii	"?D\243/L\334V\024\376G\025\336\021\015\257}\006\336"
 116      4CDC5614 
 116      FE4715DE 
 116      110DAF7D 
 116      06DE
 117 03a4 F4960AFF 		.ascii	"\364\226\012\3771\032\276+:\226&M,\227\242\321\027\237"
 117      311ABE2B 
 117      3A96264D 
 117      2C97A2D1 
 117      179F
 118 03b6 895C33CF 		.ascii	"\211\\3\317\366h\364\331gCyS\205\237\211\206\267\251"
 118      F668F4D9 
 118      67437953 
 118      859F8986 
 118      B7A9
 119 03c8 E4F21EFA 		.ascii	"\344\362\036\372\236\357\241\340\304=\304\251Bm\232"
 119      9EEFA1E0 
 119      C43DC4A9 
 119      426D9A
 120 03d7 F5F8329A 		.ascii	"\365\3702\232k\257\3065\226\312\361\321\273+\247\220"
 120      6BAFC635 
 120      96CAF1D1 
 120      BB2BA790 
 121 03e7 4F59A988 		.ascii	"OY\251\210{\326\336\351\326G\3559\245B\340\026\026\306"
 121      7BD6DEE9 
 121      D647ED39 
 121      A542E016 
 121      16C6
 122 03f9 FF52243C 		.ascii	"\377R$<\342Kg\331\336\373\031\011n\252{/\250\354\275"
ARM GAS  C:\Users\johnb\AppData\Local\Temp\ccJVQPxK.s 			page 9


 122      E24B67D9 
 122      DEFB1909 
 122      6EAA7B2F 
 122      A8ECBD
 123 040c 9EAAEEEA 		.ascii	"\236\252\356\352\304$\331o\331/\371\025\376c\247H\371"
 123      C424D96F 
 123      D92FF915 
 123      FE63A748 
 123      F9
 124 041d A0F1FAE9 		.ascii	"\240\361\372\351D\323\232\247\377[p[s.\011p\007L\354"
 124      44D39AA7 
 124      FF5B705B 
 124      732E0970 
 124      074CEC
 125 0430 2A812D82 		.ascii	"*\201-\202\017\226\2378\"v\242\037\274\323\300TF\001"
 125      0F969F38 
 125      2276A21F 
 125      BCD3C054 
 125      4601
 126 0442 C0DFC084 		.ascii	"\300\337\300\204\251\021\345\001`\375\330+*\227\032"
 126      A911E501 
 126      60FDD82B 
 126      2A971A
 127 0451 A50B9411 		.ascii	"\245\013\224\021\262.\312\252(S\262\237<\0304\214\334"
 127      B22ECAAA 
 127      2853B29F 
 127      3C18348C 
 127      DC
 128 0462 CC3D298F 		.ascii	"\314=)\217|e\342\221\010\214\235\217\006Qu\000\240\035"
 128      7C65E291 
 128      088C9D8F 
 128      06517500 
 128      A01D
 129 0474 A021E461 		.ascii	"\240!\344a\313\366\247\361\011\352\344@I\325`ek\310"
 129      CBF6A7F1 
 129      09EAE440 
 129      49D56065 
 129      6BC8
 130 0486 D885C9C5 		.ascii	"\330\205\311\305\236\352\327\200\365\0154H=FR\315\017"
 130      9EEAD780 
 130      F50D3448 
 130      3D4652CD 
 130      0F
 131 0497 9C939111 		.ascii	"\234\223\221\021\377\024~\340\210\232\253\315t~\265"
 131      FF147EE0 
 131      889AABCD 
 131      747EB5
 132 04a6 09175D3C 		.ascii	"\011\027]<n\234\361)\273\253\024KSEX\366+\030\300D\367"
 132      6E9CF129 
 132      BBAB144B 
 132      534558F6 
 132      2B18C044 
 133 04bb B3440FC2 		.ascii	"\263D\017\302\014|g\353\344zk/?l\234U-UwK\376S\367\222"
 133      0C7C67EB 
 133      E47A6B2F 
 133      3F6C9C55 
 133      2D55774B 
ARM GAS  C:\Users\johnb\AppData\Local\Temp\ccJVQPxK.s 			page 10


 134 04d3 6FD64B12 		.ascii	"o\326K\022\336\023$\035\205A\237Z\031\370\211\357{\270"
 134      DE13241D 
 134      85419F5A 
 134      19F889EF 
 134      7BB8
 135 04e5 C8701757 		.ascii	"\310p\027WY\200!\230EO\266\372\276\2568\322\314\243"
 135      59802198 
 135      454FB6FA 
 135      BEAE38D2 
 135      CCA3
 136 04f7 DA58DFDE 		.ascii	"\332X\337\336C\220\253\033\353\253\1774ss\335\015\251"
 136      4390AB1B 
 136      EBAB7F34 
 136      7373DD0D 
 136      A9
 137 0508 CCC81CC2 		.ascii	"\314\310\034\302}\225\351>e\242\037\303\214\2415t\355"
 137      7D95E93E 
 137      65A21FC3 
 137      8CA13574 
 137      ED
 138 0519 EF648813 		.ascii	"\357d\210\023\324\376\343l\177\274Lp=b>\273c\225?\213"
 138      D4FEE36C 
 138      7FBC4C70 
 138      3D623EBB 
 138      63953F8B 
 139 052d 8F7FA08E 		.ascii	"\217\177\240\216\177\240\214\177\310\306o\031\371\374"
 139      7FA08C7F 
 139      C8C66F19 
 139      F9FC
 140 053b 8048F6EB 		.ascii	"\200H\366\353\030\301\261\307mM\211\012A\005\371Y%\030"
 140      18C1B1C7 
 140      6D4D890A 
 140      4105F959 
 140      2518
 141 054d 51094614 		.ascii	"Q\011F\024\2020#h\030-\373\034\310-N\320{\246!\242\223"
 141      82302368 
 141      182DFB1C 
 141      C82D4ED0 
 141      7BA621A2 
 142 0562 094E5791 		.ascii	"\011NW\221C\015\352\024FU\206Q\205\341\021c\330\275"
 142      430DEA14 
 142      46558651 
 142      85E11163 
 142      D8BD
 143 0574 B7B2D740 		.ascii	"\267\262\327@>\213c\014\247\016\236h1\350D^\3114\315"
 143      3E8B630C 
 143      A70E9E68 
 143      31E8445E 
 143      C934CD
 144 0587 D857BC6E 		.ascii	"\330W\274n\307\036\303/.\310\030[\220' \257H\270\371"
 144      C71EC32F 
 144      2EC8185B 
 144      902720AF 
 144      48B8F9
 145 059a 93350639 		.ascii	"\2235\0069\204\013\201\271\353\266\2619 \010\036\253"
 145      840B81B9 
 145      EBB6B139 
ARM GAS  C:\Users\johnb\AppData\Local\Temp\ccJVQPxK.s 			page 11


 145      20081EAB 
 146 05aa 113C5622 		.ascii	"\021<V\"\030g\021TVU\324\021\262\203G\360\361\346'g"
 146      18671154 
 146      5655D411 
 146      B28347F0 
 146      F1E62767 
 147 05be 4485A096 		.ascii	"D\205\240\226\324D\3249DT\206\210\302 \211\224\241\345"
 147      D444D439 
 147      44548688 
 147      C2208994 
 147      A1E5
 148 05d0 BBDA8793 		.ascii	"\273\332\207\223H\2103<\336\355\277\252\237\275M\032"
 148      4888333C 
 148      DEEDBFAA 
 148      9FBD4D1A 
 149 05e0 A037C740 		.ascii	"\2407\307@\346\332\3423\222\264Ud\033\026/\211\354\304"
 149      E6DAE233 
 149      92B45564 
 149      1B162F89 
 149      ECC4
 150 05f2 51FFA8B0 		.ascii	"Q\377\250\260\007\337\037\211\263\35159\334\321i\322"
 150      07DF1F89 
 150      B3E93539 
 150      DCD169D2 
 151 0602 EE71EA54 		.ascii	"\356q\352T\335\343\305\242Iq\217\237\210\377\372\334"
 151      DDE3C5A2 
 151      49718F9F 
 151      88FFFADC 
 152 0612 BAF109F8 		.ascii	"\272\361\011\370\261\011\370\022\221\237\011\264\325"
 152      B109F812 
 152      919F09B4 
 152      D5
 153 061f 672D5E60 		.ascii	"g-^`\363\332t\266\345\356\274\204Eo\375%y~z\272`\264"
 153      F3DA74B6 
 153      E5EEBC84 
 153      456FFD25 
 153      797E7ABA 
 154 0635 5A7DCE02 		.ascii	"Z}\316\002\357\274\014\253wy\316\253\226\234\\g\266"
 154      EFBC0CAB 
 154      7779CEAB 
 154      969C5C67 
 154      B6
 155 0646 D3E3F5D9 		.ascii	"\323\343\365\331\235.\213\327\345\312\363XV\024\370"
 155      9D2E8BD7 
 155      E5CAF358 
 155      5614F8
 156 0655 92D957B2 		.ascii	"\222\331W\262\315\235\237\354\310\317v\330\355\016\273"
 156      CD9D9FEC 
 156      C8CF76D8 
 156      ED0EBB
 157 0664 E5B7A9F3 		.ascii	"\345\267\251\363\2223^J\177\345\375t\013\366\277X\340"
 157      92335E4A 
 157      7FE5FD74 
 157      0BF6BF58 
 157      E0
 158 0675 2A70BCE8 		.ascii	"*p\274\350\260e;-\316\202\234<\237\335a\311\267!W\201"
 158      B0653B2D 
ARM GAS  C:\Users\johnb\AppData\Local\Temp\ccJVQPxK.s 			page 12


 158      CE829C3C 
 158      9FDD61C9 
 158      B7215781 
 159 0689 C362B53B 		.ascii	"\303b\265;\226\333|y^\253\367\303B\207'5WHP\374\275"
 159      96DB7C79 
 159      5EABF7C3 
 159      42872735 
 159      574850FC 
 160 069e F77FF5E7 		.ascii	"\367\177\365\347\371\320c\261z\274v$G'\304ew\307\025"
 160      F9D063B1 
 160      7ABC7624 
 160      4727C465 
 160      77C715
 161 06b1 FA0AEDEE 		.ascii	"\372\012\355\356x\227\247\320\341\260\273\365.\032\200"
 161      7897A7D0 
 161      E1B0BBF5 
 161      2E1A80
 162 06c0 3B2EDF65 		.ascii	";.\337ew\270i\016r3SS\323\236\376\\\236\264\\[^Z\241"
 162      77B8690E 
 162      72335353 
 162      D39EFE5C 
 162      9EB45C5B 
 163 06d7 CBEDF5A4 		.ascii	"\313\355\365\244\275\373\3477\347e\244-]\272 mQ\326"
 163      BDFBE737 
 163      E765A42D 
 163      5DBA206D 
 163      51D6
 164 06e9 92B7FF96 		.ascii	"\222\267\377\226AM\326B\224\274<;\222O\363x\363q\002"
 164      414DD642 
 164      94BC3C3B 
 164      924FF378 
 164      F37102
 165 06fc 2B0A9D2E 		.ascii	"+\012\235.\253\307\341\365\025Z\275\372\254E4\267\372"
 165      ABC7E1F5 
 165      155ABDFA 
 165      AC4534B7 
 165      FA
 166 070d AC85BC79 		.ascii	"\254\205\274y\2037\013x3\2377\177\340\315\353\274YB"
 166      83370B78 
 166      339F377F 
 166      E0CDEBBC 
 166      5942
 167 071f 1B43D6EB 		.ascii	"\033C\326\353K\347\273\012\226;W\304\243\217%\005N\357"
 167      4BE7BB0A 
 167      963B57C4 
 167      A38F2505 
 167      4EEF
 168 0731 AF6344E5 		.ascii	"\257cD\345q\347\32065G\320{\274\024d\216\001\222\023"
 168      71E7D036 
 168      3547D07B 
 168      BC14648E 
 168      019213
 169 0744 C162F5D0 		.ascii	"\301b\365\320\034\030\262]6\267\235\302_\211\001gF:"
 169      1C18B25D 
 169      36B79DC2 
 169      5F890167 
 169      463A
ARM GAS  C:\Users\johnb\AppData\Local\Temp\ccJVQPxK.s 			page 13


 170 0756 552B9BED 		.ascii	"U+\233\355\302\227\255\013\226\274;\377\355eo\274\363"
 170      C297AD0B 
 170      96BC3BFF 
 170      ED656FBC 
 170      F3
 171 0767 576E4386 		.ascii	"WnC\206x\217\335G\307\317}\236;\207\333\211\215\317"
 171      788FDD47 
 171      C7CF7D9E 
 171      3B87DB89 
 171      8DCF
 172 0779 934D0761 		.ascii	"\223M\007aC\007\315~\316 \216\236\254\344\325\352\304"
 172      4307CD7E 
 172      CE208E9E 
 172      ACE4D5EA 
 172      C4
 173 078a 31A65C8D 		.ascii	"1\246\\\2152\3579\353#\307\375\301\007i\271\352\322"
 173      32EF39EB 
 173      23C7FDC1 
 173      0769B9EA 
 173      D2
 174 079b 5036A5E2 		.ascii	"P6\245\342rXb\377\015\376\231x\350"
 174      725862FF 
 174      0DFE9978 
 174      E8
 175              		.text
 176              		.section	.gnu.lto_.symtab.d7344195,"",%progbits
 177 0000 68616C49 		.ascii	"halInit\000"
 177      6E697400 
 178 0008 00       		.ascii	"\000"
 179 0009 00       		.ascii	"\000"
 180 000a 00       		.ascii	"\000"
 181 000b 00000000 		.ascii	"\000\000\000\000\000\000\000\000"
 181      00000000 
 182 0013 F2000000 		.ascii	"\362\000\000\000"
 183 0017 70616C5F 		.ascii	"pal_default_config\000"
 183      64656661 
 183      756C745F 
 183      636F6E66 
 183      696700
 184 002a 00       		.ascii	"\000"
 185 002b 02       		.ascii	"\002"
 186 002c 00       		.ascii	"\000"
 187 002d 00000000 		.ascii	"\000\000\000\000\000\000\000\000"
 187      00000000 
 188 0035 02010000 		.ascii	"\002\001\000\000"
 189 0039 7374496E 		.ascii	"stInit\000"
 189      697400
 190 0040 00       		.ascii	"\000"
 191 0041 02       		.ascii	"\002"
 192 0042 00       		.ascii	"\000"
 193 0043 00000000 		.ascii	"\000\000\000\000\000\000\000\000"
 193      00000000 
 194 004b F4000000 		.ascii	"\364\000\000\000"
 195 004f 626F6172 		.ascii	"boardInit\000"
 195      64496E69 
 195      7400
 196 0059 00       		.ascii	"\000"
ARM GAS  C:\Users\johnb\AppData\Local\Temp\ccJVQPxK.s 			page 14


 197 005a 02       		.ascii	"\002"
 198 005b 00       		.ascii	"\000"
 199 005c 00000000 		.ascii	"\000\000\000\000\000\000\000\000"
 199      00000000 
 200 0064 F6000000 		.ascii	"\366\000\000\000"
 201 0068 73647549 		.ascii	"sduInit\000"
 201      6E697400 
 202 0070 00       		.ascii	"\000"
 203 0071 02       		.ascii	"\002"
 204 0072 00       		.ascii	"\000"
 205 0073 00000000 		.ascii	"\000\000\000\000\000\000\000\000"
 205      00000000 
 206 007b F8000000 		.ascii	"\370\000\000\000"
 207 007f 75736249 		.ascii	"usbInit\000"
 207      6E697400 
 208 0087 00       		.ascii	"\000"
 209 0088 02       		.ascii	"\002"
 210 0089 00       		.ascii	"\000"
 211 008a 00000000 		.ascii	"\000\000\000\000\000\000\000\000"
 211      00000000 
 212 0092 FA000000 		.ascii	"\372\000\000\000"
 213 0096 5F70616C 		.ascii	"_pal_lld_init\000"
 213      5F6C6C64 
 213      5F696E69 
 213      7400
 214 00a4 00       		.ascii	"\000"
 215 00a5 02       		.ascii	"\002"
 216 00a6 00       		.ascii	"\000"
 217 00a7 00000000 		.ascii	"\000\000\000\000\000\000\000\000"
 217      00000000 
 218 00af FE000000 		.ascii	"\376\000\000\000"
 219 00b3 68616C5F 		.ascii	"hal_lld_init\000"
 219      6C6C645F 
 219      696E6974 
 219      00
 220 00c0 00       		.ascii	"\000"
 221 00c1 02       		.ascii	"\002"
 222 00c2 00       		.ascii	"\000"
 223 00c3 00000000 		.ascii	"\000\000\000\000\000\000\000\000"
 223      00000000 
 224 00cb 00010000 		.ascii	"\000\001\000\000"
 225              		.text
 226              		.section	.gnu.lto_.opts,"",%progbits
 227 0000 272D666D 		.ascii	"'-fmath-errno' '-fsigned-zeros' '-ftrapping-math' '"
 227      6174682D 
 227      6572726E 
 227      6F272027 
 227      2D667369 
 228 0033 2D666E6F 		.ascii	"-fno-trapv' '-fno-openmp' '-fno-openacc' '-mcpu=cor"
 228      2D747261 
 228      70762720 
 228      272D666E 
 228      6F2D6F70 
 229 0066 7465782D 		.ascii	"tex-m4' '-mno-thumb-interwork' '-mthumb' '-ggdb' '-"
 229      6D342720 
 229      272D6D6E 
 229      6F2D7468 
ARM GAS  C:\Users\johnb\AppData\Local\Temp\ccJVQPxK.s 			page 15


 229      756D622D 
 230 0099 4F322720 		.ascii	"O2' '-fomit-frame-pointer' '-falign-functions=16' '"
 230      272D666F 
 230      6D69742D 
 230      6672616D 
 230      652D706F 
 231 00cc 2D666675 		.ascii	"-ffunction-sections' '-fdata-sections' '-fno-common"
 231      6E637469 
 231      6F6E2D73 
 231      65637469 
 231      6F6E7327 
 232 00ff 2720272D 		.ascii	"' '-flto'\000"
 232      666C746F 
 232      2700
 233              		.text
 234              		.comm	__gnu_lto_v1,1,1
 235              		.comm	__gnu_lto_slim,1,1
 236              		.ident	"GCC: (GNU Tools for ARM Embedded Processors 6-2017-q1-update) 6.3.1 20170215 (release) [AR
ARM GAS  C:\Users\johnb\AppData\Local\Temp\ccJVQPxK.s 			page 16


DEFINED SYMBOLS
                            *ABS*:00000000 hal.c
                            *COM*:00000001 __gnu_lto_v1
                            *COM*:00000001 __gnu_lto_slim

NO UNDEFINED SYMBOLS
