ARM GAS  C:\Users\johnb\AppData\Local\Temp\ccsceW1h.s 			page 1


   1              		.cpu cortex-m4
   2              		.eabi_attribute 20, 1
   3              		.eabi_attribute 21, 1
   4              		.eabi_attribute 23, 3
   5              		.eabi_attribute 24, 1
   6              		.eabi_attribute 25, 1
   7              		.eabi_attribute 26, 1
   8              		.eabi_attribute 30, 2
   9              		.eabi_attribute 34, 1
  10              		.eabi_attribute 18, 4
  11              		.file	"hal_pal_lld.c"
  12              		.text
  13              	.Ltext0:
  14              		.section	.gnu.lto_.profile.d7348876,"",%progbits
  15 0000 789C6365 		.ascii	"x\234ce`b`c```d\270\314x\221\021\000\005\240\001\265"
  15      60626063 
  15      60606064 
  15      B8CC7891 
  15      110005A0 
  16              		.text
  17              		.section	.gnu.lto_.icf.d7348876,"",%progbits
  18 0000 789C6365 		.ascii	"x\234ce`b\340c@\000&\206U}\007\257\2623^\177\274\366"
  18      6062E063 
  18      40002686 
  18      557D07AF 
  18      B2335E7F 
  19 0016 212B0300 		.ascii	"!+\003\000.\246\006;"
  19      2EA6063B 
  20              		.text
  21              		.section	.gnu.lto_.jmpfuncs.d7348876,"",%progbits
  22 0000 789C6365 		.ascii	"x\234ce`b\020`@\000&\006FF\306zFf \311^__\317\000\000"
  22      60621060 
  22      40002606 
  22      4646C67A 
  22      466620C9 
  23 001a 0D4C0227 		.ascii	"\015L\002'"
  24              		.text
  25              		.section	.gnu.lto_.inline.d7348876,"",%progbits
  26 0000 789C6365 		.ascii	"x\234ce`b\330\305\200\000L\014\014\355\214m\214\214"
  26      6062D8C5 
  26      80004C0C 
  26      0CED8C6D 
  26      8C8C
  27 0012 EC0C0A8C 		.ascii	"\354\014\012\214\014\314\012`\322\001L&\200\311\006"
  27      0CCC0A60 
  27      D2014C26 
  27      80C906
  28 0021 4630B500 		.ascii	"F0\265\000B\035\200P\014\002\207\030/\274\346f\260{"
  28      421D8050 
  28      0C028718 
  28      2FBCE666 
  28      B07B
  29 0033 70859989 		.ascii	"p\205\231\211\201\361\005;\013\204\004\021\034`&\007"
  29      81F1053B 
  29      0B840411 
  29      1C602607 
  30 0043 88100033 		.ascii	"\210\020\0003\005@\204\002\230\251\000\"\034\300L\007"
ARM GAS  C:\Users\johnb\AppData\Local\Temp\ccsceW1h.s 			page 2


  30      05408402 
  30      98A90022 
  30      1CC04C07 
  31 0053 10D1C0C8 		.ascii	"\020\321\300\310\004\241\300$\023\204\303\004r\026#"
  31      04A1C024 
  31      1384C304 
  31      721623
  32 0062 C33986BD 		.ascii	"\3039\206\275L\214\214L@\353\030\230\363Z\316+0H\314"
  32      4C8C8C4C 
  32      40EB1898 
  32      F35ACE2B 
  32      3048CC
  33 0075 B908B44C 		.ascii	"\271\010\264Ll\316.&\026\260\313\001-] \311"
  33      6CCE2E26 
  33      16B0CB01 
  33      2D5D20C9 
  34              		.text
  35              		.section	.gnu.lto_.pureconst.d7348876,"",%progbits
  36 0000 789C6365 		.ascii	"x\234ce`b`e`\000\222R\214R\000\001\005\000D"
  36      60626065 
  36      60009252 
  36      8C520001 
  36      050044
  37              		.text
  38              		.section	.gnu.lto__pal_lld_init.d7348876,"",%progbits
  39 0000 789CA59B 		.ascii	"x\234\245\233{P\224\327\031\207\367|\337\262r\307\273"
  39      7B5094D7 
  39      1987F77C 
  39      DFB272C7 
  39      BB
  40 0011 269A8424 		.ascii	"&\232\204$\022\243&\222hb\214\346jL\234v\322i;\355\377"
  40      12A32692 
  40      68628CE6 
  40      6A4C9C76 
  40      D2693BED 
  41 0026 9D369DA6 		.ascii	"\2356\235\246\231\311T\247\351\364_\027DAP\301\273h"
  41      99C954A7 
  41      E9F45F17 
  41      444150C1 
  41      BB68
  42 0038 10125440 		.ascii	"\020\022T@\004T\304\013\210A\024\024\025\274\200W\342"
  42      0454C40B 
  42      88411414 
  42      15BC8057 
  42      E2
  43 0049 051570BD 		.ascii	"\005\025p\275\001\342\035\201\236\367\267\347pv\205"
  43      01E21D81 
  43      9EF7B7E7 
  43      707685
  44 0058 1DF63B75 		.ascii	"\035\366;u\344\225]>\237\357\331o_\036`M\002l\206\355"
  44      E4955D3E 
  44      9FEFD96F 
  44      5F1E604D 
  44      026C86ED 
  45 006c E8149B6D 		.ascii	"\350\024\233m\226\315f\033\305\337\230icFJ\215\315\026"
  45      96CD661B 
  45      C5DF9869 
ARM GAS  C:\Users\johnb\AppData\Local\Temp\ccsceW1h.s 			page 3


  45      63464A8D 
  45      CD16
  46 007e 13683046 		.ascii	"\023h0F\3578\003\231m\256\301\346\262ds\265\311\312"
  46      EF380399 
  46      6DAEC1E6 
  46      B26473B5 
  46      C9CA
  47 0090 E39BF618 		.ascii	"\343\233\366\030\343\262\234\374W\331\352V\307\002\347"
  47      E3B29CFC 
  47      57D9EA56 
  47      C702E7
  48 009f FC91E9A6 		.ascii	"\374\221\351\246\315\226\312\337\350\027\313b\343\370"
  48      CD96CADF 
  48      E817CB62 
  48      E3F8
  49 00ad 5127E3B6 		.ascii	"Q'\343\266\376h.1\323M\306\354\374f[\365\332k\341t\323"
  49      FE682E31 
  49      D34DC6EC 
  49      FC665BF5 
  49      DA6BE174 
  50 00c2 6091FCA6 		.ascii	"`\221\374\246\253\253\240\331nNg6\376~\316\245u\177"
  50      ABABA0D9 
  50      6E4E6736 
  50      FE7ECEA5 
  50      757F
  51 00d4 1CBBD1E9 		.ascii	"\034\273\321\351\214u\226\335^a:\307\244\233&\333\314"
  51      8C7596DD 
  51      5E613AC7 
  51      A49B26DB 
  51      CC
  52 00e5 4CCE6339 		.ascii	"L\316c9l4\313f\243m\374.\033\313ec\351\360\253\333\272"
  52      6C34CB66 
  52      A36DFC2E 
  52      1BCB6563 
  52      E9F0ABDB 
  53 00fa 568639EC 		.ascii	"V\2069\354\356\363\261-\314\301\370\237\005\247X\231"
  53      EEF3B12D 
  53      CCC1F89F 
  53      05A75899 
  54 010a B3AB3B9E 		.ascii	"\263\253;\236#6\262\223\277\215g\006\377;v\223F\000"
  54      2336B293 
  54      BF8D6706 
  54      FF3B7693 
  54      4600
  55 011c 0D078D40 		.ascii	"\015\007\215@F\214 z7\230F\010\215P\032a4\302iD\320"
  55      468C207A 
  55      37984608 
  55      8D501A61 
  55      34C26944 
  56 0131 18486310 		.ascii	"\030Hc\020\215\3014\206\320\030Jc\030\215\3414F\320"
  56      8DC13486 
  56      D0184A63 
  56      188DE134 
  56      46D0
  57 0143 1849E305 		.ascii	"\030I\343\005\032/\322\030E\203d\355/\321x\231\306+"
  57      1A2FD218 
  57      458364ED 
ARM GAS  C:\Users\johnb\AppData\Local\Temp\ccsceW1h.s 			page 4


  57      2FD17899 
  57      C62B
  58 0155 342269BC 		.ascii	"4\"i\274J\3435\032\257\323\030C#\212\306\0334\306\322"
  58      4AE3351A 
  58      AFD31843 
  58      238AC61B 
  58      34C6D2
  59 0168 7893C638 		.ascii	"x\223\3068\032\343iL\240\361\026\215\267iL\244\021M"
  59      1AE3694C 
  59      A0F1168D 
  59      B7694CA4 
  59      114D
  60 017a E31D1AEF 		.ascii	"\343\035\032\357\322\230Dc2\215\367h\274Oc\012\215\017"
  60      D2984463 
  60      328DF768 
  60      BC4F630A 
  60      8D0F
  61 018c 684CA5F1 		.ascii	"hL\245\361!\215i4\246\323\370\210\306\3074>\241\361"
  61      218D6934 
  61      A6D3F888 
  61      C6C7343E 
  61      A1F1
  62 019e 298DCF68 		.ascii	")\215\317h|Nc\006\215/h\314\244\361%\215\257h\314\242"
  62      7C4E6306 
  62      8D2F68CC 
  62      A4F1258D 
  62      AF68CCA2 
  63 01b2 61B325F2 		.ascii	"a\263%\362\213N\033\221d\032\364\247\351b\345\305\256"
  63      8B4E1B91 
  63      641AF4A7 
  63      E962E5C5 
  63      AE
  64 01c3 730782E9 		.ascii	"s\007\202\351yH3\015\376\364\254\232_~|\000=\321\001"
  64      7948330D 
  64      FEF4AC9A 
  64      5F7E7C00 
  64      3DD101
  65 01d6 7872E3D2 		.ascii	"xr\343\322*\232\202\3347\235\255\011NZ\205[\227;\366"
  65      2A9A82DC 
  65      379DAD09 
  65      4E5A855B 
  65      973BF6
  66 01e9 04A4B3B4 		.ascii	"\004\244\263\264\030\276@\221\351\246\203\345\363g9"
  66      18BE4091 
  66      E9A683E5 
  66      F36739
  67 01f8 8F3FCB74 		.ascii	"\217?\313t\374\275U'\256\204F\3479\343X\2729\200\025"
  67      FCBD5527 
  67      AE8446E7 
  67      39E358BA 
  67      398015
  68 020b B074B606 		.ascii	"\260t\266\006{\305\266\262h\233\213\315{\274\200\271"
  68      7BC5B6B2 
  68      689B8BCD 
  68      7BBC80B9 
  69 021b CF65BA4F 		.ascii	"\317e\272O\227r\372\350b;\361\355\254\333d\3338\205"
  69      9772FAE8 
ARM GAS  C:\Users\johnb\AppData\Local\Temp\ccsceW1h.s 			page 5


  69      623BF1ED 
  69      ACDB64DB 
  69      3885
  70 022d 2BAD0AA2 		.ascii	"+\255\012\242c\254\235j\273:U!\213\346|\002\025\347"
  70      63AC9D6A 
  70      BB3A5521 
  70      8BE67C02 
  70      15E7
  71 023f 9C37DDA7 		.ascii	"\2347\335\247\013\260F\333\001\032m&+zN\234`\377\217"
  71      0BB046DB 
  71      011A6D26 
  71      2B7A4E9C 
  71      60FF8F
  72 0252 E84E85DE 		.ascii	"\350N\205\336E\242\016[#\213\315\310L6\005\352\354\317"
  72      45A20E5B 
  72      238BCDC8 
  72      4C3605EA 
  72      ECCF
  73 0264 FB96878F 		.ascii	"\373\226\207\217\317\306\247ge\261\221\232\021\230n"
  73      CFC6A767 
  73      65B1919A 
  73      11986E
  74 0273 06DAC4E7 		.ascii	"\006\332\304\347\346n6\336\36392\361\034=:t$!T\234\234"
  74      E66E36DE 
  74      F33932F1 
  74      1C3D3A74 
  74      2421549C 
  75 0288 83685782 		.ascii	"\203hW\202\322\314@\266G\234\177\375\232\335\355\341"
  75      D2CC40B6 
  75      479C7FFD 
  75      9ADDEDE1 
  76 0298 FCFC2970 		.ascii	"\374\374)p\013f\30500l\370`\321\336\203\323\346v\322"
  76      0B66C530 
  76      306CF860 
  76      D1DE83D3 
  76      E676D2
  77 02ab C732C2F9 		.ascii	"\3072\302\371\211X\011\213&\021\033\333\313\346\222"
  77      8958098B 
  77      26111BDB 
  77      CBE692
  78 02ba 59A4D04A 		.ascii	"Y\244\320Jj\314\2161\314\0318a\313\311\375\363XT&>\345"
  78      6ACC8E31 
  78      CC193861 
  78      CBC9FDF3 
  78      5854263E 
  79 02cf 2BD785A6 		.ascii	"+\327\205\246:\313\34288\204\225z\177\326\303x\037\213"
  79      3ACBE238 
  79      3884957A 
  79      7FD6C378 
  79      1F8B
  80 02e1 E27FE37E 		.ascii	"\342\177\343~\375\325\032F\306!\314\351\344k\304~\341"
  80      FDD51A46 
  80      C621CCE9 
  80      E46BC47E 
  80      E1
  81 02f2 1FF77EDC 		.ascii	"\037\367~\334+\273\346g\005\367\202\006>\237\022@\313"
  81      2BBBE667 
ARM GAS  C:\Users\johnb\AppData\Local\Temp\ccsceW1h.s 			page 6


  81      05F78206 
  81      3E9F1240 
  81      CB
  82 0303 58145D0A 		.ascii	"X\024]\012\376\024\304\026\273\272\377\323S\2258\367"
  82      FE14C416 
  82      BBBAFFD3 
  82      539538F7 
  83 0313 555BEFC0 		.ascii	"U[\357\300\021\374\324\010L\252\3732\311\360\260\375"
  83      11FCD408 
  83      4CAAFB32 
  83      C9F0B0FD 
  84 0323 FCE1D958 		.ascii	"\374\341\331X9=\231\237{^\315@\257\253\311\237\254P"
  84      393D999F 
  84      7B5ECD40 
  84      AFABC99F 
  84      AC50
  85 0335 BA8A077A 		.ascii	"\272\212\007z_\305\214\356Z~x\030;\210\013i\272\211"
  85      5FC58CEE 
  85      5A7E7818 
  85      3B880B69 
  85      BA89
  86 0347 AC028B52 		.ascii	"\254\002\213R\276\252j<\261=\301!\000\307\024]_\032"
  86      BEAA6A3C 
  86      B13DC121 
  86      00C7145D 
  86      5F1A
  87 0359 EC0687D3 		.ascii	"\354\006\207\323\343g\225\202\334\371\270ai\004\355"
  87      E3679582 
  87      DCF9B861 
  87      6904ED
  88 0368 478C33E3 		.ascii	"G\2143\343o\264\"\207\300\025\246\3540m\311\347\356"
  88      6FB42287 
  88      C015A6EC 
  88      306DC9E7 
  88      EE
  89 0379 C79A7020 		.ascii	"\307\232p \334->\303?\323H\322\254\002.@\340\216<\257"
  89      DC2D3EC3 
  89      3FD348D2 
  89      AC022E40 
  89      E08E3CAF 
  90 038d E9BFD751 		.ascii	"\351\277\327Q\200\034\002t\214\274f\270\275\026J\257"
  90      801C0274 
  90      8CBC66B8 
  90      BD164AAF 
  91 039d 2F2C7855 		.ascii	"/,xU\0037@\340j\364\275\216\003\024(@'\310\353\013\267"
  91      033740E0 
  91      6AF4BD8E 
  91      03142840 
  91      27C8EB0B 
  92 03b2 57A2F49A 		.ascii	"W\242\364\232i\301\353$pA\002wJ\337\253\026\240`\001"
  92      69C1EB24 
  92      70410277 
  92      4ADFAB16 
  92      A06001
  93 03c5 AA23AF99 		.ascii	"\252#\257\231n\257$\351\365\245\005\257\323\300\205"
  93      6EAF24E9 
  93      F5A505AF 
ARM GAS  C:\Users\johnb\AppData\Local\Temp\ccsceW1h.s 			page 7


  93      D3C085
  94 03d4 08DC197D 		.ascii	"\010\334\031}\257\263\000\205\012\3209\362\372\322\355"
  94      AFB30085 
  94      0AD039F2 
  94      FAD2ED
  95 03e3 B5487A7D 		.ascii	"\265Hz}e\301\353<pa\002wA\337\253\036\240p\001\372\225"
  95      65C1EB3C 
  95      70610277 
  95      41DFAB1E 
  95      A07001FA 
  96 03f8 BCBE727B 		.ascii	"\274\276r{-\226^\263,x]\004.B\340.\351{]\006h\240\000"
  96      2D965EB3 
  96      2C785D04 
  96      2E42E02E 
  96      E97B5D06 
  97 040f 5D21AF59 		.ascii	"]!\257Y\236\365BizbI\355\301\255\214\274\010\177\232"
  97      9EF54269 
  97      7A6249ED 
  97      C1AD8CBC 
  97      087F9A
  98 0422 DE80A67B 		.ascii	"\336\200\246{E\274\240\377\210_\205\323\240\276#~MF"
  98      45BCA0FF 
  98      885F85D3 
  98      A0BE237E 
  98      4D46
  99 0434 FCBA77C4 		.ascii	"\374\272w\304\255\204\273\021\341^[\336q H\204;\201"
  99      AD84BB11 
  99      E15E5BDE 
  99      71204884 
  99      3B81
 100 0446 C2DD24C2 		.ascii	"\302\335$\302]\240\025\356f\236\345\006\237\341\276"
 100      5DA015EE 
 100      669EE506 
 100      9FE1BE
 101 0455 C4C34D47 		.ascii	"\304\303MG4\372\010\367\015\204\333E{0\215\337\337X"
 101      34FA08F7 
 101      0D84DB45 
 101      7B308DDF 
 101      DF58
 102 0467 B57C41A8 		.ascii	"\265|A\250;\334\243\371\315\326\245\373\333\231\307"
 102      3BDCA3F9 
 102      CDD6A5FB 
 102      DB99C7
 103 0476 5ADC1457 		.ascii	"Z\334\024W\356H\362\206\324P\357p\337\222\341&\"\273"
 103      EE48F286 
 103      D450EF70 
 103      DF92E126 
 103      22BB
 104 0488 AD36C385 		.ascii	"\2556\303\205G\024{:\255%LnF\223\307f4\035\214_o\367"
 104      47147B3A 
 104      AD254C6E 
 104      4693C766 
 104      341D8C5F 
 105 049e DC8C3BB2 		.ascii	"\334\214;\262\324\000\335\245\315\230\246J\015\323\351"
 105      D400DDA5 
 105      CD98A64A 
 105      0DD3E9
ARM GAS  C:\Users\johnb\AppData\Local\Temp\ccsceW1h.s 			page 8


 106 04ad FEA96163 		.ascii	"\376\251ac[d\251\201k\325\367j\223\245\006\350\036y"
 106      5B64A981 
 106      6BD5F76A 
 106      93A506E8 
 106      1E79
 107 04bf 4D57A586 		.ascii	"MW\245\206\327G\026\274\332e\251\201\273\257\357\365"
 107      D74716BC 
 107      DA65A981 
 107      BBAFEFF5 
 108 04cf 40961AA0 		.ascii	"@\226\032\240\207\344\365\221*5\274>\266\340\365H\226"
 108      87E4F591 
 108      2A35BC3E 
 108      B6E0F548 
 108      96
 109 04e0 1AB8C7FA 		.ascii	"\032\270\307\372^Od\251\001zJ^\037\253R\303\353\023"
 109      5E4F64A9 
 109      017A4A5E 
 109      1FAB52C3 
 109      EB13
 110 04f2 0B5E1DB2 		.ascii	"\013^\035\262\324\300=\323\367\352\224\245\006\250\213"
 110      D4C03DD3 
 110      F7EA94A5 
 110      06A88B
 111 0501 BC3E51A5 		.ascii	"\274>Q\245\206\327\247\026\274\272e\251\201s\032\332"
 111      86D7A716 
 111      BCBA65A9 
 111      81731ADA 
 112 0511 5E318628 		.ascii	"^1\206(5@\261\006\367\372T\225\032^\237Y\360\232g\210"
 112      3540B106 
 112      F7FA5495 
 112      1A5E9F59 
 112      F09A6788 
 113 0525 520317A7 		.ascii	"R\003\027\247\3575\337\020\245\006h\001y}\346\231+\244"
 113      EF35DF10 
 113      A5066801 
 113      797DE699 
 113      2BA4
 114 0537 4595BA59 		.ascii	"E\225\272Y\226z\217_\245\2167z\225\272\244\377R'\300"
 114      967A8F5F 
 114      A58E377A 
 114      95BAA4FF 
 114      5227C0
 115 054a 6970DFA5 		.ascii	"ip\337\245^h\210R'\032\332\245N2\250\324+\312S\353\302"
 115      5E688852 
 115      271ADAA5 
 115      4E32A8D4 
 115      2BCA53EB 
 116 055f 44A953A8 		.ascii	"D\251S\250\324\213\014w\251K\264J\275\330\210\242\307"
 116      D48B0C77 
 116      A94BB44A 
 116      BDD888A2 
 116      C7
 117 0570 EBA3D40F 		.ascii	"\353\243\324\017y\251\351\010~\352>K\275\304\240R'\033"
 117      79A9E908 
 117      7EEA3E4B 
 117      BDC4A052 
 117      271B
ARM GAS  C:\Users\johnb\AppData\Local\Temp\ccsceW1h.s 			page 9


 118 0582 7C0F2653 		.ascii	"|\017&S\251O\355<\024\356.\365T\372\312\353\254\337"
 118      A94FED3C 
 118      14EE2EF5 
 118      54FACAEB 
 118      ACDF
 119 0594 E8F9053C 		.ascii	"\350\371\005<\305p_\271\205\207\327\337\015\361.\365"
 119      C5705FB9 
 119      8587D7DF 
 119      0DF12EF5 
 120 05a4 5243949A 		.ascii	"RC\224\232\210l\231\332\014\316\246\247\253)S}\015\347"
 120      886C99DA 
 120      0CCEA6A7 
 120      AB29537D 
 120      0DE7
 121 05b6 0FB86733 		.ascii	"\017\270g36\337_T\030\344\271\031\313\015Qj\200V\320"
 121      36DF5F54 
 121      18E4B919 
 121      CB0D516A 
 121      8056D0
 122 05c9 664C56A5 		.ascii	"fLV\245\206\351{\376\251acW\032\242\324\300\255\322"
 122      86E97BFE 
 122      A9616357 
 122      1AA2D4C0 
 122      ADD2
 123 05db F75A6D88 		.ascii	"\367Zm\210R\003\264\206\274\336S\245\206\327\373\026"
 123      5203B486 
 123      BCDE53A5 
 123      86D7FB16 
 124 05eb BC520D51 		.ascii	"\274R\015Qj\340\326\352{\2553D\251\001\372\221\274\336"
 124      6AE0D6EA 
 124      7BAD3344 
 124      A901FA91 
 124      BCDE
 125 05fd 57A586D7 		.ascii	"W\245\206\327\024\013^i\206(5p\353\365\275\322\015Q"
 125      140B5E69 
 125      86283570 
 125      EBF5BDD2 
 125      0D51
 126 060f 6A8032C8 		.ascii	"j\2002\310k\212*5\274>\260\340\365\223!J\015\334\317"
 126      6B8A2A35 
 126      BC3EB0E0 
 126      F593214A 
 126      0DDCCF
 127 0622 FA5E9986 		.ascii	"\372^\231\206(5@\033\310\353\003Ujx\371\271\372\360"
 127      2835401B 
 127      C8EB0355 
 127      6A78F9B9 
 127      FAF0
 128 0634 DA688852 		.ascii	"\332h\210R\003\267I\337+K\226\032\240l\362\232\252J"
 128      03B749DF 
 128      2B4B961A 
 128      A06CF29A 
 128      AA4A
 129 0646 0DAF0F2D 		.ascii	"\015\257\017-x\345\310R\003\267Y\337+W\226\032\240-"
 129      78E5C852 
 129      03B759DF 
 129      2B57961A 
ARM GAS  C:\Users\johnb\AppData\Local\Temp\ccsceW1h.s 			page 10


 129      A02D
 130 0658 E4F5A167 		.ascii	"\344\365\241g\256\220\026U\352\305\342VF\243_\245\316"
 130      AE901655 
 130      EAC5E256 
 130      46A35FA5 
 130      CE
 131 0669 EB5DEAE6 		.ascii	"\353]\352\346\376K\235\017\247!}\227\272@\226z\253~"
 131      FE4B9D0F 
 131      A7217D97 
 131      BA40967A 
 131      AB7E
 132 067b A9B7A1D4 		.ascii	"\251\267\241\324\011\271+2MQ\3525T\352\355\242\324\315"
 132      09B92B32 
 132      4D51EA35 
 132      54EAEDA2 
 132      D4CD
 133 068d 5AA52EE4 		.ascii	"Z\245.\344\035\316\363Y\352\232t\007\216\330\346\243"
 133      1DCEF359 
 133      EA9A7407 
 133      8ED8E6A3 
 134 069d D43B50EA 		.ascii	"\324;P\352\"\332\203\267\370\375O\013\363]\342{\352"
 134      22DA83B7 
 134      F8FD4F0B 
 134      F35DE27B 
 134      EA
 135 06ae 3A3AAEF6 		.ascii	"::\256\366A\241+\300c/v\212\275\270\331\262\2752\330"
 135      41A12BC0 
 135      632F768A 
 135      BDB8D9B2 
 135      BD32D8
 136 06c1 3BD5BB64 		.ascii	";\325\273d\252\011\311v\253\325(\302j\254K\352jt\310"
 136      AA09C976 
 136      ABD528C2 
 136      6AAC4BEA 
 136      6A74C8
 137 06d4 D5D8EEB1 		.ascii	"\325\330\356\261\032\247\333\367%;<Wc\217L5@\305\264"
 137      1AA7DBF7 
 137      253B3C57 
 137      638F4C35 
 137      40C5B4
 138 06e7 1A6FA954 		.ascii	"\032o\251TC\365m\377\324\260\262%2\325\300\355\325\367"
 138      43F56DFF 
 138      D4B0B225 
 138      32D5C0ED 
 138      D5F7
 139 06f9 2A95A906 		.ascii	"*\225\251\006h\037y\275\255R\015\257\211\026\274~\221"
 139      681F79BD 
 139      AD520DAF 
 139      8916BC7E 
 139      91
 140 070a A906AE4C 		.ascii	"\251\006\256L\337k\277L5@\345\3445Q\245\032^\321\026"
 140      DF6BBF4C 
 140      3540E5E4 
 140      3551A51A 
 140      5ED116
 141 071d BC0EC854 		.ascii	"\274\016\310T\003wP\337\253B\246\032\240J\362\212V\251"
 141      037750DF 
ARM GAS  C:\Users\johnb\AppData\Local\Temp\ccsceW1h.s 			page 11


 141      AB42A61A 
 141      A04AF28A 
 141      56A9
 142 072f 86D73B16 		.ascii	"\206\327;\026\274\016\311T\003wX\337\253J\246\032\240"
 142      BC0EC954 
 142      037758DF 
 142      AB4AA61A 
 142      A0
 143 0740 23E4F58E 		.ascii	"#\344\365\216J5\274\336\265\340uT\246\032\270c\372^"
 143      4A35BCDE 
 143      B5E07554 
 143      A61AB863 
 143      FA5E
 144 0752 D532D500 		.ascii	"\3252\325\000\325\220\327\273*\325\360\232d\301\353"
 144      D590D7BB 
 144      2AD5F09A 
 144      64C1EB
 145 0761 B84C3570 		.ascii	"\270L5p'\364\275N\312T\003t\212\274&y\366\012mQ\251"
 145      27F4BD4E 
 145      CA540374 
 145      8ABC2679 
 145      F60A6D51 
 146 0776 2E94A96E 		.ascii	".\224\251n\363+\325\265\275S\335\336\177\252\353\340"
 146      F32BD5B5 
 146      BD53DDDE 
 146      7FAAEBE0 
 147 0786 34B4EF54 		.ascii	"4\264\357T\237\226\251>\243\237\352\263Hu}A\365\255"
 147      9F96A93E 
 147      A39FEAB3 
 147      48757D41 
 147      F5AD
 148 0798 4091EA0C 		.ascii	"@\221\352\014J\3659\221\352v\255T\237\347!\256\365\231"
 148      4AF53991 
 148      EA76AD54 
 148      9FE721AE 
 148      F599
 149 07aa EA269E6A 		.ascii	"\352&\236j:\342\254\217T_@\252\353i\017\310\255!\346"
 149      3AE2AC8F 
 149      545F40AA 
 149      EB690FC8 
 149      AD21E6
 150 07bd F88D1077 		.ascii	"\370\215\020w\252[q\025\266m\250\015\364\330\213_\345"
 150      AA5B7115 
 150      B66DA80D 
 150      F4D88B5F 
 150      E5
 151 07ce 5EB8     		.ascii	"^\270"
 152 07d0 F2AF3BBC 		.ascii	"\362\257;\274S}Q\246\232\220\354\222Z\215z\254\306\325"
 152      537D51A6 
 152      9A90EC92 
 152      5A8D7AAC 
 152      C6D5
 153 07e2 C3893D3F 		.ascii	"\303\211=?n\235\363\330\214\375Knl\012\363zaL\226\032"
 153      6E9DF3D8 
 153      8CFD4B6E 
 153      6C0AF37A 
 153      614C961A 
ARM GAS  C:\Users\johnb\AppData\Local\Temp\ccsceW1h.s 			page 12


 154 07f6 9C2BB419 		.ascii	"\234+\264\031Q\252\3240}\303?3ll\203,5pW\265\265\256"
 154      51AAD430 
 154      7DC33F33 
 154      6C6C832C 
 154      357057B5 
 155 080c C9508373 		.ascii	"\311P\203s\235\264\336P\241\206\326X\013Z\2152\324\300"
 155      9DB4DE50 
 155      A186D658 
 155      0B5A8D32 
 155      D4C0
 156 081e 35696B35 		.ascii	"5ik5\313N\203s\203\264\306\252NC\353M\013Z.\331i\340"
 156      CB4E8373 
 156      83B4C6AA 
 156      4E43EB4D 
 156      0B5A2ED9 
 157 0834 6E6A6BDD 		.ascii	"njk\335\222\231\006\3476i\275\2512\015\255q\026\264"
 157      929906E7 
 157      3669BDA9 
 157      320DAD71 
 157      16B4
 158 0846 EEC84C03 		.ascii	"\356\310L\003wW[\253EV\032\234V\322\032\247*\015\255"
 158      77575BAB 
 158      45561A9C 
 158      56D21AA7 
 158      2A0DAD
 159 0859 F116B4DA 		.ascii	"\361\026\264\332d\245\201\273\247\255\325.#\015\316"
 159      64A581BB 
 159      A7ADD52E 
 159      230DCE
 160 0868 7DD21AAF 		.ascii	"}\322\032\257\"\015\255\011\026\264\036\310H\003\367"
 160      220DAD09 
 160      16B41EC8 
 160      4803F7
 161 0877 505BEB91 		.ascii	"P[\353\221l48\217Ik\202g\250\020\025\325\350\363\262"
 161      6C34388F 
 161      496B8267 
 161      A81015D5 
 161      E8F3B2
 162 088a D19D7E35 		.ascii	"\321\235~5\372I\357Fw\367\337\350\247p\032\326w\243"
 162      FA49EF46 
 162      77F7DFE8 
 162      A7701AD6 
 162      77A3
 163 089c 3B64A39F 		.ascii	";d\243\237\3517\272\023\215>\221\325\234\020 \032\235"
 163      E937BA13 
 163      8D3E91D5 
 163      9C10201A 
 163      9D
 164 08ad 4D8DEE12 		.ascii	"M\215\356\022\215\356\326jt7/\360\023\237\215\356\342"
 164      8DEED66A 
 164      74372FF0 
 164      139F8DEE 
 164      E2
 165 08be 8DA6233A 		.ascii	"\215\246#:}4\332iR\243c\350_\211_\346\367\347?\332T"
 165      7D34DA69 
 165      52A363E8 
 165      5F895FE6 
ARM GAS  C:\Users\johnb\AppData\Local\Temp\ccsceW1h.s 			page 13


 165      F7E73FDA 
 166 08d3 C5DC8D5E 		.ascii	"\305\334\215^\304\350\321\225V:#<\326\"\326t_:W\346"
 166      C4E8D195 
 166      563A233C 
 166      D622D674 
 166      5F3A57E6 
 167 08e7 B2BCE75E 		.ascii	"\262\274\347^\371\230g\212F\023\222\305\231=\233\301"
 167      F998678A 
 167      461392C5 
 167      993D9BC1 
 168 08f7 E1F4D2D7 		.ascii	"\341\364\322\327\322\254\213Ar5\272<V\343^\333\331\352"
 168      D2AC8B41 
 168      7235BA3C 
 168      56E35EDB 
 168      D9EA
 169 0909 40AFD7C4 		.ascii	"@\257\327\304L\021i\200\026\230|5^V\221\206\352+\376"
 169      4C116980 
 169      16987C35 
 169      5E569186 
 169      EA2BFE
 170 091c A96163E3 		.ascii	"\251ac\343M\021i\340\022\364\275\026\232\242\322\000"
 170      4D1169E0 
 170      12F4BD16 
 170      9AA2D200 
 171 092c 2592D72B 		.ascii	"%\222\327+\252\322\360\212\264\340\225d\212J\003\267"
 171      AAD2F08A 
 171      B4E09564 
 171      8A4A03B7 
 172 093c 48DF6BB1 		.ascii	"H\337k\261)2\015\320\022\362\212T\231\206\327\253\026"
 172      29320DD0 
 172      12F28A54 
 172      9986D7AB 
 172      16
 173 094d BC924D91 		.ascii	"\274\222M\221i\340R\364\275\226\232\242\323\000-#\257"
 173      69E052F4 
 173      BD969AA2 
 173      D3002D23 
 173      AF
 174 095e 5755A7E1 		.ascii	"WU\247\341\365\232\005\257\345\246\3504p+\364\275V\232"
 174      F59A05AF 
 174      E5A6E834 
 174      702BF4BD 
 174      569A
 175 0970 22D400AD 		.ascii	"\"\324\000\255\"\257\327T\250\341\365\272\005\257\325"
 175      22AFD754 
 175      A8E1F5BA 
 175      05AFD5
 176 097f A6083570 		.ascii	"\246\0105pk\364\275RMQj\200\326\222\327\353\252\324"
 176      6BF4BD52 
 176      4D516A80 
 176      D692D7EB 
 176      AAD4
 177 0991 F01A63C1 		.ascii	"\360\032c\301k\235)J\015\334\217\372^i\246H5@\353\311"
 177      6B9D294A 
 177      0DDC8FFA 
 177      5E69A648 
 177      3540EBC9 
ARM GAS  C:\Users\johnb\AppData\Local\Temp\ccsceW1h.s 			page 14


 178 09a5 6B8C67AF 		.ascii	"k\214g\257\320\026\225\352n\231\352\234\241\376\244"
 178      D01695EA 
 178      6E99EA9C 
 178      A1FEA4
 179 09b4 3ADDEC95 		.ascii	":\335\354\225\352\334\025\375\246:\003N\303\373N\365"
 179      EADC15FD 
 179      A63A034E 
 179      C3FB4EF5 
 180 09c4 4FA648F5 		.ascii	"O\246H\365\317\246v\2523\361-\353\362\007Y\0152\325"
 180      CFA676AA 
 180      33F12DEB 
 180      F207590D 
 180      32D5
 181 09d6 5B29D51B 		.ascii	"[)\325\033Lw\252sW\350\244z\243\031E\217\327G\252\317"
 181      4C77AA73 
 181      57E8A47A 
 181      A319458F 
 181      D747AACF 
 182 09ea 643B7004 		.ascii	"d;p\004?u\237\251\336\204Tg\321\036\214\340\3677vw\233"
 182      3F759FA9 
 182      DE845467 
 182      D11E8CE0 
 182      F7377677 
 183 09ff EE526753 		.ascii	"\356RgS\251\237<8\2615\330c-\262\305Z<[{\371\314\000"
 183      A99F3C38 
 183      B135D863 
 183      2DB2C55A 
 183      3C5B7BF9 
 184 0a15 EF52E7C8 		.ascii	"\357R\347\310R\023\221mV\233\221\205\315(]V\270\263"
 184      5213916D 
 184      569B9185 
 184      CD285D56 
 184      B8B3
 185 0a27 E73531FE 		.ascii	"\34751\376\200{6#\363\336\226\022\257\037\264re\251"
 185      807B3623 
 185      F3DE9612 
 185      AF1FB472 
 185      65A9
 186 0a39 01DA429B 		.ascii	"\001\332B\2331B\225\032\246#\375S\303\306\346\311R\003"
 186      3142951A 
 186      A623FD53 
 186      C3C6E6C9 
 186      5203
 187 0a4b 97AFEF55 		.ascii	"\227\257\357U K\015\320V\362\032\251J\015\257\027,x"
 187      204B0DD0 
 187      56F21AA9 
 187      4A0DAF17 
 187      2C78
 188 0a5d 6D93A506 		.ascii	"m\223\245\006n\273\276W\241,5@;\310\353\005Ujx\275h"
 188      6EBBBE57 
 188      A12C3540 
 188      3BC8EB05 
 188      556A78BD 
 189 0a72 C1AB4896 		.ascii	"\301\253H\226\032\270\235\372^\273d\251\001\332M^/\252"
 189      1AB89DFA 
 189      5EBB64A9 
 189      01DA4D5E 
ARM GAS  C:\Users\johnb\AppData\Local\Temp\ccsceW1h.s 			page 15


 189      2FAA
 190 0a84 52C36B94 		.ascii	"R\303k\224\005\257=\262\324\300\025\353{\225\310R\003"
 190      05AF3DB2 
 190      D4C015EB 
 190      7B95C852 
 190      03
 191 0a95 B497BC46 		.ascii	"\264\227\274F\251R\303k\264\005\257RYj\340\366\351{"
 191      A952C36B 
 191      B405AF52 
 191      596AE0F6 
 191      E97B
 192 0aa7 FD224B0D 		.ascii	"\375\"K\015P\031y\215V\245\206\327K\026\274\366\313"
 192      5019798D 
 192      56A586D7 
 192      4B16BCF6 
 192      CB
 193 0ab8 520357AE 		.ascii	"R\003W\256\357u@\226\032\240\203\344\365\222g\256\220"
 193      EF754096 
 193      1AA083E4 
 193      F59267AE 
 193      90
 194 0ac9 1655EA8D 		.ascii	"\026U\352\215\342VF\221_\245\256\350]\352]\375\227\272"
 194      E2564691 
 194      5FA5AEE8 
 194      5DEA5DFD 
 194      97BA
 195 0adb 124E23FA 		.ascii	"\022N#\372.\365!Y\352\303\372\245\256B\251+v\344\326"
 195      2EF52159 
 195      EAC3FAA5 
 195      AE42A92B 
 195      76E4D6
 196 0aee C952EFA6 		.ascii	"\311R\357\246R\037\021\245\336\245U\352\243\274\303"
 196      521F11A5 
 196      DEA555EA 
 196      A3BCC3
 197 0afd 153E4B7D 		.ascii	"\025>K}\227\227\232\216\250\362Q\352c(u5\355\301@z\201"
 197      97979A8E 
 197      A8F251EA 
 197      63287535 
 197      EDC1407A 
 198 0b12 2A37A630 		.ascii	"*7\2460\320\235\352\203\224\352\207O:'x\254E\215X\213"
 198      D09DEA83 
 198      94EA874F 
 198      3A2778AC 
 198      458D588B 
 199 0b26 F4A244FE 		.ascii	"\364\242D\376\303\254W\251\217\313R\023\221\235P\233"
 199      C3AC57A9 
 199      8FCB5213 
 199      919D509B 
 200 0b36 518DCDB8 		.ascii	"Q\215\315\270\335Q\352\352yI\354\210\307f\314\313\257"
 200      DD51EAEA 
 200      7949EC88 
 200      C766CCCB 
 200      AF
 201 0b47 6BF6FA77 		.ascii	"k\366\372w\346\223\262\324\000\235\242\315\030\250J"
 201      E693B2D4 
 201      009DA2CD 
ARM GAS  C:\Users\johnb\AppData\Local\Temp\ccsceW1h.s 			page 16


 201      18A84A
 202 0b56 0DD3417E 		.ascii	"\015\323A~\231aake\250A\253\323\327:-C\015\320\031\322"
 202      9961616B 
 202      65A841AB 
 202      D3D73A2D 
 202      430DD019 
 203 0b6b 1AA4420D 		.ascii	"\032\244B\015\255\301\376k\235\225\235\006\355\234\276"
 203      ADC1FE6B 
 203      9D959D06 
 203      ED9CBE
 204 0b7a D679D969 		.ascii	"\326y\331i\200.\220\326`\325ih\015\361_\253^f\032\264"
 204      802E90D6 
 204      60D56968 
 204      0DF15FAB 
 204      5E661AB4 
 205 0b8e 5FF5B52E 		.ascii	"_\365\265.\312L\003t\211\264\206\250LCk\250\377Z\227"
 205      CA4C0374 
 205      89B486A8 
 205      4C436BA8 
 205      FF5A97
 206 0ba1 65A541BB 		.ascii	"e\245A\273\242\257\325 +\015\320U\322\032\252*\015\255"
 206      A2AFD520 
 206      2B0DD055 
 206      D21AAA2A 
 206      0DAD
 207 0bb3 61FE6B5D 		.ascii	"a\376k]\223\221\006\355\272\276V\243\2144@M\2445LE\032"
 207      939106ED 
 207      BABE56A3 
 207      8C34404D 
 207      A4354C45 
 208 0bc8 5AC3FDD7 		.ascii	"Z\303\375\327j\226\215\006\355\206\276\226K6\032\240"
 208      6A968D06 
 208      ED86BE96 
 208      4B361AA0 
 209 0bd8 9BA435DC 		.ascii	"\233\2445\3343T\210\212j\364Q\331\350\006\277\032}\253"
 209      3354888A 
 209      6AF451D9 
 209      E806BF1A 
 209      7DAB
 210 0bea 77A3AFF5 		.ascii	"w\243\257\365\337\350\333p\032\331w\243\357\310F\337"
 210      DFE8DB70 
 210      1AD977A3 
 210      EFC846DF 
 211 0bfa D56F740B 		.ascii	"\325ot\013\032\375\264\261\"I\2768]F\215n\025\215\276"
 211      1AFDB4B1 
 211      2249BE38 
 211      5D468D6E 
 211      158DBE
 212 0c0d A6D5E836 		.ascii	"\246\325\3506^\340[>\033]\231\343\300\021->\032}\017"
 212      5EE05B3E 
 212      1B5D99E3 
 212      C0112D3E 
 212      1A7D0F
 213 0c20 8D6EA735 		.ascii	"\215n\2475\010\342\367\237\251+\375I\274\360q\205\032"
 213      08E2F79F 
 213      A92BFD49 
 213      BCF07185 
ARM GAS  C:\Users\johnb\AppData\Local\Temp\ccsceW1h.s 			page 17


 213      1A
 214 0c31 5D5B728C 		.ascii	"][r\214\276\273\355\331\213\373b/V\027\\\210y\356\333"
 214      BEBBEDD9 
 214      8BFB622F 
 214      56175C88 
 214      79EEDB
 215 0c44 E90732D2 		.ascii	"\351\0072\322\204d\017\325j\264c5V>\273N\257\345\271"
 215      84640FD5 
 215      6AB46335 
 215      563EBB4E 
 215      AFE5B9
 216 0c57 57A3D563 		.ascii	"W\243\325c5:\022\256\304y\375\240\365HF\032\240\307"
 216      353A12AE 
 216      C479FDA0 
 216      F548461A 
 216      A0C7
 217 0c69 B41A412A 		.ascii	"\264\032A*\322P\015\366O\015+\373DV\032\270\247\372"
 217      D2500DF6 
 217      4F0D2BFB 
 217      44561AB8 
 217      A7FA
 218 0c7b 5E1DB2D2 		.ascii	"^\035\262\322\000=#\257`Uix\205X\360\352\224\231\006"
 218      003D23AF 
 218      60556978 
 218      8558F0EA 
 218      949906
 219 0c8e AE4BDFAB 		.ascii	"\256K\337\253[f\032 \247\235{\205\250L\303+\324\202"
 219      5B661A20 
 219      A79D7B85 
 219      A84CC32B 
 219      D482
 220 0ca0 578C5D74 		.ascii	"W\214]t\032\270X\273\266\327<\273\3504@q\344\025\252"
 220      1AB858BB 
 220      B6D73CBB 
 220      E8344071 
 220      E415AA
 221 0cb3 3A0DAF30 		.ascii	":\015\2570\013^\363\355\"\324\300-\320\367\212\267\213"
 221      0B5EF3ED 
 221      22D4C02D 
 221      D0F78AB7 
 221      8B
 222 0cc4 50039440 		.ascii	"P\003\224@^a*\324\360\012\267\340\265\320.J\015\\\242"
 222      5E612AD4 
 222      F00AB7E0 
 222      B5D02E4A 
 222      0D5CA2
 223 0cd7 BE57925D 		.ascii	"\276W\222]\224\032\240E\344\025\256J\015\257\010\013"
 223      941AA045 
 223      E415AE4A 
 223      0DAF080B 
 224 0ce7 5E8BED22 		.ascii	"^\213\355\"\325\300-\321\367J\266\213T\003\224B^\021"
 224      D5C02DD1 
 224      F74AB68B 
 224      54039442 
 224      5E11
 225 0cf9 9EBD425B 		.ascii	"\236\275B[T\252\333\350\326\035\372\257\254W\342\177"
 225      54AADBE8 
ARM GAS  C:\Users\johnb\AppData\Local\Temp\ccsceW1h.s 			page 18


 225      D61DFAAF 
 225      AC57E27F 
 226 0d09 BD41A512 		.ascii	"\275A\245\022yvRjl\206\3156u\342\304\350\236\337\263"
 226      7976526A 
 226      6C86CD36 
 226      75E2C4E8 
 226      9EDFB3
 227 0d1c 7F88FEE7 		.ascii	"\177\210\376\347_\277\217\2363\373\337\377\371!\372"
 227      5FBF8F9E 
 227      33FBDFFF 
 227      F921FA
 228 0d2b 4F7FFEDD 		.ascii	"O\177\376\335\344I\321_\177=3z\326\037~\363\373\377"
 228      E449D15F 
 228      7F3D337A 
 228      D61F7EF3 
 228      FBFF
 229 0d3d 4EA20FFD 		.ascii	"N\242\017\375e\016\177\373\376\373\277O\374\306\346"
 229      650E7FFB 
 229      FEFBBF4F 
 229      FCC6E6
 230 0d4c F866F6BF 		.ascii	"\370f\366\277\376\361\335\267\001\337\316\371n\366\234"
 230      FEF1DDB7 
 230      01DFCEF9 
 230      6EF69C
 231 0d5b FF011346 		.ascii	"\377\001\023FdA"
 231      6441
 232              		.text
 233              		.section	.gnu.lto__pal_lld_setgroupmode.d7348876,"",%progbits
 234 0000 789CA557 		.ascii	"x\234\245WkPU\327\025\336\353\354s\037\\\356\005\037"
 234      6B5055D7 
 234      15DEEBEC 
 234      731F5CEE 
 234      051F
 235 0012 A9214A0C 		.ascii	"\251!J\014I\244D\203\240\230DF\035u\022\035\037\303"
 235      49A44483 
 235      A0984446 
 235      1D75121D 
 235      1FC3
 236 0024 CBA63FDA 		.ascii	"\313\246?\332_\255\255\316\330\026\002\0034}L\332\\"
 236      5FADADCE 
 236      D8160203 
 236      347D4CDA 
 236      5C
 237 0035 05AFA868 		.ascii	"\005\257\250hL|U&\0144\211!\032A\010\230\200\325\026"
 237      4C7C5526 
 237      0C348921 
 237      1A410898 
 237      80D516
 238 0048 01454CC0 		.ascii	"\001EL\300\020M\023 &\342\003DCU\320\212\204G\327Z\373"
 238      104D1320 
 238      26E20344 
 238      4355D08A 
 238      8447D75A 
 239 005d 5CEEBD48 		.ascii	"\\\356\275H\307a`<\313}\326\376\276\265\327\267\367"
 239      C761603C 
 239      CB7DD6FE 
 239      BEB5D7B7 
ARM GAS  C:\Users\johnb\AppData\Local\Temp\ccsceW1h.s 			page 19


 239      F7
 240 006e DAFBEC6B 		.ascii	"\332\373\354k\022\232\370\355\004!^\027B\034\301\007"
 240      129AF8ED 
 240      04215E17 
 240      421CC107 
 241 007e 0205683B 		.ascii	"\002\005h;\032\204Xo\325@\252\206\324\364\2540\341\264"
 241      1A84586F 
 241      D540AA86 
 241      D4F4AC30 
 241      E1B4
 242 0090 D9C9DA75 		.ascii	"\331\311\332u\315t\353G\370\346\227\037\215o&\315\314"
 242      CD74EB47 
 242      F8E6971F 
 242      8D6F26CD 
 242      CC
 243 00a1 7D16EE33 		.ascii	"}\026\3563\203UQ,\356\206\025\354\252\341\247\331\030"
 243      8355512C 
 243      EE8615EC 
 243      AAE1A7D9 
 243      18
 244 00b2 E8CF409B 		.ascii	"\350\317@\233\333\355\357n\330\265\200L\013\366;\262"
 244      DBEDEF6E 
 244      D8B5804C 
 244      0BF63BB2 
 245 00c2 6B05021C 		.ascii	"k\005\002\034j\360\023\326\000\000j8\255 ^\327\244n"
 245      6AF013D6 
 245      00006A38 
 245      AD205ED7 
 245      A46E
 246 00d4 325BAC7E 		.ascii	"2[\254~6\177\273#\000\360U\250\2777\344^\011U\233\332"
 246      367FBB23 
 246      00F055A8 
 246      BF37E45E 
 246      09559BDA 
 247 00e8 2AB4E905 		.ascii	"*\264\351\005N\374\253\334;`s97\006\345!`\237\001\202"
 247      4EFCABDC 
 247      3B607339 
 247      3706E521 
 247      609F0182 
 248 00fc 02988EA8 		.ascii	"\002\230\216\250\306\314\342\267\345v\231'\001t|\275"
 248      C6CCE2B7 
 248      E5769927 
 248      01747CBD 
 249 010c 5D9F7339 		.ascii	"]\237s9\200^5\010\301\327\352\206\301r\233\234\017\002"
 249      805E3508 
 249      C1D7EA86 
 249      C1729B9C 
 249      0F02
 250 011e DB1BDED9 		.ascii	"\333\033\336\331W\343\010\333\357tnpV\366\355\222\316"
 250      57E308DB 
 250      EF746E70 
 250      56F6ED92 
 250      CE
 251 012f 697952C2 		.ascii	"iyR\302A\220\030\020\016@0|\000\301\002]\002>\2040\204"
 251      41901810 
 251      0E40307C 
 251      00C1025D 
ARM GAS  C:\Users\johnb\AppData\Local\Temp\ccsceW1h.s 			page 20


 251      023E8430 
 252 0144 0FBE5FBC 		.ascii	"\017\276_\274\331*\0273\365\376\356\323\271`PO\035\232"
 252      D92A1733 
 252      F5FEEED3 
 252      B960504F 
 252      1D9A
 253 0156 B03BC3B9 		.ascii	"\260;\303\271<O\352ph8Y\027P\310\344\356\322\375;\375"
 253      3C4FEA70 
 253      68385917 
 253      50C8E4EE 
 253      D2FD3BFD 
 254 016a E552267F 		.ascii	"\345R&\177\272\375\370\317\014n\303\241\311\273\230"
 254      BAFDF8CF 
 254      0C6EC3A1 
 254      C9BB98
 255 0179 6B82A2E1 		.ascii	"k\202\242\341\\\223\200\303\020F\204\354\365\007.J\271"
 255      5C9380C3 
 255      104684EC 
 255      F5072E4A 
 255      B9
 256 018a 92C957CF 		.ascii	"\222\311W\317]\276\006\241\357\252\221\013\203\336\314"
 256      5DBE06A1 
 256      EFAA910B 
 256      83DECC
 257 0199 709E76EA 		.ascii	"p\236v\352y\322\014\305\276|\372C\370\201\301\263oY"
 257      79D20CC5 
 257      BE7CFA43 
 257      F881C1B3 
 257      6F59
 258 01ab 651C537F 		.ascii	"e\034S\177\370\274\317e5\250\275\341\373\234\225\231"
 258      F8BCCF65 
 258      35A8BDE1 
 258      FB9C9599 
 259 01bb 2144FC68 		.ascii	"!D\374hD\342\315\235'\3535\3712\023\267\347\325\267"
 259      44E2CD9D 
 259      27EB35F9 
 259      3213B7E7 
 259      D5B7
 260 01cd 0618C42E 		.ascii	"\006\030\304.\017\261lDb\333\327\031\373\314\362\347"
 260      0FB16C44 
 260      62DBD719 
 260      FBCCF2E7 
 261 01dd 4CBCBEBD 		.ascii	"L\274\276\275\354\234\315 ^\367\020?\036\221\270\243"
 261      EC9CCD20 
 261      5EF7103F 
 261      1E91B8A3 
 262 01ed BFC96996 		.ascii	"\277\311i\226\253\231\330\330]zP7\210\227<\304\362\021"
 262      AB99D8D8 
 262      5D7A5037 
 262      88973CC4 
 262      F211
 263 01ff 89DB6EF6 		.ascii	"\211\333n\366\374]\227\353\230X\373M\3435w\252\315\036"
 263      FC5D97EB 
 263      9858FB4D 
 263      E33577AA 
 263      CD1E
 264 0211 E2D11189 		.ascii	"\342\321\021\211\227J\006v;\314:\374\003B\241\002\237"
ARM GAS  C:\Users\johnb\AppData\Local\Temp\ccsceW1h.s 			page 21


 264      974A0676 
 264      3BCC3AFC 
 264      0342A102 
 264      9F
 265 0222 4FF03982 		.ascii	"O\3609\202O)>%\020\252*\013\216\201\031\204\260\375"
 265      4F293E25 
 265      10AA2A0B 
 265      8E811984 
 265      B0FD
 266 0234 3F14C6E9 		.ascii	"?\024\306\351\357(\371\320&_\341\004\336?\326\277\315"
 266      EF28F9D0 
 266      265FE104 
 266      DE3FD6BF 
 266      CD
 267 0245 9DC0B785 		.ascii	"\235\300\267\205\343\336\032Z\237\343\017\246\000\377"
 267      E3DE1A5A 
 267      9FE30FA6 
 267      00FF
 268 0253 64FAEE8E 		.ascii	"d\372\356\216\266\022]\376\201\351]\003\247\276s/\357"
 268      B6125DFE 
 268      81E95D03 
 268      A7BE732F 
 268      EF
 269 0264 F99DD2F9 		.ascii	"\371\235\322\371\236S#\362\277F W2y\333\2157\266\202"
 269      9E5323F2 
 269      BF462057 
 269      3279DB8D 
 269      37B682
 270 0277 FC3393DB 		.ascii	"\3743\223\333]72\354\006\371\216\207|b\004r\025\223"
 270      5D3732EC 
 270      06F98E87 
 270      7C620472 
 270      1593
 271 0289 B35BF30B 		.ascii	"\263[\363\013\374\344_\230\274\245\374\312\217\335\003"
 271      FCE45F98 
 271      BCA5FCCA 
 271      8FDD03
 272 0298 EF1AE256 		.ascii	"\357\032\342V\217\300\255\201\320\303_@\245s`p\023V"
 272      8FC0AD81 
 272      D0C35F40 
 272      A5736070 
 272      1356
 273 02aa 70784BD9 		.ascii	"pxK\331\371\211?\001.tM\320,!\036\347\011K\037g\012"
 273      F9893F01 
 273      2E744DD0 
 273      2C211EE7 
 273      094B1F67 
 274 02bf 8B18E7CA 		.ascii	"\213\030\347\312,h\246l@\005\355\317\030;\026\270\305"
 274      2C68A66C 
 274      4005EDCF 
 274      183B16B8 
 274      C5
 275 02d0 C1C0006A 		.ascii	"\301\300\000j\0062z\0345\3073e\0025'\012\232\345G\200"
 275      06327A1C 
 275      35C73365 
 275      0235270A 
 275      9AE54780 
ARM GAS  C:\Users\johnb\AppData\Local\Temp\ccsceW1h.s 			page 22


 276 02e4 624F22C7 		.ascii	"bO\"\307\243d\202\310<\306\2637\031\233\326)<\027\264"
 276      A36482C8 
 276      3CC6B337 
 276      199BD629 
 276      3C17B4
 277 02f7 652C8FD3 		.ascii	"e,\217\323\373T\226\367\0045C8\333'\201\266\360S\004"
 277      FB5496F7 
 277      04354338 
 277      DB2781B6 
 277      F05304
 278 030a 789ACC34 		.ascii	"x\232\31442\241d\302\310<Cf:\231\031d\302\311\314$\023"
 278      32A164C2 
 278      C83C4366 
 278      3A991964 
 278      C2C9CC24 
 279 031f 41661699 		.ascii	"Af\026\231\331d\242\310\314!\363<\231\027\310\314%\023"
 279      D964A2C8 
 279      CC21F33C 
 279      9917C8CC 
 279      2513
 280 0331 4D661E99 		.ascii	"Mf\036\231\371d\026\220YHf\021\231\305d^$\363\022\231"
 280      F9641690 
 280      59486611 
 280      99C5645E 
 280      24F31299 
 281 0345 25649692 		.ascii	"%d\226\222YFf9\231\025dV\222\211\341y\214\345\211\211"
 281      59466639 
 281      99156456 
 281      9289E179 
 281      8CE58989 
 282 0359 E33989E7 		.ascii	"\3439\211\347\351H\340Y[\305\363(\304\026,L<K\267J\015"
 282      E948E059 
 282      5BC5F328 
 282      C4162C4C 
 282      3C4BB74A 
 283 036e FF931D90 		.ascii	"\377\223\035\220\321\347:\336\224B\225\232+\375s\245"
 283      D1E73ADE 
 283      9442959A 
 283      2BFD73A5 
 284 037e 8D0ECBAE 		.ascii	"\215\016\313\256\342\002;\235{\026\220p\022\227\356"
 284      E2023B9D 
 284      7B169070 
 284      1297EE
 285 038d 2A6C08E1 		.ascii	"*l\010\341Z\3068\210\022\310\352r\3257\025KE\263+\332"
 285      5AC63888 
 285      12C8EA72 
 285      D537154B 
 285      45B32BDA 
 286 03a1 C9C17B95 		.ascii	"\311\301{\225\201D\263\202\006\247\220\306\301\353\014"
 286      8144B382 
 286      06A790C6 
 286      C1EB0C
 287 03b0 90037108 		.ascii	"\220\003q\010*\253\251uYUl\200Z\357\330\025\024\333"
 287      2AABA975 
 287      59556C80 
 287      5AEFD815 
 287      14DB
ARM GAS  C:\Users\johnb\AppData\Local\Temp\ccsceW1h.s 			page 23


 288 03c2 A1625F68 		.ascii	"\241b_h*3h\001\030\033\302\207\305\012D\277ob\237\020"
 288      2A336801 
 288      181BC287 
 288      C50A44BF 
 288      6F629F10 
 289 03d6 3950913B 		.ascii	"9P\221;\207\022\033\247\022\253{\357h\237]%f\202\323"
 289      87121BA7 
 289      12AB7BEF 
 289      689F5D25 
 289      6682D3
 290 03e9 C3131B8F 		.ascii	"\303\023\033\2178\337`G(\330x\025\254\277\351\242\201"
 290      38DF6047 
 290      28D87815 
 290      ACBFE9A2 
 290      81
 291 03fa 9BA082DD 		.ascii	"\233\240\202\335\331\262\361\236T\301,P7<\330D\304!"
 291      D9B2F19E 
 291      54C12C50 
 291      373CD844 
 291      C421
 292 040c A8A8EB4E 		.ascii	"\250\250\353N\221Y\251\014\2043\336\261K)\366Dz\317"
 292      9159A90C 
 292      8433DEB1 
 292      4B29F644 
 292      7ACF
 293 041e 6F9DC41E 		.ascii	"o\235\304\036u\016\354\331Xu\326B\014<0\340S\336.[\361"
 293      750EECD9 
 293      5875D642 
 293      0C3C30E0 
 293      53DE2E5B 
 294 0433 FB815F37 		.ascii	"\373\201_7y\0254^\273\\i\026\334\346\374L\252\315\302"
 294      7915345E 
 294      BB5C6916 
 294      DCE6FC4C 
 294      AACDC2
 295 0446 75D5E619 		.ascii	"u\325\346\031\224\252\315+\245\2516VE\256\004\225ha"
 295      94AACD2B 
 295      A5A93656 
 295      45AE0495 
 295      6861
 296 0458 CB6B2AD3 		.ascii	"\313k*\323I\350\342\005\270\002\231-\3255`x1\225\303"
 296      49E8E205 
 296      B802992D 
 296      D5356078 
 296      3195C3
 297 046b DF57DC77 		.ascii	"\337W\334w\250\344\005|\246v\356]\200\\\371\210&re\214"
 297      A8E4057C 
 297      A676EE5D 
 297      805CF988 
 297      2672658C 
 298 047f A3F77223 		.ascii	"\243\367r#\334\005\015\013A\353\375\250\025\375\011"
 298      DC050D0B 
 298      41EBFDA8 
 298      15FD09
 299 048e 8EA3ED4D 		.ascii	"\216\243\355M\350\222\270~ZN)\271b\035g\332\320\243"
 299      E892B87E 
 299      5A4E29B9 
ARM GAS  C:\Users\johnb\AppData\Local\Temp\ccsceW1h.s 			page 24


 299      621D67DA 
 299      D0A3
 300 04a0 E3A26807 		.ascii	"\343\242h\007K\321\021\347\350m\353@\217\011gVkfL\274"
 300      4BD111E7 
 300      E86DEB40 
 300      8F096756 
 300      6B664CBC 
 301 04b4 23876966 		.ascii	"#\207if\322\253\345|L\276U\216\346\366\023\200\322u"
 301      D2ABE57C 
 301      4CBE558E 
 301      E6F61380 
 301      D275
 302 04c6 9115A6AA 		.ascii	"\221\025\246\252\363BK\276\346u\340\342\316\245-K\333"
 302      F3424BBE 
 302      E675E0E2 
 302      CEA52D4B 
 302      DB
 303 04d7 94F6279F 		.ascii	"\224\366'\237\261x\260\324S\366\217\342\024y/\221\005"
 303      B178B0D4 
 303      53F68FE2 
 303      14792F91 
 303      05
 304 04e8 97A8412D 		.ascii	"\227\250A-Q\216\253\311O\201\202\020\347\375\255\267"
 304      518EABC9 
 304      4F818210 
 304      E7FDADB7 
 305 04f8 800E6715 		.ascii	"\200\016g\025\350\226k\263I\201\036\343\245\014R\353"
 305      E8966BB3 
 305      49811EE3 
 305      A50C52EB 
 306 0508 861E1A16 		.ascii	"\206\036\032\026\275\012\324\331\362G\205\232\014\317"
 306      BD0AD4D9 
 306      F247859A 
 306      0CCF
 307 0516 06D3AA74 		.ascii	"\006\323\252t\300\206\256M\007\244rNA\277\207WI\274"
 307      C086AE4D 
 307      07A4724E 
 307      41BF8757 
 307      49BC
 308 0528 292A83FE 		.ascii	")*\203\376\226rP\230`\225\350\320\216\261\340\216\371"
 308      96725098 
 308      6095E8D0 
 308      8EB1E08E 
 308      F9
 309 0539 DC9D4387 		.ascii	"\334\235C\207\021\350q\254{\204\372F\237\212~O\364*"
 309      11E871AC 
 309      7B84FA46 
 309      9F8A7E4F 
 309      F42A
 310 054b 8A3E55D1 		.ascii	"\212>U\321\266]xMA\236\360.@+\026`#\004\223\026\237"
 310      B65D784D 
 310      419EF02E 
 310      402B1660 
 310      23049316 
 311 0560 382188F3 		.ascii	"8!\210\363\304\251\2418!\210\250:\332\321\2611PA\236"
 311      C4A9A138 
 311      2188A83A 
ARM GAS  C:\Users\johnb\AppData\Local\Temp\ccsceW1h.s 			page 25


 311      DAD1B131 
 311      50419E
 312 0573 F22E4BC9 		.ascii	"\362.K\311\007\375\275\3323Y\366<\310]\217\367(\374"
 312      07FDBDDA 
 312      3359F63C 
 312      C85D8FF7 
 312      28FC
 313 0585 38FAE5CA 		.ascii	"8\372\345\312'\341\013\252\020\354\373\252\253\253\332"
 313      27E10BAA 
 313      10ECFBAA 
 313      ABABDA
 314 0594 1E59E8CC 		.ascii	"\036Y\350\314\\O]68\007y\3607\276_\301y\210\244\321"
 314      5C4F5D36 
 314      380779F0 
 314      37BE5FC1 
 314      7988A4D1 
 315 05a8 075CF78D 		.ascii	"\007\\\367\2155x\332\230\223\276\241U\231\206\343\241"
 315      3578DA98 
 315      93BEA155 
 315      9986E3A1 
 316 05b8 9F9C3DAE 		.ascii	"\237\234=\256:\177\345\244r\306.\312kO\335L\362\015"
 316      3A7FE5A4 
 316      72C62ECA 
 316      6B4FDD4C 
 316      F20D
 317 05ca CB21FF15 		.ascii	"\313!\377\025\361\220,\276\364d\361o\210\304\220J\344"
 317      F1902CBE 
 317      F464F16F 
 317      88C4904A 
 317      E4
 318 05db 75B7C8B0 		.ascii	"u\267\310\260Q\252\372\212\343\001\305\373\332\255j"
 318      51AAFA8A 
 318      E301C5FB 
 318      DAAD6A
 319 05ea B391EE33 		.ascii	"\263\221\3563\306Z\364\271:\014U\323q\000\364+UM\006"
 319      C65AF4B9 
 319      3A0C55D3 
 319      7100F42B 
 319      554D06
 320 05fd 6C066E58 		.ascii	"l\006nX\354\032\213\252&O\026\315\244j\206Ru\303\255"
 320      EC1A8BAA 
 320      264F16CD 
 320      A46A8652 
 320      75C3AD
 321 0610 2A7C94AA 		.ascii	"*|\224\252Z8\236F\361\276aUt\244\031\032f\262\260p\245"
 321      5A389E46 
 321      F1BE6155 
 321      74A4191A 
 321      66B2B070 
 322 0625 A1C2D010 		.ascii	"\241\302\320\020\201\007\020v\215E\303\005\317\230\337"
 322      81071076 
 322      8D45C305 
 322      CF98DF
 323 0634 9286083A 		.ascii	"\222\206\010:\211\232\253\333\212\236SC\370\363\216"
 323      899AABDB 
 323      8A9E5343 
 323      F8F38E
ARM GAS  C:\Users\johnb\AppData\Local\Temp\ccsceW1h.s 			page 26


 324 0643 107C109A 		.ascii	"\020|\020\232D\217Mb\367\331\352\201\242h\325M\003\326"
 324      448F4D62 
 324      F7D9EA81 
 324      A268D54D 
 324      03D6
 325 0655 9DD9FB81 		.ascii	"\235\331\373\201]\035\232\026\370n\010m\026\307L\222"
 325      5D1D9A16 
 325      F86E086D 
 325      16C74C92 
 326 0665 27A467BF 		.ascii	"'\244g\2771!\263F9!\02799\276\303\265\272\227\331\275"
 326      3121B346 
 326      39211739 
 326      39BEC3B5 
 326      BA97D9BD 
 327 0679 A8B3D556 		.ascii	"\250\263\325V\361\232\242(\034\000\375\276S4\207O\221"
 327      F19AA228 
 327      1C00FDBE 
 327      5334874F 
 327      91
 328 068a 28354511 		.ascii	"(5E\021#M\321_\0376E\227<Y\\\246)\232\303\362,C\362"
 328      234DD15F 
 328      1F364597 
 328      3C595CA6 
 328      299AC3F2 
 329 06a1 7ADDF29E 		.ascii	"z\335\362\236\037\245\274+\034X\247\300W\207\313{\341"
 329      1FA5BC2B 
 329      1C58A7C0 
 329      5787CB7B 
 329      E1
 330 06b2 01797371 		.ascii	"\001ysq\000\364\373\312\213fys\307\"\257\315\223E;\311"
 330      00F4FBCA 
 330      8B667973 
 330      C722AFCD 
 330      93453BC9 
 331 06c6 8B667956 		.ascii	"\213fyVZk\226\367\303IC\336\274Q\312\273\306\201M\024"
 331      5A6B96F7 
 331      C34943DE 
 331      BC51CABB 
 331      C6814D14 
 332 06da B8C35DCE 		.ascii	"\270\303]\316ny\363\271\234\347\371n\311\005\370\255"
 332      6E79F3B9 
 332      9CE7F96E 
 332      C905F8AD 
 333 06ea C42E2526 		.ascii	"\304.%&r$1\257>L\314u\317\2307H\314\002\026\343'v\004"
 333      722431AF 
 333      3E4CCC75 
 333      CF983748 
 333      CC0216E3 
 334 0701 2B3159B5 		.ascii	"+1Y\265\206\230\205\243\024\363\275'p\347p1\213X\314"
 334      869885A3 
 334      14F3BD27 
 334      70E77031 
 334      8B58CC
 335 0714 425F318B 		.ascii	"B_1\213Y\314\242\261\210\371\217g\314\233$f\261\340"
 335      59CCA2B1 
 335      88F98F67 
 335      CC9B2466 
ARM GAS  C:\Users\johnb\AppData\Local\Temp\ccsceW1h.s 			page 27


 335      B1E0
 336 0726 CDD750EE 		.ascii	"\315\327P\356\336|^\273\315&\262\002\224\304-\005\206"
 336      DE7C5EBB 
 336      CD26B202 
 336      94C42D05 
 336      86
 337 0737 C4174729 		.ascii	"\304\027G)\361\226\247\316o\017/\307\227\036(\307%8"
 337      F196A7CE 
 337      6F0F2FC7 
 337      971E28C7 
 337      2538
 338 0749 00FA7DCB 		.ascii	"\000\372}\313q)\227\343\222\261\224c\227'\213n\022\275"
 338      712997E3 
 338      92B19463 
 338      97278B6E 
 338      12BD
 339 075b 94E5F90F 		.ascii	"\224\345\371\017\311\313v\313[6Jyw<u~w\270\274\345\017"
 339      C9CB76CB 
 339      5B364A79 
 339      773C757E 
 339      77B8BCE5 
 340 0770 C85B8103 		.ascii	"\310[\201\003\240\337W\336J\226\267b,\362\376\353\311"
 340      A0DF57DE 
 340      4A96B762 
 340      2CF2FEEB 
 340      C9
 341 0781 E21EC95B 		.ascii	"\342\036\311[\311\362\354|\305TW\335\333\353\324%0\206"
 341      C9F2EC7C 
 341      C55457DD 
 341      DBEBD425 
 341      3086
 342 0793 AE86CF7A 		.ascii	"\256\206\317z]Z\371\002\031\243\316\347S\025\263\014"
 342      5D5AF902 
 342      19A3CEE7 
 342      5315B30C 
 343 07a3 94F7F540 		.ascii	"\224\367\365@\307\253b\317PI8Dv-\007\275\345*\3546~"
 343      C7AB62CF 
 343      50493844 
 343      762D07BD 
 343      E52AEC36 
 344 07b8 5BC4E2B7 		.ascii	"[\304\342\267\334'(\337Vc\325\335\345xw\272B\305\341"
 344      DC2728DF 
 344      5663D5DD 
 344      E57877BA 
 344      42C5E1
 345 07cb B7917F3B 		.ascii	"\267\221\177;\370"
 345      F8
 346 07d0 DEECE314 		.ascii	"\336\354\343\024\254\276;Q\301\342\361\363\343\013\343"
 346      ACBE3B51 
 346      C1E2F1F3 
 346      E30BE3
 347 07df 3B71BC82 		.ascii	";q\274\202}\231\246P\011\270\021|Q|+N \324\036Wg\367"
 347      7D99A650 
 347      09B8117C 
 347      517C2B4E 
 347      20D41E57 
 348 07f5 2F156C95 		.ascii	"/\025l\225\372\230\034\331\364Y\211M}L\000\356{\263"
ARM GAS  C:\Users\johnb\AppData\Local\Temp\ccsceW1h.s 			page 28


 348      FA981CD9 
 348      F459894D 
 348      7D4C00EE 
 348      7BB3
 349 0807 F8EEBD8A 		.ascii	"\370\356\275\212\225\005\320\217\246N\274\274\267\277"
 349      9505D08F 
 349      A64EBCBC 
 349      B7BF
 350 0815 6D51374F 		.ascii	"mQ7OA?\251\000\335\370%\213\216\210\210\034\372\227"
 350      413FA900 
 350      DDF8258B 
 350      8E88881C 
 350      FA97
 351 0827 9C16B96E 		.ascii	"\234\026\271nubdJrjzZ\344\313?\215\235\023\025\031\023"
 351      7562644A 
 351      726A7A5A 
 351      E4CB3F8D 
 351      9D131519 
 352 083c B3247259 		.ascii	"\263$rY\302\212\370W\243\250\353\027)\370$&\256\211"
 352      C28AF857 
 352      A3A8EB17 
 352      29F82426 
 352      AE89
 353 084e F8B5D009 		.ascii	"\370\265\320\011\245'\255N\373\235\236\224\274f\255"
 353      A527AD4E 
 353      FB9D9E94 
 353      BC66AD
 354 085d FCD56FD2 		.ascii	"\374\325o\322\365\325\211\351\251\246\224\337\247\254"
 354      F5D589E9 
 354      A9A694DF 
 354      A7AC
 355 086b 49B524A7 		.ascii	"I\265$\247\245\254]\273&\325\234\234\376\247\224\265"
 355      A5AC5DBB 
 355      26D59C9C 
 355      FEA794B5 
 356 087b A92682A4 		.ascii	"\251&\202\244Z\251\237\030Z\322l-)JKz\356\177\210\031"
 356      5AA99F18 
 356      5AD26C2D 
 356      294A4B7A 
 356      EE7F8819 
 357 088f FCFA     		.ascii	"\374\372"
 358              		.text
 359              		.section	.gnu.lto_.symbol_nodes.d7348876,"",%progbits
 360 0000 789C6365 		.ascii	"x\234ce`bPc\000\002\246iL\365\014\014\023\31610\000"
 360      60625063 
 360      0002A669 
 360      4CF50C0C 
 360      13CE3130 
 361 0015 A95D0D8E 		.ascii	"\251]\015\216@\221\351L\365\214(\"\014\000\267\341\011"
 361      4091E94C 
 361      F58C2822 
 361      0C00B7E1 
 361      09
 362 0026 12       		.ascii	"\022"
 363              		.text
 364              		.section	.gnu.lto_.refs.d7348876,"",%progbits
 365 0000 789C6365 		.ascii	"x\234ce`b`d\000\002\000\000I\000\011"
ARM GAS  C:\Users\johnb\AppData\Local\Temp\ccsceW1h.s 			page 29


 365      60626064 
 365      00020000 
 365      490009
 366              		.text
 367              		.section	.gnu.lto_.decls.d7348876,"",%progbits
 368 0000 789CCD59 		.ascii	"x\234\315Y{PTG\272\237>=3\3008\240\005\336-S\225\332"
 368      7B505447 
 368      BA9F3E3D 
 368      33C038A0 
 368      05DE2D53 
 369 0016 A22C3652 		.ascii	"\242,6R\273\033\021\314fS\233\335\273Q@qC\"5ds\353\326"
 369      BB1B11CC 
 369      66539BDD 
 369      BB514071 
 369      43223564 
 370 002d A58A2282 		.ascii	"\245\212\"\202\011\265\310\2600n\271u\3779\010\362\224"
 370      09B5C8B0 
 370      306EB975 
 370      FF3908F2 
 370      94
 371 003e 97F88C42 		.ascii	"\227\370\214B|\240B\300\267\240\010\310\004\2217J\300"
 371      7CA042C0 
 371      B7A008C8 
 371      0491374A 
 371      C0
 372 004f 072208A2 		.ascii	"\007\"\010\242\002*o\004\021Q\366\353\3563Ls8\324\346"
 372      022A6F04 
 372      1151F6EB 
 372      EE334C73 
 372      38D4E6
 373 0062 EEBD7FDC 		.ascii	"\356\275\177\334S|\323\375u\377\372{\365\353;\007\215"
 373      537CD3FD 
 373      75FFFA7B 
 373      F5EB3B07 
 373      8D
 374 0073 4A507DFA 		.ascii	"JP}\372s\225\252\005\253T\001H\245\232\201\007\252\252"
 374      7395AA05 
 374      AB540148 
 374      A59A8107 
 374      AAAA
 375 0085 532AEB23 		.ascii	"S*\353#\000\215\001}\204T\363\236^h[\014\345\227@\216"
 375      008D017D 
 375      8454F39E 
 375      5E685B0C 
 375      E597408E 
 376 0099 404B8106 		.ascii	"@K\201\006\201V\000\305A\337\0162\006(\001h\000\252"
 376      815600C5 
 376      41DF0E32 
 376      06280168 
 376      00AA
 377 00ab 89507A00 		.ascii	"\211Pz\000\305\003%\001\255\002z\007\332\377\033\312"
 377      C5032501 
 377      AD027A07 
 377      DAFF1BCA 
 378 00bb 30A02EA8 		.ascii	"0\240.\250\327\001-\207z\015\221\003e\025\224\277\202"
 378      D7012D87 
 378      7A0D9103 
ARM GAS  C:\Users\johnb\AppData\Local\Temp\ccsceW1h.s 			page 30


 378      651594BF 
 378      82
 379 00cc B21ACAF7 		.ascii	"\262\032\312\367\241\254\207\322\005\312J(\177\001\345"
 379      A1AC87D2 
 379      05CA4A28 
 379      7F01E5
 380 00db 75287F09 		.ascii	"u(\177\011\345#(\237\000u\003=\004\352!\366\001=\005"
 380      E523289F 
 380      0075033D 
 380      04EA21F6 
 380      013D05
 381 00ee 7ACCF991 		.ascii	"z\314\371\221\246\340\307_\241s\221\314\217\337\000"
 381      A6E0C75F 
 381      A17391CC 
 381      8FDF00
 382 00fd EE359413 		.ascii	"\3565\224\023@%\222O~*f3\361I+\331Il$\366\021\233\210"
 382      4025924F 
 382      7E2A6633 
 382      F1492BD9 
 382      496C24F6 
 383 0114 3DC416B4 		.ascii	"=\304\026\264@\274\366aT\224RY&<@\355\010T\242%\264"
 383      40BCF661 
 383      54945259 
 383      263C40ED 
 383      0854A225 
 384 0129 1521F68B 		.ascii	"\025!\366\213(Qv\306\362 D\333\241UPI\202-M\3102B\342"
 384      285176C6 
 384      F22044DB 
 384      A1555049 
 384      822D4DC8 
 385 0140 05891524 		.ascii	"\005\211\025$\221\364O\032\2148\211\254\233i\262<\314"
 385      91F44F1A 
 385      8C3889AC 
 385      9B69B23C 
 385      CC
 386 0151 2556A1C3 		.ascii	"%V\241\303,\243\221`U\200\020?\200\023\310\314\226\372"
 386      2CA39160 
 386      5580103F 
 386      8013C8CC 
 386      96FA
 387 0163 67ED5359 		.ascii	"g\355SY\235C\026\357G\0164\364\350:Q\007i=\374\011\242"
 387      9D4316EF 
 387      470E34F4 
 387      E83A5107 
 387      693DFC09 
 388 0178 6DDF171C 		.ascii	"m\337\027\034xb\207\005D\352\235\257r\327\255,\020\331"
 388      78628705 
 388      44EA9DAF 
 388      72D7AD2C 
 388      10D9
 389 018a 63EB6A0D 		.ascii	"c\353j\015\333\217\261g\017\341T\214\034uHM\3444~\373"
 389      DB8FB167 
 389      0FE1548C 
 389      1C75484D 
 389      E4347EFB 
 390 019e C801D8A5 		.ascii	"\310\001\330\245:\344\014\354\225\216\021\363\"\326"
 390      3AE40CEC 
ARM GAS  C:\Users\johnb\AppData\Local\Temp\ccsceW1h.s 			page 31


 390      958E11F3 
 390      22D6
 391 01ac DB8580BF 		.ascii	"\333\205\200\277\\6\340\301\330w\271\336\245R\357\331"
 391      5C36E0C1 
 391      D877B9DE 
 391      A552EFD9 
 392 01bc D2D80107 		.ascii	"\322\330\001\007\326m&|\362\216\264D\033\374\0165`0"
 392      D66D267C 
 392      F28EB444 
 392      1BFC0E35 
 392      6030
 393 01ce F6499724 		.ascii	"\366I\227$i\031\260\315\303\015Y\022\273\004\330\366"
 393      6919B0CD 
 393      C30D5912 
 393      BB04D8F6 
 394 01de C4B86C2D 		.ascii	"\304\270l-v\246\310\216\232\274|b\321\012\035\"QX\014"
 394      76A6C88E 
 394      9ABC7C62 
 394      D10A1D22 
 394      51580C
 395 01f1 4D67FA8B 		.ascii	"Mg\372\213_\331\263&\202hN\033\315\261\301\277 u\341"
 395      5FD9B326 
 395      82684E1B 
 395      CDB1C1BF 
 395      2075E1
 396 0204 40DDDD0A 		.ascii	"@\335\335\0125r\325\235 \216\231\253'Vd\304\213\242"
 396      3572D59D 
 396      208E99AB 
 396      275664C4 
 396      8BA2
 397 0216 808A910E 		.ascii	"\200\212\221\016]B\020\003\264\222\204i\205\016~\023"
 397      5D421003 
 397      B4928469 
 397      850E7E13 
 398 0226 4471BB98 		.ascii	"Dq\273\230\036#\332\371\250P\001z\027\345\243wU\350"
 398      1E23DAF9 
 398      A850017A 
 398      17E5A377 
 398      55E8
 399 0238 32722562 		.ascii	"2r%b\011\016\025Ac!4\202\212\274\234\214\243Z\274\017"
 399      090E1541 
 399      63213482 
 399      8ABC9C8C 
 399      A35ABC0F 
 400 024c 511D5557 		.ascii	"Q\035UW\357\267\252\221\316UQ@\251\202\000\311\230\202"
 400      EFB7AA91 
 400      CE555140 
 400      A98200C9 
 400      9882
 401 025e E5553B88 		.ascii	"\345U;\2101%`\314\025\2531`\033\213}\367\225\366h\001"
 401      312560CC 
 401      15AB3160 
 401      1B8B7DF7 
 401      95F66801 
 402 0272 4F5325E8 		.ascii	"OS%\350\333\222\027u\032\026\021[`\2072\2577\012Xd\263"
 402      DB921775 
 402      1A16115B 
ARM GAS  C:\Users\johnb\AppData\Local\Temp\ccsceW1h.s 			page 32


 402      608732AF 
 402      370A5864 
 403 0287 D7D31A73 		.ascii	"\327\323\032s@\213\343\030\223\376\346\236\250\305\251"
 403      408BE318 
 403      93FEE69E 
 403      A8C5A9
 404 0296 8C49199A 		.ascii	"\214I\031\232<\242\306{\030s/\346\345\035{|\2202vqg"
 404      3CA2C67B 
 404      18732FE6 
 404      E51D7B7C 
 404      90327671 
 405 02ab 2E5FD423 		.ascii	"._\324#\027\3628\271\270\270\036%\266\233\253\033~]"
 405      17F238B9 
 405      B8B81E25 
 405      B69BAB1B 
 405      7E5D
 406 02bd 33FA5814 		.ascii	"3\372X\024w\351\251Q\327\300\250Z\344du\346<\374\250"
 406      77E9A951 
 406      D7C0A85A 
 406      E46475E6 
 406      3CFCA8
 407 02d0 903BFCA8 		.ascii	"\220;\374\250\330\200\251\177? \232c1EW\310\321n2\360"
 407      D880A97F 
 407      3F209A63 
 407      314557C8 
 407      D16E32F0 
 408 02e4 B33F5AC1 		.ascii	"\263?Z\301\345r\360U*\272\000q\2629x\231\034~AnI\033"
 408      E572F055 
 408      2ABA0071 
 408      B2397899 
 408      1C7E416E 
 409 02fa 87362B0B 		.ascii	"\2076+\013\247\350\014\022\373tQ\374D\255Bg\240\377"
 409      A7E80C12 
 409      FB7451FC 
 409      44AD4267 
 409      A0FF
 410 030c 34ED2268 		.ascii	"4\355\"h\010?j\200\331\272\216\\P\035P\015P\025P5P="
 410      083F6A80 
 410      D9BA8E5C 
 410      501D500D 
 410      50155035 
 411 0322 502572A1 		.ascii	"P%r\241\273\202\351\253\343\364\375\240\3509\357K\235"
 411      BB82E9AB 
 411      E3F4FDA0 
 411      E839EF4B 
 411      9D
 412 0333 8F157D51 		.ascii	"\217\025}Q\331\027\006gKc\360\252c\264(\"\002SI\313"
 412      D9170667 
 412      4B63F0AA 
 412      63B42822 
 412      025349CB 
 413 0347 42DA8FE5 		.ascii	"B\332\217\345oc\233\264\370\036\235C!'\251\241\310\026"
 413      6F639BB4 
 413      F81E9D43 
 413      2127A9A1 
 413      C816
 414 0359 39B92AF9 		.ascii	"9\271*\371\204n\202+\377\023\267\230\346\236\032-\034"
ARM GAS  C:\Users\johnb\AppData\Local\Temp\ccsceW1h.s 			page 33


 414      846E822B 
 414      FF13B798 
 414      E69E1A2D 
 414      1C
 415 036a 00E8060C 		.ascii	"\000\350\006\014l\264.Ib\007U?\226{>\333\226\255\302"
 415      6CB42E49 
 415      6207553F 
 415      967B3EDB 
 415      96ADC2
 416 037d 5CB2859F 		.ascii	"\\\262\205\237\276\251z\256\301\375l}\0254V\267KgE\002"
 416      BEA97AAE 
 416      C1FD6C7D 
 416      153456B7 
 416      4B674502 
 417 0391 E96C79D9 		.ascii	"\351ly\331\024\257\303c\254s\346\351\275cv\254s\230"
 417      14AFC363 
 417      AC73E6E9 
 417      BD6376AC 
 417      7398
 418 03a3 F0498599 		.ascii	"\360I\205\231\307\026\343)\326\331\322s$V\317:\233\010"
 418      C716E329 
 418      D6D9D273 
 418      2456CF3A 
 418      9B08
 419 03b5 9F9A76E1 		.ascii	"\237\232v\341\234\016Gc\332\231\333s(U\352\374\010\330"
 419      9C0E4763 
 419      DA99DB73 
 419      2855EAFC 
 419      08D8
 420 03c7 C2C6CB0F 		.ascii	"\302\306\313\01748\201\365\265\217\336\211_\204\323"
 420      343881F5 
 420      B58FDE89 
 420      5F84D3
 421 03d6 1873667A 		.ascii	"\030sfz\367I-\336\313\230\272\366\311\2076l\32441\346"
 421      F7492DDE 
 421      CB98BAF6 
 421      C987366C 
 421      D43431E6 
 422 03ea 59CA4CBB 		.ascii	"Y\312L\273^:\214\310\231\021\3378~R\300Y\024\274\350"
 422      5E3A8CC8 
 422      9911DF38 
 422      7E52C059 
 422      14BCE8
 423 03fd 7667EFA4 		.ascii	"vg\357\244=rr\221\036W\027>\242\035\020\321v:E\235R"
 423      3D727291 
 423      1E57173E 
 423      A21D10D1 
 423      763A459D 
 424 0412 38FB209C 		.ascii	"8\373 \234]\020\272G@O\200\272\201\036\002\365\000\365"
 424      5D10BA47 
 424      404F80BA 
 424      811E02F5 
 424      00F5
 425 0424 023D057A 		.ascii	"\002=\005zl]-\020\326\252:\307LQ\254YE\003{\037\002"
 425      6C5D2D10 
 425      D6AA3AC7 
 425      4C51AC59 
ARM GAS  C:\Users\johnb\AppData\Local\Temp\ccsceW1h.s 			page 34


 425      45037B1F 
 426 0439 4B44CD4E 		.ascii	"KD\315N\325\234\215\002\350\012\337h\272Z\010\370\266"
 426      D59C8D02 
 426      E80ADF68 
 426      BA5A08F8 
 426      B6
 427 044a 1C7C0BC9 		.ascii	"\034|\013\311\320\335\237Z\321w\345\350;s\267\025\201"
 427      D0DD9F5A 
 427      D177E5E8 
 427      3B73B715 
 427      81
 428 045b FFC90A6F 		.ascii	"\377\311\012o\223\303\317\317\203W|n\205?\220\303O\311"
 428      93C3CFCF 
 428      83577C6E 
 428      853F90C3 
 428      4FC9
 429 046d 6DA9E06C 		.ascii	"m\251\340l\271'G\267\316\263\234\363\263E\216n\236o"
 429      B92747B7 
 429      CEB39CF3 
 429      B3458E6E 
 429      9E6F
 430 047f CA6756F8 		.ascii	"\312gV\370\217rx\223U\270\264\207j\331\036\352\234\273"
 430      8F727893 
 430      55B8B487 
 430      6AD91EEA 
 430      9CBB
 431 0491 8798A89E 		.ascii	"\207\230\250\236Fn>\316\311e\235\345T\303R\371\341U"
 431      466E3ECE 
 431      C9659DE5 
 431      54C352F9 
 431      E155
 432 04a3 FF8EC538 		.ascii	"\377\216\3058\207.\025!?\371y\227V\266\347,+\004\365"
 432      872E1521 
 432      3FF97997 
 432      56B6E72C 
 432      2B04F5
 433 04b6 C3C2F857 		.ascii	"\303\302\370W\026\011\263\370\316M\272\367\236\203\200"
 433      1609B3F8 
 433      CE4DBAF7 
 433      9E8380
 434 04c5 67D6BDD7 		.ascii	"g\326\275\327i\331{\335\331]\207\035\234$\275\011\013"
 434      69D97BDD 
 434      D95D871D 
 434      9C24BD09 
 434      0B
 435 04d6 E955FD64 		.ascii	"\351U\375d\245 r\374\362\243z\007}\322\354\275\205\006"
 435      A52072FC 
 435      F2A37A07 
 435      7DD2ECBD 
 435      8506
 436 04e8 B8734985 		.ascii	"\270sI\205\006\221^\002V\027U\326\330\251\005\326\206"
 436      06915E02 
 436      561755D6 
 436      D8A905D6 
 436      86
 437 04f9 BE5293B6 		.ascii	"\276R\223\266\3533/\315\213\331\016\023\270+{)\273\262"
 437      EB332FCD 
ARM GAS  C:\Users\johnb\AppData\Local\Temp\ccsceW1h.s 			page 35


 437      8BD90E13 
 437      B82B7B29 
 437      BBB2
 438 050b 63761ECF 		.ascii	"cv\036\317\267[\266\227&\0241\342\022\001}\37134\002"
 438      B75BB697 
 438      261431E2 
 438      12017DF9 
 438      333402
 439 051e 9287A9E4 		.ascii	"\222\207\251\344Q\264\014~\207\220\232\211?\227?~\301"
 439      51B40C7E 
 439      87909A89 
 439      3F973F7E 
 439      C1
 440 052f 61F961F1 		.ascii	"a\371a\361p\227h~9\340|\260 Nl\202q\237P \312\263\006"
 440      7097687E 
 440      39E07CB0 
 440      204E6C82 
 440      719F5020 
 441 0546 03AAF09B 		.ascii	"\003\252\360\233\013\316\242\223\260\034Uh\014-\207"
 441      0BCEA293 
 441      B01C5568 
 441      0C2D87
 442 0555 F103C763 		.ascii	"\361\003\307c2\027\343^\266\363\277o\314\233V\3437l"
 442      3217E35E 
 442      B6F3BF6F 
 442      CC9B56E3 
 442      376C
 443 0567 BA522A0E 		.ascii	"\272R*\016\365\353\027\272\233_.|77\254j\275%\212\316"
 443      F5EB17BA 
 443      9B5F2E7C 
 443      3737AC6A 
 443      BD258ACE 
 444 057b 68020EEC 		.ascii	"h\002\016\354q\253\376\022\313\335|%\355\370$\246\001"
 444      71ABFE12 
 444      CBDD7C25 
 444      EDF824A6 
 444      01
 445 058c 21081690 		.ascii	"!\010\026\220\330\312\211\014{\034\247\246\212S\257"
 445      D8CA890C 
 445      7B1CA7A6 
 445      8A53AF
 446 059b 57BFD2CC 		.ascii	"W\277\322\314&\036S\033\311\314\276\006\350+\2710E\313"
 446      261E531B 
 446      C9CCBE06 
 446      E82BB930 
 446      45CB
 447 05ad A694D38E 		.ascii	"\246\224\323\216\361\370'7\020\325JDM\"\252\366\340"
 447      F1F82737 
 447      10D54A44 
 447      4D22AAF6 
 447      E0
 448 05be 58C753E9 		.ascii	"X\307S\351du\345R4G\226\242M\036y\274K\300\231\324("
 448      6475E552 
 448      344796A2 
 448      4D1E79BC 
 448      4BC099D4 
 449 05d3 9450907A 		.ascii	"\224P\220z\015\353\022\310\214\374\224<\205\344l3\273"
ARM GAS  C:\Users\johnb\AppData\Local\Temp\ccsceW1h.s 			page 36


 449      0DEB12C8 
 449      8CFC943C 
 449      85E46C33 
 449      BB
 450 05e4 BBECF17E 		.ascii	"\273\354\361~6\374\324dg\221\006g1&ewE\205\032\037e"
 450      36FCD464 
 450      67910667 
 450      31266577 
 450      45851A1F 
 451 05f9 CCB10319 		.ascii	"\314\261\003\031\361\032|\2221y\273\322\317\352p\036"
 451      F11A7C92 
 451      3179BBD2 
 451      CFEA701E 
 452 0609 63F67F7F 		.ascii	"c\366\177\177w\312\016\3473\346\370\324\353arC\274G"
 452      77CA0EE7 
 452      33E6F8D4 
 452      EB617243 
 452      BC47
 453 061b 7237CC65 		.ascii	"r7\314en\357\261\314\255\274\276\366\204\036\237c\021"
 453      6EEFB1CC 
 453      ADBCBEF6 
 453      841E9F63 
 453      11
 454 062c 4C3F929F 		.ascii	"L?\222\237lg\231:\260X\343\252\232]A(Yp%\203\250\271"
 454      6C67993A 
 454      B058E3AA 
 454      9A5D4128 
 454      59702583 
 455 0642 09C2BB28 		.ascii	"\011\302\273(^\230\235\272\242\237\027\213\342\022\224"
 455      5E989DBA 
 455      A29F178B 
 455      E21294
 456 0651 24E850A2 		.ascii	"$\350P\2420\033\354\367\244\211\273\232q\277G\207K\231"
 456      301BECF7 
 456      A489BB9A 
 456      71BF4787 
 456      4B99
 457 0663 8AE998BD 		.ascii	"\212\351\230\275C\\vX\340QI\023\262T\030\272\323:\024"
 457      435C7658 
 457      E0514913 
 457      B25418BA 
 457      D33A14
 458 0676 2459E649 		.ascii	"$Y\346InF\212\202\031\240d\373\344\321R[|\235*Q\217"
 458      6E468A82 
 458      19A064FB 
 458      E4D1525B 
 458      7C9D2A51 
 459 068b 4DEC6CD3 		.ascii	"M\354l\323\221\313\305zf\010*n\227\245\013\354\300\310"
 459      91CBC57A 
 459      66082A6E 
 459      97A50BEC 
 459      C0C8
 460 069d 0459BB04 		.ascii	"\004Y\273\004\027\224!\360yFu\203K\331h\227(&\351\251"
 460      179421F0 
 460      79467583 
 460      4BD96897 
 460      2826E9A9 
ARM GAS  C:\Users\johnb\AppData\Local\Temp\ccsceW1h.s 			page 37


 461 06b1 59716016 		.ascii	"Yq`\026\0310k\001\275;F\270T\243\342\017\373E\363vL"
 461      19306B01 
 461      BD3B46B8 
 461      54A3E20F 
 461      FB45F376 
 462 06c6 D1698A68 		.ascii	"\321i\212h\356\220|[\252#\013\0230s\363\014\365\255"
 462      EE907C5B 
 462      AA230B13 
 462      3073F30C 
 462      F5AD
 463 06d8 0783BB10 		.ascii	"\007\203\273\020rY\352\352\302\016\314;e\016\321T,\021"
 463      7259EAEA 
 463      C20ECC3B 
 463      650ED154 
 463      2C11
 464 06ea B703C4EE 		.ascii	"\267\003\304\356\021\226*ez\273\250\2131\364X\264\272"
 464      11962A65 
 464      7ABBA88B 
 464      31F458B4 
 464      BA
 465 06fb 48C0C4C5 		.ascii	"H\300\304\305\275\340\342>pq\267\300\237{\203\245\313"
 465      BDE0E23E 
 465      7071B7C0 
 465      9F7B83A5 
 465      CB
 466 070c E8490D28 		.ascii	"\350I\015(\331I\015\356L\224:f\306\220\223\232\244N"
 466      D9490DEE 
 466      4C943A66 
 466      C690939A 
 466      A44E
 467 071e B10B2B86 		.ascii	"\261\013+\206\250\217\226\3267\010K\301\202\350\005"
 467      A88F96D6 
 467      37084BC1 
 467      82E805
 468 072d 2D50CD51 		.ascii	"-P\315QO\366\354\265\333\205z\\\313\226\347\223\372"
 468      4FF6ECB5 
 468      DB857A5C 
 468      CB96E793 
 468      FA
 469 073e 33DB6D71 		.ascii	"3\333mq#c\262\033O\327k\360\217\214)\311?\335,\340\273"
 469      2363B21B 
 469      4FD76BF0 
 469      8F8C29C9 
 469      3FDD2CE0 
 470 0753 8C29281E 		.ascii	"\214)(\036NF\270\2231#\361gL\270\207\325c\263\322o\012"
 470      4E46B893 
 470      3123F167 
 470      4CB887D5 
 470      63B3D26F 
 471 0768 6CEBFD1A 		.ascii	"l\353\375\032\330\275\211\207\272\324R\312AN\310\363"
 471      D8BD8987 
 471      BAD452CA 
 471      414EC8F3 
 472 0778 77724B6C 		.ascii	"wrKlq?\305\332\247\347\245_\322!)\375fY\307Q16\006\346"
 472      713FC5DA 
 472      A7E7A55F 
 472      D22129FD 
ARM GAS  C:\Users\johnb\AppData\Local\Temp\ccsceW1h.s 			page 38


 472      6659C751 
 473 0790 EFF72C55 		.ascii	"\357\367,U\024a\376\262\300\337\023\302B\211%AO\375"
 473      1461FEB2 
 473      C0DF13C2 
 473      42892541 
 473      4FFD
 474 07a2 C18A3E22 		.ascii	"\301\212>\"G\277\341/\\\202~\306\241\243\345\350\267"
 474      47BFE12F 
 474      5C827EC6 
 474      A1A3E5E8 
 474      B7
 475 07b3 72F42887 		.ascii	"r\364(\207\236A\212hf\012\177\027\036\206]\360\235@"
 475      9E418A68 
 475      660A7F17 
 475      1E865DF0 
 475      9D40
 476 07c5 FA4E48EB 		.ascii	"\372NH\353\3724L\372\367\020\365"
 476      FA344CFA 
 476      F710F5
 477 07d0 A3402781 		.ascii	"\243@'\201\362\201\362\200N\001\025\000\345\002\345"
 477      F281F280 
 477      4E011500 
 477      E502E5
 478 07df 001D073A 		.ascii	"\000\035\007:6\273\366\211\001u\\(\016\311\315\275*"
 478      36BBF689 
 478      01755C28 
 478      0EC9CDBD 
 478      2A
 479 07f0 37B79B33 		.ascii	"7\267\2333w\273\034=7\261!\3606N\370\267r\370\005\271"
 479      77BB1C3D 
 479      37B121F0 
 479      364EF8B7 
 479      72F805B9 
 480 0804 F0A98FAD 		.ascii	"\360\251\217\255\350l\305Y\341\300\315\234\350\203\312"
 480      E86CC559 
 480      E1C0CD9C 
 480      E883CA
 481 0813 76CF5A02 		.ascii	"v\317Z\002\273\352A\231\216\341\367\303\"\215Q\266\234"
 481      BBEA4199 
 481      8EE1F7C3 
 481      228D51B6 
 481      9C
 482 0824 93DE63D9 		.ascii	"\223\336c\331\021D\374\001e\313\347\274L\224\260D\350"
 482      1144FC01 
 482      65CBE7BC 
 482      4C94B044 
 482      E8
 483 0835 847C9323 		.ascii	"\204|\223#s\343\344E\015\036fg\341\323\203}\3716\262"
 483      73E3E445 
 483      0D1E6667 
 483      E1D3837D 
 483      F936B2
 484 0848 C4C63299 		.ascii	"\304\3062\231\350\034\314\341\377f>\231%UWi\202s\026"
 484      E81CCCE1 
 484      FF663E99 
 484      25555769 
 484      827316
ARM GAS  C:\Users\johnb\AppData\Local\Temp\ccsceW1h.s 			page 39


 485 085b 049DB11E 		.ascii	"\004\235\261\036\257\304.jNR][\332\234l\344\254\300"
 485      AFC42E6A 
 485      4E525D5B 
 485      DA9C6CE4 
 485      ACC0
 486 086d 6723E705 		.ascii	"g#\347\005\2754\004\260\227\022\367\367\332\3437\314"
 486      BD3404B0 
 486      9712F7F7 
 486      DAE337CC 
 487 087d F4DB3746 		.ascii	"\364\3337F\212\035\220\253\236i\271\321\266$\206\370"
 487      8A1D90AB 
 487      9E69B9D1 
 487      B62486F8 
 488 088d 5B08F80B 		.ascii	"[\010\370\013V50\034\212\005\244\243\213\340\324\034"
 488      5635301C 
 488      8A05A4A3 
 488      8BE0D41C 
 489 089d 05475A1F 		.ascii	"\005GZ\037e9\320\253\226\310\231fW\355\215\275\307\353"
 489      6539D0AB 
 489      96C89966 
 489      57ED8DBD 
 489      C7EB
 490 08af F08249CD 		.ascii	"\360\202I\315%\201$5E\202\224\324L\227\304\367\250g"
 490      25812435 
 490      458294D4 
 490      4C97C4F7 
 490      A867
 491 08c1 939ADFE7 		.ascii	"\223\232\337\347[\223\032\000\242\027\326<\340\205<"
 491      5B931A00 
 491      A217D63C 
 491      E0853C
 492 08d0 A9B92C90 		.ascii	"\251\271,\220\244\246\250\247\266J\307N\023\221\274"
 492      A4A6A8A7 
 492      B64AC74E 
 492      1391BC
 493 08df C198AB76 		.ascii	"\301\230\253v\016 \234\240a7\371\303\370\026\251s\222"
 493      0E209CA0 
 493      6137F9C3 
 493      F816A973 
 493      92
 494 08f0 C66330FF 		.ascii	"\306c0\377\222=;k\314\364u\253\342e\253=Ne\340\244\242"
 494      923D3B6B 
 494      CCF475AB 
 494      E265AB3D 
 494      4E65E0A4 
 495 0905 96076A72 		.ascii	"\226\007jr\355\213\222\3530\312\032\327\253\344z\203"
 495      ED8B92EB 
 495      30CA1AD7 
 495      ABE47A83 
 496 0915 358C56D1 		.ascii	"5\214V\321\273kO\331\236B\007\307ti\0258\253\351\301"
 496      BB6B4FD9 
 496      9E4207C7 
 496      74691538 
 496      ABE9C1
 497 0928 5B0A0B81 		.ascii	"[\012\013\201-\334r\301\3212\206\240\367\025w\017;\340"
 497      2DDC72C1 
 497      D13286A0 
ARM GAS  C:\Users\johnb\AppData\Local\Temp\ccsceW1h.s 			page 40


 497      F715770F 
 497      3BE0
 498 093a FD4C4FC6 		.ascii	"\375LO\306\265\361\261E\370\020c\332\217\356>\256f\026"
 498      B5F1B145 
 498      F81063DA 
 498      8FEE3EAE 
 498      6616
 499 094c F6113E6B 		.ascii	"\366\021>kz:V\215\217\260\316\355%\3672\244\334\261"
 499      7A3A568D 
 499      8FB0CEED 
 499      25F732A4 
 499      DCB1
 500 095e 8B7EB2D9 		.ascii	"\213~\262\331\236\231\243\305\371\254\363\365\340\311"
 500      9E99A3C5 
 500      F9ACF3F5 
 500      E0C9
 501 096c 612D2E64 		.ascii	"a-.d\314\245\207{\312\245\354\246\225\360\327\306\016"
 501      CCA5877B 
 501      CAA5ECA6 
 501      95F0D7C6 
 501      0E
 502 097d 8DE87139 		.ascii	"\215\350q9\353\334\221sk\247\015\256e\314\330\375\224"
 502      EBDC9173 
 502      6BA70DAE 
 502      65CCD8FD 
 502      94
 503 098e 2A3D6E61 		.ascii	"*=naLe\315\243\026[\334\301\230\344\353\205U\322\213"
 503      4C65CDA3 
 503      165BDCC1 
 503      98E4EB85 
 503      55D28B
 504 09a1 690DE1A3 		.ascii	"i\015\341\243\373\316\306c\334+)\220\"\347(En\244\351"
 504      FBCEC663 
 504      DC2B2990 
 504      22E72845 
 504      6EA4E9
 505 09b4 5A921D1E 		.ascii	"Z\222\035\036a\235\215\211\273\366\010\370\025cf\016"
 505      619D8D89 
 505      BBF608F8 
 505      1563660E 
 506 09c4 0E67E971 		.ascii	"\016g\351q\264\2262\245\307v\344\331\342d\306\224\\"
 506      B49632A5 
 506      C776E4D9 
 506      E264C694 
 506      5C
 507 09d5 2AAD923E 		.ascii	"*\255\222>\316\254\"\367\300\215\224v=\316d}\247\373"
 507      CEAC22F7 
 507      C08D9476 
 507      3DCE647D 
 507      A7FB
 508 09e7 E2CD36F8 		.ascii	"\342\3156\370\2404\252\361U\201\003>&1\367\013\335\360"
 508      A034AAF1 
 508      5581033E 
 508      2631F70B 
 508      DDF0
 509 09f9 29563FD2 		.ascii	")V?\322W\014\031l\021c\036v\364&9\340r\306\304\225\357"
 509      570C196C 
ARM GAS  C:\Users\johnb\AppData\Local\Temp\ccsceW1h.s 			page 41


 509      11631E76 
 509      F42639E0 
 509      72C6C495 
 510 0a0e 29B3C3B5 		.ascii	")\263\303\265\214\251\354\202w\260fV\177\236d\276'\340"
 510      8CA9EC82 
 510      77B06656 
 510      7F9E64BE 
 510      27E0
 511 0a20 FB8CC92B 		.ascii	"\373\214\311+Ny\250\301\217\031\363\350R\354\204\032"
 511      4E79A8C1 
 511      8F19F3E8 
 511      52EC841A 
 512 0a30 F731267F 		.ascii	"\3671&\177:\273\311\016\0170\246\351J\327\023\007<\316"
 512      3ABBC90E 
 512      0F30A6E9 
 512      4AD71307 
 512      3CCE
 513 0a42 9882DC8E 		.ascii	"\230\202\334\216\036\033i\315\220oJ9\227\273\246\021"
 513      1E1B69CD 
 513      906F4A39 
 513      97BBA611 
 514 0a52 9EA49DCE 		.ascii	"\236\244\235\316\271\271\346~\007\344\302=N\322\273"
 514      B9B9E67E 
 514      07E4C23D 
 514      4ED2BB
 515 0a61 31FFB013 		.ascii	"1\377\260\023\251\263\017\357,\314\251\215\026s\226"
 515      A9B30FEF 
 515      2CCCA98D 
 515      167396
 516 0a70 D143E90A 		.ascii	"\321C\351\012\354\272!~w\025\013\2623\254\342;l=\"o"
 516      ECBA217E 
 516      77150BB2 
 516      33ACE23B 
 516      6C3D226F 
 517 0a84 CAE13704 		.ascii	"\312\3417\004\371a]\227\315\341\357\312\361o\347\035"
 517      F9615D97 
 517      CDE1EFCA 
 517      F16FE71D 
 518 0a94 EEA3591C 		.ascii	"\356\243Y\034\276M\216\237w\244N\361\346\\\227\303+"
 518      BE4D8E9F 
 518      77A44EF1 
 518      E65C97C3 
 518      2B
 519 0aa5 E799F32C 		.ascii	"\347\231\363,\227\303w+{\313\277\271\266\345b\366\352"
 519      97C3772B 
 519      7BCBBFB9 
 519      B6E562F6 
 519      EA
 520 0ab6 0ABB0795 		.ascii	"\012\273\007\225Ix\313\236B%\362\3504\363\326?\220\213"
 520      4978CB9E 
 520      4225F2E8 
 520      34F3D63F 
 520      908B
 521 0ac8 9F77F1D5 		.ascii	"\237w\361\325\361\360N9|^\312\320\314;[/\207\337\231"
 521      F1F04E39 
 521      7C5ECAD0 
 521      CC3B5B2F 
ARM GAS  C:\Users\johnb\AppData\Local\Temp\ccsceW1h.s 			page 42


 521      87DF99
 522 0adb 279DF7F5 		.ascii	"'\235\367\365\0079\374\226\034\336\315K\257\225\303"
 522      0739FC96 
 522      1CDECD4B 
 522      AF95C3
 523 0aea ABADAEF2 		.ascii	"\253\255\256\362\367\314C\010\005{\337\037\222.\231"
 523      F7CC4308 
 523      057BDF1F 
 523      922E99
 524 0af9 71388F67 		.ascii	"q8\217g\340\002y\016\364\014\350\005\320$\320\033\240"
 524      E002790E 
 524      F40CE805 
 524      D024D01B 
 524      A0
 525 0b0a 1E2011BB 		.ascii	"\036 \021\273\240\355@O\240>\002\364\032h\030\350\025"
 525      A0ED404F 
 525      A03E02F4 
 525      1A6818E8 
 525      15
 526 0b1b D004D018 		.ascii	"\320\004\320\030\320c\240)\240~\240\227@\203@o\201\246"
 526      D063A029 
 526      A07EA097 
 526      4083406F 
 526      81A6
 527 0b2d 817A81A2 		.ascii	"\201z\201\242a\374\000\224\243@O\201\036\001\365\315"
 527      61FC0094 
 527      A3404F81 
 527      1E01F5CD 
 528 0b3d 4940BAF9 		.ascii	"I@\272\371ewK\356L\313\274yn\316\346\346\371\216|\236"
 528      65774BEE 
 528      4CCBBC79 
 528      6ECEE6E6 
 528      F98E7C9E 
 529 0b51 E7A563CD 		.ascii	"\347\245c\315|h\315\312\241\235\223\354\361\3464)\357"
 529      7C68CDCA 
 529      A19D93EC 
 529      F1E63429 
 529      EF
 530 0b62 1A4E7C1B 		.ascii	"\032N|\033\277.:\224\227\021\237(L\034\002<\2749\015"
 530      BF2E3A94 
 530      97119F28 
 530      4C1C023C 
 530      BC390D
 531 0b75 09F22F26 		.ascii	"\011\362/&$\017\317\306y\347E1QK\357\203\037\345\322"
 531      240FCFC6 
 531      79E74531 
 531      514BEF83 
 531      1FE5D2
 532 0b88 5AE7E757 		.ascii	"Z\347\347W\374B\250S^f<\276\233\267\266]\216\237\227"
 532      FC42A853 
 532      5E663CBE 
 532      9BB7B65D 
 532      8E9F97
 533 0b9b 903DE363 		.ascii	"\220=\343c\321\254l\016\367\251\251\356;nf\032\3453"
 533      D1AC6C0E 
 533      F7A9A9EE 
 533      3B6E661A 
ARM GAS  C:\Users\johnb\AppData\Local\Temp\ccsceW1h.s 			page 43


 533      E533
 534 0bad D3302F74 		.ascii	"\3230/t\274\364\333\312\023\317g\312\274\257U\312\347"
 534      BCF4DBCA 
 534      13CF67CA 
 534      BCAF55CA 
 534      E7
 535 0bbe 076F3BEF 		.ascii	"\007o;\357\352}eW\371\257\307\317,\342I\350k\224\367"
 535      EA7D6557 
 535      F9AFC7CF 
 535      2CE249E8 
 535      6B94F7
 536 0bd1 141FCA0A 		.ascii	"\024\037\312\012^~\227\342\201\300\177\303\317\342\244"
 536      5E7E97E2 
 536      81C07FC3 
 536      CFE2A4
 537 0be0 DF533E2B 		.ascii	"\337S>+\347|\206\343\017\263k\362PV\314;\352\371P\266"
 537      E77C86E3 
 537      0FB36BF2 
 537      5056CC3B 
 537      EAF950B6 
 538 0bf4 2A1FDD96 		.ascii	"*\037\335\2267\270\361\202\202\216E\270\334\206fu\027"
 538      37B8F182 
 538      828E45B8 
 538      DC866675 
 538      17
 539 0c05 334A32EC 		.ascii	"3J2\354\221\253\223\364\246\232\213iV\267\003;\241\030"
 539      91AB93F4 
 539      A69A8B69 
 539      56B7033B 
 539      A118
 540 0c17 3C9B3B0D 		.ascii	"<\233;\015\321\344Q\351,A\261\330\365\377\315qB>u\324"
 540      D1E451E9 
 540      2C41B1D8 
 540      F5FFCD71 
 540      423E75D4 
 541 0c2b DF7F81F8 		.ascii	"\337\177\201\370\354\226xb\315\302\3420\375\326FJ\362"
 541      EC967862 
 541      CDC2E230 
 541      FDD6464A 
 541      F2
 542 0c3c 4F9CF896 		.ascii	"O\234\370\226^\3739\337\372\224\276\353\253\376\351"
 542      5EFB39DF 
 542      FA94BEEB 
 542      ABFEE9
 543 0c4b 477D10D5 		.ascii	"G}\020\325?}\263\326\206\327\033?Go\202\2447\201\352"
 543      3F7DB3D6 
 543      86D71B3F 
 543      476F82A4 
 543      3781EA
 544 0c5e 3D7F2377 		.ascii	"=\177#w\217\235\242^\325OW\212\022\261\023\310\352\033"
 544      8F9DA25E 
 544      D54F578A 
 544      12B113C8 
 544      EA1B
 545 0c70 E939B048 		.ascii	"\3519\260H'}\336J\370\247\037\233P\022\326\221\\5n\350"
 545      277DDE4A 
 545      F8A71F9B 
ARM GAS  C:\Users\johnb\AppData\Local\Temp\ccsceW1h.s 			page 44


 545      5012D691 
 545      5C356EE8 
 546 0c84 2EC6F574 		.ascii	".\306\365t\011\240\357v\211\347\2644\011\007\363\244"
 546      09A0EF76 
 546      89E7B434 
 546      0907F3A4 
 547 0c94 AF6C536D 		.ascii	"\257lSm\373nih\033\311\327wb\332\230\334R\220g\277`"
 547      FB6E6968 
 547      1BC9D777 
 547      62DA98DC 
 547      529067BF 
 548 0ca9 629E8A49 		.ascii	"b\236\212Ib\236\202\245\304\374\314\356\272n\004\211"
 548      629E82A5 
 548      C4FCCCEE 
 548      BA6E0489 
 549 0cb9 B99926E6 		.ascii	"\271\231&\346\037\334=F\023\363\303\237P J\266..\250"
 549      1FDC3D46 
 549      13F3C39F 
 549      50204AB6 
 549      2E2EA8
 550 0ccc CE4DCCD3 		.ascii	"\316M\314\323\360r\225}`DPX`XXp`hx\250\311v\375\347"
 550      F072957D 
 550      60445058 
 550      60585870 
 550      606878A8 
 551 0ce4 7F76F674 		.ascii	"\177v\366twWi\375|\274\202LA\352\240\315\221a\272\300"
 551      775769FD 
 551      7CBC824C 
 551      41EAA0CD 
 551      9161BAC0 
 552 0cf8 C0ADA1E1 		.ascii	"\300\255\241\341\246\325\036\201\246\315\233~\027\260"
 552      A6D51E81 
 552      A6CD9B7E 
 552      17B0
 553 0d06 E99BD0AF 		.ascii	"\351\233\320\257B\243L[\203C\215\001&\2431,*\340\353"
 553      42A34C5B 
 553      83438D01 
 553      26A3312C 
 553      2AE0EB
 554 0d19 F0ADCEB4 		.ascii	"\360\255\316\264\346\034\024\271\3059d\313W!\301\301"
 554      E61C14B9 
 554      C53964CB 
 554      5721C1C1 
 555 0d29 21C1011F 		.ascii	"!\301\001\037\256\\\355\354\261\312\375\267\177u\017"
 555      AE5CEDEC 
 555      B1CAFDB7 
 555      7F750F
 556 0d38 80F6F7C3 		.ascii	"\200\366\367\303\215\341!\357\207\004}\025\032\020\032"
 556      8DE121EF 
 556      87047D15 
 556      1A101A
 557 0d47 BE296C6B 		.ascii	"\276)lkpH\300\226 \220\025\036\022\020\030\034\2629"
 557      7048C096 
 557      2090151E 
 557      1210181C 
 557      B239
 558 0d59 686B9829 		.ascii	"hk\230)\320\364\367\210\220\250\225\337\250l-\372\376"
ARM GAS  C:\Users\johnb\AppData\Local\Temp\ccsceW1h.s 			page 45


 558      D0F4F788 
 558      90A895DF 
 558      A86C2DFA 
 558      FE
 559 0d6a EBFF545F 		.ascii	"\353\377T_\324\337\243\002\002\243L\301 \034\224`cp"
 559      D4DFA302 
 559      02A34CC1 
 559      201C9460 
 559      6370
 560 0d7c A426626B 		.ascii	"\244&bkDp\244\2151*\"$$8Rk$\006Dj\266\030\203C\"\211"
 560      4470A48D 
 560      312A2224 
 560      2438526B 
 560      2406446A 
 561 0d96 EBDF7CB4 		.ascii	"\353\337|\264r\245\333\354\2371\312\355\233\2400\267"
 561      72A5DBEC 
 561      9F31CAED 
 561      9BA030B7 
 562 0da6 0863A429 		.ascii	"\010c\244)\312\315\377\213\317V{\270\371\372z\271\255"
 562      CACDFF8B 
 562      CF567BB8 
 562      F9FA7AB9 
 562      AD
 563 0db7 F7DBB0F1 		.ascii	"\367\333\260\361o\036\244\313\022J\020\356\030e\332"
 563      6F1EA4CB 
 563      124A10EE 
 563      1865DA
 564 0dc6 020E7C1D 		.ascii	"\002\016|\035\021j\014\214\0121m\215\0104i\375\326\223"
 564      116A0C8C 
 564      0A316D8D 
 564      083469FD 
 564      D693
 565 0dd8 906AFDD6 		.ascii	"\220j\375\326\261\302\233\025^\254\360d\305ZV\254a\305"
 565      B1C29B15 
 565      5EACF064 
 565      C55A56AC 
 565      61C5
 566 0dea 0652D8F9 		.ascii	"\006R\330\371\255\361\3654\206o\016\375\372_\264f\223"
 566      ADF1F534 
 566      866F0EFD 
 566      FA5FB466 
 566      93
 567 0dfb EADF6627 		.ascii	"\352\337f'\031l\371:\322\2705\202\270h\033j$E\240I\037"
 567      196CF93A 
 567      D2B83582 
 567      B8681B6A 
 567      2445A049 
 568 0e10 6A2462B6 		.ascii	"j$b\266\004E\375%\320\244^\263\316\340C~|\325\276\236"
 568      0445FD25 
 568      D0A45EB3 
 568      CEE0437E 
 568      7CD5BE9E 
 569 0e24 9F1AD46B 		.ascii	"\237\032\324k\375\015\006\364\037\310G\263),$(RZ\013"
 569      FD0D06F4 
 569      1FC847B3 
 569      292C2428 
 569      525A0B
ARM GAS  C:\Users\johnb\AppData\Local\Temp\ccsceW1h.s 			page 46


 570 0e37 EE1F069A 		.ascii	"\356\037\006\232l-\025\014B\361F/\003\336\340e\320\370"
 570      6C2D150C 
 570      42F1462F 
 570      03DEE065 
 570      D0F8
 571 0e49 FDD9CFCB 		.ascii	"\375\331\317\313`\263\321\337\317\333\333\313\240\335"
 571      60B3D1DF 
 571      CFDBDBCB 
 571      A0DD
 572 0e57 F8C57FFA 		.ascii	"\370\305\177\372y\0334\237m\364\3626\340\265\006\203"
 572      791B349F 
 572      6DF4F236 
 572      E0B50683 
 573 0e67 9E0B8B49 		.ascii	"\236\013\213I\307\324\206\006\007\2324\376\376\236\353"
 573      C7D48606 
 573      079A34FE 
 573      FE9EEB
 574 0e76 0D76066F 		.ascii	"\015v\006o\177o\303\227\336^\037bO\177\320\354\345i"
 574      7F6FC397 
 574      DE5E1F62 
 574      4F7FD0EC 
 574      E569
 575 0e88 6DFA8DDD 		.ascii	"m\372\215\335\032\277\265\036\276~\336\237\033H\315"
 575      1ABFB51E 
 575      BE7EDE9F 
 575      1B48CD
 576 0e97 9DD52CBD 		.ascii	"\235\325,\275\037\330\255\361Y\273Z\352\365\231\305"
 576      1FD8ADF1 
 576      59BB5AEA 
 576      F599C5
 577 0ea6 F9C871AB 		.ascii	"\371\310q\253m\210\024h!\245;\337\343aC$\320\036\037"
 577      6D881468 
 577      21A53BDF 
 577      E3614324 
 577      D01E1F
 578 0eb9 09E13317 		.ascii	"\011\3413\027\341nK\306\032\374\2770\220\212;\251\314"
 578      E16E4BC6 
 578      1AFCBF30 
 578      908A3BA9 
 578      CC
 579 0eca F6ADB225 		.ascii	"\366\255\262%\243Y\237\217\005\344\303@\330s\203A\355"
 579      A3599F8F 
 579      05E4C340 
 579      D8738341 
 579      ED
 580 0edb B96EBDC1 		.ascii	"\271n\275\301\306\317\327\227\224\202\247A\007\325\015"
 580      C6CFD797 
 580      9482A741 
 580      07D50D
 581 0eea 1EFE84FB 		.ascii	"\036\376\204\373X6\251\233\214[\266\030\303\335B\266"
 581      5836A99B 
 581      8C5BB618 
 581      C3DD42B6 
 582 0efa 99DC3C3F 		.ascii	"\231\334<?\363\337\340\017s\313\246w\335\007\333\266"
 582      F3DFE00F 
 582      73CBA677 
 582      DD07DBB6 
ARM GAS  C:\Users\johnb\AppData\Local\Temp\ccsceW1h.s 			page 47


 583 0f0a B9D1F86D 		.ascii	"\271\321\370m\376`\325o\267m\203U\266\310\340\351\031"
 583      FE60D56F 
 583      B76D8355 
 583      B6C8E0E9 
 583      19
 584 0f1b F805AC59 		.ascii	"\370\005\254Y\257\220\315\266d\377\222\300\376\0036"
 584      AF90CDB6 
 584      64FF92C0 
 584      FE0336
 585 0f2a 519BFD   		.ascii	"Q\233\375"
 586              		.text
 587              		.section	.gnu.lto_.symtab.d7348876,"",%progbits
 588 0000 5F70616C 		.ascii	"_pal_lld_init\000"
 588      5F6C6C64 
 588      5F696E69 
 588      7400
 589 000e 00       		.ascii	"\000"
 590 000f 00       		.ascii	"\000"
 591 0010 00       		.ascii	"\000"
 592 0011 00000000 		.ascii	"\000\000\000\000\000\000\000\000"
 592      00000000 
 593 0019 F3000000 		.ascii	"\363\000\000\000"
 594 001d 5F70616C 		.ascii	"_pal_lld_setgroupmode\000"
 594      5F6C6C64 
 594      5F736574 
 594      67726F75 
 594      706D6F64 
 595 0033 00       		.ascii	"\000"
 596 0034 00       		.ascii	"\000"
 597 0035 00       		.ascii	"\000"
 598 0036 00000000 		.ascii	"\000\000\000\000\000\000\000\000"
 598      00000000 
 599 003e 38010000 		.ascii	"8\001\000\000"
 600              		.text
 601              		.section	.gnu.lto_.opts,"",%progbits
 602 0000 272D666D 		.ascii	"'-fmath-errno' '-fsigned-zeros' '-ftrapping-math' '"
 602      6174682D 
 602      6572726E 
 602      6F272027 
 602      2D667369 
 603 0033 2D666E6F 		.ascii	"-fno-trapv' '-fno-openmp' '-fno-openacc' '-mcpu=cor"
 603      2D747261 
 603      70762720 
 603      272D666E 
 603      6F2D6F70 
 604 0066 7465782D 		.ascii	"tex-m4' '-mno-thumb-interwork' '-mthumb' '-ggdb' '-"
 604      6D342720 
 604      272D6D6E 
 604      6F2D7468 
 604      756D622D 
 605 0099 4F322720 		.ascii	"O2' '-fomit-frame-pointer' '-falign-functions=16' '"
 605      272D666F 
 605      6D69742D 
 605      6672616D 
 605      652D706F 
 606 00cc 2D666675 		.ascii	"-ffunction-sections' '-fdata-sections' '-fno-common"
 606      6E637469 
ARM GAS  C:\Users\johnb\AppData\Local\Temp\ccsceW1h.s 			page 48


 606      6F6E2D73 
 606      65637469 
 606      6F6E7327 
 607 00ff 2720272D 		.ascii	"' '-flto'\000"
 607      666C746F 
 607      2700
 608              		.text
 609              		.comm	__gnu_lto_v1,1,1
 610              		.comm	__gnu_lto_slim,1,1
 611              		.ident	"GCC: (GNU Tools for ARM Embedded Processors 6-2017-q1-update) 6.3.1 20170215 (release) [AR
ARM GAS  C:\Users\johnb\AppData\Local\Temp\ccsceW1h.s 			page 49


DEFINED SYMBOLS
                            *ABS*:00000000 hal_pal_lld.c
                            *COM*:00000001 __gnu_lto_v1
                            *COM*:00000001 __gnu_lto_slim

NO UNDEFINED SYMBOLS
