ARM GAS  C:\Users\johnb\AppData\Local\Temp\ccY4LNcA.s 			page 1


   1              		.cpu cortex-m4
   2              		.eabi_attribute 20, 1
   3              		.eabi_attribute 21, 1
   4              		.eabi_attribute 23, 3
   5              		.eabi_attribute 24, 1
   6              		.eabi_attribute 25, 1
   7              		.eabi_attribute 26, 1
   8              		.eabi_attribute 30, 2
   9              		.eabi_attribute 34, 1
  10              		.eabi_attribute 18, 4
  11              		.file	"hal_pal.c"
  12              		.text
  13              	.Ltext0:
  14              		.section	.gnu.lto_.profile.5f7fec7,"",%progbits
  15 0000 789C6365 		.ascii	"x\234ce`b`a```d\2100\004\000\001a\000\226"
  15      60626061 
  15      60606064 
  15      88300400 
  15      01610096 
  16              		.text
  17              		.section	.gnu.lto_.icf.5f7fec7,"",%progbits
  18 0000 789C6365 		.ascii	"x\234ce`bPc@\0006\206w+\226\355ee\234\375h\3055\036"
  18      60625063 
  18      40003686 
  18      772B96ED 
  18      65659CFD 
  19 0018 A6C7272E 		.ascii	"\246\307'.]\347b>?\345C;#\313\336\177\037W\363\260\036"
  19      5DE7623E 
  19      3FE5433B 
  19      23CBDE7F 
  19      1F57F3B0 
  20 002d 3D38F92A 		.ascii	"=8\371*;\003\000t2\022\331"
  20      3B030074 
  20      3212D9
  21              		.text
  22              		.section	.gnu.lto_.jmpfuncs.5f7fec7,"",%progbits
  23 0000 789C658C 		.ascii	"x\234e\2141\012\2000\024C\223\237\352\350\354U\005\341"
  23      310A8030 
  23      1443939F 
  23      EAE8EC55 
  23      05E1
  24 0012 0B1EC2B1 		.ascii	"\013\036\302\261C\007\365\024\036\312M\020\254v\020"
  24      4307F514 
  24      1ECA4D10 
  24      AC7610
  25 0021 344396BC 		.ascii	"4C\226\274\227\012\206\036o\004\222n\234\304\361\330"
  25      970A861E 
  25      6F04926E 
  25      9CC4F1D8 
  26 0031 F6C6CFA1 		.ascii	"\366\306\317\241\215BR\3368\323\301\0003R\376\203\230"
  26      8D4252DE 
  26      38D3C100 
  26      3352FE83 
  26      98
  27 0042 C40C2D05 		.ascii	"\304\014-\005\012\017\304\272\334Z\307\273?\206%Y6\326"
  27      0A0FC4BA 
  27      DC5AC7BB 
ARM GAS  C:\Users\johnb\AppData\Local\Temp\ccY4LNcA.s 			page 2


  27      3F862559 
  27      36D6
  28 0054 62E00275 		.ascii	"b\340\002u\266\034R"
  28      B61C52
  29              		.text
  30              		.section	.gnu.lto_.inline.5f7fec7,"",%progbits
  31 0000 789C6365 		.ascii	"x\234ce`b\360`d\200\003f\006\006\001\021F6\006\205\254"
  31      6062F060 
  31      64800366 
  31      06060111 
  31      46360685 
  32 0015 E9CC8CD3 		.ascii	"\351\314\214\323Z\017\235g\357c\236\317\314\314\310"
  32      5A0F9D67 
  32      EF639ECF 
  32      CCCCC8
  33 0024 C0B89C51 		.ascii	"\300\270\234Q\206\201A!\033Jg\000\245\327,\373x\200"
  33      86814121 
  33      1B4A6700 
  33      A5D72CFB 
  33      7880
  34 0036 1F24CDC2 		.ascii	"\037$\315\302\310\317\270\202Q\206\331\201A!\035\306"
  34      C8CFB882 
  34      5186D981 
  34      41211DC6 
  35 0046 00990924 		.ascii	"\000\231\011$\230\035X9W\2701p\3360cb`Y \357\300\300"
  35      981D5839 
  35      57B83170 
  35      DE306362 
  35      605920EF 
  36 005c B884BD81 		.ascii	"\270\204\275\201\221\203\211\201u\213\012\220\006Y\311"
  36      91838981 
  36      758B0A90 
  36      0659C9
  37 006b C4CD20C2 		.ascii	"\304\315 \302\300\010t\207\250$#;\320bt\233p\033\315"
  37      C0087487 
  37      A824233B 
  37      D062749B 
  37      701BCD
  38 007e 0862B209 		.ascii	"\010b\262\011\276ha\304m\001\323\005\376\006&$kX\030"
  38      BE6861C4 
  38      6D01D305 
  38      FE062624 
  38      6B5818
  39 0091 84E4C1FE 		.ascii	"\204\344\301\376#\336\032V\326\016u\274>`\341\005\006"
  39      23DE1A56 
  39      D60E75BC 
  39      3E60E105 
  39      06
  40 00a2 DC043F10 		.ascii	"\334\004?\020\204\332\302\000\000z\21538"
  40      84DAC200 
  40      007A8D33 
  40      38
  41              		.text
  42              		.section	.gnu.lto_.pureconst.5f7fec7,"",%progbits
  43 0000 789C6365 		.ascii	"x\234ce`b`g```f\220b\222b\221\004\000\001\317\000e"
  43      60626067 
  43      60606066 
ARM GAS  C:\Users\johnb\AppData\Local\Temp\ccY4LNcA.s 			page 3


  43      90629262 
  43      91040001 
  44              		.text
  45              		.section	.gnu.lto_palReadBus.5f7fec7,"",%progbits
  46 0000 789C9552 		.ascii	"x\234\225R[KTQ\024^\337Y\347\23493\216\332c\017\022"
  46      5B4B5451 
  46      145EDF59 
  46      E79C3933 
  46      8EDA630F 
  47 0015 1308E28B 		.ascii	"\023\010\342\213C\277\241\350o\204\371\022$\024I\317"
  47      43BFA1E8 
  47      6F84F912 
  47      241449CF 
  48 0025 B31D472B 		.ascii	"\263\035G+\243\013Qy\311\351\004ef\336\355\252Y\015"
  48      A30B5179 
  48      C9E90465 
  48      66DEEDAA 
  48      590D
  49 0037 1A74812E 		.ascii	"\032t\201.JP\030](_,\203\264\207 J[k\3178\016\275\011"
  49      4A50185D 
  49      285F2C83 
  49      B487204A 
  49      5B6BCF38 
  50 004e 337BEFB5 		.ascii	"3{\357\265\366\267\276\365\255o\037\217\034\352a\242"
  50      F6B7BEF5 
  50      AD6F1F8F 
  50      1CEA61A2 
  51 005e 1A22DA25 		.ascii	"\032\"\332%\177\370\004\347\364\013\242\346\300q\334"
  51      7FF804E7 
  51      F40BA2E6 
  51      C071DC
  52 006d 4B1E9918 		.ascii	"K\036\231\030\377xBd\342\354\270\257\223\022zS\333$"
  52      FF784264 
  52      E2ECB8AF 
  52      93127A53 
  52      DB24
  53 007f 72E1E551 		.ascii	"r\341\345Q\036\240\007\023\200R\016\273\036R8\305\035"
  53      1EA00713 
  53      80520EBB 
  53      1E5238C5 
  53      1D
  54 0090 8CD9CC68 		.ascii	"\214\331\314h\017\237\344\220\011\256\204\313\317\273"
  54      0F9FE490 
  54      09AE84CB 
  54      CFBB
  55 009e BF546808 		.ascii	"\277Th\010$$\274`\346\216Ej\373\214I\233\\\307\031\377"
  55      2424BC60 
  55      E68E456A 
  55      FB8C499B 
  55      5CC719FF 
  56 00b2 E2F82B13 		.ascii	"\342\370+\023\015\331\241.\201_C\025\372P\245b\372Q"
  56      0DD9A12E 
  56      815F4315 
  56      FA50A562 
  56      FA51
  57 00c4 2BE0D6D9 		.ascii	"+\340\326\331\2166\346j\220\234\337\177\374\324\037"
  57      8E36E66A 
ARM GAS  C:\Users\johnb\AppData\Local\Temp\ccY4LNcA.s 			page 4


  57      909CDF7F 
  57      FCD41F
  58 00d3 D4F4DAC2 		.ascii	"\324\364\332\302Gg\331T\207\314\270\016.-\224\024a\000"
  58      4767D954 
  58      87CCB80E 
  58      2E2D9414 
  58      6100
  59 00e5 358AFF3C 		.ascii	"5\212\377<\266z\256\334w/\313\210\002\021\312A\370\220"
  59      B67AAEDC 
  59      772FCB88 
  59      0211CA41 
  59      F890
  60 00f7 4D122373 		.ascii	"M\022#s\310\231\325\265#&\267t\005\331\335q\007Z\344"
  60      C899D5B5 
  60      2326B774 
  60      05D9DD71 
  60      075AE4
  61 010a 4AB9EBCB 		.ascii	"J\271\353\313\342Ed\361\003\015\243z\212\351RF\252\222"
  61      E24564F1 
  61      030DA37A 
  61      8AE95246 
  61      AA92
  62 011c DA854AA7 		.ascii	"\332\205J\247>.\201\354\274\200\314\374\314\207N_\331"
  62      3E2E81EC 
  62      BC80CCFC 
  62      CC874E5F 
  62      D9
  63 012d B3EC48DF 		.ascii	"\263\354H\337\363\255\323/#:/\2030d\247Q8\223\230\311"
  63      F3ADD32F 
  63      233A2F83 
  63      3064A751 
  63      389398C9 
  64 0141 8B484F46 		.ascii	"\213HOF\363X\365\346\327\343gG\343!\262\315\306\230"
  64      F358F5E6 
  64      D7E36747 
  64      E321B2CD 
  64      C698
  65 0153 44C81161 		.ascii	"D\310\021a\310\227\310]\357Bz8\222\0342\371\253\000"
  65      C897C85D 
  65      EF427A38 
  65      921C32F9 
  65      AB00
  66 0165 C308D1A9 		.ascii	"\303\010\321\251\203\020F\220$i\374v\347\006\323\340"
  66      83104690 
  66      2469FC76 
  66      E706D3E0 
  67 0175 D5E55CA5 		.ascii	"\325\345\\\245v\015P\211\321bW\227\346w\3607d\022\212"
  67      760D5089 
  67      D1625797 
  67      E677F037 
  67      64128A
  68 0188 54D68989 		.ascii	"T\326\211\211\245w\221\324_\023\204\034\355b\365c\014"
  68      A57791D4 
  68      5F13841C 
  68      ED62F563 
  68      0C
  69 0199 292A951D 		.ascii	")*\225\035\263n\267\374~\370\263Bp[%\241\026j\356i\367"
ARM GAS  C:\Users\johnb\AppData\Local\Temp\ccY4LNcA.s 			page 5


  69      B36EB7FC 
  69      7EF8B342 
  69      705B25A1 
  69      166AEE69 
  70 01ae C07E15BB 		.ascii	"\300~\025\273%\3442\334\220\347\036/H]\373:>\034\025"
  70      25E432DC 
  70      90E71E2F 
  70      485DFB3A 
  70      3E1C15
  71 01c1 70A7951A 		.ascii	"p\247\225\032\303M\221j\033\342\026R!\307\255\024\317"
  71      C34D916A 
  71      1BE21652 
  71      21C7AD14 
  71      CF
  72 01d2 FAA5062C 		.ascii	"\372\245\006,\236\230)\370\345o\312\203r\334\266\036"
  72      9E9829F8 
  72      E56FCA83 
  72      72DCB61E 
  73 01e2 403DB823 		.ascii	"@=\270#\036,bz\335\315H\351\010\345v\204\377\210+\244"
  73      1E2C627A 
  73      DDCD48E9 
  73      08E57684 
  73      FF882BA4 
  74 01f6 1DEE1688 		.ascii	"\035\356\026\210\337\254\254\314\304\2058\323\254W\225"
  74      DFACACCC 
  74      C48538D3 
  74      AC5795
  75 0205 98B0C48E 		.ascii	"\230\260\304\216\022OZ\342\3423\005\233|\246{\033\317"
  75      124F5AE2 
  75      E233059B 
  75      7CA67B1B 
  75      CF
  76 0216 3465995A 		.ascii	"4e\231ZV\332\220\247\212f\2654(e\217m\212\335\301}\313"
  76      56DA90A7 
  76      8A66B534 
  76      28658F6D 
  76      8ADDC17D 
  77 022b 6E3FE707 		.ascii	"n?\347\007y\366?\353\354e\266A\214\276#\235(dTE\273"
  77      79F63FEB 
  77      EC65B641 
  77      8CBE239D 
  77      28645445 
  78 0240 D825C6CB 		.ascii	"\330%\306\313h\333\353\352\222\305\337\201\246\344\276"
  78      68DBEBEA 
  78      92C5DF81 
  78      A6E4BE
  79 024f FAC664D3 		.ascii	"\372\306d\323\241\006\335\367\034\254o\254k \336{\270"
  79      A106DDF7 
  79      1CAC6FAC 
  79      6B20DE7B 
  79      B8
  80 0260 E91FF105 		.ascii	"\351\037\361\005*)"
  80      2A29
  81              		.text
  82              		.section	.gnu.lto_palWriteBus.5f7fec7,"",%progbits
  83 0000 789C9552 		.ascii	"x\234\225R[KTQ\024\336\337\331\347\234\271_\352\251"
  83      5B4B5451 
ARM GAS  C:\Users\johnb\AppData\Local\Temp\ccY4LNcA.s 			page 6


  83      14DEDFD9 
  83      E79CB95F 
  83      EAA9
  84 0012 070903C1 		.ascii	"\007\011\003\301\204p\3507\024\375\215P_\212\204\242"
  84      8470E837 
  84      14FD8D50 
  84      5F8A84A2 
  85 0022 297A9CE3 		.ascii	")z\234\3438j(] \274\346p\244P\233\274\333u\314t\032"
  85      386A285D 
  85      20BCE670 
  85      A4509BBC 
  85      DB75CC74 
  86 0037 1FACB042 		.ascii	"\037\254\260B\211\212.\024eB7P\013\212\250\231\326\332"
  86      898A2E14 
  86      65423750 
  86      0B8AA899 
  86      D6DA
  87 0049 6746CD37 		.ascii	"gF\31577\347\254s\366\332k}\353[\337\332\206\320\304"
  87      37E7AC73 
  87      F6DA6B7D 
  87      EB5BDFDA 
  87      86D0C4
  88 005c 295D883D 		.ascii	")]\210=B\210\375\364\302\024\320\316?\026\242\316\255"
  88      4288FDF4 
  88      C214D0CE 
  88      3F16A2CE 
  88      AD
  89 006d 697A8F21 		.ascii	"iz\217!,\257\\\276/\204\345\227\232\3764B[cr'\355t\030"
  89      2CAF5CBE 
  89      2F84E597 
  89      9AFE3442 
  89      5B637227 
  90 0084 4E9401F0 		.ascii	"N\224\001\360\217\345\206\210iR7\020\3039\331.\221m"
  90      8FE58688 
  90      69523710 
  90      C339D92E 
  90      916D
  91 0096 5A4A6B15 		.ascii	"ZJk\025\375\026\255L\373\017\263\321j\330aK!:\351\345"
  91      FD16AD4C 
  91      FB0FB3D1 
  91      6AD8614B 
  91      213AE9E5 
  92 00aa 857E5450 		.ascii	"\205~TP\324|b\264[\236\225\266\004t\332\256<\352\372"
  92      D47C62B4 
  92      5B9E95B6 
  92      0474DAAE 
  92      3CEAFA
  93 00bd 10E4AD86 		.ascii	"\020\344\255\206R\3326\314\2677JY\006A\377o\336\276"
  93      52DA36CC 
  93      B7374A59 
  93      0641FF6F 
  93      DEBE
  94 00cf 4BB9CB7B 		.ascii	"K\271\313{-+ne\346.H\253\314\226\022W!\011\020)\224"
  94      2D2B6E65 
  94      E62E48AB 
  94      CC961257 
  94      21091029 
ARM GAS  C:\Users\johnb\AppData\Local\Temp\ccY4LNcA.s 			page 7


  95 00e4 E00A4A04 		.ascii	"\340\012J\004\271\004\006PN\341\311\334\245Y\237\334"
  95      B9040650 
  95      4EE1C9DC 
  95      A5599FDC 
  96 00f4 AD52D376 		.ascii	"\255R\323vw\312,\244\276nU\251:\0067\247\352\002C(\347"
  96      77CA2CA4 
  96      BE6E55A9 
  96      3A0637A7 
  96      EA024328 
  97 0109 F8F763B9 		.ascii	"\370\367c\271\326\200\251_.\322\3050L\320\207\034#\013"
  97      D680A95F 
  97      2ED2C530 
  97      4CD0871C 
  97      230B
  98 011b C858B97C 		.ascii	"\310X\271|\023q\350C\376\300v\015\\O\247t\303$c\272"
  98      1371E843 
  98      FEC0760D 
  98      5C4FA774 
  98      C32463BA 
  99 012f C0206EFA 		.ascii	"\300 n\372uy\330x\331\370\370\330\317&\300\333 \233"
  99      7579D878 
  99      D9F8F8D8 
  99      CF26C0DB 
  99      209B
 100 0141 109B301B 		.ascii	"\020\2330\033!\232\251\010k\330\"5\376\312E$^\316,]"
 100      219AA908 
 100      6BD82235 
 100      FECA4524 
 100      5ECE2C5D 
 101 0155 34B96E52 		.ascii	"4\271nRj\304\250\255!\373\304\305\272H\010\214\020]"
 101      6AC4A8AD 
 101      21FBC4C5 
 101      BA48088C 
 101      105D
 102 0167 5E2DD42D 		.ascii	"^-\324-\215F~B|\302\343\304\262\206?g\037\236\366\333"
 102      8D467E42 
 102      7CC2E3C4 
 102      B2863F67 
 102      1F9EF6DB 
 103 017b 48D691F2 		.ascii	"H\326\221\362\245\266t\023\202\223Bg\275\213\361aWd"
 103      A5B67413 
 103      82934267 
 103      BD8BF161 
 103      5764
 104 018d C8728E3C 		.ascii	"\310r\216<\030\205\215\0165\021\214!\"\250\360\213}"
 104      18858D0E 
 104      35118C21 
 104      22A8F08B 
 104      7D
 105 019e EB48837D 		.ascii	"\353H\203}+\231\020W\365 \204\361\265\252\272x\271W"
 105      2B991057 
 105      F52084F1 
 105      B5AABA78 
 105      B957
 106 01b0 7E41A294 		.ascii	"~A\242\224#\225\276\351\257\257\\\261\277\226\333\226"
 106      2395BEE9 
 106      AFAF5CB1 
ARM GAS  C:\Users\johnb\AppData\Local\Temp\ccY4LNcA.s 			page 8


 106      BF96DB96 
 107 01c0 DE4EC94A 		.ascii	"\336N\311J]CLl\244\355Ss\250\377=\375=Hqt\021|,.\373"
 107      5D434C6C 
 107      A4ED5373 
 107      A8FF3DFD 
 107      3D487174 
 108 01d9 1E740D1C 		.ascii	"\036t\015\034a\262a[\372q\203.\317\365\002\325\374\347"
 108      61B2615B 
 108      FA71832E 
 108      CFF502D5 
 108      FCE7
 109 01eb F1610F05 		.ascii	"\361a\017\005w(\252>\334$\252\252 n!f\313\200\242b("
 109      7728AA3E 
 109      DC24AAAA 
 109      206E2166 
 109      CB80A262 
 110 0200 BD5880D4 		.ascii	"\275X\200\324\224t\210\233[\222 \210\333J\002\260\004"
 110      9474889B 
 110      5B922088 
 110      DB4A02B0 
 110      04
 111 0211 699280B0 		.ascii	"i\222\200\260r\215p\240(\317%6\250\353\331\022\264\216"
 111      728D70A0 
 111      28CF2536 
 111      A8EBD912 
 111      B48E
 112 0223 0905AD31 		.ascii	"\011\005\2551\364\035\005]\377\247\010\355U\350\236"
 112      F41D055D 
 112      FFA708ED 
 112      55E89E
 113 0232 8DE8BE2D 		.ascii	"\215\350\276-\316nr}vw\035\364\266\"\272\337A[X\236"
 113      CE6E727D 
 113      76771DF4 
 113      B622BADF 
 113      415B589E 
 114 0246 4BFA587E 		.ascii	"K\372X~\003aL\021\014\305,\027c\002\212\204\377?VAj"
 114      03614C11 
 114      0CC52C17 
 114      63028A84 
 114      FF3F5641 
 115 025b D861B51E 		.ascii	"\330a\265\036\027Rn\037\373~\025}a\225\036\"_\266M\261"
 115      17526E1F 
 115      FB7E157D 
 115      61951E22 
 115      5FB64DB1 
 116 026f DF38EBA0 		.ascii	"\3378\353\240\232\365\246N\010\305\304t\241\223\347"
 116      9AF5A64E 
 116      08C5C474 
 116      A193E7
 117 027e ABAB337E 		.ascii	"\253\2533~\352$Q\307GadT'\205\013\321\262\370\361\231"
 117      EA2451C7 
 117      47616454 
 117      27850BD1 
 117      B2F8F199 
 118 0292 B176B80D 		.ascii	"\261v\270\015\367\020\351\240+G]f\021\241\322\342\033"
 118      F710E9A0 
 118      2B475D66 
ARM GAS  C:\Users\johnb\AppData\Local\Temp\ccY4LNcA.s 			page 9


 118      11A1D2E2 
 118      1B
 119 02a3 E23DF933 		.ascii	"\342=\3713\316]\340\325L\303\243[@2\357\252\254\214"
 119      CE5DE0D5 
 119      4CC3A35B 
 119      4032EFAA 
 119      AC8C
 120 02b5 AC3D47A3 		.ascii	"\254=G\243\221CU\265\221\350\361\032\376\036<VU[Y#d"
 120      914355B5 
 120      91E8F11A 
 120      FE1E3C56 
 120      555B5923 
 121 02ca F5C9A85E 		.ascii	"\365\311\250^}\370D\364\037]\353j5"
 121      7DF844F4 
 121      1F5DEB6A 
 121      35
 122              		.text
 123              		.section	.gnu.lto_palSetBusMode.5f7fec7,"",%progbits
 124 0000 789C9592 		.ascii	"x\234\225\222\333KTQ\024\306\327w\326\271\315\305Ko"
 124      DB4B5451 
 124      14C6D777 
 124      D6B9CDC5 
 124      4B6F
 125 0012 3D481808 		.ascii	"=H\030\010&\204C\177CA\377Boa\026\004\031F\322\363\034"
 125      2684437F 
 125      4341FF42 
 125      6F611604 
 125      1946D2F3 
 126 0027 471D4349 		.ascii	"G\035CI\0031\035\311\216\020\223M\336\265\333x\251\301"
 126      03311DC9 
 126      8E10934D 
 126      DEB5DB78 
 126      A9C1
 127 0039 1EBA174A 		.ascii	"\036\272\027J\017aYQ\022\224\011\212\017A\224\266\366"
 127      0F615951 
 127      1294098A 
 127      0F4194B6 
 127      F6
 128 004a 3EA616BD 		.ascii	">\246\026\275\270\231s\366^\373\254\365\255o\377\366"
 128      B89973F6 
 128      5EFBACF5 
 128      AD6FFFF6 
 129 005a 5864D005 		.ascii	"Xd\320\005&\332OD\207\344\201M0.\276 \252u\015\303\354"
 129      26DA4F44 
 129      87E4814D 
 129      302EBE20 
 129      AA750DC3 
 130 006f B1C80BF3 		.ascii	"\261\310\013\363\362#\"/\312\206\371*&\2415\271G\"\023"
 130      F223222F 
 130      CA86F92A 
 130      26A135B9 
 130      472213
 131 0082 56906501 		.ascii	"V\220e\001j\341\271\240\270\301\246\2058Z\271\2031\335"
 131      6AE1B9A0 
 131      B8C1A685 
 131      385AB983 
 131      31DD
ARM GAS  C:\Users\johnb\AppData\Local\Temp\ccY4LNcA.s 			page 10


 132 0094 F8396B94 		.ascii	"\3709k\224\365z2r\035\263N\322k\330\355K\237\224<j\240"
 132      F57A3272 
 132      1DB34ED2 
 132      6BD8ED4B 
 132      9F943C6A 
 133 00a9 17659235 		.ascii	"\027e\2225S?|\231[\330g\300\224p\345y\327\247|\025\032"
 133      533F7C99 
 133      5BD867C0 
 133      9470E579 
 133      D7A77C15 
 134 00be 2896B061 		.ascii	"(\226\260a\246#\311\\\002\222\365\374\373\017\031\267"
 134      A623C95C 
 134      0292F5FC 
 134      FB0F19B7 
 135 00ce 34ED7909 		.ascii	"4\355y\011/\367\266\215\275\022\237\0317\300\"\210\014"
 135      2FF7B68D 
 135      BD129F19 
 135      37C02288 
 135      0C
 136 00df 8A701D45 		.ascii	"\212p\035E$[\204>\224J\372\352X\272-\302\373t\351\323"
 136      245B843E 
 136      944AFAEA 
 136      58BA2DC2 
 136      FB74E9D3 
 137 00f3 96A9231B 		.ascii	"\226\251#\033\225\317\332u\245\211\376\177+M\302\000"
 137      95CFDA75 
 137      A589FE7F 
 137      2B4DC200 
 138 0103 4A55FAC7 		.ascii	"JU\372\307\221\265\366<\333\274\372\307-\006aC&\331"
 138      91B5F63C 
 138      DBBCFAC7 
 138      2D066143 
 138      26D9
 139 0115 189A45CE 		.ascii	"\030\232E\316[[o\364r?\323\230?\0345\240\332\231Rn\331"
 139      5B5B6FF4 
 139      723FD398 
 139      3F1C35A0 
 139      DA99526E 
 140 012a F2B21D79 		.ascii	"\362\262\035y9\256\012Cj\025\206\326\244&\221Q\220\232"
 140      39AE0A43 
 140      6A1586D6 
 140      A4269151 
 140      909A
 141 013c D950332F 		.ascii	"\331P3/\240~\356\301\273+\266R\356fCz^j\230~\351\250"
 141      A07EEEC1 
 141      BB2BB652 
 141      EE66437A 
 141      5E6A987E 
 142 0152 83330843 		.ascii	"\2033\010CbH\215f9\216\260\347/H\214\207\202\\\005\351"
 142      62488D66 
 142      398EB0E7 
 142      2F488C87 
 142      825C05E9 
 143 0166 FBC327E7 		.ascii	"\373\303'\347\243>\272k\005m\261\317\256(\004%\362-"
 143      A33EBA6B 
 143      056DB1CF 
 143      AE280425 
ARM GAS  C:\Users\johnb\AppData\Local\Temp\ccY4LNcA.s 			page 11


 143      F22D
 144 0178 BD901874 		.ascii	"\275\220\030tb\003^\360)\204a\370\350\324\3101\202\030"
 144      62035EF0 
 144      298461F8 
 144      E8D4C831 
 144      8218
 145 018a 49E3D707 		.ascii	"I\343\327\007\267\224\372\257\255\344\012T\327\020\012"
 145      B794FAAF 
 145      ADE40A54 
 145      D7100A
 146 0199 30BAD9D5 		.ascii	"0\272\331\325\244\271\003\274\210\372b\225\251T\263"
 146      A4B903BC 
 146      88FA6295 
 146      A954B3
 147 01a8 D96F6F9C 		.ascii	"\331oo\234\370/\317\3659\234b\305b\014q\332n;\242A\327"
 147      F82FCFF5 
 147      399C62C5 
 147      620C71DA 
 147      6E3BA241 
 148 01bd FDB8BF9A 		.ascii	"\375\270\277\232/yr\323\021\205O\355=\356\352;\245\314"
 148      2F7972D3 
 148      11854FED 
 148      3DEEEA3B 
 148      A5CC
 149 01cf 16FA1CC5 		.ascii	"\026\372\034\305-\371w\334\334\260\272\376ut0$\311\235"
 149      2DF977DC 
 149      DCB0BAFE 
 149      75743024 
 149      C99D
 150 01e1 DA6A04B7 		.ascii	"\332j\004\267\305\252n\210;\210\373\234\247\255X\232"
 150      C5AA6E88 
 150      3B88FB9C 
 150      A7AD589A 
 151 01f1 97029059 		.ascii	"\227\002\220Y\342\300\270\275#\004\371\270\253\021@"
 151      E2C0B8BD 
 151      2304F9B8 
 151      AB1140
 152 0200 21C80A82 		.ascii	"!\310\012\202m0\235\035)\025`\\+\031Ji\342o%w\207\327"
 152      6D309D1D 
 152      2915605C 
 152      2B194A69 
 152      E26F2577 
 153 0216 32B9752D 		.ascii	"2\271u-SZ\251n9\211@*$\276D\220\026\221\374\037\377"
 153      535AA96E 
 153      3989402A 
 153      24BE4490 
 153      1691FC1F 
 154 022b C2943280 		.ascii	"\302\2242\200{\302_P\350\364\260\317\273h\011\211\236"
 154      7BC25F50 
 154      E8F4B0CF 
 154      BB680989 
 154      9E
 155 023c 89D600A0 		.ascii	"\211\326\000\240\032MrbA'\271{\313\313c\233\277\352"
 155      1A4D7262 
 155      4127B97B 
 155      CBCB639B 
 155      BFEA
ARM GAS  C:\Users\johnb\AppData\Local\Temp\ccY4LNcA.s 			page 12


 156 024e 9AD8C98A 		.ascii	"\232\330\311\212\252X\315\331J5\037=SQU^I|\354\\\215"
 156      AA58CDD9 
 156      4A351F3D 
 156      5351555E 
 156      497CEC5C 
 157 0263 79BAFAF8 		.ascii	"y\272\372\370\211\337\376\203'M"
 157      89DFFE83 
 157      274D
 158              		.text
 159              		.section	.gnu.lto_.symbol_nodes.5f7fec7,"",%progbits
 160 0000 789C55C9 		.ascii	"x\234U\311\301\015\202@\024E\321\373\337\014R\206\011"
 160      C10D8240 
 160      1445D1FB 
 160      DF0C5286 
 160      09
 161 0011 9540657F 		.ascii	"\225@e\177\026\2065\233\021\020\226Va\021\332\210\033"
 161      1686359B 
 161      11109656 
 161      6111DA88 
 161      1B
 162 0022 3B70829A 		.ascii	";p\202\232\310\333\334\344\235\012\221)S\226\303p\207"
 162      C8DBDCE4 
 162      9D0A9129 
 162      5396C370 
 162      87
 163 0033 925BEAA0 		.ascii	"\222[\352\240\232Ej \350,\267=]d\037\032\345\332\323"
 163      9A456A20 
 163      E82CB73D 
 163      5D641F1A 
 163      E5DAD3
 164 0046 226D6493 		.ascii	"\"md\223<l\004)\265`\253<\376\037\201\003\247\327\303"
 164      3C6C0429 
 164      B560AB3C 
 164      FE1F8103 
 164      A7D7C3
 165 0059 82BE8DBF 		.ascii	"\202\276\215\277\326\\\373\347\2217\320\335\"v"
 165      D65CFBE7 
 165      9137D0DD 
 165      2276
 166              		.text
 167              		.section	.gnu.lto_.refs.5f7fec7,"",%progbits
 168 0000 789C05C1 		.ascii	"x\234\005\301\261\001\000\000\010\303\2404\326\335\377"
 168      B1010000 
 168      08C3A034 
 168      D6DDFF
 169 000f AF151639 		.ascii	"\257\025\0269 \230F\247\251[\036\003\003\000<"
 169      209846A7 
 169      A95B1E03 
 169      03003C
 170              		.text
 171              		.section	.gnu.lto_.decls.5f7fec7,"",%progbits
 172 0000 789CAD58 		.ascii	"x\234\255XyPTG\032\177\375z\006\207a@\013L\326\252e"
 172      79505447 
 172      1A7FFD7A 
 172      06876140 
 172      0B4CD6AA 
 173 0015 53E8129D 		.ascii	"S\350\022\235=\002\210\271\217Z\327h4\265fq\307\034"
ARM GAS  C:\Users\johnb\AppData\Local\Temp\ccY4LNcA.s 			page 13


 173      3D0288B9 
 173      8F5AD768 
 173      34B56671 
 173      C71C
 174 0027 BBB5544D 		.ascii	"\273\265TM!\214\221Z\004\227\031\266*\177\355\343PQ"
 174      218C915A 
 174      049719B6 
 174      2A7FEDE3 
 174      5051
 175 0039 50010D22 		.ascii	"P\001\015\"\240\341\020\025\360@\343\205\3031\016\010"
 175      A0E11015 
 175      F040E385 
 175      C3310E08 
 176 0049 0A021E20 		.ascii	"\012\002\036 \207(\004\217x\020\345\012A\014\262_w\277"
 176      8728048F 
 176      7810E50A 
 176      410CB25F 
 176      77BF
 177 005b 37F398CC 		.ascii	"7\363\230\314X[\225\274\232\236~\335\375\353\357\373"
 177      585B95BC 
 177      9A9E7EDD 
 177      FDEBEFFB 
 178 006b 7D47F7EB 		.ascii	"}G\367\353\367\224\034\317\225\314\344\270`\314q\275"
 178      F7941CCF 
 178      95CCE4B8 
 178      60CC71BD 
 179 007b 88E326E1 		.ascii	"\210\343&\341Rp\034w\010\212\022\312\011(f(V(\277\201"
 179      52701C77 
 179      088A12CA 
 179      09286628 
 179      5628BF81 
 180 008f 711F289C 		.ascii	"q\037(\2348\366[\270\327B\011\202\362\032\224w\240\200"
 180      38F65BB8 
 180      D7420982 
 180      F21A9477 
 180      A080
 181 00a1 18EE4F50 		.ascii	"\030\356OP/\202\262D\304J\327R\236\343f@\355\015\005"
 181      2F82B244 
 181      C44AD752 
 181      9EE36640 
 181      ED0D05
 182 00b4 54729744 		.ascii	"Tr\227D\231!P{@=\017j_Q\307\007\210\351>\016\345U\270"
 182      9921507B 
 182      403D0F6A 
 182      5F51C707 
 182      88E93E0E 
 183 00cb F782E20E 		.ascii	"\367\202\342\016\245\015\332\204\337\013p\377\"\024"
 183      A50DDA84 
 183      DF0B70FF 
 183      2214
 184 00d9 1ECAAF48 		.ascii	"\036\312\257H-\362!<\220\310A~\375\215gz?\225\351'\272"
 184      2DF2213C 
 184      90C8417E 
 184      FD8D677A 
 184      3F95E927 
 185 00ee 090757FA 		.ascii	"\011\007W\372\211\335g\034\364\017p\214\203R\306\201"
 185      89DD671C 
ARM GAS  C:\Users\johnb\AppData\Local\Temp\ccY4LNcA.s 			page 14


 185      F40F708C 
 185      8352C681 
 186 00fe E8574279 		.ascii	"\350WBy\3141\036Z\031\217E\016<\302\\\360\370\303s\374"
 186      CC311E5A 
 186      198F450E 
 186      3CC25CF0 
 186      F8C373FC 
 187 0112 407C7F56 		.ascii	"@|\177V\306\203p^\012\365\333\242\277\345<H[\036\017"
 187      C683705E 
 187      0AF5DBA2 
 187      BFE53C48 
 187      5B1E0F
 188 0125 A2DE310E 		.ascii	"\242\3361\016;1\272\234T\226\213\267b\344\255F\012h"
 188      3B31BA9C 
 188      54968BB7 
 188      62E4AD46 
 188      0A68
 189 0137 0E3665DF 		.ascii	"\0166e\337\362\202\346L5\362\203\346\304\300\245\011"
 189      F282E64C 
 189      35F283E6 
 189      C4C0A509 
 190 0147 0D1B5543 		.ascii	"\015\033UC\363LBY\217R\235,\300\225\226(\270/#\375\007"
 190      F34C4259 
 190      8F529D2C 
 190      C0959628 
 190      B82F23FD 
 191 015c 902FDA8F 		.ascii	"\220/\332\217|AA\011R\303\177\240/*\206&\240\333;\223"
 191      7C414109 
 191      52C37FA0 
 191      2F2A8626 
 191      A0DB3B93 
 192 0170 CA119BEC 		.ascii	"\312\021\233\354\001\315S\337|Y\355\316Dw\220\341\266"
 192      01CD53DF 
 192      7C59EDCE 
 192      447790E1 
 192      B6
 193 0181 B1CA710D 		.ascii	"\261\312q\015\206\260\355\304\212\336\302\241\207nH"
 193      86B0EDC4 
 193      8ADEC2A1 
 193      876E48
 194 0190 EB8B901A 		.ascii	"\353\213\220\032\312>\201]*\016\225!5:\204\260D8[\000"
 194      CA3E815D 
 194      2A0E9521 
 194      353A84B0 
 194      44385B00 
 195 01a4 E503FF25 		.ascii	"\345\003\377%\335\034\334%\010\003\005\002\236\305\241"
 195      DD1CDC25 
 195      08030502 
 195      9EC5A1
 196 01b3 05BE28C8 		.ascii	"\005\276(\310\227C\207\221\226\016q\350(\260:\0024\262"
 196      97438791 
 196      960E71E8 
 196      28B03A02 
 196      34B2
 197 01c5 0515ED01 		.ascii	"\005\025\355\001}\235[G\273\025\336i\224\274 \370!*"
 197      7D9D5B47 
 197      BB15DE69 
ARM GAS  C:\Users\johnb\AppData\Local\Temp\ccY4LNcA.s 			page 15


 197      94BC20F8 
 197      212A
 198 01d7 FB20E04A 		.ascii	"\373 \340J)\373c\310[\262\201\240\323\232\362s\334\325"
 198      29FB63C8 
 198      5BB281A0 
 198      D39AF273 
 198      DCD5
 199 01e9 A28EE4E7 		.ascii	"\242\216\344\347\352\000tM\347H\205\247\\\366\327\317"
 199      EA00744D 
 199      E74885A7 
 199      5CF6D7CF 
 200 01f9 937DB4C6 		.ascii	"\223}\264\306\\\245\324l&\262\231\033\217#o\231\037"
 200      5CA5D46C 
 200      26B2991B 
 200      8F236F99 
 200      1F
 201 020a 4F200DB1 		.ascii	"O \015\261\225\324\204Hc\317\337]\272\374\244\344\362"
 201      95D48448 
 201      63CFDF5D 
 201      BAFCA4E4 
 201      F2
 202 021b 52C6E3E9 		.ascii	"R\306\343\351\275\035\235\242\313\311\334\004sg\372"
 202      BD1D9DA2 
 202      CBC9DC04 
 202      7367FA
 203 022a 74E6F25E 		.ascii	"t\346\362^2\034?\\\370\320\323\321\005\247A\332)*\255"
 203      321C3F5C 
 203      F8D0D3D1 
 203      05A741DA 
 203      292AAD
 204 023d 9CD23C29 		.ascii	"\234\322<)\321l\317\373\266V\343h\224K\264y\334z\317"
 204      D16CCFFB 
 204      B656E368 
 204      944BB479 
 204      DC7ACF
 205 0250 536ED499 		.ascii	"Sn\324\231)F\231E\243\314\224X\341\203\362\032%\343"
 205      29469945 
 205      A3CC9458 
 205      E183F21A 
 205      25E3
 206 0262 E909CD67 		.ascii	"\351\011\315g\265\003\355\236.\215\254\224\214\254`"
 206      B503ED9E 
 206      2E8DAC94 
 206      8CAC60
 207 0271 464E74C7 		.ascii	"FNt\307?\343\331d/hN\336\357,\024\363j\200\014ok\277"
 207      3FE3D964 
 207      2F684EDE 
 207      EF2C14F3 
 207      6A800C6F 
 208 0287 91E0EE68 		.ascii	"\221\340\356hd5H\253\242\322,\224v\245D\273\2665\351"
 208      643548AB 
 208      A2D22C94 
 208      76A544BB 
 208      B635E9
 209 029a 3A7634D2 		.ascii	":v4\322%\272\376B\335\036\225\334\310\263S\214\264\212"
 209      25BAFE42 
 209      DD1E95DC 
ARM GAS  C:\Users\johnb\AppData\Local\Temp\ccY4LNcA.s 			page 16


 209      C8B3538C 
 209      B48A
 210 02ac 465AA991 		.ascii	"FZ\251\221\331\346\221\006\321H\025\341\271\257l\223"
 210      D9E69106 
 210      D14815E1 
 210      B9AF6C93 
 211 02bc 0A4F23F9 		.ascii	"\012O#\371\216n\234/.%\253n\236\032\221}v:t\035\351"
 211      8E6E9C2F 
 211      2E25AB6E 
 211      9E1A917D 
 211      763A741D 
 212 02d1 2F7FE2C9 		.ascii	"/\177\342\311\272\010\242\347\311\201\017\002\016J\013"
 212      BA08A2E7 
 212      C9810F02 
 212      0E4A0B
 213 02e0 C1D7BE60 		.ascii	"\301\327\276`\257l\033\332;\015\277@@\374\256\206v\253"
 213      AF6C1BDA 
 213      3B0DBF40 
 213      40FCAE86 
 213      76AB
 214 02f2 0269D574 		.ascii	"\002i\325t\301X\352G\346\245o\024\004\0365\200\011\347"
 214      C158EA47 
 214      E6A56F14 
 214      041E3580 
 214      09E7
 215 0304 11B04501 		.ascii	"\021\260E\001\204\315<B>\331\306\231\263\021F\027 \227"
 215      84CD3C42 
 215      3ED9C699 
 215      B3114617 
 215      2097
 216 0316 411FC1A1 		.ascii	"A\037\301\241:\350<\307\034\\\2747\275\300\015oDTG]"
 216      3AE83CC7 
 216      1C5CBC37 
 216      BDC00D6F 
 216      4454475D 
 217 032a D5F50E05 		.ascii	"\325\365\016\005Rk\235\012hr\"@$S2\247n=!s\021\3104"
 217      526B9D0A 
 217      68722240 
 217      245332A7 
 217      6E3D2173 
 218 0341 DAC93448 		.ascii	"\332\3114H\256L\252\035M\367\304\375L\311\326s\365O"
 218      AE4CAA1D 
 218      4DF7C4FD 
 218      4CC9D673 
 218      F54F
 219 0353 9436435A 		.ascii	"\2246CZ\252\337mi%\301\270\004s\233\355s/\"\227\226"
 219      AADF6D69 
 219      25C1B804 
 219      739BED73 
 219      2F229796 
 220 0367 B438B7A4 		.ascii	"\2648\267\244mp(\323\013\037\243\233\014\312\031\276"
 220      6D7028D3 
 220      0B1FA39B 
 220      0CCA19BE 
 221 0377 71DF9DC5 		.ascii	"q\337\235\305C+\333\352\274\331V7\226\177;\203\307\345"
 221      432BDBEA 
 221      BCD95637 
ARM GAS  C:\Users\johnb\AppData\Local\Temp\ccY4LNcA.s 			page 17


 221      967F3B83 
 221      C7E5
 222 0389 0C9A7C70 		.ascii	"\014\232|pk\015&\011\231\370\177\231\0143\312&w\364"
 222      6B0D2609 
 222      99F87F99 
 222      0C33CA26 
 222      77F4
 223 039b 7AE22A36 		.ascii	"z\342*6\375Q\322\235^\017&z\0264\017\215\365\234T\342"
 223      FD51D29D 
 223      5E0F267A 
 223      16340F8D 
 223      F59C54E2 
 224 03af 1A36B665 		.ascii	"\0326\266e\207\325\252\300\347Y\243pW\372F%nb\215\342"
 224      87D5AAC0 
 224      E759A370 
 224      57FA4625 
 224      6E628DE2 
 225 03c3 8CB43235 		.ascii	"\214\26425na\215+\003\027w{\260\254\236\001\315s\223"
 225      6E618D2B 
 225      0317777B 
 225      B0AC9E01 
 225      CD7393
 226 03d6 3F58A633 		.ascii	"?X\2463\211<4\263J\332\307\335\361e\006-\032\177:@\222"
 226      893C34B3 
 226      4ADAC7DD 
 226      F165062D 
 226      1A7F3A40 
 227 03eb 692E4926 		.ascii	"i.I&,K\245\271,\225\252\033/\354\323\340v\012\346\323"
 227      2C4BA5B9 
 227      2C95AA1B 
 227      2FECD3E0 
 227      760AE6D3 
 228 03ff F24B53DC 		.ascii	"\362KS\334\245p\202yJ-\207\272\301\214\033\304\266["
 228      A5708279 
 228      4A2D87BA 
 228      C18C1BC4 
 228      B65B
 229 0411 60DB5CD1 		.ascii	"`\333\\\321\266^\350\354\261\207\363\370K\345\2020\003"
 229      B65EE8EC 
 229      B187F3F8 
 229      4BE58230 
 229      03
 230 0422 F54144BE 		.ascii	"\365AD\276\261Gd\256\030\314\252\364\353w\325\270\217"
 230      B14764AE 
 230      18CCAAF4 
 230      EB77D5B8 
 230      8F
 231 0433 A9F83131 		.ascii	"\251\37011\363\261,+K\202ki\"\334\205\251\267\355S\373"
 231      F3B12C2B 
 231      4B826B69 
 231      22DC85A9 
 231      B7ED53FB 
 232 0447 ECC174A4 		.ascii	"\354\301t\244q\307\011\015\262\233\215\025T\250\360"
 232      71C7090D 
 232      B29B8D15 
 232      54A8F0
 233 0456 43F6C418 		.ascii	"C\366\304\030\036M\355R#\037\177\177m\272\270v\027\362"
ARM GAS  C:\Users\johnb\AppData\Local\Temp\ccY4LNcA.s 			page 18


 233      1E4DED52 
 233      231F7F7F 
 233      6DBAB876 
 233      17F2
 234 0468 9C6C29DE 		.ascii	"\234l)\336C>D\000z\010\262\036 \177t\037\371\323\025"
 234      433E4400 
 234      7A08B21E 
 234      207F741F 
 234      F9D315
 235 047b 54401442 		.ascii	"T@\024B\206\371W\016\365\012\302f\015\245u\023h\221"
 235      86F9570E 
 235      F50AC266 
 235      0DA57513 
 235      6891
 236 048d 09360681 		.ascii	"\0116\006\201DD7\021$N\260\276\227%X\0220E\177\353\024"
 236      44443711 
 236      244EB0BE 
 236      97255812 
 236      30457FEB 
 237 04a2 3D9F8099 		.ascii	"=\237\200\231\311\317*\324\260f\011\206\023\255ekW\321"
 237      C9CF2AD4 
 237      B0660986 
 237      13AD656B 
 237      57D1
 238 04b4 7AF35106 		.ascii	"z\363Q\006B\3763\265\376\005\024x\255\322+\236\212%"
 238      42FE33B5 
 238      FE051478 
 238      ADD22B9E 
 238      8A25
 239 04c6 E2AE83D8 		.ascii	"\342\256\203\330\357\320L{\246\331\305f\210;\343B\205"
 239      EFD04C7B 
 239      A6D9C566 
 239      883BE342 
 239      85
 240 04d7 DC440226 		.ascii	"\334D\002&&>\002\023\037\203\211\375\242\211\214\304"
 240      263E0213 
 240      1F8389FD 
 240      A2898CC4 
 241 04e7 A38A59F1 		.ascii	"\243\212Y\361\202\200\010J\316\202\2313Z\341\275=Q8"
 241      8280084A 
 241      CE829933 
 241      5AE1BD3D 
 241      5138
 242 04f9 1F445767 		.ascii	"\037DWg\227k\305\340\365\241\212\306\213\374L`\020\357"
 242      976BC5E0 
 242      F5A18AC6 
 242      8BFC4C60 
 242      10EF
 243 050b 92013745 		.ascii	"\222\0017E\275,y\275Y\362&\325\264\235\320\340\307,"
 243      BD2C79BD 
 243      59F226D5 
 243      B49DD0E0 
 243      C72C
 244 051d 5BEF341E 		.ascii	"[\3574\036IP\341a\326\330\323t\270Q\211\177`\015s\351"
 244      4950E161 
 244      D6D8D374 
 244      B851897F 
ARM GAS  C:\Users\johnb\AppData\Local\Temp\ccY4LNcA.s 			page 19


 244      600D73E9 
 245 0531 E12B3C9E 		.ascii	"\341+<\236`\215\203\345\003)\010\257\307\2641\270\361"
 245      608D83E5 
 245      032908AF 
 245      C7B431B8 
 245      F1
 246 0542 8809A7B2 		.ascii	"\210\011\247\262\373\244\335i-\342\356\377Ghfn\312\355"
 246      FBA4DD69 
 246      2DE2EEFF 
 246      4768666E 
 246      CAED
 247 0554 55888F38 		.ascii	"U\210\2178\2622\216];`V\341\014\212\365L+N;\245F\376"
 247      B2328E5D 
 247      3B6056E1 
 247      0C8AF54C 
 247      2B4E3BA5 
 248 056a 70F9F8B3 		.ascii	"p\371\370\263K[ $%B8\337\335%X\222`\177\000\363G\301"
 248      4B5B2024 
 248      254238DF 
 248      DD255892 
 248      607F00F3 
 249 0580 FC49F0FF 		.ascii	"\374I\360\377T\363\017\210\301'\350\361\367\354\350"
 249      54F30F88 
 249      C127E8F1 
 249      F7ECE8
 250 058f 7147F415 		.ascii	"qG\364\025d\363\026C?\220\241\2579\242\257:\242\207"
 250      64F31643 
 250      3F90A1AF 
 250      39A2AF3A 
 250      A287
 251 05a1 64E856E7 		.ascii	"d\350V\347hF\305\226\346\020\201'\000\030\243c\223b"
 251      6846C596 
 251      E6108127 
 251      0018A363 
 251      9362
 252 05b3 9A6FE4B5 		.ascii	"\232o\344\265(\221\367GO!\020\002\324IP\022\240l\200"
 252      2891F747 
 252      4F211002 
 252      D4495012 
 252      A06C80
 253 05c6 B21E4A3C 		.ascii	"\262\036J<\224\011\030{\006\345G\333R \004\032d\256"
 253      9409187B 
 253      06E547DB 
 253      5220041A 
 253      64AE
 254 05d8 F8DE9140 		.ascii	"\370\336\221@\215#\335>\031\335\016Gt;r\364\\\227L\370"
 254      8D23DD3E 
 254      19DD0E47 
 254      743B72F4 
 254      5C974CF8 
 255 05ec B0237CD0 		.ascii	"\260#|\320Q\370\370;v\364\017N\243\"\003_\221\211\036"
 255      51F8F83B 
 255      76F40F4E 
 255      A322035F 
 255      91891E
 256 05ff 71CEDBC6 		.ascii	"q\316\333\306\004\026\331\315J5\303\017@\316v:g.\223"
 256      0416D9CD 
ARM GAS  C:\Users\johnb\AppData\Local\Temp\ccY4LNcA.s 			page 20


 256      4A35C30F 
 256      40CE763A 
 256      672E93
 257 0612 7E575A20 		.ascii	"~WZ D\374\220s\346L\274\270\332\314\336t\265M:\256y"
 257      44FC9073 
 257      E64CBCB8 
 257      DACCDE74 
 257      B54D3AAE 
 258 0627 64691A3B 		.ascii	"di\032;\256\304\2314!\371\3739\367J\247!\037\255\263"
 258      AEC49934 
 258      21F9FB39 
 258      F74AA721 
 258      1FADB3
 259 063a 60A2CD10 		.ascii	"`\242\315\020\303\237\023O\306\244\256\312\215l>\233"
 259      C39F134F 
 259      C6A4AECA 
 259      8D6C3E9B 
 260 064a 781F94CC 		.ascii	"x\037\224\314\333v[\302\213\322\331\334\320\265\315"
 260      DB765BC2 
 260      8BD2D9DC 
 260      D0B5CD
 261 0659 4B7E8221 		.ascii	"K~\202!@\373\212N\3415\342\024rb\337\224\365\255'.d"
 261      40FB8A4E 
 261      E135E214 
 261      7262DF94 
 261      F5AD272E 
 262 066e D4DB9A07 		.ascii	"\324\333\232\007\313\275\220V\303\2644w\315H$\366n\005"
 262      CBBD9056 
 262      C3B43477 
 262      CD4824F6 
 262      6E05
 263 0680 7CAA5D0D 		.ascii	"|\252]\015L\207\312\205t\264\005\214\232\242`d{W\217"
 263      4C87CA85 
 263      74B4058C 
 263      9AA26064 
 263      7B578F
 264 0693 173E8CA7 		.ascii	"\027>\214\247\234\211B~z&\012a\017\262\376K-W\021>\301"
 264      9C89427E 
 264      7A260A61 
 264      0FB2FE4B 
 264      2D57113E 
 265 06a8 F8D4EEB9 		.ascii	"\370\324\356\271u\314\315\325\271d\007h\012\021\237"
 265      75CCCDD5 
 265      B9640768 
 265      0A119F
 266 06b7 20E9BC2F 		.ascii	" \351\274/J\343\245\007Y\373X\360(=$m\347\325(\303\316"
 266      4AE3A507 
 266      59FB58F0 
 266      283D246D 
 266      E7D528C3 
 267 06cc 3C843DC9 		.ascii	"<\204=\311\224\255\225\015YJ\262e\370h\305GE\012>]\324"
 267      94AD950D 
 267      594AB265 
 267      F868C547 
 267      450A3E5D 
 268 06e1 9C2AE459 		.ascii	"\234*\344Y\021\235\263\015\346d\361\256\326\010\231"
 268      119DB30D 
ARM GAS  C:\Users\johnb\AppData\Local\Temp\ccY4LNcA.s 			page 21


 268      E664F1AE 
 268      D60899
 269 06f0 31F43B96 		.ascii	"1\364;\226i\3047\227\221\003:\320\001\334\367{\006&"
 269      69C43797 
 269      91033AD0 
 269      01DCF77B 
 269      0626
 270 0702 479D5AA7 		.ascii	"G\235Z\247\340\237.\177\373\031\234\240I\272\354\002"
 270      E09F2E7F 
 270      FB199CA0 
 270      49BAEC02 
 271 0712 7B332125 		.ascii	"{3!%vB\371\222\227\247\303\265b\226\230\200tH\314'\305"
 271      7642F992 
 271      97A7C3B5 
 271      62969880 
 271      7448CC27 
 272 0727 C3231857 		.ascii	"\303#\030W+\330\001\354\321X\266\012i}\304\350\226\322"
 272      2BD801EC 
 272      D158B60A 
 272      697DC4E8 
 272      96D2
 273 0739 1CCA05E9 		.ascii	"\034\312\005\351\331v\027\021\021\316\211\240\034\320"
 273      D9761711 
 273      11CE89A0 
 273      1CD0
 274 0747 FF3C2EA0 		.ascii	"\377<.\240\356Z\332\326\003\036\362\304\313\235\222"
 274      EE5ADAD6 
 274      031EF2C4 
 274      CB9D92
 275 0756 78BB7976 		.ascii	"x\273yvt\206\032\300'\267\324V\3627\341\011\013/\311"
 275      74861AC0 
 275      27B7D456 
 275      F237E109 
 275      0B2FC9
 276 0769 68061581 		.ascii	"h\006\025\201\020\373G\264\320\346\244t!D\373\241\227"
 276      10FB47B4 
 276      D0E6A474 
 276      2144FBA1 
 276      97
 277 077a E7C4575D 		.ascii	"\347\304W]\251\013I3\3046/6yQ$\375\211\223\221L\"\033"
 277      A90B4933 
 277      C4362F36 
 277      795124FD 
 277      8993914C 
 278 0790 669AA48B 		.ascii	"f\232\244\213cp\306\204\243\322\331l\304\333\025 $\237"
 278      6370C684 
 278      A3D2D96C 
 278      C4DB1520 
 278      249F
 279 07a2 2013C868 		.ascii	" \023\310h\213\3436~\234\3358$\271jp\327\305\273\352"
 279      8BE3367E 
 279      9CDD3824 
 279      B96A70D7 
 279      C5BBEA
 280 07b5 1E385B40 		.ascii	"\0368[@O\336BD\373\276\271R1\241\302\347h\264\320\231"
 280      4FDE4244 
 280      FBBEB952 
ARM GAS  C:\Users\johnb\AppData\Local\Temp\ccY4LNcA.s 			page 22


 280      31A1C2E7 
 280      68B4D099 
 281 07c9 8E87B779 		.ascii	"\216\207\267y\005\317\334"
 281      05CFDC
 282 07d0 85562948 		.ascii	"\205V)H_\312\266\312\275\356\2632\351\373B\2420\203"
 282      5FCAB6CA 
 282      BDEEB332 
 282      E9FB42A2 
 282      3083
 283 07e2 A719251D 		.ascii	"\247\031%\035Q8T\300\317\202\377|^\301T$w\237\256Gs"
 283      513854C0 
 283      CF82FF7C 
 283      5EC15424 
 283      779FAE47 
 284 07f7 F284BC5E 		.ascii	"\362\204\274^8\241e\343M5\365\220\341h!\201\241<{\310"
 284      38A165E3 
 284      4D35F590 
 284      E1682181 
 284      A13C7BC8 
 285 080b E116FEBF 		.ascii	"\341\026\376\277\342{\020\332\003\361\340P!?\007f\357"
 285      E27B10DA 
 285      03F1E050 
 285      213F0766 
 285      EF
 286 081c CF4A6CF4 		.ascii	"\317Jl\364\300C\214L\366\215\356\333jJ\206hdd.\337\270"
 286      C0438C4C 
 286      F68DEEDB 
 286      6A4A8668 
 286      64642EDF 
 287 0831 78416123 		.ascii	"xAa#X\304\323\316\253\346\375\026\225\234\341\247/\312"
 287      58C4D3CE 
 287      ABE6FD16 
 287      959CE1A7 
 287      2FCA
 288 0843 08EEA704 		.ascii	"\010\356\247\004\367I\004\333\022\032\313\261H\360Z"
 288      F74904DB 
 288      121ACBB1 
 288      48F05A
 289 0852 8E061609 		.ascii	"\216\006\026\011\234\023a\331\002\014\355\265\023\334"
 289      9C1361D9 
 289      020CEDB5 
 289      13DC
 290 0860 EB48F000 		.ascii	"\353H\360\000%8q\363\326\020\217\2371\202%M\305?*p\252"
 290      253871F3 
 290      D6108F9F 
 290      3182254D 
 290      C53F2A70 
 291 0875 9226FA16 		.ascii	"\222&\372\026kn\277\306\325\266q\220w\365:\323R\035"
 291      6B6EBFC6 
 291      D5B67190 
 291      77F53AD3 
 291      521D
 292 0887 D4415F49 		.ascii	"\324A_IJa\013(\341\035^IHH\266\025\215aj1A0/\364\010"
 292      4A610B28 
 292      E11D5E49 
 292      4848B615 
 292      8D616A31 
ARM GAS  C:\Users\johnb\AppData\Local\Temp\ccY4LNcA.s 			page 23


 293 08a0 43FDD8E6 		.ascii	"C\375\330\346\205C\314\013w\036\217\357\234\346\322"
 293      8543CC0B 
 293      771E8FEF 
 293      9CE6D2
 294 08af 0B47A817 		.ascii	"\013G\250\027\016K^8\235\323\275g\232=L\367k\356\010"
 294      0E4B5E38 
 294      9DD3BD67 
 294      9A3D4CF7 
 294      6BEE08
 295 08c2 825A4150 		.ascii	"\202ZAP\250\330N\242\330\321\011e\324\011\226\201\275"
 295      A8D84EA2 
 295      D8D10965 
 295      D4099681 
 295      BD
 296 08d3 59187F49 		.ascii	"Y\030\177I\355F\003\303\335\255\274|\371\221\367\\\373"
 296      ED4603C3 
 296      DDADBC7C 
 296      F991F75C 
 296      FB
 297 08e4 F23BC696 		.ascii	"\362;\306\226\037yw\311\275\264\201\205\363\230-\267"
 297      1F7977C9 
 297      BDB48185 
 297      F3982DB7 
 298 08f4 36D4F67E 		.ascii	"6\324\366~\345\356\222\363q\312\371k\211\363\323\254"
 298      E5EE92F3 
 298      71CAF96B 
 298      89F3D3AC 
 299 0904 CB89D381 		.ascii	"\313\211\323\2013\034\257-\223\245\370\301\246\272T"
 299      331CAF2D 
 299      93A5F8C1 
 299      A6BA54
 300 0913 211F5118 		.ascii	"!\037Q\030:j'}\224g_u\320\011J\366\273\242\304\355\323"
 300      3A6A277D 
 300      94675F75 
 300      D0094AF6 
 300      BBA2C4ED 
 301 0928 B1959175 		.ascii	"\261\225\221u\346\314\3577\336iF\2664;\305\234\231\337"
 301      E6CCEF37 
 301      DE6946B6 
 301      343BC59C 
 301      99DF
 302 093a 716BB717 		.ascii	"qk\267\027\355$\233\355i\326\331\234Y\324\200]\262="
 302      ED249BED 
 302      69D6D99C 
 302      59D4805D 
 302      B23D
 303 094c 43D9964B 		.ascii	"C\331\226Kl\007/\367\037r\023\3316V\007\245\026n\260"
 303      6C072FF7 
 303      1F7213D9 
 303      365607A5 
 303      166EB0
 304 095f ACA02074 		.ascii	"\254\240 t\322\316\365\244\304\325L\271\216\0344\257"
 304      D2CEF5A4 
 304      C4D54CB9 
 304      8E1C34AF 
 305 096f C7B33B94 		.ascii	"\307\263;\224_\301\036y\034y\0231}\305\346#J|\233\321"
 305      5FC11E79 
ARM GAS  C:\Users\johnb\AppData\Local\Temp\ccY4LNcA.s 			page 24


 305      1C791331 
 305      7DC5E623 
 305      4A7C9BD1 
 306 0983 CF6F1ACE 		.ascii	"\317o\032\316T\343!\326(k\316n\233\376r\241p\311BC\230"
 306      54E321D6 
 306      286BCE6E 
 306      9BFE72A1 
 306      70C94243 
 307 0998 722B4988 		.ascii	"r+I\210\317\200\015\231|\363\251\002\025\260\242d_\212"
 307      CF800D99 
 307      7CF3A902 
 307      15B0A264 
 307      5F8A
 308 09aa 2AA1A782 		.ascii	"*\241\247\202\237\315\241j\376eb\212\265|\003\232\375"
 308      9FCDA16A 
 308      FE65628A 
 308      B57C039A 
 308      FD
 309 09bb 946A3AC3 		.ascii	"\224j:\3034m.zrO\201\223\335\250pK\371\327\231jQx\337"
 309      346D2E7A 
 309      724F8193 
 309      DDA8704B 
 309      F9D7996A 
 310 09d2 AFE3F32C 		.ascii	"\257\343\363,I~\364\273\013\021\014+A\366\2448\013="
 310      497EF4BB 
 310      0B110C2B 
 310      41F6A438 
 310      0B3D
 311 09e4 1622D84A 		.ascii	"\026\"\330J\005\267\345\010G\325\2633\335\210\340\263"
 311      05B7E508 
 311      47D5B333 
 311      DD88E0B3 
 312 09f4 4CF0D5D4 		.ascii	"L\360\325\324V\263\002\0271\301)7O\215bQp\327KL\360"
 312      56B30217 
 312      31C12937 
 312      4F8D6251 
 312      70D74B4C 
 313 0a09 59513064 		.ascii	"YQ0d\227\354\013I-\364\324\020\301\347\250\340\222G"
 313      97EC0B49 
 313      2DF4D410 
 313      C1E7A8E0 
 313      9247
 314 0a1b B9D953BE 		.ascii	"\271\331S\276\220\220\260\333\363\254N\334\346\353\350"
 314      9090B0DB 
 314      F3AC4EDC 
 314      E6EBE8
 315 0a2a 367FBEDE 		.ascii	"6\177\276\336\332\206\247|3\232\002\256\027\301\244"
 315      DA86A77C 
 315      339A02AE 
 315      17C1A4
 316 0a39 5684AF09 		.ascii	"V\204\257\011\213U\254\0153\376K\265\364\257\237\370"
 316      8B55AC0D 
 316      33FE4BB5 
 316      F4AF9FF8 
 317 0a49 BD3F7F3E 		.ascii	"\275?\177>\247\326\353\343\"\243M\013\202\365\246\325"
 317      A7D6EBE3 
 317      22A34D0B 
ARM GAS  C:\Users\johnb\AppData\Local\Temp\ccY4LNcA.s 			page 25


 317      82F5A6D5 
 318 0a59 E16F8786 		.ascii	"\341o\207\206\257\211\\\025i4\305ED\306\204\232bb\242"
 318      AF895C15 
 318      6934C545 
 318      44C6849A 
 318      6262A2
 319 0a6c 8CA19F47 		.ascii	"\214\241\237G\307\371\321;\277\260\330\265~\206\265"
 319      C7F9D13B 
 319      BFB0D8B5 
 319      7E86B5
 320 0a7b AB0C1111 		.ascii	"\253\014\021\021\206\210\320\327\003\026\370\005\007"
 320      8688D0D7 
 320      0316F805 
 320      07
 321 0a88 CD7FE3DF 		.ascii	"\315\177\343\337\363C\241\377\225\350\230h\303+\206"
 321      F343A1FF 
 321      95E89868 
 321      C32B86
 322 0a97 B05591A1 		.ascii	"\260U\221\241\221\321\341Qq\021\206\320\265a +\332\020"
 322      91D1E151 
 322      711186D0 
 322      B561202B 
 322      DA10
 323 0aa9 AA8F30AC 		.ascii	"\252\2170\254\016\213\2132\351M_\2543\030\003\326p*"
 323      0E8B8B32 
 323      E94D5FAC 
 323      331803D6 
 323      702A
 324 0abb 49DF3F7F 		.ascii	"I\337?\177Q}\306/\214\241z\243)\002\204\203\022Md\314"
 324      517DC62F 
 324      8CA17AA3 
 324      29028483 
 324      124D64CC 
 325 0acf BA985813 		.ascii	"\272\230X\0231Uoz3  \320\366\2131\006\256\011\213\012"
 325      31556F7A 
 325      332020D0 
 325      F68B3106 
 325      AE098B0A 
 326 0ae3 24A3C6C0 		.ascii	"$\243\306\300\225\037\177\264 8p\371\362\305\201KW|"
 326      951F7FB4 
 326      203870F9 
 326      F2C5814B 
 326      577C
 327 0af5 18F29F60 		.ascii	"\030\362\237`2\244_\007%**\002\244\270\021Td\204\342"
 327      32A45F07 
 327      252A2A02 
 327      A4B81154 
 327      6484E2
 328 0b08 CF1FE896 		.ascii	"\317\037\350\226\221\277\345\212\345\357\377E\247X\264"
 328      91BFE58A 
 328      E5EFFF45 
 328      A758B4
 329 0b17 52A7439F 		.ascii	"R\247C\237\241e\312\360(CX\254\350\301\371\257\353M"
 329      A165CAF0 
 329      284358AC 
 329      E8C1F9AF 
 329      EB4D
ARM GAS  C:\Users\johnb\AppData\Local\Temp\ccY4LNcA.s 			page 26


 330 0b29 2AE9061B 		.ascii	"*\351\006\033\015&\034\262X\207?\\\254S\256\370d\305"
 330      0D261CB2 
 330      58873F5C 
 330      AC53AEF8 
 330      64C5
 331 0b3b 62DDB490 		.ascii	"b\335\264\220\225+\226,Y\254s\013\371\370\037+\226\350"
 331      952B962C 
 331      59AC730B 
 331      F9F81F2B 
 331      96E8
 332 0b4d 941F852C 		.ascii	"\224\037\205,^\242\303\213t:\215\321\264\026\274\361"
 332      5EA2C38B 
 332      743A8DD1 
 332      B416BCF1 
 333 0b5d F9BAC818 		.ascii	"\371\272\310\030\275I\315hGF\350Mn1\253W\203\024\015"
 333      BD49CD68 
 333      4746E84D 
 333      6E31AB57 
 333      83140D
 334 0b70 11A95F1D 		.ascii	"\021\251_\035f4\275\2517}\372\313zLr\326\313N\374#\202"
 334      6634BDA9 
 334      377DFACB 
 334      7A4C72D6 
 334      CB4EFC23 
 335 0b85 2487004A 		.ascii	"$\207\000J\371a\310\2428\243\032\032:CX\004\334\316"
 335      F961C8A2 
 335      38A31A1A 
 335      3A435804 
 335      DCCE
 336 0b97 7632CD18 		.ascii	"v2\315\030\033n\233\022\316y@\365Yl\244\311\000hO\270"
 336      1B6E9B12 
 336      CE7940F5 
 336      596CA4C9 
 336      00684FB8 
 337 0bab 5F6930C1 		.ascii	"_i0\301\335G1\021\006Ud\314Z\250\364&\367\3605+\277"
 337      DD473111 
 337      065564CC 
 337      5AA8F426 
 337      F7F0352B 
 338 0bc0 302E0B8B 		.ascii	"0.\013\2132\315q\020\027k\262\221\010_\003\321\005\012"
 338      32CD7110 
 338      176BB291 
 338      085F03D1 
 338      050A
 339 0bd2 2F48B1D1 		.ascii	"/H\261\321\203g>\217\215\211[G\204x\330)q\236z\375\352"
 339      83673E8F 
 339      8D895B47 
 339      8478D829 
 339      719E7AFD 
 340 0be7 B8E870BD 		.ascii	"\270\350p\275>\340\215\327\336zU%\26542\"S1oyM\341%"
 340      3EE08DD7 
 340      DE7A5525 
 340      B5343222 
 340      53316F79 
 341 0bfe 1F7C3DE8 		.ascii	"\037|=\350\325\377\001\331\361\342\307"
 341      D5FF01D9 
 341      F1E2C7
ARM GAS  C:\Users\johnb\AppData\Local\Temp\ccY4LNcA.s 			page 27


 342              		.text
 343              		.section	.gnu.lto_.symtab.5f7fec7,"",%progbits
 344 0000 70616C52 		.ascii	"palReadBus\000"
 344      65616442 
 344      757300
 345 000b 00       		.ascii	"\000"
 346 000c 00       		.ascii	"\000"
 347 000d 00       		.ascii	"\000"
 348 000e 00000000 		.ascii	"\000\000\000\000\000\000\000\000"
 348      00000000 
 349 0016 23010000 		.ascii	"#\001\000\000"
 350 001a 70616C57 		.ascii	"palWriteBus\000"
 350      72697465 
 350      42757300 
 351 0026 00       		.ascii	"\000"
 352 0027 00       		.ascii	"\000"
 353 0028 00       		.ascii	"\000"
 354 0029 00000000 		.ascii	"\000\000\000\000\000\000\000\000"
 354      00000000 
 355 0031 28010000 		.ascii	"(\001\000\000"
 356 0035 70616C53 		.ascii	"palSetBusMode\000"
 356      65744275 
 356      734D6F64 
 356      6500
 357 0043 00       		.ascii	"\000"
 358 0044 00       		.ascii	"\000"
 359 0045 00       		.ascii	"\000"
 360 0046 00000000 		.ascii	"\000\000\000\000\000\000\000\000"
 360      00000000 
 361 004e 30010000 		.ascii	"0\001\000\000"
 362 0052 63685379 		.ascii	"chSysHalt\000"
 362      7348616C 
 362      7400
 363 005c 00       		.ascii	"\000"
 364 005d 02       		.ascii	"\002"
 365 005e 00       		.ascii	"\000"
 366 005f 00000000 		.ascii	"\000\000\000\000\000\000\000\000"
 366      00000000 
 367 0067 35010000 		.ascii	"5\001\000\000"
 368 006b 5F70616C 		.ascii	"_pal_lld_setgroupmode\000"
 368      5F6C6C64 
 368      5F736574 
 368      67726F75 
 368      706D6F64 
 369 0081 00       		.ascii	"\000"
 370 0082 02       		.ascii	"\002"
 371 0083 00       		.ascii	"\000"
 372 0084 00000000 		.ascii	"\000\000\000\000\000\000\000\000"
 372      00000000 
 373 008c 3B010000 		.ascii	";\001\000\000"
 374              		.text
 375              		.section	.gnu.lto_.opts,"",%progbits
 376 0000 272D666D 		.ascii	"'-fmath-errno' '-fsigned-zeros' '-ftrapping-math' '"
 376      6174682D 
 376      6572726E 
 376      6F272027 
 376      2D667369 
ARM GAS  C:\Users\johnb\AppData\Local\Temp\ccY4LNcA.s 			page 28


 377 0033 2D666E6F 		.ascii	"-fno-trapv' '-fno-openmp' '-fno-openacc' '-mcpu=cor"
 377      2D747261 
 377      70762720 
 377      272D666E 
 377      6F2D6F70 
 378 0066 7465782D 		.ascii	"tex-m4' '-mno-thumb-interwork' '-mthumb' '-ggdb' '-"
 378      6D342720 
 378      272D6D6E 
 378      6F2D7468 
 378      756D622D 
 379 0099 4F322720 		.ascii	"O2' '-fomit-frame-pointer' '-falign-functions=16' '"
 379      272D666F 
 379      6D69742D 
 379      6672616D 
 379      652D706F 
 380 00cc 2D666675 		.ascii	"-ffunction-sections' '-fdata-sections' '-fno-common"
 380      6E637469 
 380      6F6E2D73 
 380      65637469 
 380      6F6E7327 
 381 00ff 2720272D 		.ascii	"' '-flto'\000"
 381      666C746F 
 381      2700
 382              		.text
 383              		.comm	__gnu_lto_v1,1,1
 384              		.comm	__gnu_lto_slim,1,1
 385              		.ident	"GCC: (GNU Tools for ARM Embedded Processors 6-2017-q1-update) 6.3.1 20170215 (release) [AR
ARM GAS  C:\Users\johnb\AppData\Local\Temp\ccY4LNcA.s 			page 29


DEFINED SYMBOLS
                            *ABS*:00000000 hal_pal.c
                            *COM*:00000001 __gnu_lto_v1
                            *COM*:00000001 __gnu_lto_slim

NO UNDEFINED SYMBOLS
