ARM GAS  C:\Users\johnb\AppData\Local\Temp\ccOTeXhR.s 			page 1


   1              		.cpu cortex-m4
   2              		.eabi_attribute 20, 1
   3              		.eabi_attribute 21, 1
   4              		.eabi_attribute 23, 3
   5              		.eabi_attribute 24, 1
   6              		.eabi_attribute 25, 1
   7              		.eabi_attribute 26, 1
   8              		.eabi_attribute 30, 2
   9              		.eabi_attribute 34, 1
  10              		.eabi_attribute 18, 4
  11              		.file	"hal_lld.c"
  12              		.text
  13              	.Ltext0:
  14              		.section	.gnu.lto_.profile.d73465af,"",%progbits
  15 0000 789C6365 		.ascii	"x\234ce`b`a```dHK\001\000\001\260\000\327"
  15      60626061 
  15      60606064 
  15      484B0100 
  15      01B000D7 
  16              		.text
  17              		.section	.gnu.lto_.icf.d73465af,"",%progbits
  18 0000 789C6365 		.ascii	"x\234ce`b\020a@\000f\206{\347.\356\344d\234;\363\366"
  18      60621061 
  18      40006686 
  18      7BE72EEE 
  18      E4649C3B 
  19 0016 0E3EA627 		.ascii	"\016>\246'M;\177p3\000\000d\313\011Z"
  19      4D3B7F70 
  19      33000064 
  19      CB095A
  20              		.text
  21              		.section	.gnu.lto_.jmpfuncs.d73465af,"",%progbits
  22 0000 789C6365 		.ascii	"x\234ce`b\340`@\000& f\004b\000\001p\000\023"
  22      6062E060 
  22      40002620 
  22      66046200 
  22      01700013 
  23              		.text
  24              		.section	.gnu.lto_.inline.d73465af,"",%progbits
  25 0000 789C6365 		.ascii	"x\234ce`b\320e@\000&\006\006y9F\006&\213\005\353\231"
  25      6062D065 
  25      40002606 
  25      06793946 
  25      06268B05 
  26 0016 19D816C8 		.ascii	"\031\330\026\3103\201\004\031\031N2<`\002\212\3660~"
  26      33810419 
  26      194E323C 
  26      60028AF6 
  26      307E
  27 0028 BBAD0517 		.ascii	"\273\255\005\027f\000\000\257\245\007\306"
  27      660000AF 
  27      A507C6
  28              		.text
  29              		.section	.gnu.lto_.pureconst.d73465af,"",%progbits
  30 0000 789C6365 		.ascii	"x\234ce`b`e`\000\222R\214R\000\001\005\000D"
  30      60626065 
  30      60009252 
ARM GAS  C:\Users\johnb\AppData\Local\Temp\ccOTeXhR.s 			page 2


  30      8C520001 
  30      050044
  31              		.text
  32              		.section	.gnu.lto_hal_lld_init.d73465af,"",%progbits
  33 0000 789CA595 		.ascii	"x\234\245\225KL\023Q\024\206\357\231;\235\266\244X\302"
  33      4B4C1351 
  33      1486EF99 
  33      3B9DB6A4 
  33      58C2
  34 0012 D3184CDC 		.ascii	"\323\030L\334\262a\022A\227,]\230\270\322\275Q\\\270"
  34      B2611241 
  34      972C5D98 
  34      B8D2BD51 
  34      5CB8
  35 0024 20C1880B 		.ascii	" \301\210\013\026F\246R\301`\024\027\012\222X\2131\006"
  35      1646A652 
  35      C1601417 
  35      0A92588B 
  35      3106
  36 0036 0A02A2F8 		.ascii	"\012\002\242\370\240\250\224\362\254V@\004|\000\202"
  36      A0A894F2 
  36      AC564004 
  36      7C0082
  37 0045 86108821 		.ascii	"\206\020\210!\030!Q\344Q\357\271w\350\264n\244e\322"
  37      182151E4 
  37      51EFB977 
  37      E8B46EA4 
  37      65D2
  38 0057 9EB633B7 		.ascii	"\236\2663\267\337\377\237s\346\2361\021\211\\\260\020"
  38      DFFF9F73 
  38      E69E3111 
  38      895CB010 
  39 0067 72801092 		.ascii	"r\200\020\222\313\336`\" ]\037$\304a\221$\032\310#Z"
  39      CBDE6022 
  39      205D1F24 
  39      C4619124 
  39      1AC8235A 
  40 007b 82DC6F27 		.ascii	"\202\334o'\232\215\202,N\313\000\370E\263\000)\221\250"
  40      9A8D822C 
  40      4ECB00F8 
  40      45B30029 
  40      91A8
  41 008d 0C255049 		.ascii	"\014%PI\253)\370\313\347\332\245\254:\215\035\276\352"
  41      AB29F8CB 
  41      E7DAA5AC 
  41      3A8D1DBE 
  41      EA
  42 009e 51739976 		.ascii	"Qs\231vi\267\233\022R\303\336x@\035d\021\266\354[\353"
  42      69B79B12 
  42      52C3DE78 
  42      401D6411 
  42      B6EC5BEB 
  43 00b2 E6CD4445 		.ascii	"\346\315DE\026\347\241\036\024`\237-#\340\3236C\345"
  43      16E7A11E 
  43      14609F2D 
  43      23E0D336 
  43      43E5
ARM GAS  C:\Users\johnb\AppData\Local\Temp\ccOTeXhR.s 			page 3


  44 00c4 9A2F780F 		.ascii	"\232/x\017\332\017\357\225\210\2332#,X0X1\3300\3301"
  44      DA0FEF95 
  44      889B3223 
  44      2C583058 
  44      31D830D8 
  45 00d9 246148C6 		.ascii	"$aH\306\220\202!\025C\032\206t\014\031\030\010\251`"
  45      90822115 
  45      431A8674 
  45      0C191808 
  45      A960
  46 00eb 7CB47985 		.ascii	"|\264y\205J\370I\027\300\357]X\312GE\027\225\230\221"
  46      4AF84917 
  46      C0EF5D58 
  46      CA474517 
  46      959891
  47 00fe AA4BFE21 		.ascii	"\252K\376!\3635\352\246\022\240/\247\253w\316*~j?.k"
  47      F335EAA6 
  47      12A02FA7 
  47      AB77CE2A 
  47      7E6A3F2E 
  48 0113 323BF57D 		.ascii	"2;\365}z\255\335\344\006\227\203\245\264\317M)4@&x "
  48      7AADDDE4 
  48      069783A5 
  48      B4CF4D29 
  48      34402678 
  49 0128 93E0FA9F 		.ascii	"\223\340\372\237U\30336\265Is\202\233\325\240\021\334"
  49      55C33336 
  49      B5497382 
  49      9BD5A011 
  49      DC
  50 0139 708B670A 		.ascii	"p\213g\012\017@%Ll\305\202R\261Q\232\014J3\250\354\362"
  50      0F40254C 
  50      6CC58252 
  50      B1519A0C 
  50      4A33A8EC 
  51 014e D480A791 		.ascii	"\324\200\247\221\242)\200\020;\354\320\302\376\027;"
  51      A2298010 
  51      3BECD0C2 
  51      FE173B
  52 015d DC81D764 		.ascii	"\334\201\327dxh\340[9>\\\002\031\010<\022h\257g\225"
  52      7868E05B 
  52      393E5C02 
  52      19083C12 
  52      68AF6795 
  53 0171 8A229962 		.ascii	"\212\"\231b3\377\230\323\261\233\320\026\177\011\236"
  53      33FF98D3 
  53      B19BD016 
  53      7F099E
  54 0180 1894A7A0 		.ascii	"\030\224\247\240\356,\337g\006\3539c\205\023\\\323\023"
  54      EE2CDF67 
  54      06EB3963 
  54      85135CD3 
  54      13
  55 0191 B4C466AD 		.ascii	"\264\304f\255\235\343$\304yy\202\245\277\313@\220\254"
  55      9DE324C4 
  55      797982A5 
  55      BFCB4090 
ARM GAS  C:\Users\johnb\AppData\Local\Temp\ccOTeXhR.s 			page 4


  55      AC
  56 01a2 02767563 		.ascii	"\002vuc\272+\242]\273\240CHVYc/\304\013C\355%\250L\""
  56      BA2BA25D 
  56      BBA04348 
  56      5659632F 
  56      C40B43ED 
  57 01ba FE3ABC32 		.ascii	"\376:\2742P\235\221uX\327\353`\213\315\231\217\343\370"
  57      509D9175 
  57      58D7EB60 
  57      8BCD998F 
  57      E3F8
  58 01cc F6ED8ABF 		.ascii	"\366\355\212\277\321~\203\322\275\323F\367\030\254\336"
  58      D17E83D2 
  58      BDD346F7 
  58      18ACDE
  59 01db C804437A 		.ascii	"\310\004Cz\202\366\330\254\365q\234\214\270\376\177"
  59      82F6D8AC 
  59      F5719C8C 
  59      B8FE7F
  60 01ea 1A9D2460 		.ascii	"\032\235$`}\336?\3136\321h\234w\000\003\3617:`\250\275"
  60      7DDE3FCB 
  60      36D1689C 
  60      770003F1 
  60      373A60A8 
  61 01ff C6462771 		.ascii	"\306F'q\357\013\253\007\303\303\322\311g\352x\275\302"
  61      EF0BAB07 
  61      C3C3D2C9 
  61      67EA78BD 
  61      C2
  62 0210 E7650D85 		.ascii	"\347e\015\205\3109\012o@a\177\015\242\273\344\310=m"
  62      C8390A6F 
  62      40617F0D 
  62      A2BBE4C8 
  62      3D6D
  63 0222 E2CBEE6E 		.ascii	"\342\313\356n8\233\255\342\2476\343\340c\355Np\262'"
  63      389BADE2 
  63      A736E3E0 
  63      63ED4E70 
  63      B227
  64 0234 817963EA 		.ascii	"\201yc\352\012\0142_ou_\203C\025+\346\260\257!\356\313"
  64      0A0C325F 
  64      6F755F83 
  64      43152BE6 
  64      B0AF21EE 
  65 0249 24046078 		.ascii	"$\004`x\253\020\256%E\210\245\010\275\346\371\316\333"
  65      AB10AE25 
  65      4588A508 
  65      BDE6F9CE 
  65      DB
  66 025a 097A2924 		.ascii	"\011z)$x\027\256C\220\327a\233Z#QZ\357\261\014)\242"
  66      7817AE43 
  66      90D7619B 
  66      5A23515A 
  66      EFB10C29 
  67 026f 85E78558 		.ascii	"\205\347\205XjDM\341\177\267\303(\247):mL8_/\363\230"
  67      6A444DE1 
  67      7FB7C328 
ARM GAS  C:\Users\johnb\AppData\Local\Temp\ccOTeXhR.s 			page 5


  67      A7293A6D 
  67      4C385F2F 
  68 0285 042B4DE0 		.ascii	"\004+M\340f\357\317\326Zu\343\012\2143\326,8'\272s\365"
  68      66EFCFD6 
  68      5A75E30A 
  68      8C33D62C 
  68      3827BA73 
  69 029a 456C45F5 		.ascii	"ElE\365\342\352\036}\201\014\037P\214\340\363\204\222"
  69      E2EA1E7D 
  69      810C1F50 
  69      8CE0F384 
  69      92
  70 02ab 401E3E4E 		.ascii	"@\036>NV\3467\363\3644\267c\255\366$z\373\030\345\355"
  70      56E637F3 
  70      F434B763 
  70      ADF6247A 
  70      FB18E5ED 
  71 02bf 131FC30D 		.ascii	"\023\037\303\015\277\334\313\262\030\303\032S\372\254"
  71      BFDCCBB2 
  71      18C31A53 
  71      FAAC
  72 02cd 6F85F950 		.ascii	"o\205\371P\354\370\211(\374\244\276\031\320\265l<\005"
  72      ECF88928 
  72      FCA4BE19 
  72      D0B56C3C 
  72      05
  73 02de 03A56691 		.ascii	"\003\245f\221d\372\366;4\305\301f\035\374e\253\246 "
  73      64FAF63B 
  73      34C5C166 
  73      1DFC65AB 
  73      A620
  74 02f0 401982D5 		.ascii	"@\031\202\325V\3311\226\250\317\2775|\\M\307w;\314D"
  74      56D93196 
  74      A8CFBF35 
  74      7C5C4DC7 
  74      773BCC44 
  75 0304 897DC5DB 		.ascii	"\211}\305\333!\203,\302\305\332\345\033|\037\362FT\260"
  75      21832CC2 
  75      C5DAE51B 
  75      7C1FF246 
  75      54B0
  76 0316 7DC05262 		.ascii	"}\300Rbc-';[\015\277\012\213\324\323'\012\3243\205g"
  76      632D273B 
  76      5B0DBF0A 
  76      8BD4D327 
  76      0AD43385 
  77 032b CF15A947 		.ascii	"\317\025\251G\217\035\311\331/\342\241\334\342b\274"
  77      8F1DC9D9 
  77      2FE2A1DC 
  77      E262BC
  78 033a 72BCA0E0 		.ascii	"r\274\240\340Tv>\371\013\337&\311/"
  78      54763EF9 
  78      0BDF26C9 
  78      2F
  79              		.text
  80              		.section	.gnu.lto_stm32_clock_init.d73465af,"",%progbits
  81 0000 789CA558 		.ascii	"x\234\245XkL\024W\024\276gf\337o\2267\250\301\370\210"
ARM GAS  C:\Users\johnb\AppData\Local\Temp\ccOTeXhR.s 			page 6


  81      6B4C1457 
  81      14BE6766 
  81      DF6F9637 
  81      A8C1F888 
  82 0014 24EA2A42 		.ascii	"$\352*B\332\364\037\177\372\257\277\332\364_\3234\355"
  82      DAF41F7F 
  82      FAAFBFDA 
  82      F45FD334 
  82      ED
  83 0025 8FB631B1 		.ascii	"\217\2661\261\251Mc\1779+\313C\240\242\011Ej\"\330\232"
  83      A94D637F 
  83      392BCB43 
  83      A0A20945 
  83      6A22D89A 
  84 0039 566C51C4 		.ascii	"VlQ\304\252\025\237\013BW\020A\254Zy\024\321\212\200"
  84      AA159F0B 
  84      42571041 
  84      AC5A7914 
  84      D18A80
  85 004c 2FA85245 		.ascii	"/\250RED\267\367\334{gg;\246ig\335\220sg\356\235\375"
  85      44B7F7DC 
  85      7B67673B 
  85      A66967DD 
  85      907367EE 
  86 0062 CE77BE73 		.ascii	"\316w\276s\356\331;\230\211DF|\204\024\020B\276\000"
  86      EED93B98 
  86      8944467C 
  86      84141042 
  86      BE00
  87 0074 42601E01 		.ascii	"B`\036\001ik\017!A\233\0042\277\220\245\354\312\010"
  87      696B0F21 
  87      419B0432 
  87      BF90A5EC 
  87      CA08
  88 0086 218AC314 		.ascii	"!\212\303\024\262\022\305\225\315\347\013M`\346\353"
  88      B212C595 
  88      CDE70B4D 
  88      60E6EB
  89 0095 66298BAF 		.ascii	"f)\213\257[\330z\026\237/\264\200\225\257[\245L\276"
  89      5BD87A16 
  89      9F2FB480 
  89      95AF5BA5 
  89      4CBE
  90 00a7 6E63EB99 		.ascii	"nc\353\231|\276\320\006v\276n\2272\370\272\203\255g"
  90      7CBED006 
  90      76BE6E97 
  90      32F8BA83 
  90      AD67
  91 00b9 F0F94207 		.ascii	"\360\371B\0078\371\272SJ\347\353.\266\236\316\347\013"
  91      38F9BA53 
  91      4AE7EB2E 
  91      B69ECEE7 
  91      0B
  92 00ca 5D908223 		.ascii	"]\220\202#\244Hi|\331\315\226\323\370t\241[\362L\245"
  92      A448697C 
  92      D9CD96D3 
  92      F874A15B 
ARM GAS  C:\Users\johnb\AppData\Local\Temp\ccOTeXhR.s 			page 7


  92      F24CA5
  93 00dd D259DFAE 		.ascii	"\322Y\337\256W\351\254G\362\306\335y!\211C\373\324\213"
  93      57E9AC47 
  93      F2C6DD79 
  93      218943FB 
  93      D48B
  94 00ef 24F0F30B 		.ascii	"$\360\363\013\277\224\312\321\222\031Z*\237/L\006\300"
  94      BF94CAD1 
  94      92195A2A 
  94      9F2F4C06 
  94      C0
  95 0100 51B101D9 		.ascii	"Q\261\001\331(\311\331&s\226\305\232i\263g8\234\351"
  95      28C9D926 
  95      7396C59A 
  95      69B36738 
  95      9CE9
  96 0112 AE9434B7 		.ascii	"\256\2244\267\307\353K\362\247&\303F\233L\370\307,F"
  96      C7EB4BF2 
  96      A726C346 
  96      9B4CF8C7 
  96      2C46
  97 0124 AB18ED62 		.ascii	"\253\030\355bt\2121E\214~1V\311\333eh+\275\325\"\345"
  97      748A3145 
  97      8C7E3156 
  97      C9DB6568 
  97      2BBDD522 
  98 0139 EE51E827 		.ascii	"\356Q\350'\274}\300Q\242\024g\324S\300\257\005(\354"
  98      BC7DC051 
  98      A21467D4 
  98      53C0AF05 
  98      28EC
  99 014b 815C421F 		.ascii	"\201\\B\037\273\321\374\374+\267\305\304\347\241\001"
  99      BBD1FCFC 
  99      2BB7C5C4 
  99      E7A101
 100 015a 2C3471A4 		.ascii	",4q\244\351\"\204\225\347\321R%|w7l{\373\0253\251\227"
 100      E9228495 
 100      E7D15225 
 100      7C77376C 
 100      7BFB1533 
 101 0170 C182C686 		.ascii	"\301\202\306\206\306\216\306\201\306\211\306\215\306"
 101      C68EC681 
 101      C689C68D 
 101      C6
 102 017d 8BC68726 		.ascii	"\213\306\207&\011\215\037M*\23244\031h2\321d\241\311"
 102      098D1F4D 
 102      2A9A3434 
 102      196832D1 
 102      64A1C9
 103 0190 46331FCD 		.ascii	"F3\037\315\00249h\026\242Y\204f1\232%h\226\242Y\206"
 103      02343968 
 103      16A25984 
 103      66319A25 
 103      6896A259 
 104 01a5 2617CD72 		.ascii	"&\027\315r4+\320\004\320\254B\263\032M\036\232|4\005"
 104      342BD004 
 104      D0AC42B3 
ARM GAS  C:\Users\johnb\AppData\Local\Temp\ccOTeXhR.s 			page 8


 104      1A4D1E9A 
 104      7C3405
 105 01b8 680829A7 		.ascii	"h\010)\247\321P\315+d\211\016\362\004\264M\217\237("
 105      D150CD2B 
 105      64890EF2 
 105      04B44D8F 
 105      9F28
 106 01ca 76607834 		.ascii	"v`x4\344\232\342\266^\353\026\271^\226\000\025\010\355"
 106      E49AE2B6 
 106      5EEB16B9 
 106      5E960015 
 106      08ED
 107 01dc ECB865E7 		.ascii	"\354\270e\347\267\312T\231b\242Sw\256=m1\327\303\316"
 107      B7CA5499 
 107      62A25377 
 107      AE3D6D31 
 107      D7C3CE
 108 01ef 20156F57 		.ascii	" \025oWV\275,\303\0170\017\366\322\202\306/<\250\271"
 108      56BD2CC3 
 108      0F300FF6 
 108      D282C62F 
 108      3CA8B9
 109 0202 30E20AEC 		.ascii	"0\342\012\354SBA%\247^6\301\217P\017\265LVh\204\000"
 109      53424125 
 109      A75E36C1 
 109      8F500FB5 
 109      4C566884 
 110 0217 7DE0E7CB 		.ascii	"}\340\347\313;\272\314\210h\002\224\037`\037\375&#\321"
 110      3BBACC88 
 110      6802941F 
 110      601FFD26 
 110      23D1
 111 0229 396AD193 		.ascii	"9j\321\22303\022\337<\013\355\267\363[e$\310H\324u\017"
 111      303312DF 
 111      3C0BEDB7 
 111      F35B6524 
 111      C848D475 
 112 023e B53BE248 		.ascii	"\265;\342HX\240\211\222\330/H\364\364\226O[\343H\034"
 112      58A08992 
 112      D82F48F4 
 112      F4964F5B 
 112      E3481C
 113 0251 60243079 		.ascii	"`$0y\320\314Ht\354\237\275aWI\310p\220S86q\225S\330"
 113      D0CC4874 
 113      EC9FBD61 
 113      5749C870 
 113      90533836 
 114 0269 299B7581 		.ascii	")\233u\201\346\374k\234\200 ?1\007\022:8D\365\237\200"
 114      E6FC6B9C 
 114      80203F31 
 114      07123A38 
 114      44F59F80 
 115 027d A29912E0 		.ascii	"\242\231\022\340H\002\354P{\244\304\206\036\201~\016"
 115      4802EC50 
 115      7BA4C486 
 115      1E817E0E 
 116 028d 737F3576 		.ascii	"s\1775v\021\257\001OG4O?C\200\302\323\253\012Y&t\323"
ARM GAS  C:\Users\johnb\AppData\Local\Temp\ccOTeXhR.s 			page 9


 116      11AF014F 
 116      47344F3F 
 116      4380C2D3 
 116      AB0A5926 
 117 02a3 C82C84FE 		.ascii	"\310,\204\376Q+wl\373\337\300B\245\243\032t\013\017"
 117      512B776C 
 117      FBDFC042 
 117      A5A31A74 
 117      0B0F
 118 02b5 62AEA4D3 		.ascii	"b\256\244\323\314\301\354\034\257#\3728\354\345QHp\214"
 118      CCC1EC1C 
 118      AF23FA38 
 118      ECE55148 
 118      708C
 119 02c7 E2DC84D0 		.ascii	"\342\334\204\320\300\231n\021\252\235>\321t\267\345"
 119      C0996E11 
 119      AA9D3ED1 
 119      74B7E5
 120 02d6 899B3F41 		.ascii	"\211\233?A\3408z\"Xq\331\204nv\250\220M\242\344\216"
 120      E0387A22 
 120      5871D984 
 120      6E76A890 
 120      4DA2E48E 
 121 02ea 4D5CFB4E 		.ascii	"M\\\373N\360t\030\023\340\004c\3116\344I\225\245\360"
 121      F0741813 
 121      E00463C9 
 121      36E44995 
 121      A5F0
 122 02fc EFE460A7 		.ascii	"\357\344`\247\036\025\177\316\031\314E\243Q/\234J\\"
 122      1E157FCE 
 122      19CC45A3 
 122      512F9C4A 
 122      5C
 123 030d EDD39AB3 		.ascii	"\355\323\232\2630\252\355de\262w\\\250\3426\206\326"
 123      30AAED64 
 123      65B2775C 
 123      A8E23686 
 123      D6
 124 031e AAA1B531 		.ascii	"\252\241\2651\352\011q:\243\241\264#'7\253\000\263V"
 124      EA09713A 
 124      A3A1B423 
 124      2737AB00 
 124      B356
 125 0330 01131D42 		.ascii	"\001\023\035BY\257\321\012\350\320\240\177Q\265\355"
 125      59AFD10A 
 125      E8D0A07F 
 125      51B5ED
 126 033f 17B1FA38 		.ascii	"\027\261\3728\336\323\361\352~\340\352\272 \302+`0V"
 126      DED3F1EA 
 126      7EE0EABA 
 126      20C22B60 
 126      3056
 127 0351 01BEB894 		.ascii	"\001\276\270\224g\211\224[b)\277\247\356\256$c\021\237"
 127      6789945B 
 127      6229BFA7 
 127      EEAE2463 
 127      119F
ARM GAS  C:\Users\johnb\AppData\Local\Temp\ccOTeXhR.s 			page 10


 128 0363 D50AB353 		.ascii	"\325\012\263S\227r?\007k\352,\216\010VO\000\272\022"
 128      97723F07 
 128      6BEA2C8E 
 128      08564F00 
 128      BA12
 129 0375 4FF839CD 		.ascii	"O\3709\315U7\212\353\347\255\351>/V\303\335\357\274"
 129      55378AEB 
 129      E7ADE93E 
 129      2F56C3DD 
 129      EFBC
 130 0387 26680F6B 		.ascii	"&h\017k<\261\316f\242\333\243Wm;QU\230Tcl/hl\373tm'"
 130      3CB1CE66 
 130      A2DBA357 
 130      6D3B5155 
 130      9854636C 
 131 03a2 8D838DDD 		.ascii	"\215\203\215\335o\254\264ra\024\305\004\027\023W\346"
 131      6FACB472 
 131      6114C504 
 131      171357E6 
 132 03b2 57CDD725 		.ascii	"W\315\327%T&\215\225\235U+\273\315\021Qv\031F\313\356"
 132      54268D95 
 132      9D552BBB 
 132      CD115176 
 132      1946CBEE 
 133 03c6 B2067D45 		.ascii	"\262\006}E\315o\213(\273L\216w\246\256.$\251q\330\340"
 133      CD6F8B28 
 133      BB4C8E77 
 133      A6AE2E24 
 133      A971D8E0 
 134 03da 377DEBC9 		.ascii	"7}\353\311\214+\274LQx\266X\341U\225\012jY\306b\276"
 134      8C2BBC4C 
 134      5178B658 
 134      E155950A 
 134      6A59C662 
 135 03ef CA889990 		.ascii	"\312\210\231\220X\277N\337l\012\3662}|@\203\036D9\263"
 135      58BF4EDF 
 135      6C0AF632 
 135      7D7C4083 
 135      1E4439B3 
 136 0403 999C764D 		.ascii	"\231\234vM\316ZU\316\371F\345\034\322\240\177\327\367"
 136      CE5A55CE 
 136      F946E51C 
 136      D2A07FD7 
 136      F7
 137 0414 F10514EF 		.ascii	"\361\005\024\357\305\306\275 N\275\014\241\236#v8\250"
 137      C5C6BD20 
 137      4EBD0CA1 
 137      9E237638 
 137      A8
 138 0425 2B752454 		.ascii	"+u$T\374\303\214\007\236\317\340\032+\376\360\354\344"
 138      FCC38C07 
 138      9ECFE01A 
 138      2BFEF0EC 
 138      E4
 139 0436 4DF1AB5B 		.ascii	"M\361\253[\326\020|\015F\324\372o\030\023\365\237cL"
 139      D6107C0D 
 139      46D4FA6F 
ARM GAS  C:\Users\johnb\AppData\Local\Temp\ccOTeXhR.s 			page 11


 139      1813F59F 
 139      634C
 140 0448 C4EB5AE1 		.ascii	"\304\353Z\341\334\320\345g!\007\353\033\235\355\265"
 140      DCD0E567 
 140      2107EB1B 
 140      9DEDB5
 141 0457 AB75430B 		.ascii	"\253uC\013\347\217\3043vSs6\212\031[\3102\346\3242\326"
 141      E78FC433 
 141      76537336 
 141      8A195BC8 
 141      32E6D432 
 142 046c A8666C91 		.ascii	"\250fl\221\356\200\222\363_\347\223[\014\032\177\312"
 142      EE8092F3 
 142      5FE7935B 
 142      0C1A7FCA 
 143 047c 614C9FB1 		.ascii	"aL\237\261\305\034o\260\353\350\245\330F\006\030\327"
 143      C51C6FB0 
 143      EBE8A5D8 
 143      460618D7 
 144 048c A770715C 		.ascii	"\247pq\\\012\323Y\012\313e\027\246\260BNA\212\300(v"
 144      0AD3590A 
 144      CB6517A6 
 144      B0424E41 
 144      8AC02876 
 145 04a0 8F098A4B 		.ascii	"\217\011\212K\214\026\325\204\026\375m=\305\245\034"
 145      8C16D584 
 145      16FD6D3D 
 145      C5A51C
 146 04af EF5CB472 		.ascii	"\357\\\264r\322\034\323\332\007w\364\034\227\306qL\023"
 146      D21CD3DA 
 146      0777F41C 
 146      97C6714C 
 146      13
 147 04c0 65E68E95 		.ascii	"e\346\216\225YtOb=\366\256\326c\357\2612k\035\256-Q"
 147      59744F62 
 147      3DF6AED6 
 147      63EFB132 
 147      6B1DAE2D 
 148 04d5 0F770DDF 		.ascii	"\017w\015\337\266\313p_\255\263\301N\021\376\262\370"
 148      B6CB705F 
 148      ADB3C14E 
 148      11FEB2F8 
 149 04e5 566C6587 		.ascii	"Vle\207\314\362\242\326\2036~\253\204\267*\036:ua\370"
 149      CCF2A2D6 
 149      83367EAB 
 149      84B72A1E 
 149      3A7561F8 
 150 04f9 E895B81C 		.ascii	"\350\225\270\034\332`\212\322\230\0244\216<|P\025O\343"
 150      DA608AD2 
 150      9814348E 
 150      3C7C5015 
 150      4FE3
 151 050b 4F4603DF 		.ascii	"OF\003\337B\340\001\025\210\005\236\257y\353\333r\366"
 151      42E00115 
 151      88059EAF 
 151      79EBDB72 
 151      F6
ARM GAS  C:\Users\johnb\AppData\Local\Temp\ccOTeXhR.s 			page 12


 152 051c BC9B93DA 		.ascii	"\274\233\223\332v6\250H\360PHQ!{\310\034\260\012\352"
 152      7636A848 
 152      F0504851 
 152      217BC81C 
 152      B00AEA
 153 052f 7C873F9F 		.ascii	"|\207?\237\033\317\316\316\330\005[NT\233\371\2552P"
 153      1BCFCECE 
 153      D8055B4E 
 153      549BF9AD 
 153      3250
 154 0541 C4D8F5D5 		.ascii	"\304\330\365\325n\272n\323\3309\340/\312nZ\260\273\335"
 154      6EBA6ED3 
 154      D839E02F 
 154      CA6E5AB0 
 154      BBDD
 155 0553 F3FD6927 		.ascii	"\363\375i'eW\315\3309\341\021cgCv\217Uv\323&\315]\370"
 155      6557CDD8 
 155      39E11163 
 155      6743768F 
 155      5576D326 
 156 056a 59DD610F 		.ascii	"Y\335a\017\342;\2415t\272\314\00431z^\022!<CC\233_x"
 156      E23BA135 
 156      74BACC04 
 156      33317A5E 
 156      12213C43 
 157 0582 4B703176 		.ascii	"Kp1v\343\007\"\263n~\253\314\360\267\204H\255\322\034"
 157      E30722B3 
 157      6E7EABCC 
 157      F0B78448 
 157      ADD21C
 158 0595 3BA07F4C 		.ascii	";\240\177L_<\3340K\371=\021\374B\217\"\325\2268\365"
 158      5F3CDC30 
 158      4BF93D11 
 158      FC428F22 
 158      D59638F5 
 159 05a9 9E327EF8 		.ascii	"\2362~\370\356\006s,\211\217;Jk<\\\257b\011\23616\025"
 159      EE06732C 
 159      898F3B4A 
 159      6B3C5CAF 
 159      62099E31 
 160 05bf B28F9CB4 		.ascii	"\262\217\234\264p.\3031.\006==\327<E\231\247\251\346"
 160      702EC331 
 160      2E063D3D 
 160      D73C4599 
 160      A7A9E6
 161 05d2 A175C291 		.ascii	"\241u\302\221\007\024\211;J\212\375vL\356\0255\263\334"
 161      0714893B 
 161      4A8AFD76 
 161      4CEE1535 
 161      B3DC
 162 05e4 58BB084A 		.ascii	"X\273\010J\261\262\334$\375\2637\255\240`\254\011'\330"
 162      B1B2DC24 
 162      FDB337AD 
 162      A060AC09 
 162      27D8
 163 05f6 898A34E8 		.ascii	"\211\2124\350\220D;\321\012F\331\257u\242\031\265\316"
 163      90443BD1 
ARM GAS  C:\Users\johnb\AppData\Local\Temp\ccOTeXhR.s 			page 13


 163      0A46D9AF 
 163      75A219B5 
 163      CE
 164 0607 0346B779 		.ascii	"\003F\267y\261\006]\"\351N\200\253(\336\213G\276U\024"
 164      B1065D22 
 164      E94E80AB 
 164      28DE8B47 
 164      BE5514
 165 061a 65C7F1E9 		.ascii	"e\307\361\351.\261\363mP*\251{<U\354\361\344\230\230"
 165      2EB1F36D 
 165      502AA97B 
 165      3C55ECF1 
 165      E49898
 166 062d D18FF897 		.ascii	"\321\217\370\227V\033\013\270\214\261r \253\315:-\363"
 166      561B0BB8 
 166      8CB17220 
 166      ABCD3A2D 
 166      F3
 167 063e 2818EB86 		.ascii	"(\030\353\206\011jY\256AW\240\226y\254S\3309x\2761\254"
 167      096A59AE 
 167      4157A096 
 167      79AC53D8 
 167      3978BE31 
 168 0653 4A8685FF 		.ascii	"J\206\205\377x\200/u4\013(\330\313\320\334\242AW!\315"
 168      78802F75 
 168      340B28D8 
 168      CBD0DCA2 
 168      415721CD 
 169 0667 02720F36 		.ascii	"\002r\0176\355\332\335\310\340\205\334@e\246\015z\315"
 169      EDDADDC8 
 169      E085DC40 
 169      65A60D7A 
 169      CD
 170 0678 CA9581D8 		.ascii	"\312\225\201\330\337\272\365\201\017\337[\033\370d\335"
 170      DFBAF581 
 170      0FDF5B1B 
 170      F864DD
 171 0687 A79FAD0F 		.ascii	"\247\237\255\017\274\371\326\033k\362\270}=\177\303"
 171      BCF9D61B 
 171      6BF2B87D 
 171      3D7FC3
 172 0696 065C7977 		.ascii	"\006\\yw\355\332\017V\276O\376\0065L\230E"
 172      EDDA0F56 
 172      BE4FFE06 
 172      354C9845 
 173              		.text
 174              		.section	.gnu.lto_.symbol_nodes.d73465af,"",%progbits
 175 0000 789C6365 		.ascii	"x\234ce`b\320g\000\002\246\351L\365\014\014\023\316"
 175      6062D067 
 175      0002A6E9 
 175      4CF50C0C 
 175      13CE
 176 0012 313000A9 		.ascii	"10\000\251]\015\216@\221\031L\365\214(\"\254S\231\030"
 176      5D0D8E40 
 176      91194CF5 
 176      8C2822AC 
 176      539918
ARM GAS  C:\Users\johnb\AppData\Local\Temp\ccOTeXhR.s 			page 14


 177 0025 1A9540AA 		.ascii	"\032\225@\252\001\024\324\012\\"
 177      0114D40A 
 177      5C
 178              		.text
 179              		.section	.gnu.lto_.refs.d73465af,"",%progbits
 180 0000 789C6365 		.ascii	"x\234ce`b`d\000\002\000\000I\000\011"
 180      60626064 
 180      00020000 
 180      490009
 181              		.text
 182              		.section	.gnu.lto_.decls.d73465af,"",%progbits
 183 0000 789CCD19 		.ascii	"x\234\315\031\013PT\327u\357\273\013\013\013\242E\333"
 183      0B5054D7 
 183      75EFBB0B 
 183      0B0BA245 
 183      DB
 184 0011 D89636D4 		.ascii	"\330\2266\324\232\011\323i@\320&\231t\246\023\\D\234"
 184      9A09D369 
 184      40D02699 
 184      74A6135C 
 184      449C
 185 0023 6AE22CC6 		.ascii	"j\342,\3066)\031F\001\023&\002\251`\307L\323\366\311"
 185      36291946 
 185      01132602 
 185      A960C74C 
 185      D3F6C9
 186 0036 47F08382 		.ascii	"G\360\203\202\212\006\024D@\201\200\210\012\242\"\272"
 186      8A061444 
 186      40818088 
 186      0AA222BA 
 187 0046 0222AE8A 		.ascii	"\002\"\256\212\006?|\004AE\304\037AP\344\247\364\334"
 187      063F7C04 
 187      4145C41F 
 187      4150E4A7 
 187      F4DC
 188 0058 7BDFDBBD 		.ascii	"{\337\333\275\373vM\322\231N\247;\234w\357y\367\334"
 188      FB764DD2 
 188      994EA73B 
 188      9C77EF79 
 188      F7DC
 189 006a F3BF9FF3 		.ascii	"\363\277\237\363\260S\011\252\330_\252T\007\261J\345"
 189      B05309AA 
 189      D85FAA54 
 189      07B14AE5 
 190 007a 8E54AA71 		.ascii	"\216T\252q\370AW\265Oe\376\011\000%\000\245\000@\242"
 190      F84157B5 
 190      4F65FE09 
 190      002500A5 
 190      0040A2
 191 008d AA5259FE 		.ascii	"\252RY\376>\206\227\032h\027\003\274\016\360c\300\247"
 191      3E86971A 
 191      681703BC 
 191      0EF063C0 
 191      A7
 192 009e 0018A0FF 		.ascii	"\000\030\240\377\013h\335\000\034\240\257\201\326\031"
 192      0B68DD00 
 192      1CA0AF81 
ARM GAS  C:\Users\johnb\AppData\Local\Temp\ccOTeXhR.s 			page 15


 192      D619
 193 00ac E047004F 		.ascii	"\340G\000O\010_h\177\0120\006\375W\220Y\316\253He\365"
 193      085F687F 
 193      0A3006FD 
 193      579059CE 
 193      AB4865F5 
 194 00c0 5B02EF5C 		.ascii	"[\002\357\\\276G\306\033\000\277\005X\005\3607\200\231"
 194      BE47C61B 
 194      00BF0558 
 194      05F03780 
 194      99
 195 00d1 00C900EB 		.ascii	"\000\311\000\353\211\\N\236\013\3000\261\005\332\021"
 195      895C4E9E 
 195      0BC030B1 
 195      05DA11
 196 00e0 49B607C0 		.ascii	"I\266\007\300'\000I\000\003\360nP\262\265\324Z\025\325"
 196      27004900 
 196      03F06E50 
 196      B2B5D45A 
 196      15D5
 197 00f2 768C0E27 		.ascii	"v\214\016'\327V\0117P\033\002\235\321$\372\026!\366"
 197      D7560937 
 197      501B029D 
 197      D124FA16 
 197      21F6
 198 0104 4414283A 		.ascii	"D\024(:.\377\020\242\357\341\255@\237\214\220\276B\362"
 198      2EFF10A2 
 198      EFE1AD40 
 198      9F8C90BE 
 198      42F2
 199 0116 0C091724 		.ascii	"\014\011\027$T\220X\322?i2\3428\262a&I\3761\235Y\207"
 199      549058D2 
 199      3F6932E2 
 199      38B26126 
 199      49FE319D 
 200 012c 4E936723 		.ascii	"N\223g#\301,\000!~\002\307\220\251-\215\233\364S\231"
 200      C12C0021 
 200      7E02C790 
 200      A92D8D9B 
 200      F45399
 201 013f 8D43B2F5 		.ascii	"\215C\262\365\217\323\317wk;P;y\233\375.\242\357\322"
 201      8FD3CF77 
 201      6B3B503B 
 201      799BFD2E 
 201      A2EFD2
 202 0152 B3369562 		.ascii	"\2636\225b\014.\206~\307p\201\277g\261\310~\016\257"
 202      0C2E867E 
 202      C77081BF 
 202      67B1C87E 
 202      0EAF
 203 0164 9ADD767A 		.ascii	"\232\335vz\374\231a\342F\214\\\265H\000\264\261\357"
 203      FC9961E2 
 203      468C5CB5 
 203      4800B4B1 
 203      EF
 204 0175 7CA613A0 		.ascii	"|\246\023\240S\264h\022\240C\253\257\236\322N\335Fg"
 204      53B46812 
ARM GAS  C:\Users\johnb\AppData\Local\Temp\ccOTeXhR.s 			page 16


 204      A043ABAF 
 204      9ED24EDD 
 204      4667
 205 0187 C5899304 		.ascii	"\305\211\223\004\264\370'\250\030\271\241\"\344\006"
 205      B4F827A8 
 205      18B9A122 
 205      E406
 206 0195 C2F7A1A9 		.ascii	"\302\367\241\251\360\\\252f\234V\267\354\311PO\313\026"
 206      F05CAA66 
 206      9C56B7EC 
 206      C9504FCB 
 206      16
 207 01a6 B33B45C3 		.ascii	"\263;E\303\231\232wn\036\024\305\004\230\246&d\250\020"
 207      999A776E 
 207      1E14C504 
 207      98A62664 
 207      A810
 208 01b8 61F435F2 		.ascii	"a\3645\362$*C\027\236\005\250\003\241|t\003\014*A\323"
 208      242A4317 
 208      9E05A803 
 208      A17C7403 
 208      0C2A41D3 
 209 01cc 60BAD853 		.ascii	"`\272\330S\3316\021\317\247\332&\356\353,p\226X\335"
 209      D93611CF 
 209      A7DA26EE 
 209      EB2C7096 
 209      58DD
 210 01de FF4DBA68 		.ascii	"\377M\272h\210\005F\002e\264\337\314h\277\222Q)e\324"
 210      88054602 
 210      65B4DFCC 
 210      68BF9251 
 210      2965D4
 211 01f1 5E5F5884 		.ascii	"^_X\204\301\204\327\265\210xq\"\274\332\377\360\350"
 211      C184D7B5 
 211      88787122 
 211      BCDAFFF0 
 211      E8
 212 0202 F004F68A 		.ascii	"\360\004\366\212\260o\334\324\237\247\301\037\323\376"
 212      B06FDCD4 
 212      9FA7C11F 
 212      D3FE
 213 0210 37F1A53B 		.ascii	"7\361\245;1\263_M\374x!\343\266\013\263\337};\026\322"
 213      31B35F4D 
 213      FC7821E3 
 213      B60BB3DF 
 213      7D3B16D2 
 214 0224 8D4DD56A 		.ascii	"\215M\325j\344\241\335K\034`8\223\371\207\364~QtG\025"
 214      E4A1DD4B 
 214      1C603893 
 214      F987F47E 
 214      51744715 
 215 0238 488B0E99 		.ascii	"H\213\016\231\025y]\013\317$Q\214\025S\342D\307\000"
 215      15795D0B 
 215      CF24518C 
 215      1553E244 
 215      C700
 216 024a 152A0717 		.ascii	"\025*\007\027\225\201\213\320a\344A\204\022:t\020^\036"
ARM GAS  C:\Users\johnb\AppData\Local\Temp\ccOTeXhR.s 			page 17


 216      95818BD0 
 216      61E44184 
 216      123A7410 
 216      5E1E
 217 025c 809720A5 		.ascii	"\200\227 \2450/5\307\036_DD\003\241\356\304\365f5\322"
 217      302F35C7 
 217      1E5F4444 
 217      03A1EEC4 
 217      F56635D2 
 218 0270 7AD86470 		.ascii	"z\330dp\314\006\003I\231\312iu\011\304+GA\231#fe@7\026"
 218      CC060349 
 218      99CA6975 
 218      09C42B47 
 218      41992366 
 219 0288 8F0339D9 		.ascii	"\217\0039\331}\316`\012\031\027\237$_\"\357J\363\356"
 219      7DCE600A 
 219      19179F24 
 219      5F22EF4A 
 219      F3EE
 220 029a FC1A97B1 		.ascii	"\374\032\227\261\224x2\276;\315\351\265\\1\273\032\230"
 220      947832BE 
 220      3BCDE9B5 
 220      5C31BB1A 
 220      98
 221 02ab DD9E9C01 		.ascii	"\335\236\234\001\361r\244\304\307\0313\223\022*\372"
 221      F172A4C4 
 221      C7193393 
 221      122AFA
 222 02ba A692A853 		.ascii	"\246\222\250S\205^#K\255\373l\235\226\371LD\200\033"
 222      855E234B 
 222      ADFB6C9D 
 222      96F94C44 
 222      801B
 223 02cc EA363C42 		.ascii	"\3526<B\270\226\261M*\336X\203\265I$_~\2101d\306\315"
 223      B896B14D 
 223      2ADE5883 
 223      B549245F 
 223      7E883164 
 224 02e2 C4CB12BB 		.ascii	"\304\313\022\273!\202gT>1\3321\334\001\320\212\336\242"
 224      21826754 
 224      3E31DA31 
 224      DC01D08A 
 224      DEA2
 225 02f4 8A092C24 		.ascii	"\212\011,$\0062<^\375\254y\00262i\353\016_\276\241&"
 225      06323C5E 
 225      FDAC7902 
 225      363269EB 
 225      0E5FBEA1 
 226 0309 D244268D 		.ascii	"\322D&\215L2\353}\232\370\002y\271\241\031TPZUZ\271"
 226      4C32EB7D 
 226      9AF80279 
 226      B9A11954 
 226      505A555A 
 227 031e 8B6B0A25 		.ascii	"\213k\012%\2060\252\251\2655@]M\251\353\220\253<\207"
 227      8630AAA9 
 227      B535405D 
 227      4DA9EB90 
ARM GAS  C:\Users\johnb\AppData\Local\Temp\ccOTeXhR.s 			page 18


 227      AB3C87
 228 0331 CAB9D792 		.ascii	"\312\271\327\222\353\310\324\350#\370\366\243\267\372"
 228      EBC8D4E8 
 228      23F8F6A3 
 228      B7FA
 229 033f 5CF01526 		.ascii	"\\\360\025&7\265\346\351\200\023nfH[\316\326=jF\331"
 229      37B5E6E9 
 229      80136E66 
 229      485BCED6 
 229      3D6A46D9 
 230 0353 43F0CCB1 		.ascii	"C\360\314\261\261x5ng\203\261\225-\251\322\002\353\244"
 230      B178356E 
 230      6783B195 
 230      2DA9D202 
 230      EBA4
 231 0365 C917BB25 		.ascii	"\311\027\273%\317\036\337e\203\243\275\371}\366\370"
 231      CF1EDF65 
 231      83A3BDF9 
 231      7DF6F8
 232 0374 31432A6E 		.ascii	"1C*n\246\235\224\0046\023\274f`\347cg<\312\006\023\362"
 232      A69D9404 
 232      3613BC66 
 232      60E76367 
 232      3CCA0613 
 233 0389 AE6CD0E0 		.ascii	"\256l\320\340\004L\221\313\335\273\343\235\031%\015"
 233      044C91CB 
 233      DDBBE39D 
 233      19250D
 234 0398 EBC0F5E4 		.ascii	"\353\300\365\344:g\274\211\015\326\326\337\276\354\200"
 234      3A67BC89 
 234      0DD6D6DF 
 234      BEEC80
 235 03a7 D319B2FE 		.ascii	"\323\031\262\376ty\235\224\336\365t\221\366\224&b\234"
 235      74799D94 
 235      DEF57491 
 235      F6942662 
 235      9C
 236 03b8 CB0665CF 		.ascii	"\313\006e\317\272J\236}|\251f\235#\336\307\006/\254"
 236      BA4A9E7D 
 236      7CA9669D 
 236      23DEC706 
 236      2FAC
 237 03ca DD9C26E0 		.ascii	"\335\234&\340r\206\024t\357\334(\011|\233\270fG_\246"
 237      72861474 
 237      EFDC2809 
 237      7C9BB866 
 237      475FA6
 238 03dd 33AE6263 		.ascii	"3\256bc\307s\023\012\035\360\031\206TV\034\257\223b"
 238      C773130A 
 238      1DF01986 
 238      54561CAF 
 238      9362
 239 03ef 3703D0F8 		.ascii	"7\003\320\370\206\3446g|\221\215\225\364$\0324\270\211"
 239      86E43667 
 239      7C918D95 
 239      F4241A34 
 239      B889
ARM GAS  C:\Users\johnb\AppData\Local\Temp\ccOTeXhR.s 			page 19


 240 0401 213B06DA 		.ascii	"!;\006\332\357I\306z\020&\027\206\213]p\007\033\223"
 240      EF49C67A 
 240      10261786 
 240      8B5D7007 
 240      1B93
 241 0413 17A12B5D 		.ascii	"\027\241+]\204\350\370\365r/|\217\015\355\3569\272e"
 241      84E8F8F5 
 241      722F7C8F 
 241      0DEDEE39 
 241      BA65
 242 0425 22EE6748 		.ascii	"\"\356gHo\374\235N'F7\025\320\233\355w\327\271\340Q"
 242      6FFC9D4E 
 242      27463715 
 242      D09BED77 
 242      D7B9E051 
 243 0439 36B6E664 		.ascii	"6\266\346dZ\225#NP\263\005/\355j\256lW\253\355\274\201"
 243      5A95234E 
 243      50B3052F 
 243      ED6AAE6C 
 243      57ABEDBC 
 244 044e F04636F4 		.ascii	"\360F6\364`\235\241E\300\333\031Rx4\371\246\035\316"
 244      609DA145 
 244      C0DB1952 
 244      7834F9A6 
 244      1DCE
 245 0460 66C8ED8A 		.ascii	"f\310\355\212\370A5\316cH\321X\326%G\\\310\220K\307"
 245      F84135CE 
 245      6348D158 
 245      D625475C 
 245      C8904BC7 
 246 0474 3AEFB8E0 		.ascii	":\357\270\340\003\014)\276p\246M\362p\022Y\014\305\005"
 246      030C29BE 
 246      70A64DF2 
 246      7012590C 
 246      C505
 247 0486 EDDD1A29 		.ascii	"\355\335\032)]I\372\346\035\351\034C\270\214\022\273"
 247      5D49FAE6 
 247      1DE91C43 
 247      B88C12BB 
 248 0496 1714181E 		.ascii	"\027\024\030\036\272\240\351\334o2}z\360\257\246\347"
 248      BAA0E9DC 
 248      6F327D7A 
 248      F0AFA6E7 
 249 04a6 88F171A2 		.ascii	"\210\361q\242a|\023\336P\236wv\265\2307\025\031 QO\302"
 249      617C13DE 
 249      509E7776 
 249      B5983715 
 249      1920514F 
 250 04bb 227C8126 		.ascii	"\"|\201&\233\227\323\011\232\265\336\360P\261\031\325"
 250      9B97D309 
 250      9AB5DEF0 
 250      50B119D5 
 251 04cb BB30EC95 		.ascii	"\2730\354\225\361\230\2227+\311\233(y92\323\033\263"
 251      F1989237 
 251      2BC99B28 
 251      793932D3 
 251      1BB3
ARM GAS  C:\Users\johnb\AppData\Local\Temp\ccOTeXhR.s 			page 20


 252 04dd 38FADB4A 		.ascii	"8\372\333J\372[V\364\375\231\034\375]%\375\035\245:"
 252      FA5B56F4 
 252      FD991CFD 
 252      5D25FD1D 
 252      A53A
 253 04ef 23BC3A17 		.ascii	"#\274:\027\224\344\347\255\330\337/\340\350\037\333"
 253      94E4E7AD 
 253      D8DF2FE0 
 253      E81FDB
 254 04fe B656A627 		.ascii	"\266V\246';`k\001^M\351a\341\242Z\211^^\316\350\224"
 254      3B606B01 
 254      5E4DE961 
 254      E1A25A89 
 254      5E5ECEE8 
 255 0513 529D465E 		.ascii	"R\235F^\373\207J\366\325Jr#O\376HI\356\245T\276\221"
 255      FB874AF6 
 255      D54A7223 
 255      4FFE4849 
 255      EEA554BE 
 256 0528 37F68A92 		.ascii	"7\366\212\222\274\321\212;o\353Y%\371\031%\371-\236"
 256      BCD18A3B 
 256      6FEB5925 
 256      F91925F9 
 256      2D9E
 257 053a FB374AF2 		.ascii	"\3737J\362\213f\362Tis{W\255B}0\376-\035\"\324dG\217"
 257      8B66F254 
 257      69737B57 
 257      AD427D30 
 257      FE2D1D22 
 258 0552 173CD046 		.ascii	"\027<\320Fa:\032A\323\3210@\034\364\023\0016\000<\005"
 258      613A1A41 
 258      D3D13040 
 258      1CF41301 
 258      36003C05 
 259 0566 7C13B4A9 		.ascii	"|\023\264\251\000O\240/B\273\016`\034\372I\320&\000"
 259      004FA02F 
 259      42BB0E60 
 259      1CFA49D0 
 259      2600
 260 0578 C4020C00 		.ascii	"\304\002\014\000\276\026\332Qh\327@\373\034\332dh\327"
 260      BE16DA51 
 260      68D740FB 
 260      1CDA6468 
 260      D7
 261 0589 030C423F 		.ascii	"\003\014B?\005\3321hWC;\004m?\30034\235\3367$c\370\264"
 261      05DA3168 
 261      57433B04 
 261      6D3FC033 
 261      349DDE37 
 262 05a1 BBA134A6 		.ascii	"\273\2414\246\335*\316\215Y\\\234o*\343\334i\025g\336"
 262      DD2ACE8D 
 262      595C9C6F 
 262      2AE3DC69 
 262      1567DE
 263 05b4 B5F5B65D 		.ascii	"\265\365\266]\313Gn\204W\247\305\366\252\341\330\267"
 263      CB476E84 
 263      57A7C5F6 
ARM GAS  C:\Users\johnb\AppData\Local\Temp\ccOTeXhR.s 			page 21


 263      AAE1D8B7 
 264 05c4 F279F1C0 		.ascii	"\362y\361\300v\0321\366\354\234\036\334\011\364\342"
 264      761A31F6 
 264      EC9C1EDC 
 264      09F4E2
 265 05d3 2442A692 		.ascii	"$B\246\222\316h\346\0128\355\015\203Y\270\020\316\335"
 265      CE68E60A 
 265      38ED0D83 
 265      59B810CE 
 265      DD
 266 05e4 B5F6F428 		.ascii	"\265\366\364(\272\256\344\326j\245l+\237\010\227m\247"
 266      BAAEE4D6 
 266      6AA56C2B 
 266      9F08976D 
 266      A7
 267 05f5 194F7F8B 		.ascii	"\031O\177\213\327\366\276\222\276Gi\334}\336\027m\266"
 267      D7F6BE92 
 267      BE4769DC 
 267      7DDE176D 
 267      B6
 268 0606 D5F13647 		.ascii	"\325\3616G\306\270\213\213\3145ed\256Z\271\216\347\336"
 268      C6B88B8B 
 268      CC356564 
 268      AE5AB98E 
 268      E7DE
 269 0618 613BF01C 		.ascii	"a;\360\034y?ok\203\355\375\203\327\2357\365\236mSMi"
 269      793F6F6B 
 269      83EDFD83 
 269      D79D37F5 
 269      9E6D534D 
 270 062d 05BEBF2F 		.ascii	"\005\276\277/\263'\256\277d{M\361\256\254\346\371\367"
 270      B327AEBF 
 270      647B4DF1 
 270      AEACE6F9 
 270      F7
 271 063e DADC10BC 		.ascii	"\332\334\020\274\315\334G29\356\335\266\367J>\311\253"
 271      CDDC4732 
 271      39EEDDB6 
 271      F74A3EC9 
 271      AB
 272 064f F9CDEC9C 		.ascii	"\371\315\354\234\322\225F\253\255\236we\227\355\255"
 272      D29546AB 
 272      AD9E7765 
 272      97EDAD
 273 065e 9B92C309 		.ascii	"\233\222\303\011\364\264\270\270\335\011\217\322\023"
 273      F4B4B8B8 
 273      DD098FD2 
 273      13
 274 066b 48284BAD 		.ascii	"H(K\255L\235\200<&\263\344|Q\200\343D\021\241\255\302"
 274      4C9D803C 
 274      26B3E47C 
 274      5180E344 
 274      11A1ADC2 
 275 067f 64B45930 		.ascii	"d\264Y0\335!I\256\332\336K\320\026\330B\376_\266\023"
 275      DD2149AE 
 275      DADE4BD0 
 275      16D842FE 
ARM GAS  C:\Users\johnb\AppData\Local\Temp\ccOTeXhR.s 			page 22


 275      5FB613
 276 0692 72B33F77 		.ascii	"r\263?w\375\011r^g\272:SK\314\027\3004\301\231\326J"
 276      FD09725E 
 276      67BA3A53 
 276      4BCC17C0 
 276      34C199D6 
 277 06a7 D06EC7EA 		.ascii	"\320n\307\352\353\261Yp\202O\206\323\2267\315|\001\334"
 277      EBB15970 
 277      824F86D3 
 277      9637CD7C 
 277      01DC
 278 06b9 2630BBBE 		.ascii	"&0\273\276\002\273\322A\336v\201\337\266^\354\220\327"
 278      02BBD241 
 278      DE7681DF 
 278      B65EEC90 
 278      D7
 279 06ca AABCB16C 		.ascii	"\252\274\261l\023l\237\010\314\267\335;\330\302\007"
 279      136C9F08 
 279      CCB7DD3B 
 279      D8C207
 280 06d9 2ACB854F 		.ascii	"*\313\205O\230\015Z0\353\265\311L\216_\306\301\332\223"
 280      980D5A30 
 280      EBB5C94C 
 280      8E5FC6C1 
 280      DA93
 281 06eb 1A9C6847 		.ascii	"\032\234hG\343WX\325\226\2436\305\257n'\213\337N\230"
 281      E35758D5 
 281      96A336C5 
 281      AF6E278B 
 281      DF4E98
 282 06fe 9C618E1F 		.ascii	"\234a\216\037\021i\031?S&\355\000\333^f'\310:[82d\341"
 282      1169193F 
 282      5326ED00 
 282      DB5E6627 
 282      C83A5B38 
 283 0715 CF9D16FE 		.ascii	"\317\235\026\376\314\224\374\231I\374\2112\233sN\010"
 283      CC94FC99 
 283      49FC8932 
 283      9B734E08 
 284 0725 780B550C 		.ascii	"x\013U\014\035\034I\371\025\224l\006Z\375\375<\223U"
 284      1D1C49F9 
 284      15946C06 
 284      5AFDFD3C 
 284      9355
 285 0737 7FB1ACFA 		.ascii	"\177\261\254\372\3132\253\006]\313\242m\227@\212\266"
 285      CB32AB06 
 285      5DCBA26D 
 285      97408AB6 
 286 0747 E1C68D09 		.ascii	"\341\306\215\011v\270\204\261\252i/-u\300\345\014\221"
 286      76B884B1 
 286      AA692F2D 
 286      75C0E50C 
 286      91
 287 0758 8B8D2952 		.ascii	"\213\215)R\261\361\274\353d\247#>N\007\355k\3664\036"
 287      B1F1BCEB 
 287      64A7233E 
 287      4E07ED6B 
ARM GAS  C:\Users\johnb\AppData\Local\Temp\ccOTeXhR.s 			page 23


 287      F6341E
 288 076b 25F7298F 		.ascii	"%\367)\217\311\334\255\251\260\310\270\001\252\032D"
 288      C9DCADA9 
 288      B0C8B801 
 288      AA1A44
 289 077a 5D9B0BA2 		.ascii	"]\233\013\242\363\205\227\354\320\322Z\372\310\274\224"
 289      F38597EC 
 289      D0D25AFA 
 289      C8BC94
 290 0789 B26D937B 		.ascii	"\262m\223{samq]M\\\236o\031V\336\3319\202\233\264\337"
 290      73616D71 
 290      5D4D5C9E 
 290      6F1956DE 
 290      D939829B 
 291 079f E44B9EDE 		.ascii	"\344K\236\336\013\236.\000O\027\002\354\001\310\263"
 291      0B9E2E00 
 291      4F1702EC 
 291      01C8B3
 292 07ae C8ACC116 		.ascii	"\310\254\301\026\327\315qb\375\014\252\301n\245\006"
 292      D7CD7162 
 292      FD0CAAC1 
 292      6EA506
 293 07bd 5E8AA53F 		.ascii	"^\212\245?\362\241\3456dM\314\214\003_}\325\365\274"
 293      F2A1E536 
 293      644DCC8C 
 293      035F7DD5 
 293      F5BC
 294 07cf 13       		.ascii	"\023"
 295 07d0 E11A9639 		.ascii	"\341\032\2269\3515\247J\004S\346\\kU\213\242\003*&\012"
 295      E935A74A 
 295      0453E65C 
 295      6B558BA2 
 295      032A260A 
 296 07e4 9AA3936F 		.ascii	"\232\243\223o\2258\262-\250\010L\370>s@d\375\336M\003"
 296      9538B22D 
 296      A8084CF8 
 296      3E734064 
 296      FDDE4D03 
 297 07f8 984FA062 		.ascii	"\230O\240b\213\004\332'%\320>\232@\217\3072+\244\"`"
 297      8B04DA27 
 297      25D03E9A 
 297      408FC732 
 297      2BA42260 
 298 080c 0A096D47 		.ascii	"\012\011mGJ\212tu\316&\241\036[_\225n\377\322\342\256"
 298      4A8A7475 
 298      CE26A11E 
 298      5B5F956E 
 298      FFD2E2AE 
 299 0820 54908ABB 		.ascii	"T\220\212\2732VF\016\307Wt\"eu\267\037\324/\021\010"
 299      3256460E 
 299      C7577422 
 299      6575B71F 
 299      D42F1108 
 300 0834 F901C155 		.ascii	"\371\001\301U\236D\250\313\033\233\006\035q#\313\261"
 300      9E44A8CB 
 300      1B9B061D 
 300      7123CBB1 
ARM GAS  C:\Users\johnb\AppData\Local\Temp\ccOTeXhR.s 			page 24


 301 0844 EC17A939 		.ascii	"\354\027\2519Nr\315\232\364Cj\326\265W\333\016Z\010"
 301      4E72CD9A 
 301      F4436AD6 
 301      B557DB0E 
 301      5A08
 302 0856 3B247C87 		.ascii	";$|\207\260\312\272F\270\34351a\325\375\245\371R-\205"
 302      B0CABA46 
 302      B8E33531 
 302      61D5FDA5 
 302      F9522D85 
 303 086a 49F59BDE 		.ascii	"I\365\233\336\177i\342K\215\254\220\215<,P\271-C\247"
 303      7F69E24B 
 303      8DAC908D 
 303      3C2C50B9 
 303      2D43A7
 304 087d 5BED9446 		.ascii	"[\355\224F\232\363\355\010\225[!\313\275q(\275[\243"
 304      9AF3ED08 
 304      955B21CB 
 304      BD7128BD 
 304      5BA3
 305 088f D4F2A5D4 		.ascii	"\324\362\245\324\335/\016\0315\270\215i\271e\363\220"
 305      DD2F0E19 
 305      35B88D69 
 305      B965F390 
 306 089f D1017732 		.ascii	"\321\001w2d\240\250o\217=\356bH\311\323\201cZ%\323\227"
 306      64A0A86F 
 306      8F3DEE62 
 306      48C9D381 
 306      635A25D3 
 307 08b4 56D15F0D 		.ascii	"V\321_\015\357\276?\001\367\260\251\217z\307\366\273"
 307      EFBE3F01 
 307      F7B0A98F 
 307      7AC7F6BB 
 308 08c4 E0470C29 		.ascii	"\340G\014)*>\325\340\204\373\0312\226\262\353\220#\036"
 308      2A3ED5E0 
 308      84FB1932 
 308      96B2EB90 
 308      231E
 309 08d6 923C949B 		.ascii	"\222<\224\233\265\331\021?g\310xJR\272\006\307\332S"
 309      B5D9113F 
 309      67C8784A 
 309      52BA06C7 
 309      DA53
 310 08e8 646BC3D6 		.ascii	"dk\303\326\\'\234\310\220\321\236\255-\2109\322\231"
 310      5C279CC8 
 310      90D19EAD 
 310      2D8839D2 
 310      99
 311 08f9 2BB4A748 		.ascii	"+\264\247H\205v\311\340\306\355N8\231\3216\265\304\037"
 311      8576C9E0 
 311      C6ED4E38 
 311      99D136B5 
 311      C41F
 312 090b 95689D00 		.ascii	"\225h\235\000M9\327\361\347\227\372\374\254\354\363"
 312      4D39D7F1 
 312      E797FAFC 
 312      ACECF3
ARM GAS  C:\Users\johnb\AppData\Local\Temp\ccOTeXhR.s 			page 25


 313 091a 7AE6F3FD 		.ascii	"z\346\363\375\011]\205\0160\327M\013\247\027\3675\311"
 313      095D850E 
 313      30D74D0B 
 313      A717F735 
 313      C9
 314 092b 8D7D4D2A 		.ascii	"\215}M*3\014\354S\343T*G8\\\326\225\241\345>\030y&$"
 314      330CEC53 
 314      E3542A47 
 314      385CD695 
 314      A1E53E18 
 315 0942 926F340D 		.ascii	"\222o4\015\340\242\363\346e\346f\372`\324\227#\342\251"
 315      E0A2F3E6 
 315      65E666FA 
 315      60D49723 
 315      E2A9
 316 0954 2A34937E 		.ascii	"*4\223~\242@\027`]\271I\311v\016\302dd\012\024\356*"
 316      A2401760 
 316      5DB949C9 
 316      760EC264 
 316      640A14EE 
 317 0969 A89D8077 		.ascii	"\250\235\200w0\011\351i\247\312\\\314\022*\247\035\242"
 317      3009E969 
 317      A7CA5CCC 
 317      122AA71D 
 317      A2
 318 097a 5F81BE01 		.ascii	"_\201\276\001\011\027\315\022\032\204\227\210\270d["
 318      0917CD12 
 318      1A849788 
 318      B8645B
 319 0989 84B1FE7C 		.ascii	"\204\261\376|\262\332\034TD\371\325\301\370i\232\317"
 319      B2DA1C54 
 319      44F9D5C1 
 319      F8699ACF 
 320 0999 8D3453CE 		.ascii	"\2154S\316\312\231\222]\234\376P\303\326\313\017\342"
 320      CA99925D 
 320      9CFE50C3 
 320      D6CB0FE2 
 321 09a9 9E9B1E37 		.ascii	"\236\233\0367b\307s\277\374]\334\253\032\333\336\305"
 321      62C773BF 
 321      FC5DDCAB 
 321      1ADBDEC5 
 322 09b9 B92C6E4F 		.ascii	"\271,nO\033\332\340\306\237\317\220\370sg\3635\270\210"
 322      1BDAE0C6 
 322      9FCF90F8 
 322      7367F335 
 322      B888
 323 09cb 210F0B2F 		.ascii	"!\017\013/\324\333\343\003\014\351\352\0369\202\361"
 323      D4DBE303 
 323      0CE9EA1E 
 323      3982F1
 324 09da 6186EC7D 		.ascii	"a\206\354}\230\223\354\210+\2459]\275\015R\351\277\201"
 324      9893EC88 
 324      2BA5395D 
 324      BD0D52E9 
 324      BF81
 325 09ec 046FB4EF 		.ascii	"\004o\264\357\360\0259KHy~\377\351\235q\007|\212\022"
 325      F015394B 
ARM GAS  C:\Users\johnb\AppData\Local\Temp\ccOTeXhR.s 			page 26


 325      48797EFF 
 325      E99D7107 
 325      7C8A12
 326 09ff BFF2B02C 		.ascii	"\277\362\260,u\2173\262,\315M\3659\354\276pC\033o\306"
 326      758F33B2 
 326      2CCD4DF5 
 326      39ECBE70 
 326      431B6FC6 
 327 0a13 ED178DA2 		.ascii	"\355\027\215\242\330i@\350\212\340\212\316\200\317\273"
 327      D86940E8 
 327      8AE08ACE 
 327      80CFBB
 328 0a22 618B93AD 		.ascii	"a\213\223\255\261.\203\253\377\301\225\027\022\265\355"
 328      B12E83AB 
 328      FFC19517 
 328      12B5ED
 329 0a31 3A722BF0 		.ascii	":r+\360\257\376\027\273\006\036\005\336\345\022\265"
 329      AFFE17BB 
 329      061E05DE 
 329      E512B5
 330 0a40 690FB62A 		.ascii	"i\017\266*#\3739\336\265J\336\326\005\274\361\237f\362"
 330      23FB39DE 
 330      B54ADED6 
 330      05BCF19F 
 330      66F2
 331 0a52 534A728B 		.ascii	"SJr\213\373\367V\302\\\242&\353\273RImu\271\037\341"
 331      FBF756C2 
 331      5CA226EB 
 331      BB52496D 
 331      75B91FE1 
 332 0a66 54A95152 		.ascii	"T\251QR[\025iF\216\272YI\315\235\271\374Q\324\006n\270"
 332      5B156946 
 332      8EBA5949 
 332      CD9DB9FC 
 332      51D4066E 
 333 0a7b 4E13A65B 		.ascii	"N\023\246[:\207\036C\272\335\205\363\247\003\340\016"
 333      3A871E43 
 333      BADD85F3 
 333      A703E00E 
 334 0a8b 402FC03D 		.ascii	"@/\300=\200>\200\033\0007\001\272\000\036\001\334\002"
 334      803E801B 
 334      003701BA 
 334      001E01DC 
 334      02
 335 0a9c F816A087 		.ascii	"\370\026\240\207\\H\001\372\001n\223\013(@'\300\003"
 335      5C4801FA 
 335      016E930B 
 335      284027C0 
 335      03
 336 0aad 808700F7 		.ascii	"\200\207\000\367MG3\361\301\310\227f\037\264\332\014"
 336      4D4733F1 
 336      C1C89766 
 336      1FB4DA0C 
 337 0abd 1E5FDF70 		.ascii	"\036_\337p\356=\251$nU\272\240\225s\3015%\265Ue\326"
 337      EE3DA924 
 337      6E55BAA0 
 337      9573C135 
ARM GAS  C:\Users\johnb\AppData\Local\Temp\ccOTeXhR.s 			page 27


 337      25B55565 
 338 0ad2 FA2F3375 		.ascii	"\372/3u\273\222\372[\213\320A\002\031\245,*\203,:(Q"
 338      BB92FA5B 
 338      8BD04102 
 338      19A52C2A 
 338      832C3A28 
 339 0ae7 CBA79365 		.ascii	"\313\247\223e\345D\013l\211\032N-Z\252XP[\027\314\325"
 339      E5440B6C 
 339      891A4E2D 
 339      5AAA5850 
 339      5B17CCD5 
 340 0afb 9C99D5B6 		.ascii	"\234\231\325\266#m\361e\204\263\263\311v\250-\3109\356"
 340      236DF165 
 340      84B3B3C9 
 340      76A82DC8 
 340      39EE
 341 0b0d 06DB396A 		.ascii	"\006\3339jQ\340r\334\257\332\366\"\177)\357\035c\267"
 341      51E072DC 
 341      AFDAF622 
 341      7F29EF1D 
 341      63B7
 342 0b1f B76EE5A5 		.ascii	"\267n\345\245\234x\255\367\305\224\315\"\271\207U\201"
 342      9C78ADF7 
 342      C594CD22 
 342      B9875581 
 343 0b2f 238E4BCC 		.ascii	"#\216K\314L7\347&\345\372\030\341\326\3071\333\353\303"
 343      4C37E726 
 343      E5FA18E1 
 343      D6C731DB 
 343      EBC3
 344 0b41 4253CEB0 		.ascii	"BS\316\260\023\266\263\303tqk\350HkP\343Q\266\343W4"
 344      13B6B3C3 
 344      74716BE8 
 344      486B50E3 
 344      51B6E357 
 345 0b56 1D4A7341 		.ascii	"\035JsA\223=l\255\005\364\014\226\300\377b9H\227\337"
 345      933D6CAD 
 345      05F40C96 
 345      C0FF6239 
 345      4897DF
 346 0b69 717B726B 		.ascii	"q{rk\034\004\201O\315\207M7\2755\202\332\333\316\267"
 346      1C04814F 
 346      CD874D37 
 346      BD3582DA 
 346      DBCEB7
 347 0b7c C569F8CB 		.ascii	"\305i\370\313\337\240\305\345oH\272\374\015\321\313"
 347      DFA0C5E5 
 347      6F48BAFC 
 347      0DD1CB
 348 0b8b DFB54799 		.ascii	"\337\265G\231\233\355p\274\206n\323\375\031u\017\264"
 348      9BED70BC 
 348      866ED3FD 
 348      19750FB4 
 349 0b9b 781D4376 		.ascii	"x\035Cv\224|\035\217q2C\332\216\257\256u\301i\014\271"
 349      947C1D8F 
 349      713243DA 
 349      8EAFAE75 
ARM GAS  C:\Users\johnb\AppData\Local\Temp\ccOTeXhR.s 			page 28


 349      C1690CB9 
 350 0baf B92BB6CB 		.ascii	"\271+\266\313\016g0\344H\325#\037\266\263\273\001v\254"
 350      0E6730E4 
 350      48D5231F 
 350      B6B3BB01 
 350      76AC
 351 0bc1 FDB141FA 		.ascii	"\375\261A\372\317U'\331\350w=\350\351t\302Y\224\324"
 351      CF5527D9 
 351      E8773DE8 
 351      E974C259 
 351      94D4
 352 0bd3 F1F991DA 		.ascii	"\361\371\221\332\335\366\210\355\350\036\\\251P\265"
 352      DDF688ED 
 352      E81E5CA9 
 352      50B5
 353 0be1 9F2B15C6 		.ascii	"\237+\025\306\300\242Xl{s\346}?\016\276\177A\367!BM"
 353      C0A2586C 
 353      7B73E67D 
 353      3F0EBE7F 
 353      41F72142 
 354 0bf6 1C9F883D 		.ascii	"\034\237\210=P\022\206\"\025 \036`-@\002\300\032\200"
 354      50128622 
 354      15201E60 
 354      2D4002C0 
 354      1A80
 355 0c08 38CC5FF5 		.ascii	"8\314_\365\033\2774'\201\210\025\362\254\216\216\376"
 355      1BBF3427 
 355      818815F2 
 355      AC8E8EFE 
 356 0c18 BF9BA947 		.ascii	"\277\233\251G\225\332Y}\261\254\376\322\2620\260\240"
 356      95DA597D 
 356      B1ACFED2 
 356      B230B0A0 
 357 0c28 B6DA508C 		.ascii	"\266\332P\214\034\365\260\222\267\365\302\2716\312\026"
 357      1CF5B092 
 357      B7F5C2B9 
 357      36CA16
 358 0c37 0E905957 		.ascii	"\016\220YW\263\335\243\\\001\363\334\246\033\371\223"
 358      B3DDA35C 
 358      01F3DCA6 
 358      1BF993
 359 0c46 82B36AC4 		.ascii	"\202\263j\304\266U\246\205\260\246Elv\302{h\024\205"
 359      B655A685 
 359      B0A6456C 
 359      76C27B68 
 359      1485
 360 0c58 FA9E9E22 		.ascii	"\372\236\236\"'\305B\220\203\2016@\014\376\223x0\263"
 360      27C54290 
 360      83813640 
 360      0CFE9378 
 360      30B3
 361 0c6a 6E8CD184 		.ascii	"n\214\321\204^\017\023\327aSB\023#\251\370K\327\013"
 361      5E0F13D7 
 361      61534213 
 361      23A9F84B 
 361      D70B
 362 0c7c 8B5CF884 		.ascii	"\213\\\370\204^\217\371\204N\306,\241I\353\374\351\222"
ARM GAS  C:\Users\johnb\AppData\Local\Temp\ccOTeXhR.s 			page 29


 362      5E8FF984 
 362      4EC62CA1 
 362      49EBFCE9 
 362      92
 363 0c8d E5C1CB97 		.ascii	"\345\301\313\227\207\006\207G\206\3078\314}\357\003"
 363      87068747 
 363      86C738CC 
 363      7DEF03
 364 0c9c 779DB7B7 		.ascii	"w\235\267\267j\246\247\247\227\351/*\332\013\210\274"
 364      6AA6A7A7 
 364      97E92F2A 
 364      DA0B88BC 
 365 0cac 3E8F5A11 		.ascii	">\217Z\021\023\355\025\270h\301L\037\366\364\237\265"
 365      13ED15B8 
 365      68C14C1F 
 365      F6F49FB5 
 366 0cbc 6A959734 		.ascii	"j\225\2274\3353D5):&b\246Op\310\362\250\220\317(7mp"
 366      DD334435 
 366      293A2662 
 366      A64F70C8 
 366      F2A890CF 
 367 0cd4 F0CAF0C8 		.ascii	"\360\312\360\310\030x\027\263,\344\235\240\220O\303"
 367      187817B3 
 367      2CE49DA0 
 367      904FC3
 368 0ce3 978647C7 		.ascii	"\227\206G\307\254\014\015\217\012\212\211\212Z\036\035"
 368      AC0C0D8F 
 368      0A8A898A 
 368      5A1E1D
 369 0cf2 F449E44A 		.ascii	"\364I\344Jw\332s_\262\"\302=,biXhhXh\320\233\2363\335"
 369      77DA735F 
 369      B222C23D 
 369      2C626958 
 369      68685868 
 370 0d0b 7D6678BF 		.ascii	"}fx\277\365W\357 x\377FdTd\330\033aK\226\206\007\205"
 370      F557EF20 
 370      78FF4664 
 370      5464D81B 
 370      614B9686 
 371 0d21 47862C5F 		.ascii	"G\206,_\031\032\026\024\261\004xE\206\005\005\207\206"
 371      191A1614 
 371      B1047845 
 371      86050587 
 371      86
 372 0d32 2D5BB272 		.ascii	"-[\262ryLp\314\027\237\207E{~\252r\220\345\375\345\277"
 372      794C70CC 
 372      179F8745 
 372      7B7EAA72 
 372      90E5FDE5 
 373 0d47 2A2FFA8B 		.ascii	"*/\372\213\350\240\340\350\230P`\016B&\006~\021\035"
 373      E8A0E0E8 
 373      9850600E 
 373      4226067E 
 373      111D
 374 0d59 1316A18B 		.ascii	"\023\026\241\213Z\021\246#\266\332\005\006\352\346\352"
 374      5A11A623 
 374      B6DA0506 
ARM GAS  C:\Users\johnb\AppData\Local\Temp\ccOTeXhR.s 			page 30


 374      EAE6EA
 375 0d68 1DF57302 		.ascii	"\035\365s\002\347\350\027\317\361{\023\353\002\365\352"
 375      E7E817CF 
 375      F17B13EB 
 375      02F5EA
 376 0d77 D97E3AF3 		.ascii	"\331~:\363\253\3379\372.\234\3553\177\341\234\367\364"
 376      ABDF39FA 
 376      2E9CED33 
 376      7FE19CF7 
 376      F4
 377 0d88 A4E7CD7A 		.ascii	"\244\347\315z\362\350,G\337\200\3313\245\321\000\023"
 377      F2E82C47 
 377      DF80D933 
 377      A5D10013 
 378 0d98 5D80926E 		.ascii	"]\200\222n\246\206p\2017\244\365\346G|4\204\003\035"
 378      A6867081 
 378      37A4F5E6 
 378      477C3484 
 378      031D
 379 0daa 09902802 		.ascii	"\011\220(\002,)\274\035\310\\}\340\"=\351x\223\216i"
 379      2C29BC1D 
 379      C85C7DE0 
 379      223DE978 
 379      938E69
 380 0dbd 6C860399 		.ascii	"l\206\003\231\315\306\002d\242\000F\204u\363\364j\235"
 380      CDC60264 
 380      A2004684 
 380      75F3F46A 
 380      9D
 381 0dce FF5CBD66 		.ascii	"\377\\\275f\341\374\371\244\025tz-t\347\371\004\022"
 381      E1FCF9A4 
 381      15747A2D 
 381      74E7F904 
 381      12
 382 0ddf ECF78A34 		.ascii	"\354\367\2124\011\211\212\210\210\212\364\012[\025\343"
 382      09898A88 
 382      888AF40A 
 382      5B15E3
 383 0dee A55B1038 		.ascii	"\245[\0208/\020\362\204K\025\232\037\313f\315xk\325"
 383      2F10F284 
 383      4B159A1F 
 383      CB66CD78 
 383      6BD5
 384 0e00 2A70A393 		.ascii	"*p\243\223^\247\013^\004\201\363\013[\346\264\360Oz"
 384      5EA70B5E 
 384      0481F30B 
 384      5BE6B4F0 
 384      4F7A
 385 0e12 B9FF3339 		.ascii	"\271\37739!\227.\011\371l\345\347\301\241Q\021K\302"
 385      21972E09 
 385      F96CE5E7 
 385      C1A15111 
 385      4BC2
 386 0e24 236942D9 		.ascii	"#iB\331\023\335\375?\262\237\347\247{\337o\016\301|"
 386      13DDFD3F 
 386      B29FE7A7 
 386      7BDF6F0E 
ARM GAS  C:\Users\johnb\AppData\Local\Temp\ccOTeXhR.s 			page 31


 386      C17C
 387 0e36 FC3F72F1 		.ascii	"\374?r\361\233=w\201\356\003y\272z^\240\257^\275`\201"
 387      9B3D7781 
 387      EE0379BA 
 387      7A5EA0AF 
 387      5EBD6081 
 388 0e4a BF1EFBFA 		.ascii	"\277\036\373\372\351\261\037\264\013\375\365j_\177\022"
 388      E9B11FB4 
 388      0BFDF56A 
 388      5F7F12
 389 0e59 147F5FBD 		.ascii	"\024\177_\275\035\014\001\201\037\301\003\310C\007\017"
 389      1D0C0181 
 389      1FC103C8 
 389      43070F
 390 0e68 BBC00008 		.ascii	"\273\300\000\010\032\016\014X\350\310r\366\355\340\030"
 390      1A0E0C58 
 390      E8C872F6 
 390      EDE018
 391 0e77 8DD4629D 		.ascii	"\215\324b\235\016Ftz;\337yz\235^\275x\321\373z\365<"
 391      0E46747A 
 391      3BDF797A 
 391      9D5EBD78 
 391      D1FB7AF5 
 392 0e8c A0B6D32D 		.ascii	"\240\266\323-\374`\236\037<}uz\345r\261\362\203\224"
 392      FC609E1F 
 392      3C7D757A 
 392      E572B1F2 
 392      8394
 393 0e9e 4930B022 		.ascii	"I0\260\",8$b\026\311\325@\335l\252\264\335\373\013\027"
 393      2C382462 
 393      16C9D540 
 393      DD6CAAB4 
 393      DDFB0B17 
 394 0eb2 E9F442A0 		.ascii	"\351\364B\240^\003\235?\316\371P\257&\017\014l\355\351"
 394      5E039D3F 
 394      CEF950AF 
 394      260F0C6C 
 394      EDE9
 395 0ec4 88F704FF 		.ascii	"\210\367\004\377\371\276\201\001\262\201\377\006DP\243"
 395      F9BE8101 
 395      B281FF06 
 395      4450A3
 396 0ed3 B6       		.ascii	"\266"
 397              		.text
 398              		.section	.gnu.lto_.symtab.d73465af,"",%progbits
 399 0000 68616C5F 		.ascii	"hal_lld_init\000"
 399      6C6C645F 
 399      696E6974 
 399      00
 400 000d 00       		.ascii	"\000"
 401 000e 00       		.ascii	"\000"
 402 000f 00       		.ascii	"\000"
 403 0010 00000000 		.ascii	"\000\000\000\000\000\000\000\000"
 403      00000000 
 404 0018 AE000000 		.ascii	"\256\000\000\000"
 405 001c 73746D33 		.ascii	"stm32_clock_init\000"
 405      325F636C 
ARM GAS  C:\Users\johnb\AppData\Local\Temp\ccOTeXhR.s 			page 32


 405      6F636B5F 
 405      696E6974 
 405      00
 406 002d 00       		.ascii	"\000"
 407 002e 00       		.ascii	"\000"
 408 002f 00       		.ascii	"\000"
 409 0030 00000000 		.ascii	"\000\000\000\000\000\000\000\000"
 409      00000000 
 410 0038 B0000000 		.ascii	"\260\000\000\000"
 411 003c 53797374 		.ascii	"SystemCoreClock\000"
 411      656D436F 
 411      7265436C 
 411      6F636B00 
 412 004c 00       		.ascii	"\000"
 413 004d 00       		.ascii	"\000"
 414 004e 00       		.ascii	"\000"
 415 004f 00000000 		.ascii	"\000\000\000\000\000\000\000\000"
 415      00000000 
 416 0057 BD000000 		.ascii	"\275\000\000\000"
 417              		.text
 418              		.section	.gnu.lto_.opts,"",%progbits
 419 0000 272D666D 		.ascii	"'-fmath-errno' '-fsigned-zeros' '-ftrapping-math' '"
 419      6174682D 
 419      6572726E 
 419      6F272027 
 419      2D667369 
 420 0033 2D666E6F 		.ascii	"-fno-trapv' '-fno-openmp' '-fno-openacc' '-mcpu=cor"
 420      2D747261 
 420      70762720 
 420      272D666E 
 420      6F2D6F70 
 421 0066 7465782D 		.ascii	"tex-m4' '-mno-thumb-interwork' '-mthumb' '-ggdb' '-"
 421      6D342720 
 421      272D6D6E 
 421      6F2D7468 
 421      756D622D 
 422 0099 4F322720 		.ascii	"O2' '-fomit-frame-pointer' '-falign-functions=16' '"
 422      272D666F 
 422      6D69742D 
 422      6672616D 
 422      652D706F 
 423 00cc 2D666675 		.ascii	"-ffunction-sections' '-fdata-sections' '-fno-common"
 423      6E637469 
 423      6F6E2D73 
 423      65637469 
 423      6F6E7327 
 424 00ff 2720272D 		.ascii	"' '-flto'\000"
 424      666C746F 
 424      2700
 425              		.text
 426              		.comm	__gnu_lto_v1,1,1
 427              		.comm	__gnu_lto_slim,1,1
 428              		.ident	"GCC: (GNU Tools for ARM Embedded Processors 6-2017-q1-update) 6.3.1 20170215 (release) [AR
ARM GAS  C:\Users\johnb\AppData\Local\Temp\ccOTeXhR.s 			page 33


DEFINED SYMBOLS
                            *ABS*:00000000 hal_lld.c
                            *COM*:00000001 __gnu_lto_v1
                            *COM*:00000001 __gnu_lto_slim

NO UNDEFINED SYMBOLS
