ARM GAS  C:\Users\johnb\AppData\Local\Temp\cc3YpBRx.s 			page 1


   1              		.cpu cortex-m4
   2              		.eabi_attribute 20, 1
   3              		.eabi_attribute 21, 1
   4              		.eabi_attribute 23, 3
   5              		.eabi_attribute 24, 1
   6              		.eabi_attribute 25, 1
   7              		.eabi_attribute 26, 1
   8              		.eabi_attribute 30, 2
   9              		.eabi_attribute 34, 1
  10              		.eabi_attribute 18, 4
  11              		.file	"hal_st_lld.c"
  12              		.text
  13              	.Ltext0:
  14              		.section	.gnu.lto_.profile.d734ba2f,"",%progbits
  15 0000 789C6365 		.ascii	"x\234ce`b`a```d(W\001\000\001\222\000\250"
  15      60626061 
  15      60606064 
  15      28570100 
  15      019200A8 
  16              		.text
  17              		.section	.gnu.lto_.icf.d734ba2f,"",%progbits
  18 0000 789C6365 		.ascii	"x\234ce`b\020a@\000f\206g\2557\21731Nx\370\3755/\323"
  18      60621061 
  18      40006686 
  18      67AD378F 
  18      33314E78 
  19 0019 8F53FF1E 		.ascii	"\217S\377\036\3602\000\000iy\012<"
  19      F0320000 
  19      69790A3C 
  20              		.text
  21              		.section	.gnu.lto_.jmpfuncs.d734ba2f,"",%progbits
  22 0000 789C6365 		.ascii	"x\234ce`b(g@\000&0\3018\235\231\261\371\327\376\317"
  22      60622867 
  22      40002630 
  22      C1389D99 
  22      B1F9D7FE 
  23 0015 7CF57F1B 		.ascii	"|\365\177\033$\34633,f\006\2122.g\254g`d\201\252\303"
  23      24E63333 
  23      2C66068A 
  23      322E67AC 
  23      67606481 
  24 002b AE640544 		.ascii	"\256d\005D\011\320\024\026\220\202\247''\267\361\364"
  24      09D01416 
  24      9082A727 
  24      27B7F1F4 
  25 003b 31CF6766 		.ascii	"1\317gfd\224a\\\311(\003T\001\024\355\372u\275\217\003"
  25      6494615C 
  25      C9280354 
  25      0114EDFA 
  25      75BD8F03 
  26 004f 22CAC1B8 		.ascii	"\"\312\301\270\012$\312\000\000\375\372\034i"
  26      0A24CA00 
  26      00FDFA1C 
  26      69
  27              		.text
  28              		.section	.gnu.lto_.inline.d734ba2f,"",%progbits
  29 0000 789C6365 		.ascii	"x\234ce`b\210f@\000&\006\006\221\343\014\214\014L|\367"
ARM GAS  C:\Users\johnb\AppData\Local\Temp\cc3YpBRx.s 			page 2


  29      60628866 
  29      40002606 
  29      0691E30C 
  29      8C0C4C7C 
  30 0015 0218D816 		.ascii	"\002\030\330\026\3103\201\004\031\271@2\334@\006\204"
  30      C8338104 
  30      19B94032 
  30      DC400684 
  31 0025 898D8048 		.ascii	"\211\215\200H31\210\310\000I\231\007\267\030\341\272"
  31      333188C8 
  31      00499907 
  31      B718E1BA 
  32 0035 9979C0C6 		.ascii	"\231y\300\3062\000\000[\217\006\210"
  32      3200005B 
  32      8F0688
  33              		.text
  34              		.section	.gnu.lto_.pureconst.d734ba2f,"",%progbits
  35 0000 789C6365 		.ascii	"x\234ce`b`c`\000\222\273\030\231\244\000\003\275\000"
  35      60626063 
  35      600092BB 
  35      1899A400 
  35      03BD00
  36 0013 E7       		.ascii	"\347"
  37              		.text
  38              		.section	.gnu.lto_VectorB0.d734ba2f,"",%progbits
  39 0000 789C8555 		.ascii	"x\234\205UmlSe\024>\347\276\267\037\353V6\375\345\007"
  39      6D6C5365 
  39      143EE7BE 
  39      B71FEB56 
  39      36FDE507 
  40 0014 219D663F 		.ascii	"!\235f?0d\027uA\374cb\360\017\011\215\011\343\3772K"
  40      30641775 
  40      41FC6362 
  40      F00F098D 
  40      09E3FF32 
  41 0029 758BED4A 		.ascii	"u\213\355J\332\261\300\257\275\333\212\023L\304\030"
  41      DAB1C0AF 
  41      BDDB8A13 
  41      4CC418
  42 0038 8515B7DC 		.ascii	"\205\025\267\334\305%\016\201}0\235\332\001\243n\342"
  42      C5250E81 
  42      7D309DDA 
  42      01A36EE2 
  43 0048 44DD9039 		.ascii	"D\335\2209\346tj\200\201\2701\005a\001?p\365\234\267"
  43      E6746A80 
  43      81B83105 
  43      61013F70 
  43      F59CB7
  44 005b 97BA750D 		.ascii	"\227\272u\015\273io{\337\347\234\367y\316y\237\236\332"
  44      BB696F7B 
  44      DFE79CF7 
  44      79CE799F 
  44      9EDA
  45 006d 4083713B 		.ascii	"@\203q;\200\035\001J\000\000m\200\332\033#\000uNM\023"
  45      801D014A 
  45      00006D80 
  45      DA1B2300 
ARM GAS  C:\Users\johnb\AppData\Local\Temp\cc3YpBRx.s 			page 3


  45      754E4D13 
  46 0081 7DAB40BA 		.ascii	"}\253@\272\364q\003d\236@=\265\254#\362\027\351D\250"
  46      F4710364 
  46      9E403DB5 
  46      AC23F217 
  46      E944A8
  47 0094 D5848EB5 		.ascii	"\325\204\216\265\270W\354\0278\320\370K\\[\335.\351"
  47      B857EC17 
  47      38D0F84B 
  47      5C5BDD2E 
  47      E9
  48 00a5 4AECEFCF 		.ascii	"J\354\357\317\257\223\273\0360\005@\214\336|a;\256\006"
  48      AF93BB1E 
  48      3005408C 
  48      DE7C613B 
  48      AE06
  49 00b7 0ABB7874 		.ascii	"\012\273xt\376m\267]o\273\013\341Adj\244\205\256QL\310"
  49      FE6DB75D 
  49      6FBB0BE1 
  49      41646AA4 
  49      85AE514C 
  50 00cc F964A34C 		.ascii	"\371d\243L\314\265a\362\371\002\033\230\002\355|\003"
  50      CCB561F2 
  50      F9021B98 
  50      02ED7C03 
  51 00dc D843B1CC 		.ascii	"\330C\261\314\372\232\320\370S\\\305hk;!\224\315\273"
  51      FA9AD0F8 
  51      535CC568 
  51      6B3B2194 
  51      CDBB
  52 00ee C6E3B393 		.ascii	"\306\343\263\223\216\332\177\245\323\024Z\214\343\361"
  52      8EDA7FA5 
  52      D3145A8C 
  52      E3F1
  53 00fc 7DAC6560 		.ascii	"}\254e`\337\256\2013\216\327\205)h\221\036\033\376>"
  53      DFAE8133 
  53      8ED78529 
  53      68911E1B 
  53      FE3E
  54 010e 797305C5 		.ascii	"ys\005\305\2214\301\022x\355\364\201\303/\233\330RW"
  54      9134C112 
  54      78EDF481 
  54      C32F9BD8 
  54      5257
  55 0120 60523187 		.ascii	"`R1\207\251\234C\270R\001\311\231\236\316\034\012n\222"
  55      A99C43B8 
  55      5201C999 
  55      9ECE1C0A 
  55      6E92
  56 0132 D2C31B1C 		.ascii	"\322\303\033\034A\023\025!v`\255)lp\025\033<Y\024\330"
  56      41131521 
  56      7660AD29 
  56      6C70151B 
  56      3C5914D8 
  57 0146 632412B0 		.ascii	"c$\022\260\223\024\230\302\001\3238\3207\375{c.G\266"
  57      931498C2 
  57      01D338D0 
ARM GAS  C:\Users\johnb\AppData\Local\Temp\cc3YpBRx.s 			page 4


  57      37FD7B63 
  57      2E47B6
  58 0159 08DB4251 		.ascii	"\010\333BQN%j\244\343\366uW\352\221\273\247\323R[\347"
  58      4E256AA4 
  58      E3F67557 
  58      EA91BBA7 
  58      D3525BE7 
  59 016d AD21278B 		.ascii	"\255!'\213\222\212;\007\273q%vY\272\016\015\317\335"
  59      928A3B07 
  59      BB712576 
  59      59BA0E0D 
  59      CFDD
  60 017f 74181D32 		.ascii	"t\030\0352Z\307\230\013\217\222\256&\325f\354A\203\370"
  60      5AC7980B 
  60      8F92AE26 
  60      D566EC41 
  60      83F8
  61 0191 1AEEBC12 		.ascii	"\032\356\274\022s\244\350,\306S\311\333\211|\246@\324"
  61      73A4E82C 
  61      C653C9DB 
  61      897CA640 
  61      D4
  62 01a2 F003DAE7 		.ascii	"\360\003\332\347\022F'\007K\254\030\012\350\232\215"
  62      12462707 
  62      4BAC180A 
  62      E89A8D
  63 01b1 FFE54E05 		.ascii	"\377\345N\005\000~\310D\300\315\026\320\267JP\001s\277"
  63      007EC844 
  63      C0CD16D0 
  63      B74A5001 
  63      73BF
  64 01c3 5E1B5205 		.ascii	"^\033R\005dhk}\017a9y\275\377\313\373\010\215\205\345"
  64      64686B7D 
  64      0F613979 
  64      BDFFCBFB 
  64      088D85E5 
  65 01d7 BB88EB63 		.ascii	"\273\210\353c\312\272\214\032'\236\215v7\013^\317E\356"
  65      CABA8C1A 
  65      279E8D76 
  65      370B5ECF 
  65      45EE
  66 01e9 C11FC307 		.ascii	"\301\037\303\007\246V\360c\036z\350\361\312\361\306"
  66      A656F063 
  66      1E7AE8F1 
  66      CAF1C6
  67 01f8 31144FAB 		.ascii	"1\024O\253\216\365\366O4\271\212\332\244\254\227\211"
  67      8EF5F64F 
  67      34B98ADA 
  67      A4AC9789 
  68 0208 E4D063B1 		.ascii	"\344\320c\261\211KR\276)\321\024n\354CA\276\3028\011"
  68      894B52BE 
  68      29D1146E 
  68      EC4341BE 
  68      C23809
  69 021b FAC42A03 		.ascii	"\372\304*\003\217a\021%5N\313\023:\357\347F\017\036"
  69      8F611125 
  69      354ECB13 
ARM GAS  C:\Users\johnb\AppData\Local\Temp\cc3YpBRx.s 			page 5


  69      3AEFE746 
  69      0F1E
  70 022d 276C06EB 		.ascii	"'l\006\353/\266\355\355\036\305\264-\243)\367\336\310"
  70      2FB6EDED 
  70      1EC5B42D 
  70      A329F7DE 
  70      C8
  71 023e B7295FC6 		.ascii	"\267)_\306\250\376\014\354\332\2215\257\372\000O0\250"
  71      A8FE0CEC 
  71      DA9135AF 
  71      FA004F30 
  71      A8
  72 024f 2FF03360 		.ascii	"/\3603`?\371 3z0\356\011\000\236\344`[&\366\317\225"
  72      3FF92033 
  72      7A30EE09 
  72      009EE460 
  72      5B26F6CF 
  73 0264 671E044C 		.ascii	"g\036\004L0f\317\304F\337\021,\032\360S\206\035\213"
  73      3066CFC4 
  73      46DF112C 
  73      1AF05386 
  73      1D8B
  74 0276 78069807 		.ascii	"x\006\230\007\007\371W\203\344@\202\3365{\376t\025\336"
  74      07F95783 
  74      E44082DE 
  74      357BFE74 
  74      15DE
  75 0288 41533651 		.ascii	"AS6Q\303Wpt\307\3241\351\324\331\205\237a\241\222u}"
  75      C3577074 
  75      C7D431E9 
  75      D4D9859F 
  75      61A19275 
  76 029d 766C52A3 		.ascii	"vlR\243\025<\205\272\252\036\360s\325\346\203\375\203"
  76      153C85BA 
  76      AA1EF073 
  76      D5E683FD 
  76      83
  77 02ae 97F30A93 		.ascii	"\227\363\012\223Vv>\307\336\350\3549\227\253\262\207"
  77      56763EC7 
  77      DEE8EC39 
  77      97ABB287 
  78 02be 381BBF40 		.ascii	"8\033\277@\235\316\250\336\243:\011l\373\363\027\232"
  78      9DCEA8DE 
  78      A33A096C 
  78      FBF3179A 
  79 02ce DF7A980B 		.ascii	"\337z\230\013[j}\247\352\004\236\266\334\317\301\275"
  79      5B6A7DA7 
  79      EA049EB6 
  79      DCCFC1BD 
  80 02de FB7A5ECC 		.ascii	"\373z^\314\354\361\\\272\3079\213\312\373R\225\367U"
  80      ECF15CBA 
  80      C7398BCA 
  80      FB5295F7 
  80      55
  81 02ef B69D5D0A 		.ascii	"\266\235]\012\304\257\027\354<\325<1\271\344\370n\245"
  81      C4AF17EC 
  81      3CD53C31 
ARM GAS  C:\Users\johnb\AppData\Local\Temp\cc3YpBRx.s 			page 6


  81      B9E4F86E 
  81      A5
  82 0300 B7CE5D7A 		.ascii	"\267\316]z|\353w\323\361\0153\230\267\210wD\361\236"
  82      7CEB77D3 
  82      F10D3398 
  82      B7887744 
  82      F19E
  83 0312 C9C6EB56 		.ascii	"\311\306\353V ~c\361Zn]\354\301u\313y\360\254\362`\332"
  83      207E63F1 
  83      5A6E5DEC 
  83      C175CB79 
  83      F0ACF260 
  84 0327 FA6E3ABD 		.ascii	"\372n:\275\321{xp0\276\276J\311\211\245\016t\221s\206"
  84      D17B7870 
  84      30BEBE4A 
  84      C989A50E 
  84      74917386 
  85 033b 1E7D08F0 		.ascii	"\036}\010\360[\306\3623\261\231\026\301T\200cK\235s"
  85      5BC6F233 
  85      B19916C1 
  85      5480634B 
  85      9D73
  86 034d 4E9538BE 		.ascii	"N\2258\276\3009\363\346\205\376\334\273\246\030U\246"
  86      C039F3E6 
  86      85FEDCBB 
  86      A61855A6 
  87 035d F84E9922 		.ascii	"\370N\231\"\323\001\023i\007\360\346j4\350\326\034n"
  87      D3011369 
  87      07F0E66A 
  87      34E8D61C 
  87      6E
  88 036e 38BF7BDE 		.ascii	"8\277{\336\221}\012\026P\346\367\351\323\212f\233\225"
  88      917D0A16 
  88      50E6F7E9 
  88      D38A669B 
  88      95
  89 037f 34ADEFA3 		.ascii	"4\255\357\243\250\037R\323z\331\361<y\217\361\374cz"
  89      A81F52D3 
  89      7AD9F13C 
  89      798FF1FC 
  89      637A
  90 0391 3CFFB4DC 		.ascii	"<\377\264\334x\276\237(\177\266\204\375\206\365\255"
  90      78BE9F28 
  90      7FB684FD 
  90      86F5AD
  91 03a0 492B93AF 		.ascii	"I+\223\257=\364OA\225Q\355\353\212\213\215\364+\024"
  91      3DF44F41 
  91      9551EDEB 
  91      8A8B8DF4 
  91      2B14
  92 03b2 312ACA03 		.ascii	"1*\312\003\306\266P\270:b\224n\361>\371\204\261i\323"
  92      C6B650B8 
  92      3A62946E 
  92      F13EF984 
  92      B169D3
  93 03c5 73C6968D 		.ascii	"s\306\226\215\336\232\307\031)\213T\227\005\002[\213"
  93      DE9AC719 
ARM GAS  C:\Users\johnb\AppData\Local\Temp\cc3YpBRx.s 			page 7


  93      298B5497 
  93      05025B8B 
  94 03d5 7D60AB29 		.ascii	"}`\253)\017l\367\257\315H\366\205\202\301P\225\225\377"
  94      0F6CF7AF 
  94      CD48F685 
  94      82C15095 
  94      95FF
  95 03e7 EC66EF06 		.ascii	"\354f\357\006\357\016\303W\341\013\205\375e5O\005\213"
  95      EF0EC357 
  95      E10B85FD 
  95      65354F05 
  95      8B
  96 03f8 2BA0247B 		.ascii	"+\240${\202\177G\265\261\301[\272\261\324\250\254\362"
  96      827F47B5 
  96      B1C15BBA 
  96      B1D4A8AC 
  96      F2
  97 0409 05B66FF5 		.ascii	"\005\266o\365\033\276`\2442R\366\222\317GI\217d\221"
  97      1BBE60A4 
  97      3252F692 
  97      CF47498F 
  97      6491
  98 041b 188AD02D 		.ascii	"\030\212\320-\\\255>\263\204\020\222\336\251\"\2623"
  98      5CAD3EB3 
  98      841092DE 
  98      A922B233 
  99 042b 422105DE 		.ascii	"B!\005\336\322\315\236\027\312#\376m\341\3125\236\242"
  99      D2CD9E17 
  99      CA23FE6D 
  99      E1CA359E 
  99      A2
 100 043c B5A085C1 		.ascii	"\265\240\205\301\021\364\007C\341\235\360\037\337\301"
 100      11F40743 
 100      E19DF01F 
 100      DFC1
 101 044a 8F20     		.ascii	"\217 "
 102              		.text
 103              		.section	.gnu.lto_st_lld_init.d734ba2f,"",%progbits
 104 0000 789C9D94 		.ascii	"x\234\235\224\315O\023A\030\207\347\267\263\273\335"
 104      CD4F1341 
 104      1887E7B7 
 104      B3BBDD
 105 000f 56C4E8C9 		.ascii	"V\304\350\311\304\036\274\342\201\015\232\030\377\000"
 105      C41EBCE2 
 105      810D9A18 
 105      FF00
 106 001d 2F267082 		.ascii	"/&p\202;1z\320\204\004#\304\243]\204\026\305\004H\214"
 106      3B317AD0 
 106      840423C4 
 106      A35D8416 
 106      C504488C 
 107 0031 450ECD36 		.ascii	"E\016\3156!\261\202@)\002\322\362a\251 \242P\320\203"
 107      21B18240 
 107      2902D2F2 
 107      61A920A2 
 107      50D083
 108 0044 9A183F62 		.ascii	"\232\030?b\"\241\242\011\001\242F#8\357li\211\236\350"
ARM GAS  C:\Users\johnb\AppData\Local\Temp\cc3YpBRx.s 			page 8


 108      22A1A209 
 108      01A24623 
 108      38EF6C69 
 108      899EE8
 109 0057 A43BDB9D 		.ascii	"\244;\333\235\231}\236\367\235\217\325\230\302\3324"
 109      997D9EF7 
 109      9D8FD598 
 109      C2DA34
 110 0066 C64E31C6 		.ascii	"\306N1\306\216\210\013\234AiO3\326`(\000\375\261\014"
 110      8E880B9C 
 110      41694F33 
 110      D6602800 
 110      FDB10C
 111 0079 309F021F 		.ascii	"0\237\002\037\332x\007G\252y9\256\224D,Q\222\035#\207"
 111      DA780747 
 111      AA7939AE 
 111      94442C51 
 111      921D2387 
 112 008d 0296FFB0 		.ascii	"\002\226\377\260\315\031\353\024\027\025DP\302\304\260"
 112      CD19EB14 
 112      17154450 
 112      C2C4B0
 113 009c 4FB1ADDB 		.ascii	"O\261\255\333\373u\325i\307=\350\020\367\350K$\255\255"
 113      FB75D569 
 113      C73DE810 
 113      F7E84B24 
 113      ADAD
 114 00ae ED662B39 		.ascii	"\355f+9\335\205\027\225\007\025fs\341\023\225F\225N"
 114      DD851795 
 114      07156673 
 114      E1139546 
 114      954E
 115 00c0 15632DE2 		.ascii	"\025c-\342\025\362\336\344\012\335y\006\251D\246\373"
 115      15F2DEE4 
 115      0ADD7906 
 115      A944A6FB 
 116 00d0 2241425C 		.ascii	"\"AB\\\021\354\240?\265\350j\3456W@\252\246\320\314"
 116      11ECA03F 
 116      B5E86AE5 
 116      365740AA 
 116      A6D0CC
 117 00e3 B2DB79B4 		.ascii	"\262\333y\264\326\256[\252hZ\375\360;\256\331\0105\210"
 117      D6AE5BAA 
 117      685AFDF0 
 117      3BAED908 
 117      3588
 118 00f5 288FDA9C 		.ascii	"(\217\332\234\243\007^t\303\313h\374zp\351c\221\331"
 118      A3075E74 
 118      C3CB68FC 
 118      7A70E963 
 118      91D9
 119 0107 6735C1E6 		.ascii	"g5\301\346*\356\303\306\035\031<za\262\014\032\177\006"
 119      2AEEC3C6 
 119      1D193C7A 
 119      61B20C1A 
 119      7F06
 120 0119 E0B8B8A3 		.ascii	"\340\270\270\243\033\232\236\015\030\304\207(}\002\""
ARM GAS  C:\Users\johnb\AppData\Local\Temp\cc3YpBRx.s 			page 9


 120      1B9A9E0D 
 120      18C48728 
 120      7D0222
 121 0128 020ABA69 		.ascii	"\002\012\272i\310\336L\375yS\024\246\300\023(\321\335"
 121      C8DE4CFD 
 121      795314A6 
 121      C01328D1 
 121      DD
 122 0139 EB766CDA 		.ascii	"\353vl\332\356\3144\231YK\343\324\240\341<Z\311v\253"
 122      EECC3499 
 122      594BE3D4 
 122      A0E13C5A 
 122      C976AB
 123 014c 58342DBD 		.ascii	"X4-\275\037}\345\311\373t\304\204o \353\033\331Xo\313"
 123      1F7DE5C9 
 123      FB74C484 
 123      6F20EB1B 
 123      D9586FCB 
 124 0160 FB06A58F 		.ascii	"\373\006\245\217\346\035\017\376\311\214t\377\245\262"
 124      E61D0FFE 
 124      C98C74FF 
 124      A5B2
 125 016e 07F4501E 		.ascii	"\007\364P\036=L\251\350\004\332\\\211\336(\316\262r"
 125      3D4CA9E8 
 125      04DA5C89 
 125      DE28CEB2 
 125      72
 126 017f 89B86422 		.ascii	"\211\270d\"\351\276\037k\036\347\2216\016-QW\377\367"
 126      E9BE1F6B 
 126      1EE79136 
 126      0E2D5157 
 126      FFF7
 127 0191 59236B0B 		.ascii	"Y#k\013_\025+o\340\241\360\215d}=\013\233\033.\3625"
 127      5F152B6F 
 127      E0A1F08D 
 127      647D3D0B 
 127      9B1B2EF2 
 128 01a6 502C2A46 		.ascii	"P,*F\245Q!c\034\246\030\360%\235\011\311\271Q\2618\305"
 128      A5512163 
 128      1CA618F0 
 128      259D09C9 
 128      B951B138 
 129 01bb 907092D9 		.ascii	"\220p\222\331\\\031\315\305\260G\303\2304\310\355:."
 129      5C19CDC5 
 129      B047C398 
 129      34C8ED3A 
 129      2E
 130 01cc 0DABE303 		.ascii	"\015\253\343\003o4\307\260-\312\001L\3548\342\205:&"
 130      6F34C7B0 
 130      2DCA014C 
 130      EC38E285 
 130      3A26
 131 01de A54325C7 		.ascii	"\245C%\307#\351\310\315\223\012\206\344\016?Q\030\337"
 131      23E9C8CD 
 131      930A86E4 
 131      0E3F5118 
 131      DF
ARM GAS  C:\Users\johnb\AppData\Local\Temp\cc3YpBRx.s 			page 10


 132 01ef 8D29C917 		.ascii	"\215)\311\027\247\231:\267\203\261wzY\224:\303\203r"
 132      A7993AB7 
 132      83B1777A 
 132      59943AC3 
 132      8372
 133 0201 D9523071 		.ascii	"\331R0q\314+w\340c\224\345}c\205\3463-}:\001g\004;\007"
 133      CC2B77E0 
 133      6394E57D 
 133      6385E633 
 133      2D7D3A01 
 134 0219 1C2F14F8 		.ascii	"\034/\024\370D\002]\004\234\335\015\234(\024\370T\002"
 134      44025D04 
 134      9CDD0D9C 
 134      2814F854 
 134      02
 135 022a 0D02CEC9 		.ascii	"\015\002\316\311\031\037n\236\217y\234\031\007\236\355"
 135      191F6E9E 
 135      8F799C19 
 135      079EED
 136 0239 F0270BE5 		.ascii	"\360'\013\345?\227|7\361\347E\300\004\\\205?\034\271"
 136      3F977C37 
 136      F1E745C0 
 136      045C853F 
 136      1CB9
 137 024b CB89476F 		.ascii	"\313\211Go\304\343_\337\272|\177,\303\346\236N:3X\200"
 137      C4E35FDF 
 137      BA7C7F2C 
 137      C3E69E4E 
 137      3A335880 
 138 025f 8F3A3ECF 		.ascii	"\217:>\317\335\012\024Q$\373\004?\015/\035\370_\257"
 138      DD0A1451 
 138      24FB043F 
 138      0D2F1DF8 
 138      5FAF
 139 0271 5B0DA7C9 		.ascii	"[\015\247\311\300\"\2746/b\337p-\334\025\221\007W~a"
 139      C022BC36 
 139      2F62DF70 
 139      2DDC1591 
 139      07577E61 
 140 0285 5B04437C 		.ascii	"[\004C|\026\305Q8YZj\346~\265u\346\205\2635\346\245"
 140      16C55138 
 140      595A6AE6 
 140      7EB575E6 
 140      85B335E6 
 141 029a DACBF575 		.ascii	"\332\313\365ufeU\305\211\343fy\371i\263\352L\305\225"
 141      666555C5 
 141      89E36679 
 141      F969B3EA 
 141      4CC595
 142 02ad 32EAA9AE 		.ascii	"2\352\251\256\253\257\256\2519_z\216\375\005\237\242"
 142      ABAFAEA9 
 142      395F7A8E 
 142      FD059FA2 
 143 02bd E3FF     		.ascii	"\343\377"
 144              		.text
 145              		.section	.gnu.lto_.symbol_nodes.d734ba2f,"",%progbits
 146 0000 789C55C9 		.ascii	"x\234U\311\271\015\302@\024E\3217\357{\274@B\007\226"
ARM GAS  C:\Users\johnb\AppData\Local\Temp\cc3YpBRx.s 			page 11


 146      B90DC240 
 146      1445D137 
 146      EF7BBC40 
 146      420796
 147 0013 A8042AFB 		.ascii	"\250\004*\373\023XB\"\"a_\003WAl\231\214\032\010\034"
 147      13584222 
 147      22615F03 
 147      57416C99 
 147      8C1A081C 
 148 0027 BA06843D 		.ascii	"\272\006\204=\021?\272\322\271\036\304\314\001\340\226"
 148      113FBAD2 
 148      B91EC4CC 
 148      01E096
 149 0036 0A6CDEC0 		.ascii	"\012l\336\300\220gX\002\376@\2049 \334Q\235Y\356Be\024"
 149      90675802 
 149      FE408439 
 149      20DC519D 
 149      59EE4265 
 150 004b 2084C500 		.ascii	" \204\305\000g\252\0308Q\023\003w\2527p\243\246\006"
 150      67AA1838 
 150      51130377 
 150      AA3770A3 
 150      A606
 151 005d AED4CCC0 		.ascii	"\256\324\314\300\221\232\033\330S\013\003\017\352\344"
 151      919A1BD8 
 151      530B030F 
 151      EAE4
 152 006b 1F0413D4 		.ascii	"\037\004\023\324\237\257\023\024hbs4m\233\0122t\261"
 152      9FAF1314 
 152      68627334 
 152      6D9B0A32 
 152      74B1
 153 007d 29AAD758 		.ascii	")\252\327X\217j\335\227\202\004u\254\240\031\313)\272"
 153      8F6ADD97 
 153      820475AC 
 153      A019CB29 
 153      BA
 154 008e 555FE207 		.ascii	"U_\342\007\371\240A\226"
 154      F9A04196 
 155              		.text
 156              		.section	.gnu.lto_.refs.d734ba2f,"",%progbits
 157 0000 789C6365 		.ascii	"x\234ce`b\340d`\000\222L\214\214L\214\202\014\000\001"
 157      6062E064 
 157      6000924C 
 157      8C8C4C8C 
 157      820C0001 
 158 0014 51002B   		.ascii	"Q\000+"
 159              		.text
 160              		.section	.gnu.lto_.decls.d734ba2f,"",%progbits
 161 0000 789CCD58 		.ascii	"x\234\315XiPT\311\226\256\274Yl\305\242\201\2767\306"
 161      695054C9 
 161      96AEBC59 
 161      6CC5A281 
 161      BE37C6
 162 0013 843FE81E 		.ascii	"\204?\350\036^\310\304\314\223E\273\373\315\314\213"
 162      5EC8C4CC 
 162      9345BBFB 
ARM GAS  C:\Users\johnb\AppData\Local\Temp\cc3YpBRx.s 			page 12


 162      CDCC8B
 163 0022 09B5C0D6 		.ascii	"\011\265\300\326\010\3556\012\273c\246\307\210\012\204"
 163      08ED360A 
 163      BB63A6C7 
 163      880A84
 164 0031 5289C7D2 		.ascii	"R\211\307\322\017\260\307\216\230\210)\004\024\020E"
 164      0FB0C78E 
 164      98882904 
 164      141045
 165 0040 DC594510 		.ascii	"\334YE\020\001\005\305\025\025Q6\331\004DPYd\023\001"
 165      0105C515 
 165      155136D9 
 165      04445059 
 165      641301
 166 0053 11511114 		.ascii	"\021Q\021\024\020\027\346d\346\275\334\254K\341{?f\""
 166      1017E664 
 166      E6BDDCAC 
 166      4BE17B3F 
 166      6622
 167 0065 E60687BC 		.ascii	"\346\006\207\274'\363\234\357~yr;Y\026*A\365\275\223"
 167      27F39CEF 
 167      7E79723B 
 167      59162A41 
 167      F5BD93
 168 0078 4A356CA1 		.ascii	"J5l\241R\035B*\3254<X\245R\345\203\010 \227A\212U\354"
 168      521D422A 
 168      D5343C58 
 168      A552E583 
 168      08209741 
 169 008f B105B90D 		.ascii	"\261\005\271\015R\005R\003\322\000\322\010\322\004r"
 169      52055203 
 169      D200D208 
 169      D20472
 170 009e 1FE42148 		.ascii	"\037\344!H+H;H7\010\300\251\236\250L\237=P9\037\312"
 170      2B483B48 
 170      3708C0A9 
 170      9EA84C9F 
 170      3D50391F 
 171 00b3 1F419680 		.ascii	"\037A\226\200\364\211\337\270\004R\017\322\017R\001"
 171      F489DFB8 
 171      04520FD2 
 171      0F5201
 172 00c2 E202764B 		.ascii	"\342\002vK@\206\340\335\021d\241\310\343\357\241n)b"
 172      4086E0DD 
 172      1164A1C8 
 172      E3EFA16E 
 172      2962
 173 00d4 D8BF817F 		.ascii	"\330\277\201\177\013DN\355\342\267\335\240\316\003d"
 173      0B444EED 
 173      E2B7DDA0 
 173      CE0364
 174 00e3 39C8D720 		.ascii	"9\310\327 \177D\214\327\277\"\306q\005\224\253\020\343"
 174      7F448CD7 
 174      BF22C671 
 174      0594AB10 
 174      E3
 175 00f4 EC09E56A 		.ascii	"\354\011\345j\304\372\320 \366\311\034\347x\250\264"
ARM GAS  C:\Users\johnb\AppData\Local\Temp\cc3YpBRx.s 			page 13


 175      C4FAD020 
 175      F6C91CE7 
 175      78A8B4
 176 0103 E738137D 		.ascii	"\3478\023}\237\310-\005\312d$\363\235\204\272T\304\270"
 176      9FC82D05 
 176      CA6424F3 
 176      9D84BA54 
 176      C4B8
 177 0115 76816840 		.ascii	"v\201h@\376\013\261\330:\201|\001\3627 \316 \213\010"
 177      FE0BB1D8 
 177      3A817C01 
 177      F23720CE 
 177      208B08
 178 0128 7F90BF03 		.ascii	"\177\220\277\003Y\210X\274\253\304\330)\237\243\030"
 178      598858BC 
 178      ABC4D829 
 178      9FA318
 179 0137 DD8B2C48 		.ascii	"\335\213,H\301\3730r\324 5\250\257\353\223\2368\200"
 179      C1FB3072 
 179      D42035A8 
 179      AFEB939E 
 179      3880
 180 0149 BA50839C 		.ascii	"\272P\203\234@M*zSk\301Z\255A}\224\3710\005i\242\215"
 180      404D2A7A 
 180      536BC15A 
 180      AD417D94 
 180      F9300569 
 181 015f F0EC8F30 		.ascii	"\360\354\2170\332\254!\3659h1\312F\213\241\223\247\021"
 181      DAAC21F5 
 181      396831CA 
 181      468BA193 
 181      A711
 182 0171 F042AE8B 		.ascii	"\360B\256\213Q.\250`}\346J\326u\304\234m@\335s\373r"
 182      512EA860 
 182      7DE64AD6 
 182      75C49C6D 
 182      40DD73FB 
 183 0186 2566D0D5 		.ascii	"%f\320\325\244\371\301d\361\224\035\026\020\274\253"
 183      A4F9C164 
 183      F1941D16 
 183      10BCAB
 184 0195 7B32479F 		.ascii	"{2G\237[\"\227\305\010i@N\031\331c\255B\005H\203\362"
 184      5B2297C5 
 184      0869404E 
 184      19D963AD 
 184      42054883 
 185 01aa 11960827 		.ascii	"\021\226\010'\031\341\343#\377M\252U\360\266\3238\222"
 185      19E1E323 
 185      FF4DAA55 
 185      F0B6D338 
 185      92
 186 01bb 61C48B54 		.ascii	"a\304\213Th\331b\344\266X\205\316\"\027\332\244B\347"
 186      68D962E4 
 186      B65885CE 
 186      2217DAA4 
 186      42E7
 187 01cd 81D539A0 		.ascii	"\201\3259\240\221d\264\2465\360\275#\311\367\336k\034"
ARM GAS  C:\Users\johnb\AppData\Local\Temp\cc3YpBRx.s 			page 14


 187      9164B4A6 
 187      35F0BD23 
 187      C9F7DE6B 
 187      1C
 188 01de F753F246 		.ascii	"\367S\362F\243\023\242\330y`w\206\262\277\200\034\245"
 188      A313A2D8 
 188      79607786 
 188      B2BF801C 
 188      A5
 189 01ef 3E10EBFD 		.ascii	">\020\353\375\365'\222m4\3427\242?\373\015\260\356i"
 189      F527926D 
 189      34E237A2 
 189      3FFB0DB0 
 189      EE69
 190 0201 8EF7E3A1 		.ascii	"\216\367\343\241/~\016\332XTtBc\027K\240Y\024/!G.\214"
 190      2F7E0EDA 
 190      58547442 
 190      63174BA0 
 190      59142F21 
 191 0218 97911DE9 		.ascii	"\227\221\035\351*)\301\270\263:\367\014\211\332\022"
 191      2A29C1B8 
 191      B33AF70C 
 191      89DA12
 192 0227 0D22AB68 		.ascii	"\015\"\253h\036T\235\033\276\366\316\236U\021\270\356"
 192      1E549D1B 
 192      BEF6CE9E 
 192      5511B8EE 
 193 0237 7739AB97 		.ascii	"w9\253\227\346I!\263\222\207\266)~\364\244\025\236O"
 193      E64921B3 
 193      9287B629 
 193      7EF4A415 
 193      9E4F
 194 0249 8C84C4DA 		.ascii	"\214\204\304\332\22625r\321\320\320\226t\217-I\330m"
 194      96323572 
 194      D1D0D096 
 194      748F2D49 
 194      D86D
 195 025b 340AA808 		.ascii	"4\012\250\010x^C\030]EK\311'\227\020\206\3213\304T3"
 195      785E4318 
 195      5D454BC9 
 195      27971086 
 195      D133C454 
 196 0270 ACD075E8 		.ascii	"\254\320u\3505|\217\330\241B\250\274\302\372\235{2!"
 196      357C8FD8 
 196      A142A8BC 
 196      C2FA9D7B 
 196      3221
 197 0282 C312EF44 		.ascii	"\303\022\357D\364\033\2257\037\265\252\221\306\305,"
 197      F41B9537 
 197      1FB5AA91 
 197      C6C52C
 198 0291 C04D3300 		.ascii	"\300M3\000\"\231\334/+\243\010\231b sC&SD\343Ej\341"
 198      2299DC2F 
 198      2BA30899 
 198      62207343 
 198      265344E3 
 199 02a8 4357F656 		.ascii	"CW\366V\024\013]\250\003\301tF\363i\017\021b\377\021"
ARM GAS  C:\Users\johnb\AppData\Local\Temp\cc3YpBRx.s 			page 15


 199      140B5DA8 
 199      03C17446 
 199      F3690F11 
 199      62FF11
 200 02bb 15AA4E4B 		.ascii	"\025\252NK\017B\264\036j\005\225\270\256\245*$y\210"
 200      0F42B41E 
 200      6A0595B8 
 200      AEA52A24 
 200      7988
 201 02cd BA20AA82 		.ascii	"\272 \252\202\010I\377Dg\304!\262f\366%\351aK\233\275"
 201      0849FF44 
 201      67C421B2 
 201      66F625E9 
 201      614B9BBD 
 202 02e1 5037C91B 		.ascii	"P7\311\033\011\362\007\020\342\0358@F[l\237\341\247"
 202      09F20710 
 202      E21D3840 
 202      465B6C9F 
 202      E1A7
 203 02f3 923B87A4 		.ascii	"\222;\207\244\221|\235X7\240\351F\235\2446\235l6P\367"
 203      917C9D58 
 203      37A0E946 
 203      9DA4369D 
 203      6C3650F7 
 204 0307 E2D570B6 		.ascii	"\342\325p\266\003~JC\217nOO\224\314cKM #?R\227j\313"
 204      037E4A43 
 204      8F6E4F4F 
 204      94CC634B 
 204      4D20233F 
 205 031f 96DA7C50 		.ascii	"\226\332|P'\303\037\224j\026\035\241\023$\3028_@?\376"
 205      27C31F94 
 205      6A161DA1 
 205      1324C238 
 205      5F403FFE 
 206 0333 1695C318 		.ascii	"\026\225\303\030\224\321\371V\201\026\301\377\315j\366"
 206      94D1F956 
 206      8116C1FF 
 206      CD6AF6
 207 0342 A9C3EF73 		.ascii	"\251\303\357s2l\277L7\246\367\030K\252n\376\2618c\227"
 207      326CBF4C 
 207      37A6F718 
 207      4BAA6EFE 
 207      B1386397 
 208 0356 B111DC56 		.ascii	"\261\021\334VP;T*\017O)Y\225\250\004u#t\013u\001\363"
 208      503B542A 
 208      0F4F2959 
 208      95A80475 
 208      23740B75 
 209 036c DBE84B42 		.ascii	"\333\350KB5\356U\372<\234M\2275\2528\230\332k)\202u"
 209      35EE55FA 
 209      3C9C4D97 
 209      35AA3898 
 209      DA6B2982 
 210 0381 D5D8251A 		.ascii	"\325\330%\032Kv\032\311H\023\250J\031\252R\011UE\241"
 210      4B761AC9 
 210      4813A84A 
 210      19AA5209 
ARM GAS  C:\Users\johnb\AppData\Local\Temp\cc3YpBRx.s 			page 16


 210      5545A1
 211 0394 BA47C6AA 		.ascii	"\272G\306\252l\361E\006u0\273}\267\000P=0c&Z]>\026\364"
 211      6CF14506 
 211      7530BB7D 
 211      B700503D 
 211      3063265A 
 212 03ac 19A3358C 		.ascii	"\031\2435\214T\265\214T-n\025\250\206\"\224g\354\351"
 212      54B58C54 
 212      2D6E15A8 
 212      86229467 
 212      ECE9
 213 03be 43788221 		.ascii	"Cx\202!\214\214u\334\027\370eG\026\251\274\354\356\260"
 213      8C8C75DC 
 213      17F86547 
 213      16A9BCEC 
 213      EEB0
 214 03d0 6507862F 		.ascii	"e\007\206/S\032wi\324\002\253#\201\201\272]\025=\307"
 214      531A7769 
 214      D402AB23 
 214      8181BA5D 
 214      153DC7
 215 03e3 6DE60C61 		.ascii	"m\346\014a=\015a\035\022cx\272:.\315B\344Z\376\354\017"
 215      3D0D611D 
 215      126378BA 
 215      3A2ECD42 
 215      E45AFEEC 
 216 03f8 C5178C91 		.ascii	"\305\027\214\221\026\304\006\325\312Lk%\246\015\224"
 216      16C406D5 
 216      CA4C6B25 
 216      A60D94
 217 0407 E9C3F817 		.ascii	"\351\303\370\027\257-p>\246L\017\031\307\242\324\242"
 217      AF2D703E 
 217      A64C0F19 
 217      C7A2D4A2 
 218 0417 7FF3E43F 		.ascii	"\177\363\344?\236\241\376\244\247we\377\273\222\177"
 218      9EA1FEA4 
 218      A77765FF 
 218      BB927F
 219 0426 23F57FFC 		.ascii	"#\365\177\3746\242\315\012?e\376\247\253*\252mE\377"
 219      36A2CD0A 
 219      3F65FEA7 
 219      AB2AAA6D 
 219      45FF
 220 0438 DA7F4834 		.ascii	"\332\177H4\226\261\210\337\223\275\357I\336M\324;\246"
 220      96B188DF 
 220      93BDEF49 
 220      DE4DD43B 
 220      A6
 221 0449 B07C2FC6 		.ascii	"\260|/\306;\325\324{\254\352}\224\265\350\375<\026\017"
 221      3BD5D47B 
 221      ACEA7D94 
 221      B5E8FD3C 
 221      160F
 222 045b E7EE2AD9 		.ascii	"\347\356*\331\300\002\335,\0034K\000\367)@\347\305\264"
 222      C002DD2C 
 222      03344B00 
 222      F72940E7 
ARM GAS  C:\Users\johnb\AppData\Local\Temp\cc3YpBRx.s 			page 17


 222      C5B4
 223 046d 7796F82A 		.ascii	"w\226\370*\003\230\212oI\261\232\241\357$\323\177 \373"
 223      03988A6F 
 223      49B19AA1 
 223      EF24D37F 
 223      20FB
 224 047f 3F90FC1F 		.ascii	"?\220\374\037R\377\314\362\361\267v\370\036\363\177"
 224      52FFCCF2 
 224      F1B776F8 
 224      1EF37F
 225 048e 993B5627 		.ascii	"\231;V'\205\257I\246\337\"{\267H\336\255\324\273\277"
 225      85AF49A6 
 225      DF227BB7 
 225      48DEADD4 
 225      BBBF
 226 04a0 A0E3B680 		.ascii	"\240\343\266\200\007\230\367\371\261\254F9\370\313\345"
 226      0798F7F9 
 226      B1AC4639 
 226      F8CBE5
 227 04af E0B7C9FE 		.ascii	"\340\267\311\376m\222\177;\365O\276\337\233)\340\011"
 227      6D927F3B 
 227      F54FBEDF 
 227      9B29E009 
 228 04bf E65FF6AE 		.ascii	"\346_\366\256{>\035|\262\035\261\301\217\315\252\231"
 228      7B3E1D7C 
 228      B21DB1C1 
 228      8FCDAA99 
 229 04cf C233751D 		.ascii	"\3023u\035\210V\336\2717\332b7\347\214\350\2423\242"
 229      8856DEB9 
 229      37DA6237 
 229      E78CE8A2 
 229      33A2
 230 04e1 539A1179 		.ascii	"S\232\021y\205\325\017\035$R\2718-\223\306\024\214\320"
 230      85D50F1D 
 230      2452B938 
 230      2D93C614 
 230      8CD0
 231 04f3 2399D523 		.ascii	"#\231\325#\211U7e\225\221:<\357\213B\213\343p\202\301"
 231      89553765 
 231      95913A3C 
 231      EF8B428B 
 231      E37082C1 
 232 0507 0141507A 		.ascii	"\001APzs\213\316Y\340R\013\312\363D\375\330\021\015"
 232      738BCE59 
 232      E0520BCA 
 232      F344FDD8 
 232      110D
 233 0519 BECB9473 		.ascii	"\276\313\224s\011\011E\026\277\31346\226\220U\353|\363"
 233      09094516 
 233      BFCB3436 
 233      969055EB 
 233      7CF3
 234 052b 94317A7F 		.ascii	"\2241z\1778\365C\275\360\001X\232\334q\364\030jz\320"
 234      38F543BD 
 234      F001589A 
 234      DC71F418 
 234      6A7AD0
ARM GAS  C:\Users\johnb\AppData\Local\Temp\cc3YpBRx.s 			page 18


 235 053e 172AF404 		.ascii	"\027*\364\004\375\216\314\226\227)I\326\374\272 \301"
 235      FD8ECC96 
 235      972949D6 
 235      FCBA20C1 
 236 054e 92D7459F 		.ascii	"\222\327E\237x\034\365\321\343\250{\262\245\313\216"
 236      781CF5D1 
 236      E3A87BB2 
 236      A5CB8E
 237 055d 37AE3031 		.ascii	"7\25601\356\207\005#\366\246\237\332\027>>|\313\206"
 237      EE870523 
 237      F6A69FDA 
 237      173E3E7C 
 237      CB86
 238 056f 6D4CAD84 		.ascii	"mL\255\204h\341\3133\205\366lg*!z\363\300\211H;\326"
 238      68E1CB33 
 238      85F66C67 
 238      2A217AF3 
 238      C089483B 
 239 0584 DE48F4F2 		.ascii	"\336H\364\362\207U#j\334\312z\025\235\267\257\034\223"
 239      8755236A 
 239      DCCA7A15 
 239      9DB7AF1C 
 239      93
 240 0595 3338E2AF 		.ascii	"38\342\257:N\300\243\256\356}\275\005\356b\356R\302"
 240      3A4EC0A3 
 240      AEEE7DBD 
 240      05EE62EE 
 240      52C2
 241 05a7 E128261C 		.ascii	"\341(&\034\207\256\227\027\331\342\307\254\361Ilo\271"
 241      87AE9717 
 241      D9E2C7AC 
 241      F1496C6F 
 241      B9
 242 05b8 251E608A 		.ascii	"%\036`\212\304\312Qdu\374\321[X\237C\254\261\250\360"
 242      C4CA5164 
 242      75FCD15B 
 242      589F43AC 
 242      B1A8F0
 243 05cb 46A59803 		.ascii	"F\245\230\003\271q{\253#\333[\257\014\324TjX\207\214"
 243      B9717BAB 
 243      23DB5BAF 
 243      0CD4546A 
 243      58878C
 244 05de 08F4E2A6 		.ascii	"\010\364\342\246\216\025\370\025\363,\033-\310\026;"
 244      8E15F815 
 244      F32C1B2D 
 244      C8163B
 245 05ed 87497712 		.ascii	"\207Iw\022G\033\347\315\231=\215K\331\323[\326\225\266"
 245      471BE7CD 
 245      993D8D4B 
 245      D9D35BD6 
 245      95B6
 246 05ff C9DBED16 		.ascii	"\311\333\355\026rN\241\246so\014\314G\251\371\004\315"
 246      724EA1A6 
 246      736F0CCC 
 246      47A9F904 
 246      CD
ARM GAS  C:\Users\johnb\AppData\Local\Temp\cc3YpBRx.s 			page 19


 247 0610 29C6A59C 		.ascii	")\306\245\234\342\366\341\227\016\274\361\320\347\214"
 247      E2F6E197 
 247      0EBCF1D0 
 247      E78C
 248 061e CF66661D 		.ascii	"\317ff\035\325\3401F2y\254\363\2318B.\240\236\032/\212"
 248      D5E03146 
 248      3279ACF3 
 248      9938422E 
 248      A09E1A2F 
 249 0633 B0C613AC 		.ascii	"\260\306\023\254\355\340\315\324z+\374\236)Rj\350\310"
 249      EDE0CDD4 
 249      7A2BFC9E 
 249      29526AE8 
 249      C8
 250 0644 52C39D2D 		.ascii	"R\303\235-\253\3604k\271\225p\240\023\341\010K\266z"
 250      ABF0346B 
 250      B99570A0 
 250      13E1084B 
 250      B67A
 251 0656 23FB7BC4 		.ascii	"#\373{\304\370,\"\347\311\235\347Kp4k\372T]\276\004"
 251      F82C22E7 
 251      C99DE74B 
 251      70346BFA 
 251      545DBE04 
 252 066a EF63EF95 		.ascii	"\357c\357\225Wr\262\021>\304\224\321\244\312\347\032"
 252      5772B211 
 252      3EC494D1 
 252      A4CAE71A 
 253 067a 7C8C29E9 		.ascii	"|\214)\351M)W\255q2SNM\0369e\207\323\231r\377\332\203"
 253      4D2957AD 
 253      7132534E 
 253      4D1E3965 
 253      87D39972 
 254 0691 685B9CC5 		.ascii	"h[\234\305\224\350\363\347\217\331\342\\\246\354,jK"
 254      94E8F3E7 
 254      8FD9E25C 
 254      A6EC2C6A 
 254      4B
 255 06a2 10CFBF1E 		.ascii	"\020\317\277\036\242\367e\365\245\333\210\243bIVpS\335"
 255      A2F765F5 
 255      A5DB88A3 
 255      62495670 
 255      53DD
 256 06b4 04C2F9CC 		.ascii	"\004\302\371\3148\366Js\227z\316q\210\023\304qp\243"
 256      38F64A73 
 256      977ACE71 
 256      8813C471 
 256      70A3
 257 06c6 C370B8F8 		.ascii	"\303p\270\370\360e\007\3450<E,\311U\241\275\202\243"
 257      F06507E5 
 257      303C452C 
 257      C955A1BD 
 257      82A3
 258 06d8 E443AC1B 		.ascii	"\344C\254\033\3733\263\324\312q\230\313\372\267\257"
 258      FB33B3D4 
 258      CA7198CB 
 258      FAB7AF
ARM GAS  C:\Users\johnb\AppData\Local\Temp\cc3YpBRx.s 			page 20


 259 06e7 624BDFDA 		.ascii	"bK\337\332#gg\347\005\316\334\343B\377g\030##\214%-"
 259      236767E7 
 259      05CEDCE3 
 259      42FF6718 
 259      23238C25 
 260 06fc 0D7830BF 		.ascii	"\015x0\277!\316\230^\206(\324\010,\335\003\302\002y"
 260      21CE985E 
 260      8628D408 
 260      2CDD03C2 
 260      0279
 261 070e 1DBCA2B8 		.ascii	"\035\274\242\2709\344\277\212\271\364\006\3011\033\211"
 261      39E4BF8A 
 261      B9F406C1 
 261      311B89
 262 071d A9F933A5 		.ascii	"\251\3713\245\371\340,\363Z\316\374\245\322|\230\232"
 262      F9E02CF3 
 262      5ACEFCA5 
 262      D27C989A 
 263 072d BB13EB04 		.ascii	"\273\023\353\004\261O+\324*\024+,F1\002i\"\326\260\006"
 263      B14F2BD4 
 263      2A142B2C 
 263      46310269 
 263      22D6B006 
 264 0741 D171C105 		.ascii	"\321q\301\005\035\022\234\321A\220d\220c \207A2A\216"
 264      1D129CD1 
 264      41906490 
 264      63208741 
 264      32418E
 265 0754 82A48124 		.ascii	"\202\244\201$\202\244\200\244\203\234\000I\0029\011"
 265      82A480A4 
 265      839C0049 
 265      023909
 266 0763 120F9200 		.ascii	"\022\017\222\000\222\012r\004d?H\206\340L\267B\306\261"
 266      920A7204 
 266      643F4886 
 266      E04CB742 
 266      C6B1
 267 0775 3D40E6B8 		.ascii	"=@\346\270[PptU\366\250\211\263\2166k\355.\033\217r"
 267      5B507074 
 267      55F6A889 
 267      B38E366B 
 267      ED2E1B8F 
 268 078a C6914AE3 		.ascii	"\306\221J\343Q\244\260n\347\202\365\334|l9\353\262@"
 268      51A4B06E 
 268      E782F5DC 
 268      7C6C39EB 
 268      B240
 269 079c D97AA712 		.ascii	"\331z\247\022\333((\254\2078&QJ\353\334Y\343\326\304"
 269      DB2828AC 
 269      87382651 
 269      4AEBDC59 
 269      E3D6C4
 270 07af 814F2BA9 		.ascii	"\201O+\251|TR\031\345\254\337)\255_+\255{9*\273\314"
 270      7C545219 
 270      E5ACDF29 
 270      AD5F2BAD 
 270      7B392ABB 
ARM GAS  C:\Users\johnb\AppData\Local\Temp\cc3YpBRx.s 			page 21


 271 07c4 53E183C2 		.ascii	"S\341\203\302a\1772\317\304\2048\027"
 271      617F32CF 
 271      C4843817 
 272 07d0 C317E627 		.ascii	"\303\027\346'\234\311\374\344\320\303\315\007\221\231"
 272      9CC9FCE4 
 272      D0C3CD07 
 272      9199
 273 07de B3CB44C3 		.ascii	"\263\313D\303\260c\270\321\210\210\231J<\211\344y4\360"
 273      B063B8D1 
 273      8888994A 
 273      3C89E479 
 273      34F0
 274 07f0 C2F16084 		.ascii	"\302\361`\204\261\332\215\202}P~{J\331\261!\356\323"
 274      B1DA8D82 
 274      7D507E7B 
 274      4AD9B121 
 274      EED3
 275 0802 EFCD5BCF 		.ascii	"\357\315[\3170\015\007\363\240pj\276OpD{D\246\322\322"
 275      300D07F3 
 275      A0706ABE 
 275      4F70447B 
 275      44A6D2D2 
 276 0816 47034AF0 		.ascii	"G\003J\360).\306\021\346'\036\017>\025\310\300'\341"
 276      292EC611 
 276      E6271E0F 
 276      3E15C8C0 
 276      27E1
 277 0828 447F2372 		.ascii	"D\177#r\221\366wq\000\2319I\306\352\036\3468\340A\272"
 277      91F67771 
 277      00993949 
 277      C6EA1EE6 
 277      38E041BA 
 278 083c D9096569 		.ascii	"\331\011ei7\022\341\342\267\200\205g\374\245%\334\021"
 278      3712E1E2 
 278      B7808567 
 278      FCA525DC 
 278      11
 279 084d 51367867 		.ascii	"Q6xg\0113\211\007\011\226\371\025\216N\301\302\376\277"
 279      09338907 
 279      0996F915 
 279      8E4EC1C2 
 279      FEBF
 280 085f 5EE4E464 		.ascii	"^\344\344dx\026\377\330$7\317\346\302\001]\023X\016"
 280      7816FFD8 
 280      2437CFE6 
 280      C2015D13 
 280      580E
 281 0871 022518C7 		.ascii	"\002%\030\307\275\270w\314Ny\221\227S\257\\n\223%\012"
 281      BDB877CC 
 281      4E799197 
 281      53AF5C6E 
 281      93250A
 282 0884 390EDEE7 		.ascii	"9\016\336\347_\027\217.r\032L\234Ko\260\237\363\000"
 282      5F178F2E 
 282      721A4C9C 
 282      4B6FB09F 
 282      F300
ARM GAS  C:\Users\johnb\AppData\Local\Temp\cc3YpBRx.s 			page 22


 283 0896 38231D00 		.ascii	"8#\035\000\247\005z\002\274\211\215\232\020\323\010"
 283      A7057A02 
 283      BC898D9A 
 283      10D308
 284 08a5 2B507306 		.ascii	"+Ps\006R\366\331\261\243\345\017\344'\221\306\274J{"
 284      52F6D9B1 
 284      A3E50FE4 
 284      2791C6BC 
 284      4A7B
 285 08b7 25997C08 		.ascii	"%\231|\010_\036\235\233g)\2313\214\314YJ\346i\266q\302"
 285      5F1E9D9B 
 285      67299933 
 285      8CCC594A 
 285      E669B671 
 286 08cc 01BF6167 		.ascii	"\001\277agQ\314\371fz\335*\201\033\322\364 \2169_P\023"
 286      51CCF966 
 286      7ADD2A81 
 286      1BD2F420 
 286      8E395F50 
 287 08e1 6E5C1869 		.ascii	"n\\\030iC\363\252s\362\020\301\253\351\025\251@ 9\342"
 287      43F3AA73 
 287      F210C1AB 
 287      E915A940 
 287      2039E2
 288 08f4 C8F89D04 		.ascii	"\310\370\235\004\214O[\261\214\260\366\364\023,bA\342"
 288      8C4F5BB1 
 288      8CB0F6F4 
 288      132C6241 
 288      E2
 289 0905 7E339F5E 		.ascii	"~3\237^\335\322\327\260\344\375\274\014v^\011v\201\202"
 289      DDD2D7B0 
 289      E4FDBC0C 
 289      765E0976 
 289      8182
 290 0917 958F3FCC 		.ascii	"\225\217?\314\267\302E\014l\327\241\334O\026\"\330X"
 290      B7C2450C 
 290      6CD7A1DC 
 290      4F1622D8 
 290      58
 291 0928 ABF3F14C 		.ascii	"\253\363\361L\023\260\2132\330E%\330%\012vjbr\217\003"
 291      13B08B32 
 291      D84525D8 
 291      250A766A 
 291      62728F03 
 292 093c 6E606051 		.ascii	"n``Q\037G{\034D\260\246$\314\356\201'XZ\177Y\206\272"
 292      1F477B1C 
 292      44B0A624 
 292      CCEE8127 
 292      585A7F59 
 293 0952 AC84BA42 		.ascii	"\254\204\272B\241Z\006\312\374p+C:\235\237V\340\200"
 293      A15A06CA 
 293      FC702B43 
 293      3A9D9F56 
 293      E080
 294 0964 0798B2A7 		.ascii	"\007\230\262\247\254<\305\022\362rt\2258\316\221\274"
 294      AC3CC512 
 294      F2727495 
ARM GAS  C:\Users\johnb\AppData\Local\Temp\cc3YpBRx.s 			page 23


 294      38CE91BC 
 295 0974 57149CF9 		.ascii	"W\024\234\371\3500g\236^$\220<\375\272 \346\351\003"
 295      E830679E 
 295      5E24903C 
 295      FDBA20E6 
 295      E903
 296 0986 C9470AA4 		.ascii	"\311G\012\244\341x\372\011\357\313\355\202\2637\334"
 296      E178FA09 
 296      EFCBED82 
 296      B337DC
 297 0995 B8A25A20 		.ascii	"\270\242Z \226\250P\342\212\256\011j\242\231\322\275"
 297      96A850E2 
 297      8AAE096A 
 297      A299D2BD 
 298 09a5 41E94EBE 		.ascii	"A\351N\276--\265\306\271\326\224b\361\225\027\315H\036"
 298      2D2DB5C6 
 298      B9D69462 
 298      F19517CD 
 298      481E
 299 09b7 DFF88BFC 		.ascii	"\337\370\213\374\370\026\313]/Vb\335\244X\031\255m\027"
 299      F816CB5D 
 299      2F5662DD 
 299      A45819AD 
 299      6D17
 300 09c9 2C7131C3 		.ascii	",q1\303\252K\3363f#b\365\306\230F\361\226\014uK\011"
 300      AA4BDE33 
 300      662362F5 
 300      C69846F1 
 300      960C754B 
 301 09de 5542A10E 		.ascii	"UB\241\016eU\305\250q\023\203\252\2715u\326B\236*C\246"
 301      6555C5A8 
 301      711383AA 
 301      B93575D6 
 301      429E2A43 
 302 09f3 53A55406 		.ascii	"S\245T\006+U\202\225Q\260\232\276\3742\007\334\317\300"
 302      2B558295 
 302      51B09ABE 
 302      FC3207DC 
 302      CFC0
 303 0a05 12DB9F1F 		.ascii	"\022\333\237\037\263\231\231*n9\246S\245\\\006+W\202"
 303      B399992A 
 303      6E39A653 
 303      A55C062B 
 303      5782
 304 0a17 5550B09E 		.ascii	"UP\260\236\343O\017\332\343)\006v\347f\346\003\211Y"
 304      E34F0FDA 
 304      E3290676 
 304      E766E603 
 304      8959
 305 0a29 53AA6927 		.ascii	"S\252i'o\313P\267\225P\225\024J\312\306\035\305l\274"
 305      6FCB50B7 
 305      95509514 
 305      4ACAC61D 
 305      C56CBC
 306 0a3c A4320ECE 		.ascii	"\2442\016\316\230]6,c|\274\273Yl\234$\372t\331D\253"
 306      985D362C 
 306      637CBCBB 
ARM GAS  C:\Users\johnb\AppData\Local\Temp\cc3YpBRx.s 			page 24


 306      596C9C24 
 306      FA74D944 
 307 0a51 3D8E638D 		.ascii	"=\216c\215\323\317\3322\3054x\204\350G\257\365\2168"
 307      D3CFDA32 
 307      C5347884 
 307      E847AFF5 
 307      8E38
 308 0a63 E023AC31 		.ascii	"\340#\2541\241\374\355\230-NbJG\306\241,5\263\034$z"
 308      A1FCED98 
 308      2D4E624A 
 308      47C6A12C 
 308      35B31C24 
 309 0a78 EA870F91 		.ascii	"\352\207\017\221j|\23456\355<x\322\022\3472\345\375"
 309      6A7C9C35 
 309      36ED3C78 
 309      D212E732 
 309      E5FD
 310 0a8a CBEC114B 		.ascii	"\313\354\021K|\221)\345c)\257\355p1S\242N\336\217\263"
 310      7C9129E5 
 310      6329AFED 
 310      703153A2 
 310      4EDE8FB3 
 311 0a9e C2554C19 		.ascii	"\302UL\031{\264\267\022.\277L\251\250~\322l\215\037"
 311      7BB4B712 
 311      2EBF4CA9 
 311      A87ED26C 
 311      8D1F
 312 0ab0 31257CB0 		.ascii	"1%|\260`7\306\375Ly\335X\036k\203_1\245>\346\300a\270"
 312      6037C6FD 
 312      4C79DD58 
 312      1E6B835F 
 312      31A53EE6 
 313 0ac7 B23245DA 		.ascii	"\2622E\332\222\034\331\2264\235<\222j\207\247Y\333\215"
 313      921CD996 
 313      349D3C92 
 313      6A87A759 
 313      DB8D
 314 0ad9 CCA85C6B 		.ascii	"\314\250\\k\034\303~*\214l\330\333a\207\023\230rvpw"
 314      1CC37E2A 
 314      8C6CD8DB 
 314      61871398 
 314      72767077 
 315 0aed 89154E64 		.ascii	"\211\025Nd\312\215\372wy\016\370\204\250<\272\354\212"
 315      CA8DFA77 
 315      790EF884 
 315      A83CBAEC 
 315      8A
 316 0afe CFB0F713 		.ascii	"\317\260\367\023\203\327\016\316\303\227\230\362\270"
 316      83D70ECE 
 316      C39798F2 
 316      B8
 317 0b0b F369AC03 		.ascii	"\363i\254\003.f\312\256[\207\213mp\025S*z\272\020nd"
 317      2E66CAAE 
 317      5B878B6D 
 317      7015532A 
 317      7ABA106E 
 318 0b20 EFCF634B 		.ascii	"\357\317cK\332\004\334\306\224\334k{\037[\340^\246<"
ARM GAS  C:\Users\johnb\AppData\Local\Temp\cc3YpBRx.s 			page 25


 318      DA04DCC6 
 318      94DC6B7B 
 318      1F5BE05E 
 318      A63C
 319 0b32 298C1C57 		.ascii	")\214\034W\343\001\246\234\371\220\326h\203\2373\245"
 319      E301A69C 
 319      F990D668 
 319      839F33A5 
 320 0b42 F17A4FBF 		.ascii	"\361zO\277\003\036cJ^}U\207\270\343F\223Q\314\313\351"
 320      031E634A 
 320      5E7D5587 
 320      B8E34693 
 320      51CCCBE9 
 321 0b56 1CB0122F 		.ascii	"\034\260\022/\215\344g\350\223W{\340\364\036\247\306"
 321      8DE467E8 
 321      93577BE0 
 321      F41EA7C6 
 322 0b66 4E393925 		.ascii	"N99%\303\016\210O\240\027pi\264\364\260C\367\356\240"
 322      C30E884F 
 322      A0177069 
 322      B4F4B043 
 322      F7EEA0
 323 0b79 45DCE593 		.ascii	"E\334\345\223\260\002O.\242\007o5L\250I\376\340\255"
 323      B0024F2E 
 323      A2076F35 
 323      4CA849FE 
 323      E0AD
 324 0b8b 52666565 		.ascii	"Rfee\307\261|N\267(\315gg\337\265i\234}\267\322~v64"
 324      C7B17C4E 
 324      B728CD67 
 324      67DFB569 
 324      9C7DB7D2 
 325 0ba3 9ACAD9F7 		.ascii	"\232\312\331\367*\355g%\211S<\235F\245y\214\240\204"
 325      2AED6725 
 325      89533C9D 
 325      46A5798C 
 325      A084
 326 0bb5 1FCAE1EC 		.ascii	"\037\312\341\354\237\233\357\255dO\362\203\366\034\314"
 326      9F9BEFAD 
 326      644FF283 
 326      F61CCC
 327 0bc4 F20CB8A9 		.ascii	"\362\014\270\251\240Z\321~&\211\251Q\322i\342\331\017"
 327      A05AD17E 
 327      2689A951 
 327      D269E2D9 
 327      0F
 328 0bd5 28E16765 		.ascii	"(\341ge\212\265\274\371S\245\371\354D\236\357\354\003"
 328      8AB5BCF9 
 328      53A5F9EC 
 328      449EEFEC 
 328      03
 329 0be6 A5F9AC74 		.ascii	"\245\371\254t\273\226\357k\275\322\374\216\222{/\217"
 329      BB96EF6B 
 329      BDD2FC8E 
 329      927B2F8F 
 330 0bf6 DEAC34E7 		.ascii	"\336\2544\347\3625>/\032\202\203\375\031E\232\024\223"
 330      F2353E2F 
ARM GAS  C:\Users\johnb\AppData\Local\Temp\cc3YpBRx.s 			page 26


 330      1A8283FD 
 330      19459A14 
 330      93
 331 0c07 A24F9014 		.ascii	"\242O\220\024Ecg\364\006\022\2321\220\217 \341\240\357"
 331      456367F4 
 331      06129A31 
 331      908F20E1 
 331      A0EF
 332 0c19 027905EF 		.ascii	"\002y\005\3571P\356\001y\011\357S \221\360\376\016\312"
 332      3150EE01 
 332      7909EF53 
 332      2091F0FE 
 332      0ECA
 333 0c2b 9D504E43 		.ascii	"\235PNC\371\001\344\005H\004\350o\2414B9\001\345n(\243"
 333      F901E405 
 333      4804E86F 
 333      A1344239 
 333      01E56E28 
 334 0c40 4046E03D 		.ascii	"@F\340=\026\312q(\337\203\214\202\014\203\2746\271!"
 334      16CA7128 
 334      DF838C82 
 334      0C83BC36 
 334      B921
 335 0c52 F5F2D3AE 		.ascii	"\365\362\323\256C\331\231\327H9\316Mi\3348w)\307yV&"
 335      43D999D7 
 335      4839CE4D 
 335      69DC3877 
 335      29C77956 
 336 0c67 DCC487B6 		.ascii	"\334\304\207\266\316|h\371\221\233\342\351\264\232_"
 336      CE7C68F9 
 336      919BE2E9 
 336      B49A5F
 337 0c76 35FC0D82 		.ascii	"5\374\015\202\237\027\375\346\247\021\237\344\217\247"
 337      9F17FDE6 
 337      A7119FE4 
 337      8FA7
 338 0c84 80BD713E 		.ascii	"\200\275q>13M\362!},\031O\303\271\027\214\306\030K\232"
 338      31334DF2 
 338      217D2C19 
 338      4FC3B917 
 338      8CC6184B 
 339 0c99 03B42BD1 		.ascii	"\003\264+\321\332f\221m\347'\302}\363\323\314\344\202"
 339      DA66916D 
 339      E727C27D 
 339      F3D3CCE4 
 339      82
 340 0caa CDB3ED53 		.ascii	"\315\263\355S\332\317\2723\016\361\261xd\236\216\273"
 340      DACFBA33 
 340      0EF1B178 
 340      649E8EBB 
 341 0cba 3C32B5C7 		.ascii	"<2\265\307\271\221y\250\034\231\341Y\241\343\321;\315"
 341      B99179A8 
 341      1C99E159 
 341      A1E3D13B 
 341      CD
 342 0ccb 0F3C7F0F 		.ascii	"\017<\177\017\344\373z\317\374\376\301s\347\273\372"
 342      E4FB7ACF 
ARM GAS  C:\Users\johnb\AppData\Local\Temp\cc3YpBRx.s 			page 27


 342      FCFEC173 
 342      E7BBFA
 343 0cda C47C5767 		.ascii	"\304|Wg\246\025\304~H\202'\241o2\277\246\370P\226\361"
 343      A615C47E 
 343      488227A1 
 343      6F32BFA6 
 343      F85096F1 
 344 0cee F8836637 		.ascii	"\370\203f7\004w\031}*\225C\177l~\257\344'y\031\277\231"
 344      0477197D 
 344      2A95437F 
 344      6C7EAFE4 
 344      277919BF 
 345 0d03 DD5586B2 		.ascii	"\335U\206\262a\326V\317\207\262\307\374\326\355.^\261"
 345      61D656CF 
 345      87B2C7FC 
 345      D6ED2E5E 
 345      B1
 346 0d14 DEE6E575 		.ascii	"\336\346\345u\332\342b[z\305\272\224P\224`?s\305\372"
 346      DAE2625B 
 346      7AC5BA94 
 346      5094603F 
 346      73C5FA
 347 0d27 948323C8 		.ascii	"\224\203#\310\015t\037^\200\342\360L\30229\353\216%"
 347      0D741F5E 
 347      80E2F04C 
 347      C23239EB 
 347      8E25
 348 0d39 ED25682F 		.ascii	"\355%h/v\371\177\263\235\220\337\222\357<z\203\370\273"
 348      76F97FB3 
 348      9D90DF92 
 348      EF3C7A83 
 348      F8BB
 349 0d4b 18E9897C 		.ascii	"\030\351\211|=\212\307\354.\006%\030\277k\332\027e\201"
 349      3D8AC7EC 
 349      2E062518 
 349      BF6BDA17 
 349      6581
 350 0d5d 6B6C598A 		.ascii	"klY\212\323YP`\215\033\231\362\261\357V\217\015n\241"
 350      D3595060 
 350      8D1B99F2 
 350      B1EF568F 
 350      0D6EA1
 351 0d70 8A657956 		.ascii	"\212eyV\3235rH\273,\220\216\342\206v\307\0033w\361\003"
 351      D3357248 
 351      BB2C908E 
 351      E28676C7 
 351      033377F1 
 352 0d85 10A72378 		.ascii	"\020\247#x\2165/\216\316O\362\340\3547o\356.\357\020"
 352      8E352F8E 
 352      CE4FF2E0 
 352      EC376FEE 
 352      2EEF10
 353 0d98 036DEC67 		.ascii	"\003m\354g\000\260\342w\010>\374\362\257\243\004\212"
 353      00B0E277 
 353      083EFCF2 
 353      AFA3048A 
 354 0da8 C4FE308C 		.ascii	"\304\3760\214\303Q\210\3151\220C \0071\277\305\216\267"
ARM GAS  C:\Users\johnb\AppData\Local\Temp\cc3YpBRx.s 			page 28


 354      C35188CD 
 354      31904320 
 354      0731BFC5 
 354      8EB7
 355 0dba 71841394 		.ascii	"q\204\023\224\014\224\277+M\375\273\351\304\236m<s]"
 355      0C94BF2B 
 355      4DFDBBE9 
 355      C49E6D3C 
 355      735D
 356 0dcc 3FD6F7B1 		.ascii	"?\326\367\261\007\341.6\227\022\313K\317\0123s\351a"
 356      07E12E36 
 356      9712CB4B 
 356      CF0A3373 
 356      E961
 357 0dde BB9A5CD7 		.ascii	"\273\232\\\327\223\3019Q\236J\244S\346\373\202\222\240"
 357      93C13951 
 357      9E4AA453 
 357      E6FB8292 
 357      A0
 358 0def 0B7FA93B 		.ascii	"\013\177\251;\360\311\352S\361c\230\037\342d\223!N\021"
 358      F0C9EA53 
 358      F163981F 
 358      E2649321 
 358      4E11
 359 0e01 8738850E 		.ascii	"\2078\205\016\361p\307\205\0325o\334e\362\223\177\252"
 359      F170C785 
 359      1A356FDC 
 359      65F2937F 
 359      AA
 360 0e12 684C4AB5 		.ascii	"hLJ\265\3576\237\020\353o\277\373\301I\353\356\256\322"
 360      EF369F10 
 360      EB6FBFFB 
 360      C149EBEE 
 360      AED2
 361 0e24 E8F5DBFD 		.ascii	"\350\365\333\375\203\302\226y\350\303\266\370\376\363"
 361      83C29679 
 361      E8C3B6F8 
 361      FEF3
 362 0e32 26DF6DFE 		.ascii	"&\337m\376\233\375C\303\266\373\371\007o\012\013\016"
 362      9BFD43C3 
 362      B6FBF907 
 362      6F0A0B0E 
 363 0e42 0E08DDB4 		.ascii	"\016\010\335\2645h\273\023}s\362\011\011t2\004n6\370"
 363      3568BB13 
 363      7D73F209 
 363      09743204 
 363      6E36F8
 364 0e55 F919FC36 		.ascii	"\371\031\3746}\275t\231\223\207\233\3737\177v\337\004"
 364      7DBD7499 
 364      93879BFB 
 364      377F76DF 
 364      04
 365 0e66 F5BF0F0A 		.ascii	"\365\277\017\012\0162\374\336\340\263\331\177\223\177"
 365      0E32FCDE 
 365      E0B3D97F 
 365      937F
 366 0e74 906FC076 		.ascii	"\220o\300v?\303\246@\037\300\0122l\322\373\031\266\370"
ARM GAS  C:\Users\johnb\AppData\Local\Temp\cc3YpBRx.s 			page 29


 366      3FC3A640 
 366      1FC00A32 
 366      6CD2FB19 
 366      B6F8
 367 0e86 6C0F08D3 		.ascii	"l\017\010\323\207\375\372\263!t\3516\225\265\364\275"
 367      87FDFAB3 
 367      2174E936 
 367      95B5F4BD 
 368 0e96 FFF85FFD 		.ascii	"\377\370_\375^\350\257\241\233\364\241a~\000N>\362\243"
 368      5EE8AFA1 
 368      9BF4A161 
 368      7E004E3E 
 368      F2A3
 369 0ea8 C1372C38 		.ascii	"\3017,8d\225\333\327K\227\272\316\374\005\207\272n\363"
 369      6495DBD7 
 369      4B97BACE 
 369      FC0587BA 
 369      6EF3
 370 0eba 0970FD39 		.ascii	"\011p\37598$,\324\325{\343\372e\036\256\353\326y\272"
 370      38242CD4 
 370      D57BE3FA 
 370      651EAEEB 
 370      D679BA
 371 0ecd 6E5CBBFE 		.ascii	"n\\\273\376\027w\322\002\376\372\200\000\277\245\276"
 371      1777D202 
 371      FEFA8000 
 371      BFA5BE
 372 0edc 2A5BF6A6 		.ascii	"*[\366\246\367\017\362\017s\324\023\007\275\177\310"
 372      F70FF20F 
 372      73D41307 
 372      BD7FC8
 373 0eeb 9FF5869F 		.ascii	"\237\365\206\237\375\003\202\267n7\270)P}\203\003\003"
 373      FD0382B7 
 373      6E37B829 
 373      507D8303 
 373      03
 374 0efc 838344E0 		.ascii	"\203\203D\340\225\272\365\332\365;\\}\267\371\006\207"
 374      95BAF5DA 
 374      F53B5C7D 
 374      B7F90687 
 375 0f0c 18F4BF7C 		.ascii	"\030\364\277|\023\010|\346\353\303B||\015z\377\320\020"
 375      13087CE6 
 375      EBC3427C 
 375      7C0D7AFF 
 375      D010
 376 0f1e 7D80C1E7 		.ascii	"}\200\301\347\027\203\263\002!$\314U\354\0118R[\360"
 376      1783B302 
 376      2124CC55 
 376      EC093852 
 376      5BF0
 377 0f30 5AA8F7DB 		.ascii	"Z\250\367\333\274U\357\273\315\340\373'\346E\374?\353"
 377      BC55EFBB 
 377      CDE0FB27 
 377      E645FC3F 
 377      EB
 378 0f41 E967D8BC 		.ascii	"\351g\330\274}+x\376-\347\271=( \030\212-!\301\201\304"
 378      7D2B78FE 
ARM GAS  C:\Users\johnb\AppData\Local\Temp\cc3YpBRx.s 			page 30


 378      2DE7B93D 
 378      2820188A 
 378      2D21C181 
 379 0f56 DFD1779B 		.ascii	"\337\321w\233\367\257\241\033\375\003\015!k|\202\374"
 379      F7AFA11B 
 379      FD030D21 
 379      6B7C82FC 
 380 0f66 020C216B 		.ascii	"\002\014!k\277\374\034$\004\026\000\027\361Tx8\236\243"
 380      BFFC1C24 
 380      04160017 
 380      F1547838 
 380      9EA3
 381 0f78 2128CC10 		.ascii	"!(\314\020B*\371\356\322\312\371A\277\370\373z\005\371"
 381      422AF9EE 
 381      D2CAF941 
 381      BFF8FB7A 
 381      05F9
 382 0f8a 6C0E30B0 		.ascii	"l\0160\260\221Y:\347\270\210\261\024\243H\374\340\363"
 382      91593AE7 
 382      B888B114 
 382      A348FCE0 
 382      F3
 383 0f9b 36D278AA 		.ascii	"6\322x\252\354"
 383      EC
 384 0fa0 F5FA2DDB 		.ascii	"\365\372-\333\203|\365\372\245\337|\365O\313\255%\315"
 384      837CF5FA 
 384      A5DF7CF5 
 384      4FCBAD25 
 384      CD
 385 0fb1 42AB5DAF 		.ascii	"B\253]\257[&|\257S{\256_\251\303\236Z\235z\225\347F"
 385      5B267CAF 
 385      537BAE5F 
 385      A9C39E5A 
 385      9D7A95E7 
 386 0fc6 1DD66A75 		.ascii	"\035\326juX\007\262R\247\303\033\274\265X\373\335F\265"
 386      5807B252 
 386      A7C31BBC 
 386      B558FBDD 
 386      46B5
 387 0fd8 56EBA5A3 		.ascii	"V\353\245\243\366\036\364\277;\366\372V'x\203\347Z/"
 387      F61EF4BF 
 387      3BF6FA56 
 387      277883E7 
 387      5A2F
 388 0fea 9DDA7B3D 		.ascii	"\235\332{=Xku\036 \356`\371o\272\257\376\352\031\024"
 388      586B751E 
 388      20EE60F9 
 388      6FBAAFFE 
 388      EA1914
 389 0ffd 1A1648   		.ascii	"\032\026H"
 390 1000 E6B53F19 		.ascii	"\346\265?\031p\333\031E\037\346\030\034\352\023\000"
 390      70DB1945 
 390      1FE6181C 
 390      EA1300
 391 100f 315F0771 		.ascii	"1_\007q[\015a[\353\255SF\234\200\022+\022zR\222)C\307"
 391      5B0D615B 
 391      EBAD5346 
ARM GAS  C:\Users\johnb\AppData\Local\Temp\cc3YpBRx.s 			page 31


 391      9C80122B 
 391      127A5292 
 392 1026 89F371A4 		.ascii	"\211\363q\244\323\320$\37063U\020\226PC\230~\325Jo\257"
 392      D3D024F8 
 392      36335510 
 392      96504398 
 392      7ED54A6F 
 393 103b 0DBAB5F6 		.ascii	"\015\272\265\366>\001\377\351\363k(L\337\000X\203\313"
 393      3E01FFE9 
 393      F36B284C 
 393      DF005883 
 393      CB
 394 104c CDCF56C3 		.ascii	"\315\317V\303\2160W\355z\357\265\336\362`\007\206\372"
 394      8E3057ED 
 394      7AEFB5DE 
 394      F2600786 
 394      FA
 395 105d 87EAB7FA 		.ascii	"\207\352\267\372\222\210/ 4\2767\235'\013\305\216\374"
 395      92882F20 
 395      34BE379D 
 395      270BC58E 
 395      FC
 396 106e 40679444 		.ascii	"@g\224D\213\3624\251ZHi)\346\235-Wi\341\355\255\375"
 396      8BF234A9 
 396      5A486929 
 396      E69D2D57 
 396      69E1EDAD 
 397 1083 5667A3F3 		.ascii	"Vg\243\363\362\366\322\375\350\345\3715\326z\223\361"
 397      F2F6D2FD 
 397      E8E5F935 
 397      D67A93F1 
 398 1093 D2CA555F 		.ascii	"\322\312U_\331\254\334\260\312c\335\006\257\357t\344"
 398      D9ACDCB0 
 398      CA63DD06 
 398      AFEF74E4 
 399 10a3 CD9DBD49 		.ascii	"\315\235\275I\255\313mV\256Y\265Ll]3c\267Fi\267\314"
 399      ADCB6D56 
 399      AE59B54C 
 399      6C5D3363 
 399      B74669B7 
 400 10b8 8AA0400D 		.ascii	"\212\240@\015)\335\371\026\017+\202@[\326\210\026kL"
 400      29DDF916 
 400      0F2B8240 
 400      5BD68816 
 400      6B4C
 401 10ca 2DDCAD89 		.ascii	"-\334\255\211\257\316{\243\216\274\270\223\227\2316"
 401      AFCE7BA3 
 401      8EBCB893 
 401      979936
 402 10d9 376BE2CD 		.ascii	"7k\342\315\332\326HFk\230\021\326\256\325\251\265\253"
 402      DAD64846 
 402      6B9811D6 
 402      AED5A9B5 
 402      AB
 403 10ea BFD5596D 		.ascii	"\277\325YmX\267\216\224\202V\247\201\327\265\036\336"
 403      58B78E94 
 403      8256A781 
ARM GAS  C:\Users\johnb\AppData\Local\Temp\cc3YpBRx.s 			page 32


 403      D7B51EDE 
 404 10fa 44FB97BF 		.ascii	"D\373\227\2774\030\336\033\331\304Z\275|\307\0166\245"
 404      3418DE1B 
 404      D9C45ABD 
 404      7CC70E36 
 404      A5
 405 110b B62C77FB 		.ascii	"\266,w\373f\307\0162\251tZ\255~#\354\243\236\206-\226"
 405      66C70E32 
 405      A9745AAD 
 405      7E23ECA3 
 405      9E862D96 
 406 111f 84D4EA9F 		.ascii	"\204\324\352\237,\327zj\277\367\364\"\232\307\352\237"
 406      2CD77A6A 
 406      BFF7F422 
 406      9AC7EA9F 
 407 112f 1C3C577D 		.ascii	"\034<W}\273^\373\203d\363?\353#5\034"
 407      BB5EFB83 
 407      64F33FEB 
 407      23351C
 408              		.text
 409              		.section	.gnu.lto_.symtab.d734ba2f,"",%progbits
 410 0000 56656374 		.ascii	"VectorB0\000"
 410      6F724230 
 410      00
 411 0009 00       		.ascii	"\000"
 412 000a 00       		.ascii	"\000"
 413 000b 00       		.ascii	"\000"
 414 000c 00000000 		.ascii	"\000\000\000\000\000\000\000\000"
 414      00000000 
 415 0014 C5000000 		.ascii	"\305\000\000\000"
 416 0018 73745F6C 		.ascii	"st_lld_init\000"
 416      6C645F69 
 416      6E697400 
 417 0024 00       		.ascii	"\000"
 418 0025 00       		.ascii	"\000"
 419 0026 00       		.ascii	"\000"
 420 0027 00000000 		.ascii	"\000\000\000\000\000\000\000\000"
 420      00000000 
 421 002f C7000000 		.ascii	"\307\000\000\000"
 422 0033 5F706F72 		.ascii	"_port_irq_epilogue\000"
 422      745F6972 
 422      715F6570 
 422      696C6F67 
 422      756500
 423 0046 00       		.ascii	"\000"
 424 0047 02       		.ascii	"\002"
 425 0048 00       		.ascii	"\000"
 426 0049 00000000 		.ascii	"\000\000\000\000\000\000\000\000"
 426      00000000 
 427 0051 C9000000 		.ascii	"\311\000\000\000"
 428 0055 5F747261 		.ascii	"_trace_isr_leave\000"
 428      63655F69 
 428      73725F6C 
 428      65617665 
 428      00
 429 0066 00       		.ascii	"\000"
 430 0067 02       		.ascii	"\002"
ARM GAS  C:\Users\johnb\AppData\Local\Temp\cc3YpBRx.s 			page 33


 431 0068 00       		.ascii	"\000"
 432 0069 00000000 		.ascii	"\000\000\000\000\000\000\000\000"
 432      00000000 
 433 0071 CE000000 		.ascii	"\316\000\000\000"
 434 0075 5F646267 		.ascii	"_dbg_check_leave_isr\000"
 434      5F636865 
 434      636B5F6C 
 434      65617665 
 434      5F697372 
 435 008a 00       		.ascii	"\000"
 436 008b 02       		.ascii	"\002"
 437 008c 00       		.ascii	"\000"
 438 008d 00000000 		.ascii	"\000\000\000\000\000\000\000\000"
 438      00000000 
 439 0095 D0000000 		.ascii	"\320\000\000\000"
 440 0099 5F646267 		.ascii	"_dbg_check_unlock_from_isr\000"
 440      5F636865 
 440      636B5F75 
 440      6E6C6F63 
 440      6B5F6672 
 441 00b4 00       		.ascii	"\000"
 442 00b5 02       		.ascii	"\002"
 443 00b6 00       		.ascii	"\000"
 444 00b7 00000000 		.ascii	"\000\000\000\000\000\000\000\000"
 444      00000000 
 445 00bf D2000000 		.ascii	"\322\000\000\000"
 446 00c3 63685379 		.ascii	"chSysTimerHandlerI\000"
 446      7354696D 
 446      65724861 
 446      6E646C65 
 446      724900
 447 00d6 00       		.ascii	"\000"
 448 00d7 02       		.ascii	"\002"
 449 00d8 00       		.ascii	"\000"
 450 00d9 00000000 		.ascii	"\000\000\000\000\000\000\000\000"
 450      00000000 
 451 00e1 D4000000 		.ascii	"\324\000\000\000"
 452 00e5 5F646267 		.ascii	"_dbg_check_lock_from_isr\000"
 452      5F636865 
 452      636B5F6C 
 452      6F636B5F 
 452      66726F6D 
 453 00fe 00       		.ascii	"\000"
 454 00ff 02       		.ascii	"\002"
 455 0100 00       		.ascii	"\000"
 456 0101 00000000 		.ascii	"\000\000\000\000\000\000\000\000"
 456      00000000 
 457 0109 D6000000 		.ascii	"\326\000\000\000"
 458 010d 5F646267 		.ascii	"_dbg_check_enter_isr\000"
 458      5F636865 
 458      636B5F65 
 458      6E746572 
 458      5F697372 
 459 0122 00       		.ascii	"\000"
 460 0123 02       		.ascii	"\002"
 461 0124 00       		.ascii	"\000"
 462 0125 00000000 		.ascii	"\000\000\000\000\000\000\000\000"
ARM GAS  C:\Users\johnb\AppData\Local\Temp\cc3YpBRx.s 			page 34


 462      00000000 
 463 012d D8000000 		.ascii	"\330\000\000\000"
 464 0131 5F747261 		.ascii	"_trace_isr_enter\000"
 464      63655F69 
 464      73725F65 
 464      6E746572 
 464      00
 465 0142 00       		.ascii	"\000"
 466 0143 02       		.ascii	"\002"
 467 0144 00       		.ascii	"\000"
 468 0145 00000000 		.ascii	"\000\000\000\000\000\000\000\000"
 468      00000000 
 469 014d DA000000 		.ascii	"\332\000\000\000"
 470 0151 6E766963 		.ascii	"nvicEnableVector\000"
 470      456E6162 
 470      6C655665 
 470      63746F72 
 470      00
 471 0162 00       		.ascii	"\000"
 472 0163 02       		.ascii	"\002"
 473 0164 00       		.ascii	"\000"
 474 0165 00000000 		.ascii	"\000\000\000\000\000\000\000\000"
 474      00000000 
 475 016d DF000000 		.ascii	"\337\000\000\000"
 476              		.text
 477              		.section	.gnu.lto_.opts,"",%progbits
 478 0000 272D666D 		.ascii	"'-fmath-errno' '-fsigned-zeros' '-ftrapping-math' '"
 478      6174682D 
 478      6572726E 
 478      6F272027 
 478      2D667369 
 479 0033 2D666E6F 		.ascii	"-fno-trapv' '-fno-openmp' '-fno-openacc' '-mcpu=cor"
 479      2D747261 
 479      70762720 
 479      272D666E 
 479      6F2D6F70 
 480 0066 7465782D 		.ascii	"tex-m4' '-mno-thumb-interwork' '-mthumb' '-ggdb' '-"
 480      6D342720 
 480      272D6D6E 
 480      6F2D7468 
 480      756D622D 
 481 0099 4F322720 		.ascii	"O2' '-fomit-frame-pointer' '-falign-functions=16' '"
 481      272D666F 
 481      6D69742D 
 481      6672616D 
 481      652D706F 
 482 00cc 2D666675 		.ascii	"-ffunction-sections' '-fdata-sections' '-fno-common"
 482      6E637469 
 482      6F6E2D73 
 482      65637469 
 482      6F6E7327 
 483 00ff 2720272D 		.ascii	"' '-flto'\000"
 483      666C746F 
 483      2700
 484              		.text
 485              		.comm	__gnu_lto_v1,1,1
 486              		.comm	__gnu_lto_slim,1,1
ARM GAS  C:\Users\johnb\AppData\Local\Temp\cc3YpBRx.s 			page 35


 487              		.ident	"GCC: (GNU Tools for ARM Embedded Processors 6-2017-q1-update) 6.3.1 20170215 (release) [AR
ARM GAS  C:\Users\johnb\AppData\Local\Temp\cc3YpBRx.s 			page 36


DEFINED SYMBOLS
                            *ABS*:00000000 hal_st_lld.c
                            *COM*:00000001 __gnu_lto_v1
                            *COM*:00000001 __gnu_lto_slim

NO UNDEFINED SYMBOLS
