ARM GAS  C:\Users\johnb\AppData\Local\Temp\ccXq36A8.s 			page 1


   1              		.cpu cortex-m4
   2              		.eabi_attribute 20, 1
   3              		.eabi_attribute 21, 1
   4              		.eabi_attribute 23, 3
   5              		.eabi_attribute 24, 1
   6              		.eabi_attribute 25, 1
   7              		.eabi_attribute 26, 1
   8              		.eabi_attribute 30, 2
   9              		.eabi_attribute 34, 1
  10              		.eabi_attribute 18, 4
  11              		.file	"hal_st.c"
  12              		.text
  13              	.Ltext0:
  14              		.section	.gnu.lto_.profile.5f7f322,"",%progbits
  15 0000 789C6365 		.ascii	"x\234ce`b`a```dp\227\003\000\001,\000r"
  15      60626061 
  15      60606064 
  15      70970300 
  15      012C0072 
  16              		.text
  17              		.section	.gnu.lto_.icf.5f7f322,"",%progbits
  18 0000 789C6365 		.ascii	"x\234ce`b0b@\000\016\206\205??\354\345a\234t\377\360"
  18      60623062 
  18      40000E86 
  18      853F3FEC 
  18      E5619C74 
  19 0016 3176A6C3 		.ascii	"1v\246\303\357.\335df\336w\341\301z\026\226\037\035"
  19      EF2EDD64 
  19      66DE77E1 
  19      C17A1696 
  19      1F1D
  20 0028 8B1771B0 		.ascii	"\213\027q\260~\237st+#\333\377\337\273np\263o\335\365"
  20      7E9F7374 
  20      2B23DBFF 
  20      DFBB6E70 
  20      B36FDDF5 
  21 003c A5839F01 		.ascii	"\245\203\237\001\000\230c\031\236"
  21      00986319 
  21      9E
  22              		.text
  23              		.section	.gnu.lto_.jmpfuncs.5f7f322,"",%progbits
  24 0000 789C6365 		.ascii	"x\234ce`b(`@\000V\020\301\010\004\365L\214\323\231\031"
  24      60622860 
  24      40005610 
  24      C10804F5 
  24      4C8CD399 
  25 0015 9B7FEDFF 		.ascii	"\233\177\355\377\314W\377\267Ab>3\303bf\220\324r\306"
  25      CC57FFB7 
  25      41623E33 
  25      C3626690 
  25      D472C6
  26 0028 7A064616 		.ascii	"z\006F\026\006 \233\005\233*\306\305\314\214@U+ \252"
  26      06209B05 
  26      9B2AC6C5 
  26      CC8C4055 
  26      2B20AA
  27 003b D81818B0 		.ascii	"\330\030\030\260(`\002*X\011Q\300\000\000\360\303\032"
ARM GAS  C:\Users\johnb\AppData\Local\Temp\ccXq36A8.s 			page 2


  27      2860022A 
  27      580951C0 
  27      0000F0C3 
  27      1A
  28 004c C3       		.ascii	"\303"
  29              		.text
  30              		.section	.gnu.lto_.inline.5f7f322,"",%progbits
  31 0000 789C6365 		.ascii	"x\234ce`b(g@\000V\006\006\026\036F\240 \003\003\333"
  31      60622867 
  31      40005606 
  31      06161E46 
  31      A0200303 
  32 0015 027910C5 		.ascii	"\002y\020\305\300\310\005\"\030xx\201\302|\033r\341"
  32      C0C80522 
  32      18787881 
  32      C27C1B72 
  32      E1
  33 0026 E24CDC20 		.ascii	"\342L\334 af\006\026f\240\004\323\005~\270\004\013\003"
  33      61660616 
  33      66A004D3 
  33      057EB804 
  33      0B03
  34 0038 17375088 		.ascii	"\0277P\210k\202\037\232Z6\\\022\014\000(?\010\357"
  34      6B821F9A 
  34      5A365C12 
  34      0C00283F 
  34      08EF
  35              		.text
  36              		.section	.gnu.lto_.pureconst.5f7f322,"",%progbits
  37 0000 789C6365 		.ascii	"x\234ce`b\340f```e\220`\224b\226b\221b\223\002\000\004"
  37      6062E066 
  37      60606065 
  37      90609462 
  37      96629162 
  38 0018 1E00A6   		.ascii	"\036\000\246"
  39              		.text
  40              		.section	.gnu.lto_stInit.5f7f322,"",%progbits
  41 0000 789C3D4D 		.ascii	"x\234=M1\017\301`\020\275\367}J\023\361\003\304\"6K"
  41      310FC160 
  41      10BDF77D 
  41      4A13F103 
  41      C422364B 
  42 0014 FB9344BA 		.ascii	"\373\223D\272\030$\022\265\367\303 a`\221\246S\033\006"
  42      182412B5 
  42      F7C32061 
  42      6091A653 
  42      1B06
  43 0026 4C62ECD6 		.ascii	"Lb\354\326\370\001\006+\223\301\202]\"Z\367\221x\271"
  43      F801062B 
  43      93C1825D 
  43      225AF791 
  43      78B9
  44 0038 9777B97B 		.ascii	"\227w\271{\367\316 AK\"\2521+LH\202\230\035\210\372"
  44      F7CE2041 
  44      4B22AA31 
  44      2B4C4882 
  44      981D88FA 
ARM GAS  C:\Users\johnb\AppData\Local\Temp\ccXq36A8.s 			page 3


  45 004c A60074A3 		.ascii	"\246\000t\243L\220'\340a*}\211\375\350\032\213\372J"
  45      4C9027E0 
  45      612A7D89 
  45      FDE81A8B 
  45      FA4A
  46 005e 3112FF59 		.ascii	"1\022\377YV\353\004\241$\012\230\032X\241Nl\273\354"
  46      56EB04A1 
  46      240A981A 
  46      58A14E6C 
  46      BBEC
  47 0070 D279299F 		.ascii	"\322y)\237\373\315\261F\036\254\333#\022\225f#\225\234"
  47      FBCDB146 
  47      1EACDB23 
  47      12956623 
  47      959C
  48 0082 17C80C5E 		.ascii	"\027\310\014^\215\231\372\307D\012\255\362\206a\364"
  48      8D99FAC7 
  48      440AADF2 
  48      8661F4
  49 0091 AA68BF0E 		.ascii	"\252h\277\016\211\343\373\251\340\275\225\031J\004\222"
  49      89E3FBA9 
  49      E0BD9519 
  49      4A0492
  50 00a0 13B08147 		.ascii	"\023\260\201G!{\037\030DY\361\353\323\030\363\222\317"
  50      217B1F18 
  50      4459F1EB 
  50      D318F392 
  50      CF
  51 00b1 0551D5B2 		.ascii	"\005Q\325\262\354\177u\\\273\325l\333n\327\321\332p"
  51      EC7F755C 
  51      BBD56CDB 
  51      6ED7D1DA 
  51      70
  52 00c2 7B96431F 		.ascii	"{\226C\037\016\313@\326"
  52      0ECB40D6 
  53              		.text
  54              		.section	.gnu.lto_stStartAlarm.5f7f322,"",%progbits
  55 0000 789C9D53 		.ascii	"x\234\235S[HTA\030\236\357\314\331\263\227\274\004="
  55      5B485441 
  55      189EEFCC 
  55      D9B397BC 
  55      043D
  56 0012 D443C842 		.ascii	"\324C\310B\027\261\007\017VDO=E\020\350S\276\213Zad"
  56      17B1070F 
  56      56444F3D 
  56      4510E853 
  56      BE8B5A61 
  57 0027 18ADF4D8 		.ascii	"\030\255\364\330\216\272\026i7\212\264\025\345\010\026"
  57      8EBA1669 
  57      378AB415 
  57      E50816
  58 0036 9AE56D2B 		.ascii	"\232\345m+s\2675\267M\215\036\2642\010b\013\244\213"
  58      73B735B7 
  58      4D8D1EB4 
  58      3208620B 
  58      A48B
  59 0048 686D7471 		.ascii	"hmtq)\354f\377\314\256a\321C5\354\33193|\377\367\315"
ARM GAS  C:\Users\johnb\AppData\Local\Temp\ccXq36A8.s 			page 4


  59      29EC66FF 
  59      CCAE61D1 
  59      4335ECD9 
  59      39337CFF 
  60 005e 37DF7F6C 		.ascii	"7\337\177lLcku\306v3\3066\322\003\033\203vj\234\261"
  60      4C636B75 
  60      C67633C6 
  60      36D2031B 
  60      83766A9C 
  61 0073 2A87A6F1 		.ascii	"*\207\246\361P\026\023.\375\221\311D\032\207\236\334"
  61      5016132E 
  61      FD91C944 
  61      1A879EDC 
  62 0083 D601F922 		.ascii	"\326\001\371\"\034`^\215\353\360\342$o\344\210\036\231"
  62      1C605E8D 
  62      EBF0E224 
  62      6FE4881E 
  62      99
  63 0094 0A6A39ED 		.ascii	"\012j9\355\202F\244q\3008,jWX\2341?=r\240\0359\204z"
  63      8246A471 
  63      C0382C6A 
  63      57589C31 
  63      3F3D72A0 
  64 00ac E0EB6DE6 		.ascii	"\340\353m\346'\270\305\001\235\226\357\307\232\236g"
  64      27B8C501 
  64      9D96EFC7 
  64      9A9E67
  65 00bb C8A50637 		.ascii	"\310\245\0067-\277t\366>\311\344\253\300\350}zh\362"
  65      2DBF74F6 
  65      3EC9E4AB 
  65      C0E87D7A 
  65      68F2
  66 00cd 34B22F08 		.ascii	"4\262/\010Q-\"\3613\\\254\2668G'8\021\342\"V\242\003"
  66      512D22F1 
  66      335CACB6 
  66      38472738 
  66      11E22256 
  67 00e3 2B196D31 		.ascii	"+\031m1\\B\266\304?\353\373~6\335\320\333\0264q\031"
  67      5C42B6C4 
  67      3FEBFB7E 
  67      36DDD0DB 
  67      16347119 
  68 00f7 0668A28D 		.ascii	"\006h\242\215\236\011D\304\367\371#\"\2228\217\207\333"
  68      9E0944C4 
  68      F7F92322 
  68      92388F87 
  68      DB
  69 0108 5CE4808A 		.ascii	"\\\344\200\212lT\256\033\362\217\261:\252\220\246\352"
  69      6C54AE1B 
  69      F28FB13A 
  69      AA90A6EA 
  70 0118 B926673E 		.ascii	"\271&g>\203hh.\226h\336\362\223\330\2274\0266\270b\366"
  70      8368682E 
  70      9668DEF2 
  70      93D89734 
  70      1636B862 
  71 012d 732C1265 		.ascii	"s,\022e\350\202AZ\3350Z\270\215\366\033j\243\367\354"
ARM GAS  C:\Users\johnb\AppData\Local\Temp\ccXq36A8.s 			page 5


  71      E882415A 
  71      DD305AB8 
  71      8DF61B6A 
  71      A3F7EC
  72 0140 D2974DC1 		.ascii	"\322\227M\301\306\273>\275s%\227\222F:o\353\376x\307"
  72      C6BB3EBD 
  72      73259792 
  72      463A6FEB 
  72      FE78C7
  73 0153 61A10516 		.ascii	"a\241\005\0267\320K~z\310\217\304v\216%f\355f\227\360"
  73      37D04B7E 
  73      7AC88FC4 
  73      768E2566 
  73      ED6697F0 
  74 0167 5589C9B7 		.ascii	"U\211\311\267\023\313\236\333-nG\037,\234\2433*\035"
  74      13CB9EDB 
  74      2D6E471F 
  74      2C9CA333 
  74      2A1D
  75 0179 0460B219 		.ascii	"\004`\262\031\324|=\374\330\231\224L\251\216\314\177"
  75      D47C3DFC 
  75      D899944C 
  75      A98ECC7F 
  76 0189 8A644A19 		.ascii	"\212dJ\031\035\032\256\020\337\013\370b\267\033\303"
  76      1D1AAE10 
  76      DF0BF862 
  76      B71BC3
  77 0198 A3904726 		.ascii	"\243\220G&\030az\342\301\271\364$\206\341\252\324d\322"
  77      18617AE2 
  77      C1B9F424 
  77      86E1AAD4 
  77      64D2
  78 01aa 3667A12C 		.ascii	"6g\241,\376\032>\267D\312c\004\203\361\230\335\373M"
  78      FE1A3EB7 
  78      44CA6304 
  78      83F198DD 
  78      FB4D
  79 01bc 382CEEF0 		.ascii	"8,\356\360\323\2550\\\203\227-\266\346T\326j>\017\315"
  79      D3AD305C 
  79      83972DB6 
  79      E654D66A 
  79      3E0FCD
  80 01cf 66108EC2 		.ascii	"f\020\216\302v\312\273\227{w\233.\355%kUK-\356\302u"
  80      76CABB97 
  80      7B779B2E 
  80      ED256B55 
  80      4B2DEEC2 
  81 01e4 6A90FE94 		.ascii	"j\220\376\224\267\371W\201n'\201\317\011\341\226\004"
  81      B7F95781 
  81      6E2781CF 
  81      09E19604 
  82 01f4 03644B09 		.ascii	"\003dK\011\"\010\257\305\227\250\243\350*\201\227\320"
  82      2208AFC5 
  82      97A8A3E8 
  82      2A8197D0 
  83 0204 64C5D148 		.ascii	"d\305\321H\335\260\213\227()\253\263?\2165m\252#\246"
  83      DDB08B97 
ARM GAS  C:\Users\johnb\AppData\Local\Temp\ccXq36A8.s 			page 6


  83      2829ABB3 
  83      3F8E356D 
  83      AA23A6
  84 0217 FC697E11 		.ascii	"\374i~\021\361\271eS\204~m\012\325m7\260\246\205\230"
  84      F1B96553 
  84      847E6D0A 
  84      D56D37B0 
  84      A68598
  85 022a 28C7A6B9 		.ascii	"(\307\246\271X\374\354\346\337s\274op\211Ie\311\177"
  85      58FCECE6 
  85      DF73BC6F 
  85      70894965 
  85      C97F
  86 023c C932ACB2 		.ascii	"\3112\254\262\034\204\361\3271\005\226\177\240\013I"
  86      1C84F1D7 
  86      3105967F 
  86      A00B49
  87 024b C34D1513 		.ascii	"\303M\025\023\222\024\322oC\337S#\257G\202Z\003\220"
  87      9214D26F 
  87      43DF5323 
  87      AF47825A 
  87      0390
  88 025d 410EC1C4 		.ascii	"A\016\301\304:bP\010D\220\227:eb:\\\233\361\017\232"
  88      3A625008 
  88      4490973A 
  88      65623A5C 
  88      9BF10F9A 
  89 0271 AD8724DB 		.ascii	"\255\207$\333-\245\247\245\330\2420\027\347c\247s\334"
  89      2DA5A7A5 
  89      D8A23017 
  89      E763A773 
  89      DC
  90 0282 A64AC53E 		.ascii	"\246J\305>\370\037\354\303\013M\247\330G\024{\330:v"
  90      F81FECC3 
  90      0B4DA7D8 
  90      47147BD8 
  90      3A76
  91 0294 D19564D7 		.ascii	"\321\225d\3270J\225/Q=Y\337Q\252\2766y\241\354\015\252"
  91      304A952F 
  91      513D59DF 
  91      51AABE36 
  91      79A1EC0D 
  92 02a9 5BDB8F27 		.ascii	"[\333\217'c\225\243\216\356\203\002\245\016r\347\346"
  92      6395A38E 
  92      EE8302A5 
  92      0E72E7E6 
  93 02b9 9A3F7F15 		.ascii	"\232?\177\025\036\263\254\270\334\364\034(\225s\221"
  93      1EB3ACB8 
  93      DCF41C28 
  93      957391
  94 02c8 A732B794 		.ascii	"\2472\267\224\331\213K<\225{\366\355\332\364\007\340"
  94      D98B4B3C 
  94      957BF6ED 
  94      DAF407E0 
  95 02d8 FE8A0395 		.ascii	"\376\212\003\225\036sGa\301\206\365f~\376V\263p{\301"
  95      1E734761 
  95      C186F566 
ARM GAS  C:\Users\johnb\AppData\Local\Temp\ccXq36A8.s 			page 7


  95      7EFE56B3 
  95      707BC1
  96 02eb C1BC5469 		.ascii	"\301\274TiQy\371\316\3342\246\313\332\037\300\177y9"
  96      5179F9CE 
  96      DC32A6CB 
  96      DA1FC07F 
  96      7939
  97              		.text
  98              		.section	.gnu.lto_stStopAlarm.5f7f322,"",%progbits
  99 0000 789C6D50 		.ascii	"x\234mP1KBQ\024>\337\275\366\224\240\275\310!hry\217"
  99      314B4251 
  99      143EDFBD 
  99      F694A0BD 
  99      C8216872 
 100 0016 0AFA0511 		.ascii	"\012\372\005\021\004:\345\322$a\203\203`\370\244\325"
 100      043AE5D2 
 100      24618383 
 100      60F8A4D5 
 101 0026 67688242 		.ascii	"gh\202B\265\2449\304\033\034,K\2451(\020\011\032\"\203"
 101      B5A439C4 
 101      1B1C2C4B 
 101      A5312810 
 101      091A2283 
 102 003a 7E813404 		.ascii	"~\2014\004\015A\230\224\020X\347>C\034:\334\3039\367"
 102      0D419894 
 102      1058E73E 
 102      431C3ADC 
 102      C339F7
 103 004d 9CEF7CDF 		.ascii	"\234\357|\337\271w\202\004\351 \332 \242YvH\2028l\023"
 103      B9778204 
 103      E920DA20 
 103      A2597648 
 103      82386C13 
 104 0061 A53C0250 		.ascii	"\245<\002P\211\345\001%\005\2228\220E\211V\366\345J"
 104      89E50125 
 104      05923890 
 104      458956F6 
 104      E54A
 105 0073 F82A165B 		.ascii	"\370*\026[\263\330\323\366\254\314\264-\211J\354\312"
 105      B3D8D3F6 
 105      ACCCB42D 
 105      894AECCA 
 106 0083 50818F18 		.ascii	"P\201\217\030\366|98\232\322\\\303:N\241\261\0045\236"
 106      F67C3938 
 106      9AD25CC3 
 106      3A4EA1B1 
 106      04359E
 107 0096 D0B4063F 		.ascii	"\320\264\006?Y\253y[\306\367*\267r\354J#/\205\212\362"
 107      59AB795B 
 107      C6F72AB7 
 107      72EC4A23 
 107      2F858AF2 
 108 00aa 15AD5EFF 		.ascii	"\025\255^\377\376\272\240\217(\322C\245\276&\035\232"
 108      FEBAA08F 
 108      28D243A5 
 108      BE261D9A 
 109 00ba 92C4383D 		.ascii	"\222\3048=\316\2401\177\025\032\027\013\231\326\243"
ARM GAS  C:\Users\johnb\AppData\Local\Temp\ccXq36A8.s 			page 8


 109      CEA0317F 
 109      151A170B 
 109      99D6A3
 110 00c9 7B5FDA12 		.ascii	"{_\332\022\016\246]\373z\237\034^\025\207\213K\345\372"
 110      0EA65DFB 
 110      7A9F1C5E 
 110      15878B4B 
 110      E5FA
 111 00db E79DC7C6 		.ascii	"\347\235\307\306\011l)p\001/\316\341%\205\255>\364>"
 111      096C2970 
 111      012FCEE1 
 111      2585AD3E 
 111      F43E
 112 00ed DC46CD4A 		.ascii	"\334F\315J\247\254N\243;\323\345)\211\032l\034\363\202"
 112      A7AC4EA3 
 112      3BD3E529 
 112      891A6C1C 
 112      F382
 113 00ff 8E08EA30 		.ascii	"\216\010\3520\3065x\0174x\372\015\273\235\374\315\274"
 113      C635780F 
 113      3478FA0D 
 113      BB9DFCCD 
 113      BC
 114 0110 DACDF980 		.ascii	"\332\315\371\200\0347\370%\202hN\327\215\321\211\231"
 114      1C37F825 
 114      82684ED7 
 114      8DD18999 
 115 0120 4664336A 		.ascii	"Fd3j\230\361\260\212!3\241\207i\371\037\300v,\2360\215"
 115      98F1B08A 
 115      2133A187 
 115      69F91FC0 
 115      762C9E30 
 116 0135 F5606069 		.ascii	"\365``i\321\360\373W\214\340Z`g\341o$\024\215n\351\021"
 116      D1F0FB57 
 116      8CE05A60 
 116      67E16F24 
 116      148D6EE9 
 117 014a FA05E251 		.ascii	"\372\005\342Q\200c"
 117      8063
 118              		.text
 119              		.section	.gnu.lto_stSetAlarm.5f7f322,"",%progbits
 120 0000 789C8D52 		.ascii	"x\234\215RMHTQ\024\276\337\273o\346\315L\376\004mZ\230"
 120      4D485451 
 120      14BEDFBB 
 120      6FE6CD4C 
 120      FE046D5A 
 121 0015 0C94882D 		.ascii	"\014\224\210-\346aE\264j\025D\240\253\334\213Zae\030"
 121      E66145B4 
 121      6A1544A0 
 121      ABDC8B5A 
 121      616518
 122 0028 8EB49DAB 		.ascii	"\216\264\235\253\216J\012\026E\216#\016O\260\260\306"
 122      8E4A0A16 
 122      458E230E 
 122      4FB0B0C6 
 123 0038 9F192733 		.ascii	"\237\031'3G+\037\366#-4r\021\224\006\222\032YF?Jb?\332"
 123      472B1FF6 
ARM GAS  C:\Users\johnb\AppData\Local\Temp\ccXq36A8.s 			page 9


 123      232D3472 
 123      11940692 
 123      1A59463F 
 124 0050 B96F26D1 		.ascii	"\271o&\321h\321\345\275w\337=|\347;\347\273\337\261"
 124      68D1E5BD 
 124      77DF3D7C 
 124      E73BE7BB 
 124      DFB1
 125 0062 31859DE1 		.ascii	"1\205\235\341\214\235b\214\035\240\0276\006\345\362"
 125      8C9D628C 
 125      1DA01736 
 125      06E5F2
 126 0071 0463550E 		.ascii	"\004cU\016E\341C\231L\270\324\027:\023)\034j\"\254\002"
 126      45E14399 
 126      4CB8D417 
 126      3A13291C 
 126      6A22AC02 
 127 0085 F24738C0 		.ascii	"\362G8\300|\012W\341\303%\036\340\030\255\177\033Wr"
 127      7C0A57E1 
 127      C3251EE0 
 127      18AD7F1B 
 127      5772
 128 0097 3A052D33 		.ascii	":\005-3\020\325\352D\355N\203x\203\364\312\205N\344"
 128      10D5EA44 
 128      ED4E8378 
 128      83F4CA85 
 128      4EE4
 129 00a9 10EAB93F 		.ascii	"\020\352\271?\332\306\233\270\301\001\225\216_\306["
 129      DAC69BB8 
 129      C101958E 
 129      5FC65B
 130 00b8 67D3E451 		.ascii	"g\323\344Q\201\233\216?\302\321\351t\276\033\214\376"
 130      819B8E3F 
 130      C2D1E974 
 130      BE1B8CFE 
 131 00c8 DF8DCC5C 		.ascii	"\337\215\314\\A\366\015!\252\2059}\225\213=\006\347"
 131      41F60D21 
 131      AA85397D 
 131      958B3D06 
 131      E7
 132 00d9 08831321 		.ascii	"\010\203\023!n!\0037\221\301(\304\320\205l\211\177\323"
 132      6E210337 
 132      91C128C4 
 132      D0856C89 
 132      7FD3
 133 00eb B7762DD5 		.ascii	"\267v-\325\256v\374\251\211n\330A\033\005\"\2230\305"
 133      AE76FCA9 
 133      896ED841 
 133      1B052293 
 133      30C5
 134 00fd DA7ABD30 		.ascii	"\332z\2750\347\256c\370\250T@I6JW\355\362\303X\003e"
 134      E7AE63F8 
 134      A8544049 
 134      364A57ED 
 134      F2C35803 
 135 0112 48518D5C 		.ascii	"HQ\215\\\221;_\300\350\320\352\324r\333\341\015b\177"
 135      913B5FC0 
ARM GAS  C:\Users\johnb\AppData\Local\Temp\ccXq36A8.s 			page 10


 135      E8D0EAD4 
 135      72DBE10D 
 135      627F
 136 0124 4258BFC6 		.ascii	"BX\277\306-\346 \307\246\242\014=\260S\255^\330C\334"
 136      2DE620C7 
 136      A6A20C3D 
 136      B053AD5E 
 136      D843DC
 137 0137 46F1E6DA 		.ascii	"F\361\346\332\321g\232\324e\263`\023=+\237]\211\243"
 137      D1679AD4 
 137      65B36013 
 137      3D2B9F5D 
 137      89A3
 138 0149 A491CA3B 		.ascii	"\244\221\312;z\277\2159\014\204`p;\242\244'Bz$6<\276"
 138      7ABF8D39 
 138      0C846070 
 138      3BA2A427 
 138      427A2436 
 139 015f BCA4E93D 		.ascii	"\274\244\351=\302_%f>M\356\230\325\014\256\241\017\006"
 139      C25F2566 
 139      3E4DEE98 
 139      D50CAEA1 
 139      0F06
 140 0171 5AA847AB 		.ascii	"Z\250G\253\016b\320\331\002j~\326\275t&J&\253>^_1\323"
 140      0E62D0D9 
 140      026A7ED6 
 140      BD74264A 
 140      26AB3E5E 
 141 0188 6519150A 		.ascii	"e\031\025\012n\023\337\034\374\257\036\006\372\307 "
 141      6E13DF1C 
 141      FCAF1E06 
 141      FAC720
 142 0197 5B261861 		.ascii	"[&\030a\"\213\361\325\324\004\206\241_\326dR6gC\231"
 142      228BF1D5 
 142      D40486A1 
 142      5FD66452 
 142      36674399 
 143 01ab FC03FC6E 		.ascii	"\374\003\374n\211\224m\304\343\213S\232\357\227p\030"
 143      89946DC4 
 143      E38B539A 
 143      EF977018 
 144 01bb DC11A45B 		.ascii	"\334\021\244[a\270\003\037\333,\315iI\253\371>\262\224"
 144      61B8031F 
 144      DB2CCD69 
 144      49ABF93E 
 144      B294
 145 01cd 463832DB 		.ascii	"F82\333)\357^\306\236\266v\235%iU\333\015\356\302]\032"
 145      29EF5EC6 
 145      9EB6769D 
 145      256955DB 
 145      0DEEC25D 
 146 01e2 9081A4B6 		.ascii	"\220\201\244\266\365\367\261^'\201[\204pK\202A\222e"
 146      F5F7B15E 
 146      27815B84 
 146      704B8241 
 146      9265
 147 01f4 15441C3E 		.ascii	"\025D\034>\203o\263ZQ-\007\346\241\310\214\213f\303"
ARM GAS  C:\Users\johnb\AppData\Local\Temp\ccXq36A8.s 			page 11


 147      836FB35A 
 147      512D07E6 
 147      A1C88C8B 
 147      66C3
 148 0206 23172FB6 		.ascii	"#\027/\266J\031\341\201EduX\023\361$\224\022\024\246"
 148      4A19E181 
 148      45647558 
 148      13F12494 
 148      1214A6
 149 0219 DF2D8762 		.ascii	"\337-\207bh\353PX\3236\214\254\0201\221\217\255\253"
 149      68EB5058 
 149      D3368CAC 
 149      1031918F 
 149      ADAB
 150 022b 53DD8143 		.ascii	"S\335\201C\177\3738\250q\211Iz\311\267xy\317\362\362"
 150      7FFB38A8 
 150      7189497A 
 150      C9B77879 
 150      CFF2F2
 151 023e 3EECFF6D 		.ascii	">\354\377mSl\327W\272\220\024<\260lB\202B\352m\356{"
 151      536CD757 
 151      BA90143C 
 151      B06C4282 
 151      42EA6DEE 
 152 0253 6DCF8D48 		.ascii	"m\317\215HP{\014\322\310\021\350\330K\014\026\002&r"
 152      507B0CD2 
 152      C811E8D8 
 152      4B0C1602 
 152      2672
 153 0265 6597F3A8 		.ascii	"e\227\363\250\236i\234.\261&V6\305>\242\272}\245)q5"
 153      9E699C2E 
 153      B1265636 
 153      C53EA2BA 
 153      7DA52971 
 154 027a 72351027 		.ascii	"r5\020']\012\271\340\366x\364\215\247\334\253\227\026"
 154      5D0AB9E0 
 154      F678F48D 
 154      A7DCAB97 
 154      16
 155 028b 95E9DE8A 		.ascii	"\225\351\336\212\022\271\027z+=%L+*\366V\236>w\362\340"
 155      12B9177A 
 155      2B3D254C 
 155      2B2AF656 
 155      9E3E77F2 
 156 02a0 3F80E7CB 		.ascii	"?\200\347\313+*\275\372\361\202\374\375\373\364\274"
 156      2B2ABDFA 
 156      F182FCFD 
 156      FBF4BC
 157 02af BC237AC1 		.ascii	"\274#z\301\261\374\013\271\311\324\302\262\262\023\236"
 157      B1FC0BB9 
 157      C9D4C2B2 
 157      B2139E
 158 02be 52A6CADC 		.ascii	"R\246\312\334\337\202\223<("
 158      DF82933C 
 158      28
 159              		.text
 160              		.section	.gnu.lto_stGetAlarm.5f7f322,"",%progbits
ARM GAS  C:\Users\johnb\AppData\Local\Temp\ccXq36A8.s 			page 12


 161 0000 789C8D52 		.ascii	"x\234\215RMH\024a\030~\237\371fgv\267\264\240K\204\330"
 161      4D481461 
 161      187E9FF9 
 161      666776B7 
 161      B4A04B84 
 162 0015 5EEDB083 		.ascii	"^\355\260\203\025\035;\005\021\350)/\235$\354 $\030"
 162      151D3B05 
 162      11E8292F 
 162      9D24EC20 
 162      2418
 163 0027 AE74DD4F 		.ascii	"\256t\335O\335\212\024*\212\\\177\231\300\203\245\271"
 163      DD8A142A 
 163      8A5C7F99 
 163      C083A5B9 
 164 0037 ABF6BB5B 		.ascii	"\253\366\273[\324\242\204\204h\345!\350\017$\275X\006"
 164      D4A28484 
 164      68E521E8 
 164      0F24BD58 
 164      06
 165 0048 964B6699 		.ascii	"\226Kf\231\366\2763&\026\035\032\346\373\276y\337y\346"
 165      F6BE3326 
 165      161D1AE6 
 165      FBBE79DF 
 165      79E6
 166 005a 79DFE779 		.ascii	"y\337\347y'@\006\2755\210\216\021\321~^\010\020\214"
 166      274006BD 
 166      35888E11 
 166      D17E5E08 
 166      108C
 167 006c 4B93440D 		.ascii	"K\223D\015A\303P\331b\322a\363\245Cz\253\202\351\247"
 167      41C350D9 
 167      62D261F3 
 167      A5437AAB 
 167      82E9A7
 168 007f 4D401E74 		.ascii	"M@\036t\020\0247\224\2118.\252\244\302\213\304`\227"
 168      10143794 
 168      89382EAA 
 168      A4C28BC4 
 168      6097
 169 0091 BAA05C45 		.ascii	"\272\240\\E09\374<\3211S(!\020\341\260SO\235\267Kz\265"
 169      3039FC3C 
 169      D1315328 
 169      2110E1B0 
 169      534F9DB7 
 170 00a8 6ED4B9E4 		.ascii	"n\324\271\344\202\3359\374\\\207\\eP;\303\257\243\010"
 170      82DD39FC 
 170      5C875C65 
 170      503BC3AF 
 170      A308
 171 00ba BD2892E2 		.ascii	"\275(\222\3427PB\214~?\264z\265\3002{\024\011\200\363"
 171      3750428C 
 171      7E3FB47A 
 171      B5C0327B 
 171      140980F3 
 172 00ce 7DB0C007 		.ascii	"}\260\300\007'\322S\310\351\325\265s:7\333\203\037\207"
 172      27D253C8 
 172      E9D5B573 
ARM GAS  C:\Users\johnb\AppData\Local\Temp\ccXq36A8.s 			page 13


 172      3A37DB83 
 172      1F87
 173 00e0 6D935CA5 		.ascii	"m\223\\\245\002\262Y\262\0215\363\222\376Z\230\235O"
 173      02B259B2 
 173      1135F392 
 173      FE5A989D 
 173      4F
 174 00f1 358791EC 		.ascii	"5\207\221\354\362x\276\353\340\006oB\363\225K\346m\345"
 174      F278BEEB 
 174      E0066F42 
 174      F3954BE6 
 174      6DE5
 175 0103 11B72B6C 		.ascii	"\021\267+l\252I\350\207\305\245n\302\352V\"\244\365"
 175      AA49E887 
 175      C5A56EC2 
 175      EA5622A4 
 175      F5
 176 0114 CCC8335B 		.ascii	"\314\3103[\204\230\036lr`i!\354\207B#\210\236\324\327"
 176      84981E6C 
 176      72606921 
 176      EC874223 
 176      889ED4D7 
 177 0128 B1A08B6E 		.ascii	"\261\240\213n\270*\200\024\213\031\0201\374\242o\"\277"
 177      B82A8014 
 177      8B191031 
 177      FCA26F22 
 177      BF
 178 0139 683B033A 		.ascii	"h;\003:\321\240\247\323S;flWYH\303E\033\367\350\325"
 178      D1A0A7D3 
 178      533B666C 
 178      575948C3 
 178      451BF7E8 
 179 014e C1201C9A 		.ascii	"\301 \034\232C\323\312\331W!\277d\300\257\372dm)\267"
 179      43D3CAD9 
 179      5721BF64 
 179      C0AFFA64 
 179      6D29B7
 180 0161 4DCA2818 		.ascii	"M\312(\030\030b\276Y$^\217&\363c\220\226\031\306\230"
 180      1862BE59 
 180      245E8F26 
 180      F3639096 
 180      19C698
 181 0174 F47C66B9 		.ascii	"\364|f\271\300\307\020\206=\003E\266\242l\261\372\210"
 181      C0C71086 
 181      3D0345B6 
 181      A26CB1FA 
 181      88
 182 0185 444490D2 		.ascii	"DD\220\322F&3\377\306\216\377\324AW\331\355\354\012"
 182      462633FF 
 182      C68EFFD4 
 182      4157D9ED 
 182      EC0A
 183 0197 E116E2B4 		.ascii	"\341\026\342\264YZ\320\223\326\364\375\361b!\343vrB"
 183      595AD093 
 183      D6F4FDF1 
 183      6221E376 
 183      7242
ARM GAS  C:\Users\johnb\AppData\Local\Temp\ccXq36A8.s 			page 14


 184 01a9 AC97DCD3 		.ascii	"\254\227\334\323\216\376\223,\255a\273\253B\270\303"
 184      8EFE932C 
 184      AD61BBAB 
 184      42B8C3
 185 01b8 B3BEBDAE 		.ascii	"\263\276\275\256m\355\303p*\304\3406\255#Bp\227ey\005"
 185      6DEDC370 
 185      2AC4E036 
 185      AD234270 
 185      97657905 
 186 01cc 710F7157 		.ascii	"q\017qW\205\275V\314\337\023x\264<\276\222\334\365\327"
 186      85BD56CC 
 186      DF1378B4 
 186      3CBE92DC 
 186      F5D7
 187 01de 04AE7CB3 		.ascii	"\004\256|\263\327\007\240\376\030\300}o\000\031\221"
 187      D707A0FE 
 187      18C07D6F 
 187      001991
 188 01ed 69FDB7BD 		.ascii	"i\375\267\275_v_\346\037j\013\262\236\275\360Y\244\317"
 188      5F765FE6 
 188      1F6A0BB2 
 188      9EBDF059 
 188      A4CF
 189 01ff D6A17756 		.ascii	"\326\241wViZ@\327\262\206\014\340\001\034\354a\006\017"
 189      695A40D7 
 189      B2860CE0 
 189      011CEC61 
 189      060F
 190 0211 818728A5 		.ascii	"\201\207(\245Oh\234nY\031\265|k-\261\261\231)\270w6"
 190      4F689C6E 
 190      5919B57C 
 190      6B2DB1B1 
 190      9929B877 
 191 0226 2B128D3A 		.ascii	"+\022\215:\033wm\314\251>^\343\304\352\252\344\254\214"
 191      1B776DCC 
 191      A93E5EE3 
 191      C4EAAAE4 
 191      AC8C
 192 0238 D547ABE8 		.ascii	"\325G\253\350\300?\000\247j\353\352c\316\321\212\362"
 192      C03F00A7 
 192      6AEBEA63 
 192      CED18AF2 
 193 0248 7D7B9DB2 		.ascii	"}{\235\262\262CN\305\221\362\323\245\353\237T\326\324"
 193      B2434EC5 
 193      91F2D3A5 
 193      EB9F54D6 
 193      D4
 194 0259 9C8856D3 		.ascii	"\234\210V\323/\335Y\016\234"
 194      2FDD590E 
 194      9C
 195              		.text
 196              		.section	.gnu.lto_.symbol_nodes.5f7f322,"",%progbits
 197 0000 789C558A 		.ascii	"x\234U\212\273\015\302@\020\005g\337\372,\334\0065P"
 197      BB0DC240 
 197      100567DF 
 197      FA2CDC06 
 197      3550
ARM GAS  C:\Users\johnb\AppData\Local\Temp\ccXq36A8.s 			page 15


 198 0012 0054B617 		.ascii	"\000T\266\027\270\000\022\314\237\210\026 \240\010j"
 198      B80012CC 
 198      9F881620 
 198      A0086A
 199 0021 A012C4E9 		.ascii	"\240\022\304\351\234p/\031i\346%\304\2232\355\024\260"
 199      9C702F19 
 199      69E625C4 
 199      9332ED14 
 199      B0
 200 0032 7D43C12B 		.ascii	"}C\301+o\212\231\024\326\230t\021y\011\256\275B\355"
 200      6F8A9914 
 200      D6987411 
 200      7909AEBD 
 200      42ED
 201 0044 F9A0F0F6 		.ascii	"\371\240\360\366|\225\315\347\243\242k\323M\252\311"
 201      7C95CDE7 
 201      A3A26BD3 
 201      4DAAC9
 202 0053 4E8A5413 		.ascii	"N\212T\023\344\274\006;+\372\177\341,\270\177\276\346"
 202      E4BC063B 
 202      2BFA7FE1 
 202      2CB87FBE 
 202      E6
 203 0064 36303E56 		.ascii	"60>V\336\315\350+\370\0016l)d"
 203      DECDE82B 
 203      F801366C 
 203      2964
 204              		.text
 205              		.section	.gnu.lto_.refs.5f7f322,"",%progbits
 206 0000 789C6365 		.ascii	"x\234ce`b\020````ddbbadabeadcbga\000\000\003S\000F"
 206      60621060 
 206      60606064 
 206      64626261 
 206      64616265 
 207              		.text
 208              		.section	.gnu.lto_.decls.5f7f322,"",%progbits
 209 0000 789CB558 		.ascii	"x\234\265X{L\025W\032\2373gx]@\334kcL\226n\321\320@"
 209      7B4C1557 
 209      1A9F3367 
 209      785D40DC 
 209      6B634C96 
 210 0018 B296876E 		.ascii	"\262\226\207nk\273\233\355j\321m\233\324\356\346\352"
 210      6BBB9BED 
 210      6AD16D9B 
 210      D4EEE6EA 
 211 0028 9A4D96CD 		.ascii	"\232M\226\315\015\002\255$<\\\357\265I\377\332\341\241"
 211      0D02AD24 
 211      3C5CEFB5 
 211      49FFDAE1 
 211      A1
 212 0039 22B5082A 		.ascii	"\"\265\010**h\013\250(\212\226\227\200\310\353\012\202"
 212      2A680BA8 
 212      288A9697 
 212      80C8EB0A 
 212      82
 213 004a 4881223E 		.ascii	"H\201\">\020DAEE\241\210\327\027\342k\277\363\030f\356"
 213      10444145 
ARM GAS  C:\Users\johnb\AppData\Local\Temp\ccXq36A8.s 			page 16


 213      45A188D7 
 213      17E26BBF 
 213      F31866EE 
 214 005e 08DD6ED2 		.ascii	"\010\335n\322\235\334o\356|\347\374\316\357\373\316"
 214      9DDC6FEE 
 214      7CE7FCCE 
 214      EFFBCE
 215 006d F79DD78C 		.ascii	"\367\235\327\214\223 \012\302k\202\360.\206?x|\011\227"
 215      93200AC2 
 215      6B82F02E 
 215      863F787C 
 215      0997
 216 007f B3200847 		.ascii	"\263 \010G@@\025\312@\252\005v\271\200\234\0049\013"
 216      404015CA 
 216      40AA0576 
 216      B9809C04 
 216      390B
 217 0091 721EA40B 		.ascii	"r\036\244\013\244\007\244\027\344*\010P\0107@\006A\206"
 217      A407A417 
 217      E42A0850 
 217      08374006 
 217      4186
 218 00a3 04C76B23 		.ascii	"\004\307k#b\365+@\206A\032x\271\3109{\205W\257\003\320"
 218      62F52B40 
 218      86411A78 
 218      B9C8397B 
 218      8557AF03 
 219 00b8 C693B731 		.ascii	"\306\223\2671\012\324M\341\007\020?\220 \250\013\004"
 219      0AD44DE1 
 219      07103F90 
 219      20A80B04 
 220 00c8 B1C37330 		.ascii	"\261\303s0b~\036\005\351'\015\271-\037\370\237\013\362"
 220      627E1E05 
 220      E9270DB9 
 220      2D1FF89F 
 220      0BF2
 221 00da 3A88C4FD 		.ascii	":\210\304\375~\0171_\377\200(\214\372\253\275\0128v"
 221      7E0F315F 
 221      FF80288C 
 221      FAABBD0A 
 221      3876
 222 00ec 85CE06E2 		.ascii	"\205\316\006\342|\"\357\373\037\321\253\376\026\376"
 222      7C22EFFB 
 222      1FD1ABFE 
 222      16FE
 223 00fa 0FFE9298 		.ascii	"\017\376\222\230Vi\374\0255\376J<\266\212\257\177\342"
 223      5669FC15 
 223      35FE4A3C 
 223      B68AAF7F 
 223      E2
 224 010b BE0EEAEC 		.ascii	"\276\016\352\354\225A\241\307/`\253Gck\021\267\245\317"
 224      9541A1C7 
 224      2F60AB47 
 224      636B11B7 
 224      A5CF
 225 011d DF0E8CCE 		.ascii	"\337\016\214\316$\025\355\306\251\030\031\015H\002\365"
 225      2415EDC6 
ARM GAS  C:\Users\johnb\AppData\Local\Temp\ccXq36A8.s 			page 17


 225      A918190D 
 225      4802F5
 226 012c 5E5BD6F5 		.ascii	"^[\326\365i\240\276f@>\240>\035\334\326\215X\255\007"
 226      69A0BE66 
 226      403EA03E 
 226      1DDCD68D 
 226      58AD07
 227 013f A80DC347 		.ascii	"\250\015\303G\037{\031\222e\270\322\022e\267\217Hy>"
 227      1F7B1992 
 227      65B8D212 
 227      65B78F48 
 227      793E
 228 0151 F2460790 		.ascii	"\362F\007\2207\0308\204\014p\017\364F\007A\005\364\336"
 228      37183884 
 228      0C700FF4 
 228      46074105 
 228      F4DE
 229 0163 3B950D4E 		.ascii	";\225\015N\254\261'\250\275{\266\345I\214z\220T\237"
 229      ACB127A8 
 229      BD7BB6E5 
 229      498C7A90 
 229      549F
 230 0175 1FAB19F7 		.ascii	"\037\253\031\367\300\"\202g\251\177\257}\310\031\371"
 230      C0228267 
 230      A97FAF7D 
 230      C819F9
 231 0184 7B236400 		.ascii	"{#d\000\331/\263\313U@E\310\200\216 \2548\234%\203\361"
 231      D92FB3CB 
 231      554045C8 
 231      808E20AC 
 231      389C2583 
 232 0199 D17F9362 		.ascii	"\321\177\223b\001\236\022\344\321=2\236%\240\371\336"
 232      019E12E4 
 232      D13D329E 
 232      25A0F9DE 
 233 01a9 28C85B40 		.ascii	"(\310[@\337!\177Z%\240b\360\252\020\334\310\222]i\011"
 233      DF217F5A 
 233      25A062F0 
 233      AA10DCC8 
 233      925D6909 
 234 01bd D83BD651 		.ascii	"\330;\326Q\271\313\335\230F\235\227e\037D\271\017\003"
 234      B9CBDD98 
 234      469D9765 
 234      1F44B90F 
 234      03
 235 01ce AE807A5F 		.ascii	"\256\200z_\202\214J\037\010:\255-w\227\233\201\333H"
 235      828C4A1F 
 235      083AAD2D 
 235      77979B81 
 235      DB48
 236 01e0 FE491B80 		.ascii	"\376I\033\200.\355^\277\323M\313]\372S\334]\367\363"
 236      2EED5EBF 
 236      D34DCB5D 
 236      FA53DC5D 
 236      F7F3
 237 01f2 2E8B1E29 		.ascii	".\213\036)\204\233\205\361(2j\342X\206<hN\313h\314\237"
 237      849B85F1 
ARM GAS  C:\Users\johnb\AppData\Local\Temp\ccXq36A8.s 			page 18


 237      28326AE2 
 237      58863C68 
 237      4ECB68CC 
 238 0207 8F763CF7 		.ascii	"\217v<\367`Q4\200z<\241\250\317i\312\024T()(g~uu'U\362"
 238      60513480 
 238      7A3CA1A8 
 238      CF69CA14 
 238      54282928 
 239 0222 FCB9835A 		.ascii	"\374\271\203Zq5\243\316\215\245\340\"\251\356N}\324"
 239      7135A3CE 
 239      8DA5E022 
 239      A9EE4E7D 
 239      D4
 240 0233 2BE94352 		.ascii	"+\351CR\011l\307(\333q\352v\205\342vC\367\203jO}'\247"
 240      096CC728 
 240      DB71EA76 
 240      85E27643 
 240      F7836A4F 
 241 024a 44173754 		.ascii	"D\0277T\325:i;Y\345\320\311j\336\311j\332\311\362\257"
 241      D53A693B 
 241      59E5D0C9 
 241      6ADEC96A 
 241      DAC9F2AF 
 242 025e 4FD68857 		.ascii	"O\326\210WP/\202Q\214\246\323T#\304\356\210\012U_*\027"
 242      502F8251 
 242      8CA6D354 
 242      23C4EE88 
 242      0A555F2A 
 243 0273 42B41C4A 		.ascii	"B\264\034JE\201\017m\245\010)-\270.rU\344\224\364\307"
 243      45810F6D 
 243      A508292D 
 243      B82E7255 
 243      E494F4C7 
 244 0287 1B230D23 		.ascii	"\033#\015#\253f\226\224\213M,\366@\233)\255\221\250"
 244      AB669694 
 244      8B4D2CF6 
 244      409B29AD 
 244      91A8
 245 0299 1A4048DB 		.ascii	"\032@H\333@C\310\334\346\365\023\376\011j\347\2202\007"
 245      4043C8DC 
 245      E6F513FE 
 245      096AE790 
 245      3207
 246 02ab EF65B6DE 		.ascii	"\357e\266\3364\364\241\313\2444g!\242e\033JF\372\234"
 246      34F4A1CB 
 246      A4346721 
 246      A2651B4A 
 246      46FA9C
 247 02be B00B991D 		.ascii	"\260\013\231\035\250\357I\376\237\003\016+\223\3427"
 247      A8EF49FE 
 247      9F030E2B 
 247      93E237
 248 02cd EAE46D7C 		.ascii	"\352\344m|\371\330\346\305\322+\202\3329\332\372\215"
 248      F9D8E6C5 
 248      D22B82DA 
 248      39DAFA8D 
 249 02dd 3B4BEF74 		.ascii	";K\357tP\307\342\317\2370\314\332N[%\312\323E\264b&"
ARM GAS  C:\Users\johnb\AppData\Local\Temp\ccXq36A8.s 			page 19


 249      50C7E2CF 
 249      9F30CCDA 
 249      4E5B25CA 
 249      D345B462 
 250 02f2 AA87049C 		.ascii	"\252\207\004\234\240\011h@\263\340\276RbL\266\204\255"
 250      A0096840 
 250      B3E0BE52 
 250      624CB684 
 250      AD
 251 0303 475CE6E4 		.ascii	"G\\\346\344\3109\375\262\355e\302\033\333\023\345|\231"
 251      C839FDB2 
 251      ED65C21B 
 251      DB13E57C 
 251      99
 252 0314 E41850A8 		.ascii	"\344\030P\250\016A=\012 \036\327\221\251\210jQ\037B"
 252      0E413D0A 
 252      201ED791 
 252      A9886A51 
 252      1F42
 253 0326 35E80AF4 		.ascii	"5\350\012\364\347$\232\003\255\023\017\367\2448\341"
 253      E7249A03 
 253      AD130FF7 
 253      A438E1
 254 0335 77A9B397 		.ascii	"w\251\263\227\233\017\026\220\005\305\317\200H\034\274"
 254      9B0F1690 
 254      05C5CF80 
 254      481CBC
 255 0344 A0A870B8 		.ascii	"\240\250p\270\362\211'+\"\210\316\315\366}.x\011y\026"
 255      F289272B 
 255      2288CECD 
 255      F67D2E78 
 255      097916
 256 0357 335BBAEA 		.ascii	"3[\272\352%\344o\240S\336v*\353\375L;1\333\002#\253"
 256      25E46FA0 
 256      53DE762A 
 256      EBFD4C3B 
 256      31DB0223 
 257 036c 5935EB47 		.ascii	"Y5\353G\306T\362\304P\022&\306\021:\015\263\021h\011"
 257      C654F2C4 
 257      501226C6 
 257      113A0DB3 
 257      116809
 258 037f 0E9D82C2 		.ascii	"\016\235\202\302&6\356\017\356K\337\343\214+\020\265"
 258      2636EE0F 
 258      EE4BDFE3 
 258      8C2B10B5 
 259 038f D1547BE9 		.ascii	"\321T{\351\242\204\014\376\223\022\264MB\300\23596\247"
 259      A2840CFE 
 259      9312B44D 
 259      42C09D39 
 259      36A7
 260 03a1 699D2C8B 		.ascii	"i\235,\213\250\025\234\371^u\246E\031\341\233\313.="
 260      A8159CF9 
 260      5E75A645 
 260      19E19BCB 
 260      2E3D
 261 03b3 F3C2BBE9 		.ascii	"\363\302\273\351\012&f\025\346\336\307S\031\351\230"
ARM GAS  C:\Users\johnb\AppData\Local\Temp\ccXq36A8.s 			page 20


 261      0A266615 
 261      E6DEC753 
 261      19E998
 262 03c2 D2C8E3D6 		.ascii	"\322\310\343\326\271\373\251\221\037\300H\273j\244U"
 262      B9FBA991 
 262      1FC048BB 
 262      6AA455
 263 03d1 31529B3D 		.ascii	"1R\233=vT\224\310\264 \010H\027\2245W\216\017\340)\023"
 263      765494C8 
 263      B4200848 
 263      17943557 
 263      8E0FE029 
 264 03e6 DB49137B 		.ascii	"\333I\023{\006\361\314\246\345\226\310\"d\266\237f\326"
 264      06F1CCA6 
 264      E596C822 
 264      64B69F66 
 264      D6
 265 03f7 EF6A892C 		.ascii	"\357j\211,\203AY\"8\324\250Zl\324\247\366,M\355\351"
 265      83415922 
 265      38D4A85A 
 265      6CD4A7F6 
 265      2C4DEDE9 
 266 040b A725D370 		.ascii	"\247%\323p;\355#\252)\370\341\237\234\251\363\327\231"
 266      3BED23AA 
 266      29F8E19F 
 266      9CA9F3D7 
 266      99
 267 041c B22D4126 		.ascii	"\262-A&\236\223!rN\3459\247\3479Oy\266\224>\316v\302"
 267      9E932172 
 267      4EE539A7 
 267      E7394F79 
 267      B6943ECE 
 268 0432 3D8CA8B5 		.ascii	"=\214\250\265b\260\313\2313\325\277>\301D<\272\2402"
 268      62B0CB99 
 268      33D5BF3E 
 268      C1443CBA 
 268      A032
 269 0444 5DD03375 		.ascii	"]\3203uQ\246\303\017:J<\361\015\306t\275\250\375\226"
 269      51A6C30F 
 269      3A4A3CF1 
 269      0DC674BD 
 269      A8FD96
 270 0457 A80D0589 		.ascii	"\250\015\005\211\222\032\213n\207A^X\234\267\200[m\312"
 270      921A8B6E 
 270      87415E58 
 270      9CB7805B 
 270      6DCA
 271 0469 9E99AE8C 		.ascii	"\236\231\256\214q\000\241\213\252\331\213z\263=\324"
 271      7100A18B 
 271      AAD98B7A 
 271      B33DD4
 272 0478 ECBD4D77 		.ascii	"\354\275Mws\274\360(3\233]\232\272\331\223PA\012o\365"
 272      73BCF028 
 272      339B5D9A 
 272      BAD99350 
 272      410A6FF5 
 273 048c CDCD2E1A 		.ascii	"\315\315.\032\220\223\015tN\241K*\323%\276q\301\272"
ARM GAS  C:\Users\johnb\AppData\Local\Temp\ccXq36A8.s 			page 21


 273      90930D74 
 273      4EA14B2A 
 273      D325BE71 
 273      C1BA
 274 049e 46186CA3 		.ascii	"F\030l\243\373vb\\\212)\303\350\375\336s\016{\000YL"
 274      FB76625C 
 274      8A29C3E8 
 274      FDDE730E 
 274      7B00594C 
 275 04b2 D5E5F10A 		.ascii	"\325\345\361\012[\036\0018\262\273c\275\201\016\000"
 275      5B1E0138 
 275      B2BB63BD 
 275      810E00
 276 04c1 28E30360 		.ascii	"(\343\003`\375\311\376l\267)\007@?\355t\2372\000\236"
 276      FDC9FE6C 
 276      B7290740 
 276      3FED749F 
 276      32009E
 277 04d4 EE3C93E8 		.ascii	"\356<\223\350\305}\035\272\353\337^\"'9\021\014\254"
 277      C57D1DBA 
 277      EBDF5E22 
 277      2739110C 
 277      AC
 278 04e5 37139E5E 		.ascii	"7\023\236^V<\275J=\215/O\334\354>\273\037g\303\356\011"
 278      563CBD4A 
 278      3D8D2F4F 
 278      DCEC3EBB 
 278      1F67C3EE 
 279 04fa 7B136169 		.ascii	"{\023ai\251j\330\340\214G\230\363\271m\367\267\033\360"
 279      A96AD8E0 
 279      8C4798F3 
 279      B96DF7B7 
 279      1BF0
 280 050c 33A6DCAA 		.ascii	"3\246\334\252I\035\025\337\334+w\330`\200\325\373\025"
 280      491D15DF 
 280      DC2B77D8 
 280      6080D5FB 
 280      15
 281 051d 27D8E48D 		.ascii	"'\330\344\215\013\351\2266\000\006`\024i6\302\353Pr"
 281      0BE99636 
 281      00066014 
 281      6936C2EB 
 281      5072
 282 052f 0DCD16D0 		.ascii	"\015\315\026\320\015\364&iz\367\226\335e\366:\211\330"
 282      0DF42669 
 282      7AF796DD 
 282      65F63A89 
 282      D8
 283 0540 A96276CE 		.ascii	"\251bv\316n:W%\341t\211Rw\244<o\2208u\347\353\3619\266"
 283      6E3A5725 
 283      E1748952 
 283      77A43C6F 
 283      903875E7 
 284 0558 241FBA8D 		.ascii	"$\037\272\215\020b\030\014\232\315\347\026\224\334$"
 284      1062180C 
 284      9ACDE716 
 284      94DC24
ARM GAS  C:\Users\johnb\AppData\Local\Temp\ccXq36A8.s 			page 22


 285 0567 C4839478 		.ascii	"\304\203\224x_r\331\267.\263\263\265\304\211\303\033"
 285      5F72D9B7 
 285      2EB3B3B5 
 285      C489C31B 
 286 0577 5F88B880 		.ascii	"_\210\270\200\021g4\267ub\205\370\015G\342\036\007\342"
 286      116734B7 
 286      756285F8 
 286      0D47E21E 
 286      07E2
 287 0589 3B50729B 		.ascii	";Pr\233\020\017Q\342\276\261\256+\036\332\264\221\224"
 287      100F51E2 
 287      BEB1AE2B 
 287      1EDAB491 
 287      94
 288 059a AB691B86 		.ascii	"\253i\033\206\024\361\220\016\323\215M\331q\215|\307"
 288      14F1900E 
 288      D38D4DD9 
 288      718D7CC7 
 289 05aa CDAA7AD0 		.ascii	"\315\252z\320\302\317D\256\244z\244\240\302\223\255"
 289      C2CF44AE 
 289      A47AA4A0 
 289      C293AD
 290 05b9 D836DAFB 		.ascii	"\3306\332\373\233\271I|\263\357\240[\356\205S\243\022"
 290      9BB9497C 
 290      B3EFA05B 
 290      EE8553A3 
 290      12
 291 05ca AE644E27 		.ascii	"\256dN'\037Nm\300d\353O\374Y\253\030\231g\255O\333\234"
 291      1F4E6DC0 
 291      64EB4FFC 
 291      59AB1899 
 291      67AD4FDB 
 292 05df 701D6BFE 		.ascii	"p\035k\376UcY\023?\3515\023}\333\361\206*w\\\317*\257"
 292      55635913 
 292      3FE93513 
 292      7DDBF186 
 292      2A775CCF 
 293 05f5 A75C6B70 		.ascii	"\247\\kp\306\247\230\242xe\344^e_z\330\202\360\367\254"
 293      C6A798A2 
 293      7865E45E 
 293      655F7AD8 
 293      82F0F7AC 
 294 0609 B2AAA2BA 		.ascii	"\262\252\242\272\211\367 H\263\347\030\331\236S~\363"
 294      89F72048 
 294      B3E718D9 
 294      9E537EF3 
 295 0619 74938175 		.ascii	"t\223\201uHFd\311\350\354]\210;X\313z{\321\001\3369"
 295      484664C9 
 295      E8EC5D88 
 295      3B58CB7A 
 295      7BD101DE 
 296 062e 4CBA9369 		.ascii	"L\272\223i\357\230\3720\371B9\311<g]\351\036k\354qR"
 296      EF98FA30 
 296      F94239C9 
 296      3C675DE9 
 296      1E6BEC71 
 297 0643 0F1F125D 		.ascii	"\017\037\022]\225\237\002|\234\302_\322\303\307\013"
ARM GAS  C:\Users\johnb\AppData\Local\Temp\ccXq36A8.s 			page 23


 297      959F027C 
 297      9CC25FD2 
 297      C3C70B
 298 0652 65D56CCC 		.ascii	"e\325l\314\030\231\246\005\333\177\012\374\335\336\274"
 298      1899A605 
 298      DB7F0AFC 
 298      DDDEBC
 299 0661 1D067C8E 		.ascii	"\035\006|\2169\271\353\376\345\333<a\376\240\356\177"
 299      39B9EBFE 
 299      E5DB3C61 
 299      FEA0EE7F 
 300 0671 5495E88A 		.ascii	"T\225\350\212/\262\272\255\265\337\264\271\340^\246"
 300      2FB2BAAD 
 300      B5DFB4B9 
 300      E05EA6
 301 0680 28276523 		.ascii	"('e#;)'t}\200\373YM]\372\026\230O\003L\031I\272\321"
 301      3B292774 
 301      7D80FB59 
 301      4D5DFA16 
 301      984F034C 
 302 0698 CFE3338B 		.ascii	"\317\3433\213\014\274\357\207\374\360mV\365\242\271"
 302      0CBCEF87 
 302      FCF06D56 
 302      F5A2B9
 303 06a7 C10FDF65 		.ascii	"\301\017\337e\317M\345\371\007\020~\310\024{V\323\220"
 303      CF4DE5F9 
 303      07107EC8 
 303      147B56D3 
 303      90
 304 06b8 013F614A 		.ascii	"\001?aJN\347\356c\256\370\031S\366\217m\337\357\201"
 304      4EE7EE63 
 304      AEF81953 
 304      F68F6DDF 
 304      EF81
 305 06ca E39DA872 		.ascii	"\343\235\250r\256\362|\262;^\317\224\344\342\342\235"
 305      AEF27CB2 
 305      3B5ECF94 
 305      E4E2E29D 
 306 06da EE388529 		.ascii	"\3568\205)\011U\335\351\374\\\320O\364\201\274\201\034"
 306      0955DDE9 
 306      FC5CD04F 
 306      F481BC81 
 306      1C
 307 06eb 7EEE939D 		.ascii	"~\356\223\235AO\351l}\214p*\003\247\224\237\275\"M\231"
 307      414FE96C 
 307      7D8C702A 
 307      03A7949F 
 307      BD224D99 
 308 06ff 876D22CF 		.ascii	"\207m\"\317C\020MCFMF\3314}\032\356\002z\204\2423D\243"
 308      43104D43 
 308      464D46D9 
 308      347D1AEE 
 308      027A84A2 
 309 0716 D286CEDF 		.ascii	"\322\206\316\337\033{\363$}\036\246B\317\274\233r\342"
 309      1B7BF324 
 309      7D1EA642 
 309      CFBC9B72 
ARM GAS  C:\Users\johnb\AppData\Local\Temp\ccXq36A8.s 			page 24


 309      E2
 310 0727 A127F2F5 		.ascii	"\241'\362\365\365\235\341\253\271\374\351}\217\234\224"
 310      F59DE1AB 
 310      B9FCE97D 
 310      8F9C94
 311 0736 28DBFA0E 		.ascii	"(\333\372\016\341\301#\355\233\344\234zD\251\306`rf"
 311      E1C123ED 
 311      9BE49C7A 
 311      44A9C660 
 311      7266
 312 0748 8933D479 		.ascii	"\2113\324y\360\230\362\346\223\273\300\232\\\213\205"
 312      F098F2E6 
 312      93BBC09A 
 312      5C8B85
 313 0757 ED250953 		.ascii	"\355%\011S\370==|\364\025x\213\006\376H\017\177@\341"
 313      F83D3D7C 
 313      F415788B 
 313      06FE480F 
 313      7F40E1
 314 076a C1049DCE 		.ascii	"\301\004\235\316\373\264P\022\320\026\321\033\245\213"
 314      FBB45012 
 314      D016D11B 
 314      A58B
 315 0778 A48AA061 		.ascii	"\244\212\240a\016\242\003\242?\332-\372\242] {Ar@\276"
 315      0EA203A2 
 315      3FDA2DFA 
 315      A25D207B 
 315      417240BE 
 316 078c 012900C9 		.ascii	"\001)\000\311\006\331\017\222\013\262\017$\037\344 "
 316      06D90F92 
 316      0BB20F24 
 316      1FE420
 317 079b C81E90C3 		.ascii	"\310\036\220\303 ;@2A\362@\276\005\331\011rH\364\245"
 317      203B4032 
 317      41F240BE 
 317      05D90972 
 317      48F4A5
 318 07ae CB33F3B1 		.ascii	"\3133\363\261'Z\365q\263\250\3631P\337\243N\015:mRt"
 318      275AF571 
 318      B3A8F331 
 318      50DFA34E 
 318      0D3A6D52 
 319 07c3 B00AB66B 		.ascii	"\260\012\266k\300\233\364\340q\244C\367h"
 319      C09BF4E0 
 319      71A443F7 
 319      68
 320 07d0 82757FF2 		.ascii	"\202u\177\362\330j\320\3651*:E\317\235,\352\320w4\236"
 320      D86AD0F5 
 320      312A3A45 
 320      CF9D2CEA 
 320      D077349E 
 321 07e4 7CAD478F 		.ascii	"|\255G\217\274\222\267N\015\371\006=|\235\236\334\256"
 321      BC92B74E 
 321      0DF9063D 
 321      7C9D9EDC 
 321      AE
 322 07f5 41C7EBD1 		.ascii	"A\307\353\321O\364\216_\323\270\222:\271+\332\240h\270"
ARM GAS  C:\Users\johnb\AppData\Local\Temp\ccXq36A8.s 			page 25


 322      4FF48E5F 
 322      D3B8923A 
 322      B92BDAA0 
 322      68B8
 323 0807 D74FEE89 		.ascii	"\327O\356\211\203\343\232\030>\234|\3009\214O\015\373"
 323      83E39A18 
 323      3E9C7CC0 
 323      398C4F0D 
 323      FB
 324 0818 C6C983C8 		.ascii	"\306\311\203\310\340\354x\331>l\214\227eD`\002\337\230"
 324      E0EC78D9 
 324      3E6C8C97 
 324      65446002 
 324      DF98
 325 082a D47174F3 		.ascii	"\324qt\363G\343\326D\2719\210\222%\351\311\022^\311"
 325      47E3D644 
 325      B9398892 
 325      25E9C912 
 325      5EC9
 326 083c 88C674E2 		.ascii	"\210\306t\342\344\350\011O\343\001\036\033O\341\333"
 326      E4E8094F 
 326      E3011E1B 
 326      4FE1DB
 327 084b 4523DACA 		.ascii	"E#\332\312\341\312\324G?\352\2436\256\211\361W\223\017"
 327      E1CAD447 
 327      3FEAA336 
 327      AE89F157 
 327      930F
 328 085d 3C2DF978 		.ascii	"<-\371x\014#\227\201\374\031\217\232\262\276\363\004"
 328      0C239781 
 328      FC198F9A 
 328      B2BEF304 
 329 086d 32387921 		.ascii	"28y!i\275\220?\015\237\246\213\235X\377mu&\274o\314"
 329      69BD903F 
 329      0D9FA68B 
 329      9D58FF6D 
 329      7526BC6F 
 330 0882 60E17934 		.ascii	"`\341y4\342\014/T\250\020Z\037\021'\016C$X\223\317p"
 330      E20C2F54 
 330      A8105A1F 
 330      11270E43 
 330      245893CF 
 331 0897 F41D4CEC 		.ascii	"\364\035L\354\377\367$';\303\355\315W\035\016\207\205"
 331      FFF72427 
 331      3BC3EDCD 
 331      571D0E87 
 331      85
 332 08a8 9A7008A8 		.ascii	"\232p\010\250Hd\357\316\360\017\340C#\273\263\\\265"
 332      4864EFCE 
 332      F00FE043 
 332      23BBB35C 
 332      B5
 333 08b9 E07E8723 		.ascii	"\340~\207#I1\007\027Sp\373\263\346bg|\236\255\374m\215"
 333      49310717 
 333      5370FBB3 
 333      E662677C 
 333      9EADFC6D 
ARM GAS  C:\Users\johnb\AppData\Local\Temp\ccXq36A8.s 			page 26


 334 08ce 6777BAE0 		.ascii	"gw\272\340a\252H\203uv\021\032\221\237\233?\371lR.\272"
 334      61AA4883 
 334      7576111A 
 334      919F9B3F 
 334      F96C522E 
 335 08e3 B1EF2DD3 		.ascii	"\261\357-\323\351\343\006\372)$!m:\232\370\024R\001"
 335      E9E306FA 
 335      2924216D 
 335      3A9AF814 
 335      5201
 336 08f5 11205502 		.ascii	"\021 U\002:\012\001*\023\371K\015\373r\003\025\250T"
 336      3A0A012A 
 336      13F94B0D 
 336      FB720315 
 336      A854
 337 0907 9CF87203 		.ascii	"\234\370r\003\346N\036l\337\342\241=\265\022\210zl="
 337      E64E1E6C 
 337      DFE2A13D 
 337      B512887A 
 337      6C3D
 338 0919 266ACFEA 		.ascii	"&j\317\352C[\342c\340\320j\353\247\007\354\312\213\003"
 338      435BE263 
 338      E0D06AEB 
 338      A707ECCA 
 338      8B03
 339 092b B20C5D4C 		.ascii	"\262\014]LB\022\301\241\0225[%\242\356\270^)\222#ln"
 339      4212C1A1 
 339      12355B25 
 339      A2EEB85E 
 339      2992236C 
 340 0940 E9832C4F 		.ascii	"\351\203,Olg\035-9s*u\032gk\371-{\337\310e\357\033\307"
 340      6C671D2D 
 340      39732A75 
 340      1A676BF9 
 340      2D7BDFC8 
 341 0958 55A6E37A 		.ascii	"U\246\343z\246*\312t\351ee\216'^\347L\231\326\247$\024"
 341      A62ACA74 
 341      E965658E 
 341      275EE74C 
 341      99D6A724 
 342 096d 3B73A63B 		.ascii	";s\246;s'\230\310)\260Ze\252\3263\325P\246\272\333\373"
 342      732798C8 
 342      29B05A65 
 342      AAD633D5 
 342      50A6BADB 
 343 0982 B224BC83 		.ascii	"\262$\274\2031\215\367n\332\350\245\370\024\340\340"
 343      318DF76E 
 343      DAE8A5F8 
 343      14E0E0
 344 0991 53ADCA54 		.ascii	"S\255\312T\253g\252\243L\345;2\336\307\371\214(\355"
 344      AB67AAA3 
 344      4CE53B32 
 344      DEC7F98C 
 344      28ED
 345 09a3 56FA7657 		.ascii	"V\372vWN4RH\2464\274\326\244\371\322\327\032\233\312"
 345      4E345248 
 345      A634BCD6 
ARM GAS  C:\Users\johnb\AppData\Local\Temp\ccXq36A8.s 			page 27


 345      A4F9D2D7 
 345      1A9BCA
 346 09b6 64D3339D 		.ascii	"d\3233\235\020\347\010R\370\252\2605\316\026\353\307"
 346      10E70852 
 346      F8AAB035 
 346      CE16EBC7 
 347 09c6 B15156D7 		.ascii	"\261QV\327\017?\375\233OHp\260\340\023\020\0208\361"
 347      0F3FFD9B 
 347      4F4870B0 
 347      E0131010 
 347      38F1
 348 09d8 8BB304AE 		.ascii	"\213\263\004\256\012\213\016\264\254\011'\377f\2135"
 348      0A8B0EB4 
 348      AC0927FF 
 348      668B35
 349 09e7 205CF0B0 		.ascii	" \\\360\260X\227Y\303\326X\027E\207\255\2111\230\315"
 349      589759C3 
 349      D6581745 
 349      87AD8931 
 349      98CD
 350 09f9 6BA362AD 		.ascii	"k\243b\255\363\347\231\255\237\205\377>4|U\324\312("
 350      F3E799AD 
 350      9F85FF3E 
 350      347C55D4 
 350      CA28
 351 0a0b 8B756D44 		.ascii	"\213umDT\\\2505..\332\022\372y\354Z\037\372\344\003"
 351      545CA835 
 351      2E2EDA12 
 351      FA79EC5A 
 351      1FFAE403 
 352 0a1f 689FC898 		.ascii	"h\237\310\230\225\221\021\021\221\021\241\357\004\314"
 352      95911111 
 352      9111A1EF 
 352      04CC
 353 0a2d F7991714 		.ascii	"\367\231\027\024\274\340_\301\241P\376Vl\\l\344[\221"
 353      BCE05FC1 
 353      A150FE56 
 353      6C5C6CE4 
 353      5B91
 354 0a3f 612BA342 		.ascii	"a+\243B\243b\303\243\327FD\206\306\204\001Wld\2509\""
 354      A362C3A3 
 354      D7464486 
 354      C6840157 
 354      6C64A839 
 355 0a54 F2B3B0B5 		.ascii	"\362\263\260\265\321V\263\365\313\325\221\226\200U\202"
 355      D156B3F5 
 355      CBD59196 
 355      805582
 356 0a63 AB62EF1F 		.ascii	"\253b\357\037\277\250=\313\227\226P\350_\004\220\203"
 356      BFA83DCB 
 356      979650E8 
 356      5F049083 
 357 0a73 113750AD 		.ascii	"\0217P\255Q1\221f\253\237.\034k\254\201\274I`\370*\202"
 357      51319166 
 357      AB9F2E1C 
 357      6BAC81BC 
 357      4960F82A 
ARM GAS  C:\Users\johnb\AppData\Local\Temp\ccXq36A8.s 			page 28


 358 0a88 E26EB993 		.ascii	"\342n\271\223\250\304\255fA\201\347H\253\362\370!\177"
 358      A8C4AD66 
 358      4181E748 
 358      ABF2F821 
 358      7F
 359 0a99 0484393A 		.ascii	"\004\2049::\302\034\005\321~g\222 \257\216[c\265\004"
 359      3AC21C05 
 359      D17E6792 
 359      20AF8E5B 
 359      63B504
 360 0aac 2E5BBE74 		.ascii	".[\276t\376\274\300O>Y\034\270\374\343\245_\004\363"
 360      FEBCC04F 
 360      3E591CB8 
 360      FCE3A55F 
 360      04F3
 361 0abe B09386C4 		.ascii	"\260\223\206\304\255\360U\313\276\264|\024\026m\235"
 361      ADF055CB 
 361      BEB47C14 
 361      166D9D
 362 0acd F35FDC02 		.ascii	"\363_\334\002\260\2476O\202\247\331\374\331\332\330"
 362      B0A7364F 
 362      82A7D9FC 
 362      D9DAD8
 363 0adc 70B33960 		.ascii	"p\2639`\301\333\357-pU4w\325U-\344\235\240\337\271\253"
 363      C1DBEF2D 
 363      70553477 
 363      D5552DE4 
 363      9DA0DFB9 
 364 0af1 9E3BD6BC 		.ascii	"\236;\326\274\353\024\022\262\3244_\374\213IZ\274t\221"
 364      EB1412B2 
 364      D4345FFC 
 364      8B495ABC 
 364      7491
 365 0b03 092F0E31 		.ascii	"\011/\0161I\037,^n\302!!&l\002Yd2\341\277.\013\301!"
 365      491F2C5E 
 365      6EC22121 
 365      266C0259 
 365      6432E1BF 
 366 0b1b 9F2E9742 		.ascii	"\237.\227BB\226\230(~\036\275\007\343%\037\232\304e"
 366      42969828 
 366      7E1EBD07 
 366      E3251F9A 
 366      C465
 367 0b2d D0F2E325 		.ascii	"\320\362\343%&i\331R@\207\230\346\201\004\003\362\357"
 367      2669D952 
 367      408798E6 
 367      810403F2 
 367      EF
 368 0b3e A6B77F76 		.ascii	"\246\267\177vX,\326\0302\006\242bX\350\271b\266\316"
 368      582CD618 
 368      3206A262 
 368      58E8B962 
 368      B6CE
 369 0b50 54826C31 		.ascii	"T\202l1\207\021\327\315a\341\326\250/\"\235\314\037"
 369      8711D7CD 
 369      61E1D6A8 
 369      2F229DCC 
ARM GAS  C:\Users\johnb\AppData\Local\Temp\ccXq36A8.s 			page 29


 369      1F
 370 0b61 C09830F2 		.ascii	"\300\2300\362J\013\011\013\253\377\325DQ\334jV2])\211"
 370      4A0B090B 
 370      ABFFD544 
 370      51DC6A56 
 370      325D2989 
 371 0b75 B43A167C 		.ascii	"\264:\026|\256\024\374\007\372\236\332\352"
 371      AE14FC07 
 371      FA9EDAEA 
 372              		.text
 373              		.section	.gnu.lto_.symtab.5f7f322,"",%progbits
 374 0000 7374496E 		.ascii	"stInit\000"
 374      697400
 375 0007 00       		.ascii	"\000"
 376 0008 00       		.ascii	"\000"
 377 0009 00       		.ascii	"\000"
 378 000a 00000000 		.ascii	"\000\000\000\000\000\000\000\000"
 378      00000000 
 379 0012 C4000000 		.ascii	"\304\000\000\000"
 380 0016 73745374 		.ascii	"stStartAlarm\000"
 380      61727441 
 380      6C61726D 
 380      00
 381 0023 00       		.ascii	"\000"
 382 0024 00       		.ascii	"\000"
 383 0025 00       		.ascii	"\000"
 384 0026 00000000 		.ascii	"\000\000\000\000\000\000\000\000"
 384      00000000 
 385 002e D3000000 		.ascii	"\323\000\000\000"
 386 0032 73745374 		.ascii	"stStopAlarm\000"
 386      6F70416C 
 386      61726D00 
 387 003e 00       		.ascii	"\000"
 388 003f 00       		.ascii	"\000"
 389 0040 00       		.ascii	"\000"
 390 0041 00000000 		.ascii	"\000\000\000\000\000\000\000\000"
 390      00000000 
 391 0049 D5000000 		.ascii	"\325\000\000\000"
 392 004d 73745365 		.ascii	"stSetAlarm\000"
 392      74416C61 
 392      726D00
 393 0058 00       		.ascii	"\000"
 394 0059 00       		.ascii	"\000"
 395 005a 00       		.ascii	"\000"
 396 005b 00000000 		.ascii	"\000\000\000\000\000\000\000\000"
 396      00000000 
 397 0063 D7000000 		.ascii	"\327\000\000\000"
 398 0067 73744765 		.ascii	"stGetAlarm\000"
 398      74416C61 
 398      726D00
 399 0072 00       		.ascii	"\000"
 400 0073 00       		.ascii	"\000"
 401 0074 00       		.ascii	"\000"
 402 0075 00000000 		.ascii	"\000\000\000\000\000\000\000\000"
 402      00000000 
 403 007d DA000000 		.ascii	"\332\000\000\000"
 404 0081 73745F6C 		.ascii	"st_lld_init\000"
ARM GAS  C:\Users\johnb\AppData\Local\Temp\ccXq36A8.s 			page 30


 404      6C645F69 
 404      6E697400 
 405 008d 00       		.ascii	"\000"
 406 008e 02       		.ascii	"\002"
 407 008f 00       		.ascii	"\000"
 408 0090 00000000 		.ascii	"\000\000\000\000\000\000\000\000"
 408      00000000 
 409 0098 DC000000 		.ascii	"\334\000\000\000"
 410 009c 63685379 		.ascii	"chSysHalt\000"
 410      7348616C 
 410      7400
 411 00a6 00       		.ascii	"\000"
 412 00a7 02       		.ascii	"\002"
 413 00a8 00       		.ascii	"\000"
 414 00a9 00000000 		.ascii	"\000\000\000\000\000\000\000\000"
 414      00000000 
 415 00b1 E1000000 		.ascii	"\341\000\000\000"
 416              		.text
 417              		.section	.gnu.lto_.opts,"",%progbits
 418 0000 272D666D 		.ascii	"'-fmath-errno' '-fsigned-zeros' '-ftrapping-math' '"
 418      6174682D 
 418      6572726E 
 418      6F272027 
 418      2D667369 
 419 0033 2D666E6F 		.ascii	"-fno-trapv' '-fno-openmp' '-fno-openacc' '-mcpu=cor"
 419      2D747261 
 419      70762720 
 419      272D666E 
 419      6F2D6F70 
 420 0066 7465782D 		.ascii	"tex-m4' '-mno-thumb-interwork' '-mthumb' '-ggdb' '-"
 420      6D342720 
 420      272D6D6E 
 420      6F2D7468 
 420      756D622D 
 421 0099 4F322720 		.ascii	"O2' '-fomit-frame-pointer' '-falign-functions=16' '"
 421      272D666F 
 421      6D69742D 
 421      6672616D 
 421      652D706F 
 422 00cc 2D666675 		.ascii	"-ffunction-sections' '-fdata-sections' '-fno-common"
 422      6E637469 
 422      6F6E2D73 
 422      65637469 
 422      6F6E7327 
 423 00ff 2720272D 		.ascii	"' '-flto'\000"
 423      666C746F 
 423      2700
 424              		.text
 425              		.comm	__gnu_lto_v1,1,1
 426              		.comm	__gnu_lto_slim,1,1
 427              		.ident	"GCC: (GNU Tools for ARM Embedded Processors 6-2017-q1-update) 6.3.1 20170215 (release) [AR
ARM GAS  C:\Users\johnb\AppData\Local\Temp\ccXq36A8.s 			page 31


DEFINED SYMBOLS
                            *ABS*:00000000 hal_st.c
                            *COM*:00000001 __gnu_lto_v1
                            *COM*:00000001 __gnu_lto_slim

NO UNDEFINED SYMBOLS
