ARM GAS  C:\Users\johnb\AppData\Local\Temp\ccnwRUXf.s 			page 1


   1              		.cpu cortex-m4
   2              		.eabi_attribute 20, 1
   3              		.eabi_attribute 21, 1
   4              		.eabi_attribute 23, 3
   5              		.eabi_attribute 24, 1
   6              		.eabi_attribute 25, 1
   7              		.eabi_attribute 26, 1
   8              		.eabi_attribute 30, 2
   9              		.eabi_attribute 34, 1
  10              		.eabi_attribute 18, 4
  11              		.file	"memstreams.c"
  12              		.text
  13              	.Ltext0:
  14              		.section	.gnu.lto_.profile.5f7dfd7,"",%progbits
  15 0000 789C6365 		.ascii	"x\234ce`b`a```d\010\260\004\000\001Y\000\226"
  15      60626061 
  15      60606064 
  15      08B00400 
  15      01590096 
  16              		.text
  17              		.section	.gnu.lto_.icf.5f7dfd7,"",%progbits
  18 0000 789C6365 		.ascii	"x\234ce`bPc@\0006\206MO/\354\345b\334\371\347\304s^"
  18      60625063 
  18      40003686 
  18      4D4F2FEC 
  18      E562DCF9 
  19 0018 A6F9DFE6 		.ascii	"\246\371\337\346\177\345f\006\223,og\316~\300\317\372"
  19      7FE56606 
  19      932C6F67 
  19      CE7EC0CF 
  19      FA
  20 0029 F5C6F237 		.ascii	"\365\306\3627l\014\000\205\312\023\300"
  20      6C0C0085 
  20      CA13C0
  21              		.text
  22              		.section	.gnu.lto_.jmpfuncs.5f7dfd7,"",%progbits
  23 0000 789C458B 		.ascii	"x\234E\213\273\021\000 \010C\023@-\235\312\241\254\262"
  23      BB110020 
  23      08431340 
  23      2D9DCAA1 
  23      ACB2
  24 0012 BA5888AF 		.ascii	"\272X\210\257\310]~\015\206\205O\203\221.1\221y\352"
  24      C85D7E0D 
  24      86854F83 
  24      912E3191 
  24      79EA
  25 0024 10D56D93 		.ascii	"\020\325m\223o\342\225\246\251\"\342^\246\022\034\360"
  25      6FE295A6 
  25      A922E25E 
  25      A6121CF0 
  26 0034 C60714   		.ascii	"\306\007\024"
  27              		.text
  28              		.section	.gnu.lto_.inline.5f7dfd7,"",%progbits
  29 0000 789CB591 		.ascii	"x\234\265\2211\016\3020\014E\277\235\224D4Ua*HHd\002"
  29      310EC230 
  29      0C45BF9D 
  29      94443455 
ARM GAS  C:\Users\johnb\AppData\Local\Temp\ccnwRUXf.s 			page 2


  29      612A4848 
  30 0016 A69E8189 		.ascii	"\246\236\201\211\2213p\024\330:vddd\344(\0359\002##"
  30      91337014 
  30      D83A7664 
  30      6464E428 
  30      1D390223 
  31 002b 23D8AD40 		.ascii	"#\330\255@Ht$\221\236\034Ky\266\223\004\214\003\341"
  31      48742491 
  31      9E1C4B79 
  31      B693048C 
  31      03E1
  32 003d BD12200B 		.ascii	"\275\022 \013d\020\011f\255\334)\343pP\227\360M\311"
  32      64100966 
  32      ADDC29E3 
  32      705097F0 
  32      4DC9
  33 004f A09BB32D 		.ascii	"\240\233\263-\005^C\017{\232\007\320\325\215X\011\276"
  33      055E430F 
  33      7B9A07D0 
  33      D58D5809 
  33      BE
  34 0060 E4131112 		.ascii	"\344\023\021\022B\332\371Z\323\236:\241\251\012\270"
  34      42DAF95A 
  34      D39E3AA1 
  34      A90AB8
  35 006f C7E287D0 		.ascii	"\307\342\207\320\034\213~!c<%\373%\344(\023\2505}]\203"
  35      1C8B7E21 
  35      633C25FB 
  35      25E42813 
  35      A8357D5D 
  36 0084 BFF7B6C9 		.ascii	"\277\367\266\311M\036D=\223c\324d\224\344J\3246\003"
  36      4D1E443D 
  36      9363D464 
  36      94E44AD4 
  36      3603
  37 0096 4CBD956D 		.ascii	"L\275\225m>U\272g\370C\021\013\357\010\234TK\244\347"
  37      3E55BA67 
  37      F843110B 
  37      EF089C54 
  37      4BA4E7
  38 00a9 0DEB073C 		.ascii	"\015\353\007<\001\310\1775\215"
  38      01C87F35 
  38      8D
  39              		.text
  40              		.section	.gnu.lto_.pureconst.5f7dfd7,"",%progbits
  41 0000 789C6365 		.ascii	"x\234ce`b\340f```e\220b\224b\222b\226b\221\002\000\004"
  41      6062E066 
  41      60606065 
  41      90629462 
  41      92629662 
  42 0018 2200A4   		.ascii	"\"\000\244"
  43              		.text
  44              		.section	.gnu.lto__put.5f7dfd7,"",%progbits
  45 0000 789C9552 		.ascii	"x\234\225RIOSQ\024\276\337\275oh\241\326\350\312E\027"
  45      494F5351 
  45      14BEDFBD 
  45      6F68A1D6 
ARM GAS  C:\Users\johnb\AppData\Local\Temp\ccnwRUXf.s 			page 3


  45      E8CA4517 
  46 0014 2C248444 		.ascii	",$\204D\373\214b\\\371c\200\220HB#\261\256\345\322b"
  46      FB8C625C 
  46      F9638090 
  46      484223B1 
  46      AEE5D262 
  47 0028 214E1007 		.ascii	"!N\020\007\246\264>\022CP\224\031\024pj$QAP\324`\210"
  47      A6B43E12 
  47      43509419 
  47      14706A24 
  47      514150D4 
  48 003e 0B175248 		.ascii	"\013\027RH\210\242\301!\356\320s\336k\004\343\006^\332"
  48      88A2C121 
  48      EED073DE 
  48      6B04E306 
  48      5EDA
  49 0050 FBEE70BE 		.ascii	"\373\356p\276\341|\357\232B\212%%\3041!\304Q\372\303"
  49      E17CEF9A 
  49      428A2525 
  49      C43121C4 
  49      51FAC3
  50 0063 14902D2F 		.ascii	"\024\220-/\205\250\017Hi\270\020\272@\255\317\012\241"
  50      85A80F48 
  50      69B810BA 
  50      40ADCF0A 
  50      A1
  51 0074 430A86BF 		.ascii	"C\012\206\277o\000<\321\001\210:\251\014\324\241Y\265"
  51      6F003CD1 
  51      01883AA9 
  51      0CD4A159 
  51      B5
  52 0085 29BC6E18 		.ascii	")\274n\030L\253K\312U\002\006-\327\347:\227\302\274"
  52      4CAB4BCA 
  52      5502062D 
  52      D7E73A97 
  52      C2BC
  53 0097 048A6899 		.ascii	"\004\212h\231\233H\255\031\245=\232\236l\333U\353\372"
  53      9B48AD19 
  53      A53D9A9E 
  53      6CDB55EB 
  53      FA
  54 00a8 F0BC0EBA 		.ascii	"\360\274\016\272J\212\016*\277\211\010z\020a\365[(\245"
  54      4A8A0E2A 
  54      BF89087A 
  54      1061F55B 
  54      28A5
  55 00ba E2B7730B 		.ascii	"\342\267s\013-\266r h>\322\3245\021*\351\326:\241\263"
  55      2DB67220 
  55      683ED2D4 
  55      35112AE9 
  55      D63AA1B3 
  56 00ce B35794DE 		.ascii	"\263W\224\336\357*\205^\250\255@\332\022\270\215\022"
  56      EF2A855E 
  56      A8AD40DA 
  56      12B88D12 
  57 00de 2A4FA77A 		.ascii	"*O\247z\227\225:\354A?\245\276}\011\347\241\237\177"
  57      97953AEC 
ARM GAS  C:\Users\johnb\AppData\Local\Temp\ccnwRUXf.s 			page 4


  57      413FA5BE 
  57      7D09E7A1 
  57      9F7F
  58 00f0 481D72C9 		.ascii	"H\035r\311\355\035\037z$\202C\0144\004\372P\302\325"
  58      ED1D1F7A 
  58      2482430C 
  58      3404FA50 
  58      C2D5
  59 0102 DFBF2EBC 		.ascii	"\337\277.\274\010\2522\017\351\216';\303\3057<\344\207"
  59      08AA320F 
  59      E98E273B 
  59      C3C5373C 
  59      E487
  60 0114 F6BD9793 		.ascii	"\366\275\227\223\372\2716\\e\242\377_a~\250\374\343"
  60      FAB9365C 
  60      65A2FF5F 
  60      617EA8FC 
  60      E3
  61 0125 D0C6B55D 		.ascii	"\320\306\265]\226\201\001\024sC\324\307 ,\320{\340\015"
  61      96810114 
  61      7343D4C7 
  61      202CD07B 
  61      E00D
  62 0137 B27AE377 		.ascii	"\262z\343w\243\316\276\333\2678:\267'\014\222\224\024"
  62      A3CEBEDB 
  62      B7383AB7 
  62      270C9294 
  62      14
  63 0148 09993569 		.ascii	"\011\2315ijY<\3304\330\001\036\202`7\205\274\031\342"
  63      6A593CD8 
  63      34D8011E 
  63      82603785 
  63      BC19E2
  64 015b 41887344 		.ascii	"A\210sD\307i\237\247\254\350\255\226\221\350\032\270"
  64      C7699FA7 
  64      ACE8AD96 
  64      91E81AB8 
  65 016b 50EA0990 		.ascii	"P\352\011\220\\\206:_Ebr\365\342\224\305{\031e\222\237"
  65      5C863A5F 
  65      456272F5 
  65      E294C57B 
  65      1965929F 
  66 017f D6B34F5E 		.ascii	"\326\263O^\331\234\275\351u\363\353\331LS\310E\246\236"
  66      D99CBDE9 
  66      75F3EBD9 
  66      4C53C845 
  66      A69E
  67 0191 C22F7255 		.ascii	"\302/rU\200@\030b\367t\326\235K\364\333N\237\366\217"
  67      80401862 
  67      F774D69D 
  67      4BF4DB4E 
  67      9FF68F
  68 01a4 8218868B 		.ascii	"\202\030\206\213vnA`\004\216\307=\035\365\231\255\035"
  68      766E4160 
  68      048EC73D 
  68      1DF599AD 
  68      1D
ARM GAS  C:\Users\johnb\AppData\Local\Temp\ccnwRUXf.s 			page 5


  69 01b5 528D7A54 		.ascii	"R\215zT\034\003\306\210*\207\206\367Sey\223\031\356"
  69      1C03C688 
  69      2A8786F7 
  69      53657993 
  69      19EE
  70 01c7 4D705B4A 		.ascii	"Mp[J\320\365R^\017\315\311|\017\366\216\224l\334\365"
  70      D0F5525E 
  70      0FCDC97C 
  70      0FF68E94 
  70      6CDCF5
  71 01da 94242BDD 		.ascii	"\224$+\335\363L'\323\251\016\323\347\"\240\315j\244"
  71      F34C27D3 
  71      A90ED3E7 
  71      22A0CD6A 
  71      A4
  72 01eb D0397D9C 		.ascii	"\3209}\234\367\266\006d\377\027PW\230.\005\3010\316"
  72      F7B60664 
  72      FF175057 
  72      982E05C1 
  72      30CE
  73 01fd 629820EA 		.ascii	"b\230 \352\214\012\372!\267'm\237\264p[\006\017r\012"
  73      8C0AFA21 
  73      B7276D9F 
  73      B4705B06 
  73      0F720A
  74 0210 939B29DC 		.ascii	"\223\233)\334\367\275\265\246\340\263\204|\242\261\306"
  74      F7BDB5A6 
  74      E0B3847C 
  74      A2B1C6
  75 021f D9A10236 		.ascii	"\331\241\0026C_\037\017\210\201\264Z\203y\247\333Ty"
  75      435F1F0F 
  75      8881B45A 
  75      8379A7DB 
  75      5479
  76 0231 B8A9F208 		.ascii	"\270\251\362\010\016Q{\331\032\336\225Y\203\024\031"
  76      0E517BD9 
  76      1ADE9559 
  76      831419
  77 0240 EFEC2740 		.ascii	"\357\354'@\260\225\364\350\323\335\254'q\006\217\021"
  77      B095F4E8 
  77      D3DDAC27 
  77      71068F11 
  78 0250 9133955B 		.ascii	"\2213\225[#\221\020\310\"\242&W\346A\327\017\314A\321"
  78      239110C8 
  78      22A22657 
  78      E641D70F 
  78      CC41D1
  79 0263 1E88469D 		.ascii	"\036\210F\235\277\277\223q\347Dy\215SS]\341\304O\237"
  79      BFBF9371 
  79      E744798D 
  79      53535DE1 
  79      C44F9F
  80 0276 AA2A8FC5 		.ascii	"\252*\217\305\235XU,?\215V\012Y]\213\012\025\213\327"
  80      9D58552C 
  80      3F8D560A 
  80      595D8B0A 
  80      158BD7
ARM GAS  C:\Users\johnb\AppData\Local\Temp\ccnwRUXf.s 			page 6


  81 0289 FE012876 		.ascii	"\376\001(vD\006"
  81      4406
  82              		.text
  83              		.section	.gnu.lto__get.5f7dfd7,"",%progbits
  84 0000 789C9552 		.ascii	"x\234\225R[KTQ\024\336\337\331g\346\314\031F\243\036"
  84      5B4B5451 
  84      14DEDFD9 
  84      67E6CC19 
  84      46A31E
  85 0013 8460081F 		.ascii	"\204`\010\037\022\021\322\023]\177K\217\032\202\202"
  85      1211D213 
  85      5D7F4B8F 
  85      1A8282
  86 0022 43D2F418 		.ascii	"C\322\364\030\271\235\261Q4J\212\306\0133\035!D\263"
  86      B99DB151 
  86      344A8AC6 
  86      0B331D21 
  86      44B3
  87 0034 BC3BE525 		.ascii	"\274;\345%aH\312.ZV\030\330S\224\012\026\026v\205\012"
  87      6148CA2E 
  87      5A5618D8 
  87      53940A16 
  87      1676850A 
  88 0048 6BAD7DC4 		.ascii	"k\255}\304\214^\362p\316>{\257\275\276\357[\353\333"
  88      8C5EF270 
  88      CE3E7BAF 
  88      BDBEEF5B 
  88      EBDB
  89 005a DB270C31 		.ascii	"\333'\0141!\2058*\2048L\037|\002F\363c!j\003\206a\272"
  89      2185382A 
  89      84384C1F 
  89      7C0246F3 
  89      63216A03 
  90 0071 102A28D7 		.ascii	"\020*(\327f\204P!\011\323\213\233\000OT\000\242\306"
  90      66845021 
  90      09D38B9B 
  90      004F5400 
  90      A2C6
  91 0083 90266A70 		.ascii	"\220&jpA\266H<\255\033H\311\363\322\225\002&-\327f\333"
  91      41B6483C 
  91      AD1B48C9 
  91      F3D29502 
  91      262DD766 
  92 0098 DFE4F212 		.ascii	"\337\344\362\022\310\247\345\342Xb\325,\352R\364d[F"
  92      C8A7E5E2 
  92      5862D52C 
  92      EA52F464 
  92      5B46
  93 00aa FD5786E6 		.ascii	"\375W\206\346\224\355JC\264Qz7\302\350B\230\325\257"
  93      94ED4A43 
  93      B4517A37 
  93      C2E84298 
  93      D5AF
  94 00bc A188929F 		.ascii	"\241\210\222\237\317\3167[\322\201\240\371pC\307X\250"
  94      CFCE375B 
  94      D281A0F9 
  94      7043C758 
ARM GAS  C:\Users\johnb\AppData\Local\Temp\ccnwRUXf.s 			page 7


  94      A8
  95 00cd B053A998 		.ascii	"\260S\251\230\312\316\\\222j\257+%z \267\002)$p\035"
  95      CACE5C92 
  95      6AAF2B25 
  95      7A20B702 
  95      2924701D 
  96 00e1 859CFFE9 		.ascii	"\205\234\377\351\303\374#[\036\320Xw4\336\236[pUc\277"
  96      C3FC235B 
  96      1ED05877 
  96      34DE9E5B 
  96      705563BF 
  97 00f5 B6EDBA18 		.ascii	"\266\355\272\030W\367\225\351R\3117\376\306\363C\351"
  97      57F795E9 
  97      52C937FE 
  97      C6F343E9 
  98 0105 A944CF92 		.ascii	"\251D\317\222\224G4\364\356\317\205\351\340\006\364"
  98      944734F4 
  98      EECF85E9 
  98      E006F4
  99 0114 7D5BDE5A 		.ascii	"}[\336ZL\2652\324\207>\017z0\214\375\233\300\327\203"
  99      4CB532D4 
  99      873E0F7A 
  99      308CFD9B 
  99      C0D783
 100 0127 EB9773FC 		.ascii	"\353\227s\374&\372Q\200^\024pS\324\313\000\374\240\037"
 100      26FA5180 
 100      5E147053 
 100      D4CB00FC 
 100      A01F
 101 0139 47FB9F21 		.ascii	"G\373\237!\253\326\177\325\253\354\362\356\311\317/"
 101      ABD67FD5 
 101      ABECF2EE 
 101      C9CF2F
 102 0148 76E6806A 		.ascii	"v\346\200j6\310\032*\332GS\277\237\007\213\006+\300"
 102      36C81A2A 
 102      DA4753BF 
 102      9F078B06 
 102      2BC0
 103 015a 832D1815 		.ascii	"\203-\030\025\344`\2103\205h$Jv\275\211\026\364\227"
 103      E4608833 
 103      8568244A 
 103      76BD8916 
 103      F497
 104 016c 4B8875FC 		.ascii	"K\210u\3748W\244EH2M\016\254 6\276\322=\345\347XZ\372"
 104      3857A445 
 104      48324D0E 
 104      AC2036BE 
 104      D23DE5E7 
 105 0183 A8AEE4D9 		.ascii	"\250\256\344\331;O,>\003S\367\364m\372aC\310E\272\226"
 105      3B4F2C3E 
 105      0353F7F4 
 105      6DFA6143 
 105      C845BA96 
 106 0197 0E21DF95 		.ascii	"\016!\337\225\001\002a\220\333\247\275\316\305X\237"
 106      01026190 
 106      DBA7BDCE 
 106      C5589F
ARM GAS  C:\Users\johnb\AppData\Local\Temp\ccnwRUXf.s 			page 8


 107 01a6 E5F42A6F 		.ascii	"\345\364*o\313\306\020\\\264r\033\002\303p4\367\203"
 107      CBC6105C 
 107      B4721B02 
 107      C37034F7 
 107      83
 108 01b7 628FD9BF 		.ascii	"b\217\331\277M\252\021M\005\246\312\020\325\"\352^N"
 108      4DAA114D 
 108      05A6CA10 
 108      D522EA5E 
 108      4E
 109 01c8 1DDA2892 		.ascii	"\035\332(\222\330\264\211MT?]3\251{\350\211[\336\266"
 109      D8B4894D 
 109      543F5D33 
 109      A97BE889 
 109      5BDEB6
 110 01db B52D250B 		.ascii	"\265-%\0137\265\222\301J\267t\321\361Tb\301\347q\021"
 110      37B592C1 
 110      4AB774D1 
 110      F15462C1 
 110      E77111
 111 01ee D0623552 		.ascii	"\320b5R\370\336x\314\213\331[=\262\376\361\250c\217"
 111      F8DE78CC 
 111      8BD95B3D 
 111      B2FEF1A8 
 111      638F
 112 0200 CB150630 		.ascii	"\313\025\0060\312z\030#v\301\276\347i\327\373\331u\233"
 112      CA7A1823 
 112      76C1BEE7 
 112      69D7FBD9 
 112      759B
 113 0212 459289C9 		.ascii	"E\222\211\311\314i\2171\350\331\223\251\237\031\014"
 113      CC698F31 
 113      E8D993A9 
 113      9F190C
 114 0221 32A90D60 		.ascii	"2\251\015`\234\320\244\232\2649\345\277:*f\340\304\037"
 114      9CD0A49A 
 114      B439E5BF 
 114      3A2A66E0 
 114      C41F
 115 0233 DB6EC321 		.ascii	"\333n\303!j&\371X?\233\251\360\244B\254\316\316\231"
 115      6A26F958 
 115      3F9BA9F0 
 115      A442ACCE 
 115      CE99
 116 0245 FA42ACC2 		.ascii	"\372B\254\302\020i\235\376\005 \246\345\324\310\275"
 116      10699DFE 
 116      0520A6E5 
 116      D4C8BD
 117 0254 1D5C8281 		.ascii	"\035\\\202\2013\230D\330\030\177\373\012\204\222\355"
 117      339844D8 
 117      187FFB0A 
 117      8492ED
 118 0263 EFE640D7 		.ascii	"\357\346@\327\011\214\"\253\366\225\2248\233\357\211"
 118      098C22AB 
 118      F6959438 
 118      9BEF89
 119 0272 A853515A 		.ascii	"\250SQZ\345TU\2269\321S'\313K#Q'R\036\331\230\226\034"
ARM GAS  C:\Users\johnb\AppData\Local\Temp\ccnwRUXf.s 			page 9


 119      E5545596 
 119      39D15327 
 119      CB4B2351 
 119      27521ED9 
 120 0289 174665B5 		.ascii	"\027Fe\265\214D\253Q\366\033\216-;`"
 120      8C44AB51 
 120      F61B8E2D 
 120      3B60
 121              		.text
 122              		.section	.gnu.lto__reads.5f7dfd7,"",%progbits
 123 0000 789C9552 		.ascii	"x\234\225R]KTQ\024=\353\234;sgdf\372\003\022>$\"\244"
 123      5D4B5451 
 123      143DEB9C 
 123      3B736764 
 123      66FA0312 
 124 0018 17C2088A 		.ascii	"\027\302\010\212z\356\271\177\240!$8%M\357s\034u\322"
 124      7AEEB97F 
 124      A0212438 
 124      254DEF73 
 124      1C75D2
 125 002b 8C32CAD1 		.ascii	"\2142\312\3211\207+\210\231\225_Y\246f1\030\024e\032"
 125      31872B88 
 125      99955F59 
 125      A6663118 
 125      14651A
 126 003e F9F1E443 		.ascii	"\371\361\344CPFHE\205\204\017\242\266\367\271\223\226"
 126      50464845 
 126      85840FA2 
 126      B6F7B993 
 126      96
 127 004f 4F3ADC39 		.ascii	"O:\3349\367\234\275\367Z{\257u\256OHQ`\011q\\\010QF"
 127      F79CBDF7 
 127      5A7BAF75 
 127      AE4F4851 
 127      6009715C 
 128 0066 7FF80464 		.ascii	"\177\370\004d\313\254\020\265\001)\325\202#t\2365yP"
 128      CBAC10B5 
 128      0129D582 
 128      23749E35 
 128      7950
 129 0078 E89082E5 		.ascii	"\350\220\202\345\205-\2007:\000\021\227\312B\034\327"
 129      852D8037 
 129      3A001197 
 129      CA421CD7 
 130 0088 559BC2FB 		.ascii	"U\233\302\373\372\241NuM\271J\300\242\343\257\231\216"
 130      FAA14E75 
 130      4DB94AC0 
 130      A2E3AF99 
 130      8E
 131 0099 4F113E02 		.ascii	"O\021>\002\005t\274\255\347\232\354\342^\255\023:\333"
 131      0574BCAD 
 131      E79AECE2 
 131      5EAD133A 
 131      DB
 132 00aa F6F3E48D 		.ascii	"\366\363\344\215\272\206\323\256\222\"M\325w\221\217"
 132      BA86D3AE 
 132      92224DD5 
ARM GAS  C:\Users\johnb\AppData\Local\Temp\ccnwRUXf.s 			page 10


 132      77918F
 133 00b9 5EE473EF 		.ascii	"^\344s\357>\024S\355\374\314b\213\255\034\010\332\217"
 133      3E1453ED 
 133      FCCC628B 
 133      AD1C08DA 
 133      8F
 134 00ca 34768D87 		.ascii	"4v\215\207\212z\014n\371\246\322\207\\\245p\017\352"
 134      8A7A0C6E 
 134      F9A6D287 
 134      5CA5700F 
 134      EA
 135 00db 5F208504 		.ascii	"_ \205\004\356\243\210\312\327\233\027SAu\304@k{F]\231"
 135      EEA388CA 
 135      D79B1753 
 135      4175C440 
 135      6B7B465D 
 136 00f0 83BE6D35 		.ascii	"\203\276m5P\013\017vC-\201~\003\335\320\267R\021u\324"
 136      500B0F76 
 136      432D817E 
 136      03DDD0B7 
 136      521175D4 
 137 0104 40D353AD 		.ascii	"@\323S\255K\341\277]S\006*1\260\033*\005\006Q\304\365"
 137      4BE1BF5D 
 137      53062A31 
 137      B01B2A05 
 137      0651C4F5 
 138 0118 AB3F16A7 		.ascii	"\253?\026\247\203\352\230\301\272cu\035\221\302n\203"
 138      83EA98C1 
 138      BA63751D 
 138      91C26E83 
 139 0128 9D6DF3A5 		.ascii	"\235m\363\245u\266\276\300U>\014\375\017\347\037U\177"
 139      75B6BEC0 
 139      553E0CFD 
 139      0FE71F55 
 139      7F
 140 0139 1CDE6C0D 		.ascii	"\034\336l\015\373-\014\243\220\315 \017\036\302\017"
 140      FB2D0CA3 
 140      90CD200F 
 140      1EC20F
 141 0148 7A0FCE21 		.ascii	"z\017\316!\2537\267.\353\354\3135\334\351\276\212\003"
 141      AB37B72E 
 141      EBECCB35 
 141      DCE9BE8A 
 141      03
 142 0159 30ED2458 		.ascii	"0\355$X\252E\355\375>^\374\274\330\340T\200\345\004"
 142      AA45EDFD 
 142      3E5EFCBC 
 142      D8E05480 
 142      E504
 143 016b 79C9038B 		.ascii	"y\311\003\213\012q*\314\213\020W\210\233o\255\231\246"
 143      0A712ACC 
 143      8B105788 
 143      9B6FAD99 
 143      A6
 144 017c A6B7FA8C 		.ascii	"\246\267\372\214D\327\227ii\272Q\357\014\205W\220\230"
 144      44D79769 
 144      69BA51EF 
ARM GAS  C:\Users\johnb\AppData\Local\Temp\ccnwRUXf.s 			page 11


 144      0C855790 
 144      98
 145 018d 58592FE3 		.ascii	"XY/\343PF\361\025\246\032\246\336\331|\205>#l\355\325"
 145      5046F115 
 145      A61AA6DE 
 145      D97C853E 
 145      236CEDD5 
 146 01a1 9BC6908B 		.ascii	"\233\306\220\213L\255\326\232\024\331\204\301\010+\241"
 146      4CADD69A 
 146      14D984C1 
 146      082BA1
 147 01b0 5CCF7262 		.ascii	"\\\317rb\300v\372\265\227\222x\004\027\355,G\3401\034"
 147      C076FAB5 
 147      97927804 
 147      17ED2C47 
 147      E0311C
 148 01c3 43FDBAC4 		.ascii	"C\375\272\304c\366\355\223j\324P\261%xb\250\352\332"
 148      63F6ED93 
 148      6AD450B1 
 148      257862A8 
 148      EADA
 149 01d5 934D3E8F 		.ascii	"\223M>\217\213\007%F\261\214\372\331\027e\3331\333\270"
 149      8B072546 
 149      B18CFAD9 
 149      1765DB31 
 149      DBB8
 150 01e7 DB4C9FC5 		.ascii	"\333L\237\305\202c\224\256\2360B\311\243\014\233A)+"
 150      826394AE 
 150      9E3042C9 
 150      A30C9B41 
 150      292B
 151 01f9 E7827787 		.ascii	"\347\202w\207\031\3427\3627\316x$\201}\015ia\314\014"
 151      19E237F2 
 151      37CE7824 
 151      817D0D69 
 151      61CC0C
 152 020c 2979C871 		.ascii	")y\310qo\310\316d\237\355q\005\211\216\207\374\212d"
 152      6FC8CE64 
 152      9FED7105 
 152      898E87FC 
 152      8A64
 153 021e 5784434C 		.ascii	"W\204CL0>\376m\311\216o\350\200\253\002iV\207\011\304"
 153      303EFE6D 
 153      C98E6FE8 
 153      80AB0269 
 153      568709C4 
 154 0232 4546E599 		.ascii	"EF\345\231z\270*\350\015\264y\312#\011\355i\240\022"
 154      7AB82AE8 
 154      0DB479CA 
 154      2309ED69 
 154      A012
 155 0244 36ECE98E 		.ascii	"6\354\351\216a\223\336,\251$<\2260Q\023\027S\247\202"
 155      6193DE2C 
 155      A9243C96 
 155      30511317 
 155      53A782
 156 0257 1CDA3BEB 		.ascii	"\034\332;\353\263\035\326\347p\210J|'c\267\346s\314"
ARM GAS  C:\Users\johnb\AppData\Local\Temp\ccnwRUXf.s 			page 12


 156      B31DD6E7 
 156      70884A7C 
 156      2763B7E6 
 156      73CC
 157 0269 9CF80D22 		.ascii	"\234\370\015\"\267%\251\360\253\216\017\212\2769\260"
 157      B725A9F0 
 157      AB8E0F8A 
 157      BE39B0
 158 0278 CBE4CAE1 		.ascii	"\313\344\312\341\322Rg\373\271\020s\316\225W;\325U\025"
 158      D25267FB 
 158      B91073CE 
 158      95573BD5 
 158      5515
 159 028a 4EECD2C5 		.ascii	"N\354\322\305\312\362h\314\211VFs\333\322\263BV\325"
 159      CAF268CC 
 159      89564673 
 159      DBD2B342 
 159      56D5
 160 029c C88A1A9C 		.ascii	"\310\212\032\234W\321X\315\037^aO\221"
 160      57D158CD 
 160      1F5E614F 
 160      91
 161              		.text
 162              		.section	.gnu.lto__writes.5f7dfd7,"",%progbits
 163 0000 789C9552 		.ascii	"x\234\225R\337K\024Q\024\276\337\334\231\235\335m\327"
 163      DF4B1451 
 163      14BEDFDC 
 163      999DDD6D 
 163      D7
 164 0011 FE01291F 		.ascii	"\376\001)\037\022\021j\007\302(\214\336\37374\204\004"
 164      12116A07 
 164      C2288CDE 
 164      FB373484 
 164      04
 165 0022 B7A4ED7D 		.ascii	"\267\244\355}\257\253n\226PF\271\272\3462B\210\225\371"
 165      AFAB6E96 
 165      5046B9BA 
 165      E6324288 
 165      95F9
 166 0034 2B4B5DB5 		.ascii	"+K]\265X,\210\014\215\374\361\242=\225>,\032\021Q=\204"
 166      582C880C 
 166      8DFCF1A2 
 166      3D953E2C 
 166      1A11513D 
 167 0049 DA397716 		.ascii	"\3329w\026-\237t\231\275s\3579\347\373\316\371\276;"
 167      2D9F7499 
 167      BD73EF39 
 167      E7FBCEF9 
 167      BE3B
 168 005b 9630C471 		.ascii	"\2260\304qS\210J!D\005\375a\011\030m\363B4\370\015C"
 168      53884A21 
 168      4405FD61 
 168      09186DF3 
 168      4234F80D 
 169 0070 2E394205 		.ascii	".9B\005\315\351cB\205$L/l\002\274Q~\210\270!M\304qG"
 169      CDE96342 
 169      85244C2F 
ARM GAS  C:\Users\johnb\AppData\Local\Temp\ccnwRUXf.s 			page 13


 169      6C02BC51 
 169      7E88B821 
 170 0088 76487C6C 		.ascii	"vH|l\032\356\226\267\245+\005L:~\237\353\372R\304G\240"
 170      1AEE96B7 
 170      A52B054C 
 170      3A7E9FEB 
 170      FA52C447 
 171 009d 848E0FD4 		.ascii	"\204\216\017\324\302M\273\274O\251\204\312uL_\270\333"
 171      C24DBBBC 
 171      4FA984CA 
 171      754C5FB8 
 171      DB
 172 00ae D87CD195 		.ascii	"\330|\321\225\206HS\365#\024\243\017\305\334\3731\312"
 172      864853F5 
 172      2314A30F 
 172      C5DCFB31 
 172      CA
 173 00bf A976716E 		.ascii	"\251vqn\271\315\226\016\004\355G[z\262\241\262^\215"
 173      B9CD960E 
 173      04ED475B 
 173      7AB2A1B2 
 173      5E8D
 174 00d1 DBBC27D5 		.ascii	"\333\274'\325\011WJ<\201\374\027H!\201~\224Q\371\237"
 174      09574A3C 
 174      81FC1748 
 174      21817E94 
 174      51F99F
 175 00e4 D6E55440 		.ascii	"\326\345T@\236\326\320\206\3361\327(@\337\2444\324\304"
 175      9ED6D086 
 175      DE31D728 
 175      40DFA434 
 175      D4C4
 176 00f6 D3FD5053 		.ascii	"\323\375PS`@C\267\324\375T\221<\243\241\351\231\366"
 176      604043B7 
 176      D4FD5491 
 176      3CA3A1E9 
 176      99F6
 177 0108 D57001FA 		.ascii	"\325p\001\372\251CC\015\014\356\207\032\002C(\343\372"
 177      A943430D 
 177      0CEE871A 
 177      024328E3 
 177      FA
 178 0119 1FDF96DF 		.ascii	"\037\337\226\337\007\344Y\215u'\032\273\212J\037j\354"
 178      07E4598D 
 178      75271ABB 
 178      8A4A1F6A 
 178      EC
 179 012a 76BB9556 		.ascii	"v\273\225V\271\246\022WZ\030\376\037\316?\252\376<\262"
 179      B9A61257 
 179      5A18FE1F 
 179      CE3FAAFE 
 179      3CB2
 180 013c DD1EF699 		.ascii	"\335\036\366\231\030A)\233A\036<\203\017\364\036Z@N"
 180      1841299B 
 180      411E3C83 
 180      0FF41E5A 
 180      404E
ARM GAS  C:\Users\johnb\AppData\Local\Temp\ccnwRUXf.s 			page 14


 181 014e 6DEFDC50 		.ascii	"m\357\334P\271_\353\350\233:r\024\272\233\001VjRw\237"
 181      B95FEBE8 
 181      9B3A7214 
 181      BA9B0156 
 181      6A52779F 
 182 0162 C58B8F17 		.ascii	"\305\213\217\027\033\234\362\323\326\016\360\022\004"
 182      1B9CF2D3 
 182      D60EF012 
 182      04
 183 016f 6B0A712A 		.ascii	"k\012q*\314\213\020\267\210\232/\255\225\206\246\267"
 183      CC8B10B7 
 183      889A2FAD 
 183      9586A6B7 
 184 017f 5C47A267 		.ascii	"\\G\242gg\326\320\315\250u\206\302y$&\363\371\012\016"
 184      67D6D0CD 
 184      A87586C2 
 184      792426F3 
 184      F90A0E
 185 0192 6524DF60 		.ascii	"e$\337`\252y\346\203\3157hi]\277\337\316\266\204\\d"
 185      AA79E683 
 185      CD376869 
 185      5DBFDFCE 
 185      B6845C64 
 186 01a6 1A945224 		.ascii	"\032\224R$\310O\030\214\262\020\312\365\256%\006mg@"
 186      C84F188C 
 186      B210CAF5 
 186      AE25066D 
 186      6740
 187 01b8 792903CF 		.ascii	"y)\003\317\341\242\223\325\010\274\200\243\251\337E"
 187      E1A293D5 
 187      08BC80A3 
 187      A9DF45
 188 01c7 3C66EB90 		.ascii	"<f\353\220Tc\232\212\035\301\270\246j\354L\246-\217"
 188      54639A8A 
 188      1DC1B8A6 
 188      6AEC4CA6 
 188      2D8F
 189 01d9 8B072546 		.ascii	"\213\007%F\261\206\246\371\327\025\2731[\233\333J_\305"
 189      B186A6F9 
 189      D715BB31 
 189      5B9BDB4A 
 189      5FC5
 190 01eb 92A395F6 		.ascii	"\222\243\225\366\237\327B\311\243\014\233A)\263\340"
 190      9FD742C9 
 190      A30C9B41 
 190      29B3E0
 191 01fa 82778519 		.ascii	"\202w\205\031\342\327\3627*=\022\377\241\206\2641\241"
 191      E2D7F237 
 191      2A3D12FF 
 191      A186B431 
 191      A1
 192 020b 873478C8 		.ascii	"\2074x\310\2547dw2_\0302\220a\254%6\220\354)\342\020"
 192      AC376477 
 192      325F1832 
 192      9061AC25 
 192      3690EC29 
 193 0221 1364B39B 		.ascii	"\023d\263\233\253v|K\371]\031H\263:L\".tq\220\246qe"
ARM GAS  C:\Users\johnb\AppData\Local\Temp\ccnwRUXf.s 			page 15


 193      AB767C4B 
 193      F95D1948 
 193      B33A4C22 
 193      2E747190 
 194 0238 D01B68F3 		.ascii	"\320\033h\363\234G\022:\320@\247\330\260\251=\303\246"
 194      9C47123A 
 194      D040A7D8 
 194      B0A93DC3 
 194      A6
 195 0249 BD595249 		.ascii	"\275YRIx,a\242&.\246N\0058tp\326\227{\254\257\340\020"
 195      782C61A2 
 195      262EA64E 
 195      05387470 
 195      D6977BAC 
 196 0260 95F84AC6 		.ascii	"\225\370J\306\216/\026\2309\361\023Dn\033\244\302'W"
 196      8E2F1698 
 196      39F11344 
 196      6E1BA4C2 
 196      2757
 197 0272 56247D73 		.ascii	"V$}s`\227\311\225\223\221\210\263\373\\\2159\227\253"
 197      6097C995 
 197      939188B3 
 197      FB5C8D39 
 197      97AB
 198 0284 EA9CBADA 		.ascii	"\352\234\272\332j'v\375ZMU4\346Dk\242\205m\344\2220"
 198      6A2776FD 
 198      5A4D5534 
 198      E6446BA2 
 198      856DE492 
 199 0299 6AEB8DEA 		.ascii	"j\353\215\352z\\\221\321X\375_h\331O\006"
 199      7A5C91D1 
 199      58FD5F68 
 199      D94F06
 200              		.text
 201              		.section	.gnu.lto_msObjectInit.5f7dfd7,"",%progbits
 202 0000 789C9D93 		.ascii	"x\234\235\223\313kSA\024\306\347\273s\037\211\266\301"
 202      CB6B5341 
 202      14C6E7BB 
 202      731F89B6 
 202      C1
 203 0011 850BD12E 		.ascii	"\205\013\321.\272\020BAr\027\356\334\010n\364\337h%"
 203      BA104241 
 203      7217EEDC 
 203      086EF4DF 
 203      6825
 204 0023 C56243A5 		.ascii	"\305bC\245W7\"d\222\266F*D\305\326\326\320x\213\022"
 204      57372264 
 204      92B6462A 
 204      44C5D6D6 
 204      D0788B12 
 205 0037 A3D6A40F 		.ascii	"\243\326\244\017\2375\326\304\200\212\255\017\024\273"
 205      9F35D6C4 
 205      808AAD0F 
 205      14BB
 206 0045 105F604B 		.ascii	"\020_`K1\202\210T(\024m<3IE\213\0333\334\313<\356\371"
 206      31828854 
 206      28146D3C 
ARM GAS  C:\Users\johnb\AppData\Local\Temp\ccnwRUXf.s 			page 16


 206      3349458B 
 206      1B33DCCB 
 207 005c 7E73E67C 		.ascii	"~s\346|s\015\246\261!\316\330.\306\330\026z\301\031"
 207      730DA6B1 
 207      21CED82E 
 207      C6D8167A 
 207      C119
 208 006e B493CF18 		.ascii	"\264\223\317\030\213x4@\016\204\007,\254!\214\023|\200"
 208      8B783440 
 208      0E84072C 
 208      AC218C13 
 208      7C80
 209 0080 A3185B98 		.ascii	"\243\030[\230\324\232\322\202Za\340\234uT\364lrI~\226"
 209      D49AD282 
 209      5A61E09C 
 209      7554F46C 
 209      72497E96 
 210 0094 5ED99046 		.ascii	"^\331\220F\023E\275\350\036\033\342q\356r@\247\351\267"
 210      1345BDE8 
 210      1E1BE271 
 210      EE7240A7 
 210      E9B7
 211 00a6 A789399F 		.ascii	"\247\2119\237\234jh\244\351\342\327\331\031/\267\301"
 211      9C6A68A4 
 211      E9E2D7D9 
 211      192FB7C1 
 212 00b6 687CA52F 		.ascii	"h|\245/\343\363\247\204\210\212\302\223>.\266\272\234"
 212      E3F3A784 
 212      888AC293 
 212      3E2EB6BA 
 212      9C
 213 00c7 D6C08987 		.ascii	"\326\300\211\207\313h\300%40Zb\030\201\237\242\323\335"
 213      CB68C025 
 213      34305A62 
 213      18819FA2 
 213      D3DD
 214 00d9 B9D75EBE 		.ascii	"\271\327^\276])_-$\323uU\351\217~%\325qu\255Tg\310("
 214      5D295F2D 
 214      24D37555 
 214      E98F7E25 
 214      D57175AD 
 215 00f1 E9F9C8EC 		.ascii	"\351\371\310\354L=\337\241\244\261\314Tiu\327\207\311"
 215      4C3DDFA1 
 215      A4B1CC54 
 215      6975D787 
 215      C9
 216 0102 8DA7BBC4 		.ascii	"\215\247\273\304\036\227\033\310\256\025\033\014\243"
 216      1E971BC8 
 216      AE151B0C 
 216      A3
 217 010f 4ABC942E 		.ascii	"J\274\224.>\320\371N%\3760\035?\265nu\337J\312\006\306"
 217      3ED0F94E 
 217      25FE301D 
 217      3FB56E75 
 217      DF4ACA06 
 218 0124 FE211D87 		.ascii	"\376!\035\207_\306\177\034_\351\2577\365J\2110\001\023"
 218      5FC67F1C 
ARM GAS  C:\Users\johnb\AppData\Local\Temp\ccnwRUXf.s 			page 17


 218      5FE9AF37 
 218      F54A8930 
 218      0113
 219 0136 D48FBE44 		.ascii	"\324\217\276DA\254\224c\2420\237B~\367z\2525\235P\207"
 219      41AC9463 
 219      A2309F42 
 219      7EF77AAA 
 219      359D5087 
 220 014a 4CD684DC 		.ascii	"L\326\204\334\325\003\005`\275$\2236\034\347\232\354"
 220      D5030560 
 220      BD249336 
 220      1CE79AEC 
 221 015a 7909D1E5 		.ascii	"y\011\321\345X&wD\222\210~\246\247\370\334\222\245\345"
 221      58267744 
 221      92887EA6 
 221      A7F8DC92 
 221      A5E5
 222 016c 2AB9A547 		.ascii	"*\271\245G\323\307\352\\$#\344\317\360f\227\233I\252"
 222      D3C7EA5C 
 222      2423E4CF 
 222      F066979B 
 222      49AA
 223 017e F935CA48 		.ascii	"\3715\312H~L\315G\263\226\235\221\3365\272\334\302u"
 223      7E4CCD47 
 223      B3969D91 
 223      DE35BADC 
 223      C275
 224 0190 B81854C6 		.ascii	"\270\030T\306\341\006\354?a\226\202u-\347\027}\341\237"
 224      E106EC3F 
 224      61968275 
 224      2DE7177D 
 224      E19F
 225 01a2 821CB62E 		.ascii	"\202\034\266.\3108Z{\234\030\331/\371\033\\\356\301"
 225      C8385A7B 
 225      9C18D92F 
 225      F91B5CEE 
 225      C1
 226 01b3 2DBA1537 		.ascii	"-\272\0257\253\360\362\347\211\254\227\202\007i\343"
 226      ABF0F2E7 
 226      89AC9782 
 226      0769E3
 227 01c2 8B9088DB 		.ascii	"\213\220\210\333\204'\364$\302\214\222N\224\336\314"
 227      8427F424 
 227      C28C924E 
 227      94DECC
 228 01d1 59D5A4FF 		.ascii	"Y\325\244\377#K\035wT\226\262h\310\301N\222\243\212"
 228      234B1D77 
 228      5496B268 
 228      C8C14E92 
 228      A38A
 229 01e3 F6B6169A 		.ascii	"\366\266\026\232\201\273\212\246I\332\224\244\231\025"
 229      81BB8AA6 
 229      49DA94A4 
 229      9915
 230 01f1 DABBDA68 		.ascii	"\332\273\332h\367\024M\031\233\2274\217\244}\377\364"
 230      F7144D19 
 230      9B97348F 
ARM GAS  C:\Users\johnb\AppData\Local\Temp\ccnwRUXf.s 			page 18


 230      A47DFFF4 
 231 0201 BE365A41 		.ascii	"\2766ZA\321tI\273\377\267\037\006\030\212\244\372\202"
 231      D17449BB 
 231      FFB71F06 
 231      188AA4FA 
 231      82
 232 0212 E870390E 		.ascii	"\350p9\016\011W\277[/\325\205.\005\035g[ `\377~:\034"
 232      0957BF5B 
 232      2FD5852E 
 232      051D675B 
 232      2060FF7E 
 233 0228 7B5F73BB 		.ascii	"{_s\273\335\336\326b;\007;\203\315!\307\016\005C\325"
 233      DDDED662 
 233      3B073B83 
 233      CD21C70E 
 233      0543D5
 234 023b 61602FE3 		.ascii	"a`/\343!\347\200\331r\250\2655\330\251;m\207\203<\330"
 234      21E780D9 
 234      72A8B535 
 234      D8A93B6D 
 234      87833CD8 
 235 024f E1FC0239 		.ascii	"\341\374\0029\246?@"
 235      A63F40
 236              		.text
 237              		.section	.gnu.lto_vmt.5f7dfd7,"",%progbits
 238 0000 789C6365 		.ascii	"x\234ce`b\230\305\300\300\240\307\000\001\323\231\031"
 238      606298C5 
 238      C0C0A0C7 
 238      0001D399 
 238      19
 239 0011 77EE7C73 		.ascii	"w\356|s\233\275\376oCGC\303\203\356\365\314\035\314"
 239      9BBDFE6F 
 239      434743C3 
 239      83EEF5CC 
 239      1DCC
 240 0023 F3991966 		.ascii	"\363\231\031f2c\310-x\005\224`\234\311\314\210!\261"
 240      3263C82D 
 240      78059460 
 240      9CC9CC88 
 240      21B1
 241 0035 0A28C134 		.ascii	"\012(\3014\223\231\011C\342\031\323|f\346\231\314\314"
 241      93990943 
 241      E219D37C 
 241      66E699CC 
 241      CC
 242 0046 6089AFCF 		.ascii	"`\211\257\317\236\354\347\260\330\326\320\261\240\301"
 242      9EECE7B0 
 242      D8D6D0B1 
 242      A0C1
 243 0054 613E33CB 		.ascii	"a>3\313\014f\006\306U\214\3653\230\031\031W\202(&\306"
 243      0C6606C6 
 243      558CF533 
 243      98191957 
 243      822826C6 
 244 0068 15208A99 		.ascii	"\025 \212\231q9c=\003\343jF\013\006\035==}8\312/\326"
 244      7139633D 
 244      03E36A46 
ARM GAS  C:\Users\johnb\AppData\Local\Temp\ccnwRUXf.s 			page 19


 244      0B061D3D 
 244      3D7D38CA 
 245 007e CF48CCD1 		.ascii	"\317H\314\321\317\311L\322/.)JM\314-\326\317M\315\205"
 245      CFC94CD2 
 245      2F2E294A 
 245      4DCC2DD6 
 245      CF4DCD85 
 246 0092 32F59219 		.ascii	"2\365\222\031\0008\231H\244"
 246      00389948 
 246      A4
 247              		.text
 248              		.section	.gnu.lto_.symbol_nodes.5f7dfd7,"",%progbits
 249 0000 789C5DC9 		.ascii	"x\234]\311\273\015\2000\020\203a\307G\262\006\022\223"
 249      BB0D8030 
 249      108361C7 
 249      47B20612 
 249      93
 250 0011 C0647715 		.ascii	"\300dw\025%\242\341\3350\006\242c\001\246\240d\010\""
 250      25A2E1DD 
 250      3006A263 
 250      01A6A064 
 250      0822
 251 0023 104DDCFC 		.ascii	"\020M\334\374\322g\017\242A\034\007*\320\236@\314\266"
 251      D2670FA2 
 251      411C072A 
 251      D09E40CC 
 251      B6
 252 0034 1E16A28D 		.ascii	"\036\026\242\215T\227ZOej\035UR\233\251\331o\273U\200"
 252      54975A4F 
 252      656A1D55 
 252      529BA9D9 
 252      6FBB5580 
 253 0048 9F082B00 		.ascii	"\237\010+\000q\013\325\277\027`VFa\300U\337\271\310"
 253      710BD5BF 
 253      17605646 
 253      61C055DF 
 253      B9C8
 254 005a 573CDC49 		.ascii	"W<\334I%q"
 254      2571
 255              		.text
 256              		.section	.gnu.lto_.refs.5f7dfd7,"",%progbits
 257 0000 789C05C1 		.ascii	"x\234\005\301\261\001\000\000\010\303\2404\332\335\377"
 257      B1010000 
 257      08C3A034 
 257      DADDFF
 258 000f AF158A1C 		.ascii	"\257\025\212\034\220\265\331:*\206\007\003e\000<"
 258      90B5D93A 
 258      2A860703 
 258      65003C
 259              		.text
 260              		.section	.gnu.lto_.decls.5f7dfd7,"",%progbits
 261 0000 789CAD57 		.ascii	"x\234\255WkPT\331\021\276}\3170\003\303\000\226\032"
 261      6B5054D9 
 261      11BE7DCF 
 261      3003C300 
 261      961A
 262 0012 CBDDF083 		.ascii	"\313\335\360\2035l\205\037Y\020\255\212\251$?LY\225"
ARM GAS  C:\Users\johnb\AppData\Local\Temp\ccnwRUXf.s 			page 20


 262      356C851F 
 262      5910AD8A 
 262      A9243F4C 
 262      5995
 263 0024 4D7EB054 		.ascii	"M~\260T%\253\373#TMx\0142)f\2060Cv\315\257\013\010\""
 263      25ABFB23 
 263      544D780C 
 263      32296686 
 263      304376CD 
 264 003c EA8A0F40 		.ascii	"\352\212\017@\020\201EWE|\240\262\250\213\004|\200\250"
 264      10814557 
 264      457CA0B2 
 264      A88B047C 
 264      80A8
 265 004e C85331CA 		.ascii	"\310S1\312K\024aU\224\347\202\010B\372\234sg\3462\016"
 265      4B146155 
 265      94E78208 
 265      42FA9C73 
 265      67E6320E 
 266 0062 79D5DEB2 		.ascii	"y\325\336\262\271\367\364\355\376\272\373;}\372\216"
 266      B9F7F4ED 
 266      FEBAFB3B 
 266      7DFA8E
 267 0071 1E8228C4 		.ascii	"\036\202(\304\372\011B\277(\010\177F\231\307K#\010\302"
 267      FA0942BF 
 267      28087F46 
 267      99C74B23 
 267      08C2
 268 0083 29C179A9 		.ascii	")\301y\251Q\352Pn\242\334C\351F\321\202 \274\217\202"
 268      51EA506E 
 268      A2DC43E9 
 268      46D18220 
 268      BC8F82
 269 0096 FF841F83 		.ascii	"\377\204\037\203\260\340\332\201k-\336\227\242,G\271"
 269      B0E0DA81 
 269      6B2DDE97 
 269      A22C47B9 
 270 00a6 86B211E5 		.ascii	"\206\262\021\345\034\212\006\337\205\343\275\225\342"
 270      1C8A06DF 
 270      85E3BD95 
 270      E2
 271 00b3 E27333DE 		.ascii	"\342s3\336\011u\302\3479\274\2112f\235\360\356\265o"
 271      0975C2E7 
 271      39BC8932 
 271      669DF0EE 
 271      B56F
 272 00c5 115C8A49 		.ascii	"\021\\\212I\261\335\341R\314\267\012\334\233np\313\\"
 272      B1DDE152 
 272      CCB70ADC 
 272      9B6E70CB 
 272      5C
 273 00d6 709B65DC 		.ascii	"p\233e\334VE\276\024\323\037e\025\274\213+\312\274\274"
 273      5645BE14 
 273      D31F6515 
 273      BC8B2BCA 
 273      BCBC
 274 00e8 0FEF6257 		.ascii	"\017\357bW\241\316\333\015\366\0037\\(\361\225|\210"
ARM GAS  C:\Users\johnb\AppData\Local\Temp\ccnwRUXf.s 			page 21


 274      A1CEDB0D 
 274      F603375C 
 274      28F1957C 
 274      88
 275 00f9 32E7EEF0 		.ascii	"2\347\356\360\177\204/\275\360\276I\021\203\342\266"
 275      7F842FBD 
 275      F0BE4911 
 275      83E2B6
 276 0108 CAB128EE 		.ascii	"\312\261(\3564\336_\243xPX\340\230v\374\267\374\221"
 276      34DE5FA3 
 276      785058E0 
 276      9876FCB7 
 276      FC91
 277 011a EDA7BBBD 		.ascii	"\355\247\273\275\\'r\277Q\224g(/P^\312x*\224)\224q\224"
 277      5C2772BF 
 277      51946728 
 277      2F505ECA 
 277      782A9429 
 278 0131 09944959 		.ascii	"\011\224IYG9\256\023\234\275\342z\345\022\250\334u\275"
 278      4739AE13 
 278      9CBDE27A 
 278      E512A8DC 
 278      75BD
 279 0143 5AEC812E 		.ascii	"Z\354\201.@xX\302\264\000\374/0a\313y\373\005\300\364"
 279      407858C2 
 279      B400FC2F 
 279      3061CB79 
 279      FB05C0F4 
 280 0157 A8150539 		.ascii	"\250\025\0059Q\273\012\354\036\362Z\224\227\242\014"
 280      51BB0AEC 
 280      1EF25A94 
 280      97A20C
 281 0166 C9FEC9CE 		.ascii	"\311\376\311\316\240@\344\257y$\373\305\271\340\017"
 281      A040E4AF 
 281      7924FBC5 
 281      B9E00F
 282 0175 CCCDEE0D 		.ascii	"\314\315\356\015\2423\000\200\322A\001\310\323\226\337"
 282      A2330080 
 282      D24101C8 
 282      D396DF
 283 0184 3BF2139C 		.ascii	";\362\023\234\305\201\275\372\321\274\306\001m/tSm\361"
 283      C581BDFA 
 283      D1BCC601 
 283      6D2F7453 
 283      6DF1
 284 0196 7A60BA1B 		.ascii	"z`\272\033\325\005\327\375\010n\015>\367N\037\377m\360"
 284      D505D7FD 
 284      086E0D3E 
 284      F74E1FFF 
 284      6DF0
 285 01a8 49895F9E 		.ascii	"I\211_\236\032'mg\322\372K=\277$\340\257\205y\240\353"
 285      1A276D67 
 285      D2FA4B3D 
 285      BF24E0AF 
 285      8579A0EB 
 286 01bc A14BD33E 		.ascii	"\241K\323>|M_W\324\216\237R\221%\364Y\254\254\350\317"
 286      7C4D5F57 
ARM GAS  C:\Users\johnb\AppData\Local\Temp\ccnwRUXf.s 			page 22


 286      D48E9F52 
 286      9125F459 
 286      ACACE8CF 
 287 01d0 D74290F6 		.ascii	"\327B\220\366(\305\250\275?\276\342\242$-\2013\240\205"
 287      28C5A8BD 
 287      3FBEE2A2 
 287      242D8133 
 287      A085
 288 01e2 5340E004 		.ascii	"S@\340\004\004\323\204\374i\333gHR\2124R\"\221\225\002"
 288      04D384FC 
 288      69DB6748 
 288      528A3452 
 288      22919502 
 289 01f6 ACF587D5 		.ascii	"\254\365\207\325\376\002\234\206 \212I\255\340$\370"
 289      FE029C86 
 289      208A49AD 
 289      E024F8
 290 0205 4319F853 		.ascii	"C\031\370S\374\322\242\343\327}H2\260\000y\331W*|\035"
 290      FCD2A2E3 
 290      D77D4832 
 290      B00079D9 
 290      572A7C1D 
 291 0219 019A4B57 		.ascii	"\001\232KW\235O\223$\021\316a\204rg\004\014\350>\304"
 291      9D4F9324 
 291      11CE6184 
 291      7267040C 
 291      E83EC4
 292 022c 59F72146 		.ascii	"Y\367!Fo\364g\203\212v\005\005\212RQ\335\370\301\202"
 292      6FF46783 
 292      8A760505 
 292      8A5251DD 
 292      F8C182
 293 023f 0A0FA6DB 		.ascii	"\012\017\246\333\250\203\363\300tu\363S\265~X\371R-"
 293      A883F3C0 
 293      7475F353 
 293      B57E58F9 
 293      522D
 294 0251 88B86C1B 		.ascii	"\210\270l\033i<\344\215\313\345ZX\202\313\264]\247r"
 294      693CE48D 
 294      CBE55A58 
 294      82CBB45D 
 294      A772
 295 0263 B5B85423 		.ascii	"\265\270T#Ot\240\241\252\177\344M\245\212\253h\302_"
 295      4F74A0A1 
 295      AA7FE44D 
 295      A58AAB68 
 295      C25F
 296 0275 A0EA505E 		.ascii	"\240\352P^\327Y_\362\224\225\003\255[\313\013\010\007"
 296      D7595FF2 
 296      949503AD 
 296      5BCB0B08 
 296      07
 297 0286 54D13CEE 		.ascii	"T\321<\356\344?\361\345\200\001X\354P\337\366LO'\233"
 297      E43FF1E5 
 297      800158EC 
 297      50DFF64C 
 297      4F279B
ARM GAS  C:\Users\johnb\AppData\Local\Temp\ccnwRUXf.s 			page 23


 298 0299 E77F9ABC 		.ascii	"\347\177\232\274\215\026[\2159^r\026\253\226k\225\244"
 298      8D165B8D 
 298      395E7216 
 298      AB966B95 
 298      A4
 299 02aa AC54C9EB 		.ascii	"\254T\311\353w\002Taa\337bap\031\253U\313\325^D\345"
 299      77025461 
 299      61DF6261 
 299      7019AB55 
 299      CBD55E44 
 300 02bf 055EEDD8 		.ascii	"\005^\355\330\364H\205\212\014sB3\373\306\336\372\201"
 300      F448858A 
 300      0C734233 
 300      FBC6DEFA 
 300      81
 301 02d0 36C82D40 		.ascii	"6\310-@\255\033\000;\363k\276a\314\327`2\377p&S\315"
 301      AD1B003B 
 301      F36BBE61 
 301      CCD76032 
 301      FF702653 
 302 02e5 98C720F7 		.ascii	"\230\307 \367w\266w\252\311\024\0172\375\274\341\224"
 302      77B677AA 
 302      C9140F32 
 302      FDBCE194 
 303 02f5 B7A390E1 		.ascii	"\267\243\220\341\232\300\003o$)\000\256\241\357\025"
 303      9AC0036F 
 303      242900AE 
 303      A1EF15
 304 0304 A76F0D2C 		.ascii	"\247o\015,Z\311U\367\225\224?\317\372Z\2672\207ul\252"
 304      5AC955F7 
 304      95943FCF 
 304      FA5AB732 
 304      87756CAA 
 305 0318 B4446488 		.ascii	"\264Dd\210\225\370\376\033|/\300uX\211\177+@\305S\312"
 305      95F8FE1B 
 305      7C2FC075 
 305      58897F2B 
 305      40C553CA 
 306 032c 9929D80B 		.ascii	"\231)\330\013\253\212\245\332G\230\177s\320\201\313"
 306      AB8AA5DA 
 306      47987F73 
 306      D081CB
 307 033b FD92A455 		.ascii	"\375\222\244UQ+(uf\201\217\370\3678\364\002\034\203"
 307      512B2875 
 307      66818FF8 
 307      F738F402 
 307      1C83
 308 034d 1E3C4C75 		.ascii	"\036<Lu\260\012\235\267>.K\363$\003\374\250\234>9S\256"
 308      B00A9DB7 
 308      3E2E4BF3 
 308      2403FCA8 
 308      9C3E3953 
 309 0362 B5F7066F 		.ascii	"\265\367\006o\227\323Y/W,\236I\003\313\344\206=\223"
 309      97D3592F 
 309      572C9E49 
 309      03CBE486 
 309      3D93
ARM GAS  C:\Users\johnb\AppData\Local\Temp\ccnwRUXf.s 			page 24


 310 0374 DAEF87D6 		.ascii	"\332\357\207\326\313\211<~/O\252M\221(\225h\004\365"
 310      CB893C7E 
 310      2F4FAA4D 
 310      91289568 
 310      04F5
 311 0386 CE44EA5D 		.ascii	"\316D\352]\023\271\311\022\251\357\034\234V\223\027"
 311      13B9C912 
 311      A9EF1C9C 
 311      569317
 312 0395 3C91EE86 		.ascii	"<\221\356\206\3222\332?\341\274\345\374\024\2473\234"
 312      D232DA3F 
 312      E1BCE5FC 
 312      14A7339C 
 313 03a5 9FCE23D3 		.ascii	"\237\316#\323\303\027td\214\231\213\255\325/\373\234"
 313      C3177464 
 313      8C998BAD 
 313      D52FFB9C 
 314 03b5 0DD5DCBB 		.ascii	"\015\325\334\273\252\252\207\356C3\346z\307\0318\334"
 314      AAAA87EE 
 314      4333E67A 
 314      C71938DC 
 315 03c5 71785CB7 		.ascii	"qx\\\267\241\011\267!\\\336\206FT\336\346\333Pxu8Y\307"
 315      A109B721 
 315      5CDE8646 
 315      54DEE6DB 
 315      50787538 
 316 03db E868761C 		.ascii	"\350hv\034\237\366\231\275\243\242.\323\201\302N\226"
 316      9FF699BD 
 316      A3A22ED3 
 316      81C24E96 
 317 03eb 1D488056 		.ascii	"\035H\200V\320\311\323\245i\342\366\244\017sF\035\264"
 317      D0C9D3A5 
 317      69E2F6A4 
 317      0F73461D 
 317      B4
 318 03fc F08356F8 		.ascii	"\360\203V\370\344h\215\343\360\265q]\343d\332\025QI"
 318      E4688DE3 
 318      F0B5715D 
 318      E364DA15 
 318      5149
 319 040e 71F3028A 		.ascii	"q\363\002\212\3572\212\333\355\024\357n\276\323\346"
 319      EF328ADB 
 319      ED14EF6E 
 319      BED3E6
 320 041d E9D8EC80 		.ascii	"\351\330\354\200\251\303\351R\013:\256g\206p\313Y\355"
 320      A9C3E952 
 320      0B3AAE67 
 320      8670CB59 
 320      ED
 321 042e 2D579AEF 		.ascii	"-W\232\3571\232\333O\\\216#=\004\026\253\257jt|\014"
 321      319ADB4F 
 321      5C8E233D 
 321      0416ABAF 
 321      6A747C0C 
 322 0442 B4F288C9 		.ascii	"\264\362\210\311\370\317#\346bC\315s\235\222\217\177"
 322      F8CF23E6 
 322      6243CD73 
ARM GAS  C:\Users\johnb\AppData\Local\Temp\ccnwRUXf.s 			page 25


 322      9D928F7F 
 323 0452 2EE0E381 		.ascii	".\340\343\201\203\217\275\335CM\276,\030\352\340>\257"
 323      838FBDDD 
 323      434DBE2C 
 323      18EAE03E 
 323      AF
 324 0463 3DA72DA5 		.ascii	"=\247-\245\330\313\316\307C\256\033\354\273]\342\267"
 324      D8CBCEC7 
 324      43AE1BEC 
 324      BB5DE2B7 
 325 0473 381F5D8C 		.ascii	"8\037]\214\217N;\037\355\305\335\371\3362\037c\331D"
 325      8F4E3B1F 
 325      EDC5DDF9 
 325      DE321F63 
 325      D944
 326 0485 DA2FD1C9 		.ascii	"\332/\321\311\214F\320\341\344\242\303\225\213n\306"
 326      8C46D0E1 
 326      E4A2C395 
 326      8B6EC6
 327 0494 4561CEDE 		.ascii	"Ea\316\3369o2\2608\031\325\215\273O\213\016]/\317\257"
 327      396F32B0 
 327      3819D58D 
 327      BB4F8B0E 
 327      5D2FCFAF 
 328 04a8 B6E85A9F 		.ascii	"\266\350Z\237\332\261\261\217\270\322>2\227\362\221"
 328      DAB1B18F 
 328      B8D23E32 
 328      97F291
 329 04b7 995F3571 		.ascii	"\231_5q\313\203/=q9u\354j\235\212\214\363@%\311\367"
 329      CB832F3D 
 329      713975EC 
 329      6A9D8A8C 
 329      F34025C9 
 330 04cc 6EFB9029 		.ascii	"n\373\220)\2768\266\265\352\201\027\231\345\213=\363"
 330      BE38B6B5 
 330      EA811799 
 330      E58B3DF3 
 331 04dc 47EE7A91 		.ascii	"G\356z\221T\025[\314\017\217\367\350\3106\276\030\231"
 331      54155BCC 
 331      0F8FF7E8 
 331      C836BE18 
 331      99
 332 04ed 49BDEEAD 		.ascii	"I\275\356\255d\231\036n'\313\317\034,\277J\377\266\333"
 332      64991E6E 
 332      27CBCF1C 
 332      2CBF4AFF 
 332      B6DB
 333 04ff 97ECE05E 		.ascii	"\227\354\340^s\365\231\203\032\245\327\335\005^/\034"
 333      73F59983 
 333      1AA5D7DD 
 333      055E2F1C 
 334 050f 5EF7062F 		.ascii	"^\367\006/Mz\223,\356\265\375\354\263\327\276J\257\256"
 334      4D7A932C 
 334      EEB5FDEC 
 334      B3D7BE4A 
 334      AFAE
 335 0521 055E2F1D 		.ascii	"\005^/\035^m\227\313\232|I\016\367\252\034\270Y\257"
ARM GAS  C:\Users\johnb\AppData\Local\Temp\ccnwRUXf.s 			page 26


 335      5E6D97CB 
 335      9A7C490E 
 335      F7AA1CB8 
 335      59AF
 336 0533 E5235E62 		.ascii	"\345#^b\037\323\356\222\014\037r\230\277\314-\254<\267"
 336      1FD3EE92 
 336      0C1F7298 
 336      BFCC2DAC 
 336      3CB7
 337 0545 20FD8605 		.ascii	" \375\206\005\220\243vHuv\312\361!\002\313\002\003\203"
 337      90A37648 
 337      7576CAF1 
 337      2102CB02 
 337      0383
 338 0557 0203F7B0 		.ascii	"\002\003\367\260\201\211\255\255\022`\030m\037\323\223"
 338      8189ADAD 
 338      1260186D 
 338      1FD393
 339 0566 FA0A3775 		.ascii	"\372\0127u\014\226\321\215\205\357\261#\247 \020\306"
 339      0C96D18D 
 339      85EFB123 
 339      A72010C6 
 340 0576 51265026 		.ascii	"Q&P&!\220}\332Kh\234\332\371\235d\356h\272\224\025I"
 340      21907DDA 
 340      4B689CDA 
 340      F99D64EE 
 340      68BA9415 
 341 058b EB84E7B2 		.ascii	"\353\204\347\262\237\343\310\207\320\300U4\274l\337"
 341      9FE3C887 
 341      D0C05534 
 341      BC6CDF
 342 059a 000DAB29 		.ascii	"\000\015\253)\221\360\235\253\351\023\226d(5\345\003"
 342      91F09DAB 
 342      E9139664 
 342      2835E503 
 343 05aa E6D53682 		.ascii	"\346\3256\202\277$\250\221 w\2303\354\344:\234{[\011"
 343      BF24A891 
 343      20779833 
 343      ECE43A9C 
 343      7B5B09
 344 05bd AD0946DC 		.ascii	"\255\011F\334#\275\023\025)\205!\267\011\262\240H`Q"
 344      23BD1315 
 344      298521B7 
 344      09B2A048 
 344      6051
 345 05cf C78D2ADD 		.ascii	"\307\215*\3352\231\221\214\305\030\021\334\322\201\356"
 345      3299918C 
 345      C51811DC 
 345      D281EE
 346 05de 19B97377 		.ascii	"\031\271sw\026\034\322\327\212H\002L;\266tt\366\320"
 346      161CD2D7 
 346      8A48024C 
 346      3BB67474 
 346      F6D0
 347 05f0 052FDEB7 		.ascii	"\005/\336\267\313q\371\2667+K\3037\265\230n\352\304"
 347      CB71F9B6 
 347      372B4BC3 
ARM GAS  C:\Users\johnb\AppData\Local\Temp\ccnwRUXf.s 			page 27


 347      37B5986E 
 347      EAC4
 348 0602 BE87BDBE 		.ascii	"\276\207\275\276\344.\333T\315\363\232\242\317 0\020"
 348      E42EDB54 
 348      CDF39AA2 
 348      CF203010 
 349 0612 372B3088 		.ascii	"7+0\210\027s\353=^;=,\263\230\326\274\262\236\307N\026"
 349      1773EB3D 
 349      5E3B3D2C 
 349      B398D6BC 
 349      B29EC74E 
 350 0627 15A553D3 		.ascii	"\025\245S\323~WS%M\312.\230A\2037\354\335\274\334\002"
 350      7E575325 
 350      4DCA2E98 
 350      418337EC 
 350      DDBCDC02 
 351 063b A9621024 		.ascii	"\251b\020$\213\201\220\202\"\241\314a\335o\027\264\201"
 351      8B819082 
 351      22A1CC61 
 351      DD6F17B4 
 351      81
 352 064c 23CA53F7 		.ascii	"#\312S\367Q\024\011\325\347\371\357K\225\320\034\371"
 352      511409D5 
 352      E7F9EF4B 
 352      95D01CF9 
 353 065c 804157F3 		.ascii	"\200AW\363\020\027\353\246<5\257\226N\201\001\267\326"
 353      1017EBA6 
 353      3C35AF96 
 353      4E8101B7 
 353      D6
 354 066d BC02DE33 		.ascii	"\274\002\3363\223\007\226&K\022P+e\323 \251\331':\356"
 354      93079626 
 354      4B12502B 
 354      65D320A9 
 354      D9273AEE 
 355 0681 7B924E46 		.ascii	"{\222NF\252\370pWK\027\201\240e\334\251#OM\033-]\\\006"
 355      AAF87057 
 355      4B1781A0 
 355      65DCA923 
 355      4F4D1B2D 
 356 0698 5B45C734 		.ascii	"[E\3074\243\020\356\211\2014\344\343\277\341\206\376"
 356      A310EE89 
 356      8134E4E3 
 356      BFE186FE 
 357 06a8 0E9CDDD1 		.ascii	"\016\234\335\321\240U\366\004\215\342\354\211m\242\275"
 357      A055F604 
 357      8DE2EC89 
 357      6DA2BD
 358 06b7 279E1E4C 		.ascii	"'\236\036L\256\347C\020u\320\307\347]\332\324\201\266"
 358      AEE74310 
 358      75D0C7E7 
 358      5DDAD481 
 358      B6
 359 06c8 051FAD4D 		.ascii	"\005\037\255M+\0243z\273Hgt\206(\317\350\364\3213-\""
 359      2B14337A 
 359      BB486774 
 359      8628CFE8 
ARM GAS  C:\Users\johnb\AppData\Local\Temp\ccnwRUXf.s 			page 28


 359      F4D1332D 
 360 06dd CEE862F6 		.ascii	"\316\350b\366\315\372u\301I\3077\013\015q\036;*\353"
 360      CDFA75C1 
 360      49C7370B 
 360      0D711E3B 
 360      2AEB
 361 06ef 719DD399 		.ascii	"q\235\323\231\"\235\323\007OT\235W\223\357\370,\271"
 361      229DD307 
 361      4F549D57 
 361      93EFF82C 
 361      B9
 362 0700 73E6D90E 		.ascii	"s\346\331\0165\031\346\213\362\203\003\2674\230\033"
 362      3519E68B 
 362      F28303B7 
 362      34981B
 363 070f EC14098F 		.ascii	"\354\024\011\217U\236\\{\314\207L\360\327%_\027\266"
 363      559E5C7B 
 363      CC874CF0 
 363      D7255F17 
 363      B6
 364 0720 D1CF0B7C 		.ascii	"\321\317\013|\211\257a\227\250Zl\320\347\264'g\020\246"
 364      89AF6197 
 364      A85A6CD0 
 364      E7B42767 
 364      10A6
 365 0732 0BD34116 		.ascii	"\013\323A\026\267\033\230\315y$\332\277M{\270\256#u"
 365      B71B98CD 
 365      7924DABF 
 365      4D7BB8AE 
 365      2375
 366 0744 E7A4EF07 		.ascii	"\347\244\357\007\263\252\"\311\223E\253\316{v^\305l"
 366      B3AA22C9 
 366      9345ABCE 
 366      7B765EC5 
 366      6C
 367 0755 F6891F30 		.ascii	"\366\211\0370\315\344\343]\3734d\216\307\037-\032?J"
 367      CDE4E35D 
 367      FB34648E 
 367      C71F2D1A 
 367      3F4A
 368 0767 3F15908D 		.ascii	"?\025\220\215\273\267\237\322A\017QW\336e\017\222\356"
 368      BBB79FD2 
 368      410F5157 
 368      DE650F92 
 368      EE
 369 0778 C12CCA72 		.ascii	"\301,\312r\217\264\260\002ri\2069<\312\223\324\212C"
 369      8FB4B002 
 369      72698639 
 369      3CCA93D4 
 369      8A43
 370 078a 2A25B998 		.ascii	"*%\271\230\200L.\034@\023\310c\374\356\265\363\3734"
 370      804C2E1C 
 370      4013C863 
 370      FCEEB5F3 
 370      FB34
 371 079c A7E2B02F 		.ascii	"\247\342\260/\362\373\010?\203S\245?\251*\357\22722"
 371      F2FB083F 
ARM GAS  C:\Users\johnb\AppData\Local\Temp\ccnwRUXf.s 			page 29


 371      8353A53F 
 371      A92AEF97 
 371      3232
 372 07ae A5D552A7 		.ascii	"\245\325R\247H-a\207\275u`\267\250\242+\376\237\250"
 372      482D6187 
 372      BD7560B7 
 372      A8A22BFE 
 372      9FA8
 373 07c0 7CC66D5A 		.ascii	"|\306mZV\247\244\373\360\260\324R\313\366&\177"
 373      56A7A4FB 
 373      F0B0D452 
 373      CBF6267F 
 374 07d0 3FFEFA5D 		.ascii	"?\376\372]\312\346\303 \337\027\307\244\021\230\346"
 374      CAE6C320 
 374      DF17C7A4 
 374      1198E6
 375 07df 53CCF5A0 		.ascii	"S\314\365\240\370!zv\336k\330\275\340\227\020\215\345"
 375      F8217A76 
 375      DE6BD8BD 
 375      E097108D 
 375      E5
 376 07f0 6CA002DE 		.ascii	"l\240\002\336@\364\276\010\351\363\227\246\333\210\035"
 376      40F4BE08 
 376      E9F397A6 
 376      DB881D
 377 07ff 2005013E 		.ascii	" \005\001>Y\241\360\017\263\367\337\366\324\373\215"
 377      59A1F00F 
 377      B3F7DFF6 
 377      D4FB8D
 378 080e 9ECCB510 		.ascii	"\236\314\265\020\373\357\220\350\336w\223\322\027\371"
 378      FBEF90E8 
 378      DE7793D2 
 378      17F9
 379 081c E21D453F 		.ascii	"\342\035E?\327\333\232f\370o\332bt/\342\356_U<yE\376"
 379      D7DB9A66 
 379      F86FDA62 
 379      742FE2EE 
 379      5F553C79 
 380 0832 1DC3258C 		.ascii	"\035\303%\214\341\257\030\303l\241\322'$\331<?\376d"
 380      E1AF18C3 
 380      6CA1D227 
 380      24D93C3F 
 380      FE64
 381 0844 63C086D0 		.ascii	"c\300\206\320P\301K\257O2\232m\277\320\333b\243\177"
 381      50C14BAF 
 381      4F329A6D 
 381      BFD0DB62 
 381      A37F
 382 0856 19111D67 		.ascii	"\031\021\035g\2142ZmI1FK\204\315b\211\267Fl6'\005\260"
 382      8C325A6D 
 382      4931464B 
 382      84CD6289 
 382      B7466C36 
 383 086d A780C844 		.ascii	"\247\200\310DS\200\301\024e\210\2111\304D\374<xm\300"
 383      5380C114 
 383      65888931 
 383      C444FC3C 
ARM GAS  C:\Users\johnb\AppData\Local\Temp\ccnwRUXf.s 			page 30


 383      786DC0
 384 0880 9AD5A1EB 		.ascii	"\232\325\241\353\376\032\032\201\372\217\314\026\263"
 384      FE1A1A81 
 384      FA8FCC16 
 384      B3
 385 088d E1234364 		.ascii	"\341#Cd\2241\302h\216\216O\2121D\230\"\021\313l\210"
 385      9431C268 
 385      8E8E4F8A 
 385      31449822 
 385      11CB6C88 
 386 08a1 D0C71862 		.ascii	"\320\307\030b#\223\342mz\333\226\004\20358N\320\310"
 386      2393E26D 
 386      7ADB9604 
 386      8335384E 
 386      D0C8
 387 08b3 E1FEF483 		.ascii	"\341\376\364\203\206\263n\261F\350\255\266\030\304\306"
 387      86B36EB1 
 387      46E8ADB6 
 387      18C4C6
 388 08c2 1858143E 		.ascii	"\030X\024>\254]\243\267i\344\273\207\311\272Yo\373U"
 388      AC5DA3B7 
 388      69E4BB87 
 388      C9BA596F 
 388      FB55
 389 08d4 707088E3 		.ascii	"pp\210\343\237\305\032\022m1\231,\346\220\004K\242\315"
 389      9FC51A12 
 389      6D31992C 
 389      E690044B 
 389      A2CD
 390 08e6 1AF29B3F 		.ascii	"\032\362\233?\204m\010\373\202\352\022\214\361\206D"
 390      846D08FB 
 390      82EA128C 
 390      F18644
 391 08f5 6BC8C71B 		.ascii	"k\310\307\0336\204D\307\331\363\376\231\213o\\d|H\274"
 391      368444C7 
 391      D9F3FE99 
 391      8B6F5C64 
 391      7C48BC
 392 0908 312AC46A 		.ascii	"1*\304jK4D\232\254!&\203I~\014\216F\2167\033lj=.c\254"
 392      4B34449A 
 392      AC212683 
 392      497E0C8E 
 392      468E371B 
 393 0922 6AABF1EF 		.ascii	"j\253\361\357\006\275-\346\377\254\027cDl\216\216v\251"
 393      06BD2DE6 
 393      FFAC1763 
 393      446C8E8E 
 393      76A9
 394 0934 1B0D8243 		.ascii	"\033\015\202C\235\325\333\320+\226\222\253\377<\321"
 394      9DD5DBD0 
 394      2B9692AB 
 394      FF3CD1
 395 0943 68335875 		.ascii	"h3Xu&kx\324_\014\321\266\337\233\2156b\260XU4\011uT"
 395      266B78D4 
 395      5F0CD1B6 
 395      DF9B8D36 
 395      62B05855 
ARM GAS  C:\Users\johnb\AppData\Local\Temp\ccnwRUXf.s 			page 31


 396 095b 526CAC21 		.ascii	"Rl\254!\221\374\315d#\330\003*\232\236\007s\320\205"
 396      91FCCD64 
 396      23D8032A 
 396      9A9E0773 
 396      D085
 397 096d 194C7F64 		.ascii	"\031L\177d\331o\012\373\224`\356\377C\265q\202\332\022"
 397      D96F0AFB 
 397      9460EEFF 
 397      43B57182 
 397      DA12
 398 097f 1B6B35D8 		.ascii	"\033k5\330(\210%q\013\307Q\243Et\302\026U\274!2Vc\266"
 398      28882571 
 398      0BC751A3 
 398      4574C216 
 398      55BC2132 
 399 0996 D8E2122D 		.ascii	"\330\342\022-\237C\250&\326\034`M0D\243\306lN\212\217"
 399      9F43A826 
 399      D61C604D 
 399      3044A3C6 
 399      6C4E8A8F 
 400 09aa DFF4C336 		.ascii	"\337\364\3036\201-\321h\336\214\011\375\013\227;q\235"
 400      812DD168 
 400      DE8C09FD 
 400      0B973B71 
 400      9D
 401              		.text
 402              		.section	.gnu.lto_.symtab.5f7dfd7,"",%progbits
 403 0000 6D734F62 		.ascii	"msObjectInit\000"
 403      6A656374 
 403      496E6974 
 403      00
 404 000d 00       		.ascii	"\000"
 405 000e 00       		.ascii	"\000"
 406 000f 00       		.ascii	"\000"
 407 0010 00000000 		.ascii	"\000\000\000\000\000\000\000\000"
 407      00000000 
 408 0018 0A010000 		.ascii	"\012\001\000\000"
 409              		.text
 410              		.section	.gnu.lto_.opts,"",%progbits
 411 0000 272D666D 		.ascii	"'-fmath-errno' '-fsigned-zeros' '-ftrapping-math' '"
 411      6174682D 
 411      6572726E 
 411      6F272027 
 411      2D667369 
 412 0033 2D666E6F 		.ascii	"-fno-trapv' '-fno-openmp' '-fno-openacc' '-mcpu=cor"
 412      2D747261 
 412      70762720 
 412      272D666E 
 412      6F2D6F70 
 413 0066 7465782D 		.ascii	"tex-m4' '-mno-thumb-interwork' '-mthumb' '-ggdb' '-"
 413      6D342720 
 413      272D6D6E 
 413      6F2D7468 
 413      756D622D 
 414 0099 4F322720 		.ascii	"O2' '-fomit-frame-pointer' '-falign-functions=16' '"
 414      272D666F 
 414      6D69742D 
ARM GAS  C:\Users\johnb\AppData\Local\Temp\ccnwRUXf.s 			page 32


 414      6672616D 
 414      652D706F 
 415 00cc 2D666675 		.ascii	"-ffunction-sections' '-fdata-sections' '-fno-common"
 415      6E637469 
 415      6F6E2D73 
 415      65637469 
 415      6F6E7327 
 416 00ff 2720272D 		.ascii	"' '-flto'\000"
 416      666C746F 
 416      2700
 417              		.text
 418              		.comm	__gnu_lto_v1,1,1
 419              		.comm	__gnu_lto_slim,1,1
 420              		.ident	"GCC: (GNU Tools for ARM Embedded Processors 6-2017-q1-update) 6.3.1 20170215 (release) [AR
ARM GAS  C:\Users\johnb\AppData\Local\Temp\ccnwRUXf.s 			page 33


DEFINED SYMBOLS
                            *ABS*:00000000 memstreams.c
                            *COM*:00000001 __gnu_lto_v1
                            *COM*:00000001 __gnu_lto_slim

NO UNDEFINED SYMBOLS
