ARM GAS  C:\Users\johnb\AppData\Local\Temp\ccG5w1jw.s 			page 1


   1              		.cpu cortex-m4
   2              		.eabi_attribute 20, 1
   3              		.eabi_attribute 21, 1
   4              		.eabi_attribute 23, 3
   5              		.eabi_attribute 24, 1
   6              		.eabi_attribute 25, 1
   7              		.eabi_attribute 26, 1
   8              		.eabi_attribute 30, 2
   9              		.eabi_attribute 34, 1
  10              		.eabi_attribute 18, 4
  11              		.file	"nullstreams.c"
  12              		.text
  13              	.Ltext0:
  14              		.section	.gnu.lto_.profile.5f7e46a,"",%progbits
  15 0000 789C6365 		.ascii	"x\234ce`b`a```d\340f\003\000\000\234\000\036"
  15      60626061 
  15      60606064 
  15      E0660300 
  15      009C001E 
  16              		.text
  17              		.section	.gnu.lto_.icf.5f7e46a,"",%progbits
  18 0000 789C6365 		.ascii	"x\234ce`bPe@\0006\206#\357\033g016\276\377\323\316\313"
  18      60625065 
  18      40003686 
  18      23EF1B67 
  18      303136BE 
  19 0018 34ABFBA7 		.ascii	"4\253\373\247 \363\331\225\015+\270X\256M\352\330\317"
  19      20F3D995 
  19      0D2BB858 
  19      AE4DEAD8 
  19      CF
  20 0029 C6FAF5C6 		.ascii	"\306\372\365\306\3627l\014\000B\264\021\002"
  20      F2376C0C 
  20      0042B411 
  20      02
  21              		.text
  22              		.section	.gnu.lto_.jmpfuncs.5f7e46a,"",%progbits
  23 0000 789C6365 		.ascii	"x\234ce`bPe@\000V\006fFFF\026\006\206zF\020\003$\304"
  23      60625065 
  23      40005606 
  23      66464646 
  23      1606867A 
  24 0019 C404A699 		.ascii	"\304\004\246\231A$\013P\254\236\001\000\033\012\001"
  24      41240B50 
  24      AC9E0100 
  24      1B0A01
  25 0028 53       		.ascii	"S"
  26              		.text
  27              		.section	.gnu.lto_.inline.5f7e46a,"",%progbits
  28 0000 789C6365 		.ascii	"x\234ce`b\210e@\000V\006\006f&F\240 \003\003\333\002"
  28      60628865 
  28      40005606 
  28      06662646 
  28      A0200303 
  29 0016 7910C5C0 		.ascii	"y\020\305\300\210!\302\204!\302\214!\302\302\300\302"
  29      8821C284 
  29      21C28C21 
ARM GAS  C:\Users\johnb\AppData\Local\Temp\ccG5w1jw.s 			page 2


  29      C2C2C0C2 
  30 0026 0C14617C 		.ascii	"\014\024a|\301\316\300\336\241\016\026b\000\000\355"
  30      C1CEC0DE 
  30      A10E1662 
  30      0000ED
  31 0035 770562   		.ascii	"w\005b"
  32              		.text
  33              		.section	.gnu.lto_.pureconst.5f7e46a,"",%progbits
  34 0000 789C6365 		.ascii	"x\234ce`b\340f```e``\0042\231\031X\244\000\001\262\000"
  34      6062E066 
  34      60606065 
  34      60600432 
  34      991958A4 
  35 0018 3C       		.ascii	"<"
  36              		.text
  37              		.section	.gnu.lto_writes.5f7e46a,"",%progbits
  38 0000 789C5D90 		.ascii	"x\234]\220KKBA\024\307\317\177\346\372\010\322/P\213"
  38      4B4B4241 
  38      14C7CF7F 
  38      E6FA08D2 
  38      2F508B
  39 0013 1681B8C8 		.ascii	"\026\201\270\310\033\004\265j\337Wh\251\021$\230I\326"
  39      1B04B56A 
  39      DF5768A9 
  39      11249849 
  39      D6
  40 0024 DAD18A1E 		.ascii	"\332\321\212\036B\031\245b\017t#\267\267F\020\265\223"
  40      4219A562 
  40      0F7423B7 
  40      B74610B5 
  40      93
  41 0035 F60669AE 		.ascii	"\366\006i\256\332U\313Z\264\256\2543\027\211\020f\230"
  41      DA55CB5A 
  41      B4AEAC33 
  41      17891066 
  41      98
  42 0046 73667EBF 		.ascii	"sf~\2773\234\343 A\223 \032#\242>\336\220\004\221\271"
  42      339CE320 
  42      4193201A 
  42      23A23EDE 
  42      900491B9 
  43 005a 274ABA05 		.ascii	"'J\272\005\240\003\345\006%\004\022\330\222y\211\207"
  43      A003E506 
  43      250412D8 
  43      92798987 
  44 006a E5EA81DC 		.ascii	"\345\352\201\334\224E\306\014N?\352{/^\235\002\003\234"
  44      9445C60C 
  44      4E3FEA7B 
  44      2F5E9D02 
  44      039C
  45 007c EEABC6BA 		.ascii	"\356\253\306\272\313o)\225R\265\374\315\370\366\322"
  45      CB6F2995 
  45      52B5FCCD 
  45      F8F6D2
  46 008b CA44510A 		.ascii	"\312DQ\012*0}\204~X\350\327_\034\303\317l\263\336\312"
  46      2A307D84 
  46      7E58E8D7 
ARM GAS  C:\Users\johnb\AppData\Local\Temp\ccG5w1jw.s 			page 3


  46      5F1CC3CF 
  46      6CB3DECA 
  47 009f B8E43088 		.ascii	"\270\3440\210\343\253\265\322m\257\257l{\257;R\015\026"
  47      E3ABB5D2 
  47      6DAFAF6C 
  47      7BAF3B52 
  47      0D16
  48 00b1 A5C409E4 		.ascii	"\245\304\011\344\177\221\257\010\247\3601\376\231n\345"
  48      7F91AF08 
  48      A7F031FE 
  48      996EE5
  49 00c0 7AE488AD 		.ascii	"z\344\210\255&\313\327E\321Q\277\262\266j\340\254[5"
  49      26CBD745 
  49      D151BFB2 
  49      B66AE0AC 
  49      5B35
  50 00d2 08E7B6FA 		.ascii	"\010\347\266\372\255vs^9j\253\205\273\354\223\247\243"
  50      AD76735E 
  50      396AAB85 
  50      BBEC93A7 
  50      A3
  51 00e3 3EE66D55 		.ascii	">\346mU\340\242[\025\204\012|\232\177\276lg=NC\267\303"
  51      E0A25B15 
  51      840A7C9A 
  51      7FBE6C67 
  51      3D4E43B7 
  52 00f8 5D54E1E4 		.ascii	"]T\341\344\271Q\245\201\232j\377\254\252\332\233\205"
  52      B951A581 
  52      9A6AFFAC 
  52      AADA9B85 
  53 0108 96830761 		.ascii	"\226\203\007a\343\264\301\220\036_\232\013\360)\337"
  53      E3B4C190 
  53      1E5F9A0B 
  53      F029DF
  54 0117 912A594D 		.ascii	"\221*YMh\355Pj\221\011\350\027A4\024\010\230\177k.n"
  54      68ED506A 
  54      9109E817 
  54      41341408 
  54      987F6B2E 
  55 012c CE042366 		.ascii	"\316\004#f$\0342\343\013\363\323\301\331\270\031]\214"
  55      241C32E3 
  55      0BF3D3C1 
  55      D9B8195D 
  55      8C
  56 013d 443A7160 		.ascii	"D:q`\212D8&B1D\177\001XI|\357"
  56      8A443826 
  56      4231447F 
  56      0158497C 
  56      EF
  57              		.text
  58              		.section	.gnu.lto_reads.5f7e46a,"",%progbits
  59 0000 789C5D90 		.ascii	"x\234]\220\313K\202A\024\305\357\231\361\025\244\377"
  59      CB4B8241 
  59      14C5EF99 
  59      F115A4FF 
  60 0010 402E5A04 		.ascii	"@.Z\004\342\"\277 \250U\373\376\015\215\240\340\313"
  60      E222BF20 
ARM GAS  C:\Users\johnb\AppData\Local\Temp\ccG5w1jw.s 			page 4


  60      A855FBFE 
  60      0D8DA0E0 
  60      CB
  61 0021 246BED68 		.ascii	"$k\355hI\017\241\214R\261\002\333\364~\250\004A;\221"
  61      490FA18C 
  61      52B102DB 
  61      F47EA804 
  61      413B91
  62 0034 B6162942 		.ascii	"\266\026)BP\253ZF\213 h\021Yw>,B\230a\316\2359\277\271"
  62      50AB5A46 
  62      8B206811 
  62      59773E2C 
  62      429861CE 
  63 004c DC632741 		.ascii	"\334c'Ac \032&\242\036\336\220\004\221\276!\212\273"
  63      63201A26 
  63      A21EDE90 
  63      0491BE21 
  63      8ABB
  64 005e 04A08572 		.ascii	"\004\240\205r\201b\0021\254\311\234\304\335BiG\256\312"
  64      81620231 
  64      ACC99CC4 
  64      DD426947 
  64      AECA
  65 0070 02DB6C5C 		.ascii	"\002\333l\\\276\325\266\236=\272\004z\271\334V\365e"
  65      BED5B69E 
  65      3DBA047A 
  65      B9DC56F5 
  65      65
  66 0081 A7FF40A9 		.ascii	"\247\377@\251\204\252\344\356G\326\347\223\243\005)"
  66      84AAE4EE 
  66      47D6E793 
  66      A30529
  67 0090 28CFEE43 		.ascii	"(\317\356Cxq\000\257nq\004?{\033\265f\332)\007@\254"
  67      787100AF 
  67      6E71043F 
  67      7B1BB566 
  67      DA290740 
  68 00a5 2F9676AF 		.ascii	"/\226v\257\272}{\026\367\270!U_AJ\034C\376\007\371\212"
  68      BA7D7B16 
  68      F7B82155 
  68      5F414A1C 
  68      43FE07F9 
  69 00ba 70021FDB 		.ascii	"p\002\037\333?S\315l\227\034\264\320\370\336eA\264\321"
  69      3F53CD6C 
  69      971CB4D0 
  69      F8DE6541 
  69      B4D1
  70 00cc EB8C85DA 		.ascii	"\353\214\205\332p\332\211\332\010g\026\372\2456\263"
  70      70DA89DA 
  70      086716FA 
  70      A536B3
  71 00db 1E3964A1 		.ascii	"\0369d\241\371j\346\301\375\3335k\241\002\347\235\250"
  71      F96AE6C1 
  71      FDDB356B 
  71      A102E79D 
  71      A8
  72 00ec 2014E1D3 		.ascii	" \024\341\323\376\247r+\343v\330\3648<E\011\016\316"
ARM GAS  C:\Users\johnb\AppData\Local\Temp\ccG5w1jw.s 			page 5


  72      FEA7722B 
  72      E376D8F4 
  72      383C4509 
  72      0ECE
  73 00fe 8D8A7554 		.ascii	"\215\212uTT\353{QU\336\367\361a\027D+\374\254\203K1"
  73      54EB7B51 
  73      55DEF7F1 
  73      6117442B 
  73      FCAC834B 
  74 0113 CAA77C45 		.ascii	"\312\247|Eb\367\245\001\015\360'\331d\365\326\251\023"
  74      62F7A501 
  74      0DF027D9 
  74      64F5D6A9 
  74      13
  75 0124 132094AD 		.ascii	"\023 \224\255@\230\200v2\333\037\010\030\177k:jL\004"
  75      40988076 
  75      32DB1F08 
  75      187F6B3A 
  75      6A4C04
  76 0137 4DC39C0C 		.ascii	"M\303\234\014\031\321\331\231\361\340T\324\010\317\231"
  76      19D1D999 
  76      F1E054D4 
  76      08CF99
  77 0146 665B07C6 		.ascii	"f[\007\306HLFD(\202\360\017\366\251\201$"
  77      484C4644 
  77      2882F00F 
  77      F6A98124 
  78              		.text
  79              		.section	.gnu.lto_put.5f7e46a,"",%progbits
  80 0000 789C4D8F 		.ascii	"x\234M\217\317JBA\024\306\3177sS\027\346\003\224\213"
  80      CF4A4241 
  80      14C6CF37 
  80      735317E6 
  80      03948B
  81 0013 1691B8C8 		.ascii	"\026\221\270\310+\330\246\027\210^C#H\270\375!k\355"
  81      2BD8A617 
  81      885E4323 
  81      48B8FD21 
  81      6BED
  82 0025 64695151 		.ascii	"diQQF\244\024\302uQXZY\264rw\211\266\026\025\275@\331"
  82      46A414C2 
  82      7551585A 
  82      59B47277 
  82      89B61615 
  83 003c 2A0C8A56 		.ascii	"*\014\212V\021\326\031\223h\230a\3167\363\375f\316\327"
  83      11D61993 
  83      689861CE 
  83      37F3FD66 
  83      CED7
  84 004e 45820640 		.ascii	"E\202\006@4DD\275\274 \011\"{M\264\340\021\200.\224"
  84      344444BD 
  84      BC200922 
  84      7B4DB4E0 
  84      11802E94 
  85 0062 07941448 		.ascii	"\007\224\024HbS\346%n\227\316\012rC\332l3X\276\325\367"
  85      6253E625 
  85      6E97CE0A 
ARM GAS  C:\Users\johnb\AppData\Local\Temp\ccG5w1jw.s 			page 6


  85      7243DA6C 
  85      3358BED5 
  86 0077 9E7C5A02 		.ascii	"\236|Z\002},\033\265L\323\010\226\024\017'\3779\274"
  86      7D2C1BB5 
  86      4CD30896 
  86      140F27FF 
  86      39BC
  87 0089 B5981EB5 		.ascii	"\265\230\036\265\245\240]v\037\302\217\022\374\372\213"
  87      A5A05D76 
  87      1FC28F12 
  87      FCFA8B
  88 0098 2304D97B 		.ascii	"#\004\331{_\177\310\272e\030\304\365\305J\261\346\015"
  88      5F7FC8BA 
  88      6518C4F5 
  88      C54AB1E6 
  88      0D
  89 00a9 1C289552 		.ascii	"\034(\225R\316\325\266T\375\266\224(C\376\007\371\210"
  89      CED5B654 
  89      FDB69428 
  89      43FE07F9 
  89      88
  90 00ba 504180ED 		.ascii	"PA\200\355\205L\371Y\312H\033}\311\274\277\372:h\343"
  90      854CF959 
  90      CA481B7D 
  90      C9BCBFFA 
  90      3A68E3
  91 00cd 4328AF2D 		.ascii	"C(\257-\015\034\377\242\021?\302\0324\010'\010h\367"
  91      0D1CFFA2 
  91      113FC21A 
  91      34082708 
  91      68F7
  92 00df E3796BA7 		.ascii	"\343yk\247\333e\350\216\270\221S\2708:U\357\340\250"
  92      DB65E88E 
  92      B89153B8 
  92      383A55EF 
  92      E0A8
  93 00f1 D6F7B272 		.ascii	"\326\367\262r\276\366\221\037\021D\253|\255\263\257"
  93      BEF6911F 
  93      1144AB7C 
  93      ADB3AF
  94 0100 71F3BCCB 		.ascii	"q\363\274\313&R\305\312z\217\006\370\221\\\372\362\306"
  94      2652C5CA 
  94      7A8F06F8 
  94      915CFAF2 
  94      C6
  95 0111 AD430B10 		.ascii	"\255C\013\020\252\355LL@;\231\035\014\205\314\2779\235"
  95      AAED4C4C 
  95      403B991D 
  95      0C85CCBF 
  95      399D
  96 0123 3027A296 		.ascii	"0'\242\226i\305cfbnv<:\2310\247\346-\253S\207\306H\304"
  96      69C56366 
  96      626E763C 
  96      3A9930A7 
  96      E62DAB53 
  97 013b 6710FB01 		.ascii	"g\020\373\001Xhn\210"
  97      58686E88 
ARM GAS  C:\Users\johnb\AppData\Local\Temp\ccG5w1jw.s 			page 7


  98              		.text
  99              		.section	.gnu.lto_get.5f7e46a,"",%progbits
 100 0000 789C6365 		.ascii	"x\234ce`bx\307\300\300`\004\304\322@\314\310\314\300"
 100      606278C7 
 100      C0C06004 
 100      C4D240CC 
 100      C8CCC0
 101 0013 C834E11C 		.ascii	"\3104\341\034\003C#\007\023##\210\321\300\301\310P\317"
 101      03432307 
 101      13232388 
 101      D1C0C1C8 
 101      50CF
 102 0025 C458CFD8 		.ascii	"\304X\317\330\317<\235\231\361b\313\2069\314}\314\363"
 102      CF3C9D99 
 102      F162CB86 
 102      39CC7DCC 
 102      F3
 103 0036 81CA5880 		.ascii	"\201\312X\200\334\217gg=\346\003q\031\031\025\200\334"
 103      DC8F6767 
 103      3DE60371 
 103      19191580 
 103      DC
 104 0047 273BDBDE 		.ascii	"';\333\336\262h.o\000\202\003\323g\261\315\333t\241"
 104      B2682E6F 
 104      008203D3 
 104      67B1CDDB 
 104      74A1
 105 0059 81733E33 		.ascii	"\201s>3\023\303L\240\362\025\2142\214\313\031e@v\254"
 105      13C34CA0 
 105      F2158C32 
 105      8CCB1965 
 105      4076AC
 106 006c 64D4042A 		.ascii	"d\324\004*\276|\366\352\004vf\003F\006 {s\307\202\235"
 106      BE7CF6EA 
 106      04766603 
 106      4606207B 
 106      73C7829D 
 107 0080 3CEA4B1B 		.ascii	"<\352K\033\032\232\032\016\034\231\314\334\2402\237"
 107      1A9A1A0E 
 107      1C99CCDC 
 107      A0329F
 108 008f 99997115 		.ascii	"\231\231q\025#3\262F\240\020\003\343jFu\220\372G\033"
 108      2333B246 
 108      A01003E3 
 108      6A467590 
 108      FA471B
 109 00a2 FF4DE565 		.ascii	"\377M\345ec\001\031\0144o\015#\033#\220^\177\211\361"
 109      6301190C 
 109      346F0D23 
 109      1B23905E 
 109      7F89F1
 110 00b5 40C3BFFF 		.ascii	"@\303\277\377\355\015\007\236,f\334\352\306\304\300"
 110      ED0D079E 
 110      2C66DCEA 
 110      C6C4C0
 111 00c4 D0059406 		.ascii	"\320\005\224\006\371\241\033\350\006 \315\374\226\261"
 111      F9A11BE8 
ARM GAS  C:\Users\johnb\AppData\Local\Temp\ccG5w1jw.s 			page 8


 111      0620CDFC 
 111      96B1
 112 00d2 69C1F31E 		.ascii	"i\301\363\036)\220\006\240!\007\037l\372\310\015r<\023"
 112      299006A0 
 112      21071F6C 
 112      FAC80D72 
 112      3C13
 113 00e4 230BE35A 		.ascii	"#\013\343Z\260\323\200:\030A*\201zu\365\364\364\341"
 113      B0D3803A 
 113      18412A81 
 113      7A75F5F4 
 113      F4E1
 114 00f6 28BF583F 		.ascii	"(\277X?#1G?'3I\277\270\244(51\267X?\2574'\007\312\326"
 114      2331473F 
 114      273349BF 
 114      B8A42835 
 114      31B7583F 
 115 0110 4B6660CA 		.ascii	"Kf`\312,\000\000\255R^z"
 115      2C0000AD 
 115      525E7A
 116              		.text
 117              		.section	.gnu.lto_nullObjectInit.5f7e46a,"",%progbits
 118 0000 789C4D50 		.ascii	"x\234MPK/\203A\024\275\347\273_[\022\304R\350\302B\""
 118      4B2F8341 
 118      14BDE7BB 
 118      5F5B12C4 
 118      52E8C242 
 119 0015 16FA49FC 		.ascii	"\026\372I\374\007\377\003\221\020E\243ll:\352Q!\036"
 119      07FF0391 
 119      1045A36C 
 119      6C3AEA51 
 119      211E
 120 0027 0B14D17C 		.ascii	"\013\024\321|\025\032\317>\324B\25446B<\302\017\260"
 120      151ACF3E 
 120      D442AC34 
 120      36423CC2 
 120      0FB0
 121 0039 4088D742 		.ascii	"@\210\327B\020I\023\217;%\342f&s\357\314\231s\317\271"
 121      1049138F 
 121      3B25E266 
 121      2673EFCC 
 121      9973CFB9 
 122 004d 0E32681C 		.ascii	"\0162h\034D\265DT&\033L0&N\210z\363\014@'*\017\0240"
 122      44B54454 
 122      261B4C30 
 122      264E887A 
 122      F30C4027 
 123 0065 10C03887 		.ascii	"\020\3008\207\031{\241\233\035\243jYId\302\027\316A"
 123      197BA19B 
 123      1DA36A59 
 123      4964C217 
 123      CE41
 124 0077 35506233 		.ascii	"5Pb3\321\254l\035XF\225\240\316\372S\363<\3066\003\246"
 124      D1AC6C1D 
 124      584695A0 
 124      CEFA53F3 
 124      3CC63603 
ARM GAS  C:\Users\johnb\AppData\Local\Temp\ccG5w1jw.s 			page 9


 125 008c 94CFC773 		.ascii	"\224\317\307sWE\2724P.\345\355B\372\321\344\032\220"
 125      5745BA34 
 125      502EE5ED 
 125      42FAD1E4 
 125      1A90
 126 009e E4E16CFF 		.ascii	"\344\341l\377\232Y\031S*\2502G\223\254*lf\254\201\205"
 126      9A591953 
 126      2AA83247 
 126      93AC2A6C 
 126      66AC8185 
 127 00b2 10AB7063 		.ascii	"\020\253pc\005n\222+\302:*5\376r\363s\252\320i\3764"
 127      056E922B 
 127      C23A2A35 
 127      FE72F373 
 127      AAD069FE 
 128 00c7 C4069CA2 		.ascii	"\304\006\234\242\235\222\347\310\250\317\257\220\312"
 128      9D92E7C8 
 128      A8CFAF90 
 128      CA
 129 00d4 BC2EE1AD 		.ascii	"\274.\341\255\316\024\345\032N\303\002\322\026F\330"
 129      CE14E51A 
 129      4EC302D2 
 129      1646D8
 130 00e3 D027DF21 		.ascii	"\320'\337!\230\015E\266}\372\237pM\017\354\235\272\264"
 130      980D45B6 
 130      7DFA9F70 
 130      4D0FEC9D 
 130      BAB4
 131 00f5 2CCE4979 		.ascii	",\316Iy\337?\034*\260\021\351\025o\321R\233\315\210"
 131      DF3F1C2A 
 131      B011E915 
 131      6FD1529B 
 131      CD88
 132 0107 E88D4B7F 		.ascii	"\350\215K\177\375\030\273\016&\\V\\\373.\267\331\201"
 132      FD18BB0E 
 132      265C565C 
 132      FB2EB7D9 
 132      81
 133 0118 046CCCE4 		.ascii	"\004l\314\344L#\011\353?\231#G\326\227\335})\012|(\231"
 133      4C2309EB 
 133      3F992347 
 133      D697DD7D 
 133      290A7C28 
 134 012d 8E6351E3 		.ascii	"\216cQ\343\344\356`n\275U\363\027\333\354\304\246L4"
 134      E4EE606E 
 134      BD55F317 
 134      DBECC4A6 
 134      4C34
 135 013f F54BFE75 		.ascii	"\365K\376u\237N\344\013xF\032\367h\206\264\260\013\363"
 135      9F4EE40B 
 135      78461AF7 
 135      6886B4B0 
 135      0BF3
 136 0151 1602F484 		.ascii	"\026\002\364\204`\364a\024Zrn\302\303\"V\274\030D\325"
 136      60F46114 
 136      5A726EC2 
 136      C32256BC 
ARM GAS  C:\Users\johnb\AppData\Local\Temp\ccG5w1jw.s 			page 10


 136      1844D5
 137 0164 1E8FF5B7 		.ascii	"\036\217\365\267:\374Vs\275\327\362\2664X\376\256\316"
 137      3AFC5673 
 137      BDD7F2B6 
 137      3458FEAE 
 137      CE
 138 0175 A6FA36BF 		.ascii	"\246\3726\277\325\336\355\365\376\346\236F\342v\277"
 138      D5DEEDF5 
 138      FEE69E46 
 138      E276BF
 139 0184 EF1B0E52 		.ascii	"\357\033\016R\224\031"
 139      9419
 140              		.text
 141              		.section	.gnu.lto_vmt.5f7e46a,"",%progbits
 142 0000 789C6365 		.ascii	"x\234ce`b\230\311\300\300\240\317\000\001\323\231\031"
 142      606298C9 
 142      C0C0A0CF 
 142      0001D399 
 142      19
 143 0011 77EE7C73 		.ascii	"w\356|s\233\275\376oCGC\303\203\3569\314u\363\231\031"
 143      9BBDFE6F 
 143      434743C3 
 143      83EE39CC 
 143      75F39919 
 144 0025 66326348 		.ascii	"f2cH-x\306<\237\231q&3#\206\304*\240\004\323Lf&\014"
 144      2D78C63C 
 144      9F997126 
 144      332386C4 
 144      2AA004D3 
 145 003d 89574CF3 		.ascii	"\211WL\363\231\231g23\203%\276>{\262\237\303b[C\307"
 145      99996732 
 145      338325BE 
 145      3E7BB29F 
 145      C3625B43 
 146 0052 820687F9 		.ascii	"\202\006\207\371\314,3\230\031\030W1\326\317`fd\\\011"
 146      CC2C3398 
 146      19185731 
 146      D6CF6066 
 146      645C09
 147 0065 A2981857 		.ascii	"\242\230\030W\200(f\306\345\214\365\014\214\253\031"
 147      802866C6 
 147      E58CF50C 
 147      8CAB19
 148 0074 2D1874F5 		.ascii	"-\030t\365\364\364\341(\277X?#1G?'3I\277\270\244(51"
 148      F4F4E128 
 148      BF583F23 
 148      31473F27 
 148      3349BFB8 
 149 008c B7583FAF 		.ascii	"\267X?\2574'\007\312\326Kf\000\000`\313I\001"
 149      342707CA 
 149      D64B6600 
 149      0060CB49 
 149      01
 150              		.text
 151              		.section	.gnu.lto_.symbol_nodes.5f7e46a,"",%progbits
 152 0000 789C6365 		.ascii	"x\234ce`b\310e\000\002\246\251L\365\014\014\023\316"
 152      6062C865 
ARM GAS  C:\Users\johnb\AppData\Local\Temp\ccG5w1jw.s 			page 11


 152      0002A6A9 
 152      4CF50C0C 
 152      13CE
 153 0012 313000A9 		.ascii	"10\000\251\035\013\0166\260\001\305\2461\3253\242\213"
 153      1D0B0E36 
 153      B001C5A6 
 153      31D533A2 
 153      8B
 154 0023 4D67AA67 		.ascii	"Mg\252gB\027\233\301T\317\214.6\213\251\236\005&\266"
 154      42179BC1 
 154      54CF8C2E 
 154      368BA99E 
 154      0526B6
 155 0036 ABC19181 		.ascii	"\253\301\221\201\201u&\023C\203\022\003\0033\003\000"
 155      81752613 
 155      43831203 
 155      03330300 
 156 0046 8DFC1C8F 		.ascii	"\215\374\034\217"
 157              		.text
 158              		.section	.gnu.lto_.refs.5f7e46a,"",%progbits
 159 0000 789C05C1 		.ascii	"x\234\005\301\261\001\000\000\010\303\2404\332\335\377"
 159      B1010000 
 159      08C3A034 
 159      DADDFF
 160 000f AF158A1C 		.ascii	"\257\025\212\034\220\265\331\212Q\207\007\003S\000<"
 160      90B5D98A 
 160      51870703 
 160      53003C
 161              		.text
 162              		.section	.gnu.lto_.decls.5f7e46a,"",%progbits
 163 0000 789CAD56 		.ascii	"x\234\255VkL\024W\024\2363\263,\260,`\304\030\233\220"
 163      6B4C1457 
 163      149E33B3 
 163      2CB02C60 
 163      C4189B90 
 164 0014 86189AF0 		.ascii	"\206\030\232\360\307]\321\3066m\177\330\230\324\366"
 164      C75DD1C6 
 164      366D7FD8 
 164      98D4F6
 165 0023 873569AB 		.ascii	"\2075i\253\177\272\311\006\226\255l\003\213e\207\326"
 165      7FBAC906 
 165      96AD6C03 
 165      8B6587D6 
 166 0033 F6473382 		.ascii	"\366G3\202\340\2535P\213\210\025Kik\245\202hET\020]"
 166      E0AB3550 
 166      8B88154B 
 166      696BA582 
 166      68455410 
 167 0048 7C82A282 		.ascii	"|\202\242\202\217Z\225\005\021\024E\344\335E\304\226"
 167      8F5A9505 
 167      111445E4 
 167      DD45C496 
 168 0058 9E7BEFBC 		.ascii	"\236{\357\274\226.i\332t\302\231\2359s\276\373}\347"
 168      962E69DA 
 168      74C2999D 
 168      3973BEFB 
 168      7DE7
ARM GAS  C:\Users\johnb\AppData\Local\Temp\ccG5w1jw.s 			page 12


 169 006a 317708E1 		.ascii	"1w\010\341x\2568\202\343\226\362\034W\015\0347\211G"
 169      78AE3882 
 169      E396F21C 
 169      570D1C37 
 169      8947
 170 007c 28C77195 		.ascii	"(\307q\225\234v\204\240\235DkB\273\211\346C\233@\303"
 170      9C7684A0 
 170      9D446B42 
 170      BB89E643 
 170      9B40C3
 171 008f 70EE1917 		.ascii	"p\356\031\027x\344\002\213\237\2116\013\355\000\332"
 171      78E4028B 
 171      9F89360B 
 171      ED00DA
 172 009e 0AB463F2 		.ascii	"\012\264c\362s\220\327\232zl\235\006wF\207k\012\202"
 172      7390D79A 
 172      7A6C9D06 
 172      7746876B 
 172      0A82
 173 00b0 3B380577 		.ascii	";8\005wC\306\325\352p7\203\340\352\360\201!\010N\301"
 173      43C6D5EA 
 173      703783E0 
 173      EAF08121 
 173      084EC1
 174 00c3 F88260C6 		.ascii	"\370\202`\306\360\001\251\315J\035\356\011\232\037m"
 174      F001A9CD 
 174      4A1DEE09 
 174      9A1F6D
 175 00d2 086D50C6 		.ascii	"\010mP\306\016\313\277\323\325h\\\326\374\020\255\023"
 175      0ECBBFD3 
 175      D5685CD6 
 175      FC10AD13 
 176 00e2 AD0BED9E 		.ascii	"\255\013\355\236\214'\232\006\320\036\241\365\241\365"
 176      8C279A06 
 176      D01EA1F5 
 176      A1F5
 177 00f0 CB3E9F9C 		.ascii	"\313>\237\234\007\251A\260\372\025\011P\363\345\351"
 177      07A941B0 
 177      FA150950 
 177      F3E5E9
 178 00ff 7ABE1DDA 		.ascii	"z\276\035\332\000[\0113X&\300\316@\215\336N*\007\000"
 178      005B0933 
 178      5826C0CE 
 178      408DDE4E 
 178      2A0700
 179 0112 F5A397A7 		.ascii	"\365\243\227\247g\026H]\240 \344{^\276\345\345%\351"
 179      6716485D 
 179      A020E47B 
 179      5EBEE5E5 
 179      25E9
 180 0124 9F0C06DD 		.ascii	"\237\014\006\335\212\3541cR\016V\003vAa\012\032x\215"
 180      8AEC3163 
 180      520E5603 
 180      7641610A 
 180      1A788D
 181 0137 00400FD0 		.ascii	"\000@\017\320-\310d\313\317U}\234\226\034(\331\017\025"
 181      2DC864CB 
ARM GAS  C:\Users\johnb\AppData\Local\Temp\ccG5w1jw.s 			page 13


 181      CF557D9C 
 181      961C28D9 
 181      0F15
 182 0149 37DF3775 		.ascii	"7\3377u\200\217xK\027\003\365]\370\246\244\000\004\036"
 182      808F784B 
 182      1703F55D 
 182      F8A6A400 
 182      041E
 183 015b C875C7F8 		.ascii	"\310u\307\370\2367,\025\022;\302\236\323\312\346k,\337"
 183      9E372C15 
 183      123BC29E 
 183      D3CAE66B 
 183      2CDF
 184 016d 2B6C1160 		.ascii	"+l\021`\271\011\010g4\272\252\372\216\216G2\027\211"
 184      B9090867 
 184      34BAAAFA 
 184      8E8E4732 
 184      1789
 185 017f F8617CE0 		.ascii	"\370a|\340\260Y\230I\257[\327\355\337I\242g\232\300"
 185      B0599849 
 185      AF5BD7ED 
 185      DF49A267 
 185      9AC0
 186 0191 40582FEE 		.ascii	"@X/\356\350\212\302\333Y&\210+\022\370\326\372\307\235"
 186      E88AC2DB 
 186      5926882B 
 186      12F8D6FA 
 186      C79D
 187 01a3 619060DA 		.ascii	"a\220`\332MH\274\227\267ZFr%\211\207\003`\202J\020\340"
 187      4D48BC97 
 187      B75A4672 
 187      25898703 
 187      60824A10 
 188 01b8 67B010C9 		.ascii	"g\260\020\311\313Mx\336 I\331R~\216\024\376&\007U\020"
 188      CB4D78DE 
 188      2049D952 
 188      7E8E14FE 
 188      26075510 
 189 01cc 0BFB2096 		.ascii	"\013\373 \226\203\375\220@HI\034T\240s/:\221e\327\311"
 189      83FD9040 
 189      48491C54 
 189      A0732F3A 
 189      9165D7C9 
 190 01e0 81B56603 		.ascii	"\201\265f\003i+Y)\331@|U\271\335\345a\310\034\213\262"
 190      692B5929 
 190      D9407C55 
 190      B9DDE561 
 190      C81C8BB2 
 191 01f4 41A73996 		.ascii	"A\2479\226i\256\366\216T\032\204\317\3115_S\335\275"
 191      69AEF68E 
 191      541A84CF 
 191      C9355F53 
 191      DDBD
 192 0206 C3A4AA3A 		.ascii	"\303\244\252:Wn\311]OT\035\306\265\016i\252bUU\203e"
 192      576EC95D 
 192      4F541DC6 
 192      B50E69AA 
ARM GAS  C:\Users\johnb\AppData\Local\Temp\ccG5w1jw.s 			page 14


 192      62555583 
 193 021b 92308783 		.ascii	"\2220\207\203\205\2610\0375\325\240\246XYS5j:\3104\225"
 193      85B1301F 
 193      35D5A0A6 
 193      58595335 
 193      6A3AC834 
 194 0230 7FBBE774 		.ascii	"\177\273\347t\2440\000\224\241\270\260\241:Je\230<>"
 194      A4300094 
 194      A1B8B0A1 
 194      3A4A6598 
 194      3C3E
 195 0242 F720CDBB 		.ascii	"\367 \315\273\026\031\216h\014H\030\234\342hp\212\272"
 195      16198E68 
 195      0C48189C 
 195      E268708A 
 195      BA
 196 0253 A1916130 		.ascii	"\241\221a0\311\361\033\3769\376H\343\211^\263y\223Z"
 196      C9F11BFE 
 196      39FE48E3 
 196      895EB379 
 196      935A
 197 0265 58A8437E 		.ascii	"X\250C~\245\266\034\034\003\263\334\362\257|}\227\242"
 197      A5B61C1C 
 197      03B3DCF2 
 197      AF7C7D97 
 197      A2
 198 0276 683DD107 		.ascii	"h=\321\007\277\000-\350\266+\331\245\341\324\271\302"
 198      BF002DE8 
 198      B62BD9A5 
 198      E1D4B9C2 
 199 0286 0CF5CC77 		.ascii	"\014\365\314wfr\314\033\315\272\315\343\355\225\301"
 199      6672CC1B 
 199      CDBACDE3 
 199      ED95C1
 200 0295 E69208D6 		.ascii	"\346\222\010\326\355\031x\333\323y\241,z\3166:Q9\322"
 200      ED1978DB 
 200      D379A12C 
 200      7ACE363A 
 200      5139D2
 201 02a8 0CD6672F 		.ascii	"\014\326g/\362\235\240|\0150\007\317\307\301\300H\213"
 201      F29DA07C 
 201      0D3007CF 
 201      C7C1C048 
 201      8B
 202 02b9 F77CDD16 		.ascii	"\367|\335\026>\267Tj\271#y;n\315\377\375\373<\251\005"
 202      3EB7546A 
 202      B923793B 
 202      6ECDFFFD 
 202      FB3CA905 
 203 02cd 818B6920 		.ascii	"\201\213i \224ke\302K<\357\201\016\200\237\240\035\347"
 203      946B65C2 
 203      4B3CEF81 
 203      0E809FA0 
 203      1DE7
 204 02df FD24CC45 		.ascii	"\375$\314E\374x\301\305\352\020a\255\000\323M\304\325"
 204      FC78C1C5 
 204      EA1061AD 
ARM GAS  C:\Users\johnb\AppData\Local\Temp\ccG5w1jw.s 			page 15


 204      00D34DC4 
 204      D5
 205 02f0 89AF8678 		.ascii	"\211\257\206x}\372\265\001\351\237Q\323\2774z\301\037"
 205      7DFAB501 
 205      E99F51D3 
 205      BF347AC1 
 205      1F
 206 0301 49C1E883 		.ascii	"I\301\350\203\323,\325]]\273O\204(\351\237e\276f\177"
 206      D32CD55D 
 206      5DBB4F84 
 206      28E99F65 
 206      BE667F
 207 0314 6E033F7D 		.ascii	"n\003?}\202\2154\301sJ\202u\327\266_7\311\011\336\335"
 207      828D34C1 
 207      734A8275 
 207      D7B65F37 
 207      C909DEDD 
 208 0328 26485F23 		.ascii	"&H_#j\006\011\202SZr\247\246&\327D\223\233\034\030i"
 208      6A060982 
 208      535A72A7 
 208      A626D744 
 208      939B1C18 
 209 033d 370BEB59 		.ascii	"7\013\353YrC\347\272\013\201J\251U\223\033\371fg\265"
 209      7243E7BA 
 209      0B814AA9 
 209      55931BF9 
 209      6667B5
 210 0350 2AEF0293 		.ascii	"*\357\002\223\227\373ee\221\011\333adon(\272\272\007"
 210      97FB6565 
 210      9109DB61 
 210      646F6E28 
 210      BABA07
 211 0363 9FD61898 		.ascii	"\237\326\030\230\213\210^\203\256\222\342\266\003Q\302"
 211      8B885E83 
 211      AE92E2B6 
 211      0351C2
 212 0372 66BA34DF 		.ascii	"f\2724\337\327\271qS\230\356UXT<(Iq\320\212<\2275\221"
 212      D7B97153 
 212      98EE5558 
 212      543C2849 
 212      71D08A3C 
 213 0389 46794EA5 		.ascii	"FyN\245\277\275\240-8yFy\362.\241\363\"\233\274\341"
 213      BFBDA02D 
 213      38794679 
 213      F22EA1F3 
 213      229BBCE1 
 214 039d F1C16A83 		.ascii	"\361\301j\203P\31086u\016\377\021\015\246\204\240\013"
 214      50C83836 
 214      750EFF11 
 214      0DA684A0 
 214      0B
 215 03ae 5C0BB280 		.ascii	"\\\013\262\200\362\326,8D\337\232\253(\346\212&\246"
 215      F2D62C38 
 215      44DF9AAB 
 215      28E68A26 
 215      A6
 216 03bf 95BE3548 		.ascii	"\225\2765Hr\343\213\253\267\215B\011#\031\357m\254\214"
ARM GAS  C:\Users\johnb\AppData\Local\Temp\ccG5w1jw.s 			page 16


 216      72E38BAB 
 216      B78D4209 
 216      2319EF6D 
 216      AC8C
 217 03d1 5013E9E8 		.ascii	"P\023\351\350\213\337\376\224$r\003\261\3275\354U\230"
 217      8BDFFE94 
 217      247203B1 
 217      D735EC55 
 217      98
 218 03e2 36935F83 		.ascii	"6\223_\203g\262\2777\377G\263\276\3457\002Z\376\033"
 218      67B2BF37 
 218      FF47B3BE 
 218      E537025A 
 218      FE1B
 219 03f4 6D79B3D2 		.ascii	"my\263\322\362\212\261\007\265\021\352L\277\330\243"
 219      F28AB107 
 219      B511EA4C 
 219      BFD8A3
 220 0403 CD3406C2 		.ascii	"\3154\006\302yM\310\371\251m\277I\333^\345+\333\020"
 220      794DC8F9 
 220      A96DBF49 
 220      DB5EE52B 
 220      DB10
 221 0415 2974B0B6 		.ascii	")t\260\266\357\253\230\330oRZ\314\272\276/\377\361\354"
 221      EFAB98D8 
 221      6F525ACC 
 221      BABE2FFF 
 221      F1EC
 222 0427 E9C5B451 		.ascii	"\351\305\264Q1\267\0251\1774m>l\224\305\364\316)\226"
 222      31B71531 
 222      7F346D3E 
 222      6C94C5F4 
 222      CE2996
 223 043a BCD91229 		.ascii	"\274\331\022)'F\301-M\311\255\251J|TI\376\226\247\023"
 223      2746C12D 
 223      4DC9ADA9 
 223      4A7C5449 
 223      FE96A713 
 224 044e 61421753 		.ascii	"aB\027SR0\371\303\265pa\230\335\354\250\033=\037\302"
 224      5230F9C3 
 224      B5706198 
 224      DDECA81B 
 224      3D1FC2
 225 0461 F68030BC 		.ascii	"\366\2000\274\035\234\3109\035\241\177\313H\246\332"
 225      1D9CC839 
 225      1DA17FCB 
 225      48A6DA
 226 0470 5BD6A9BE 		.ascii	"[\326\251\276e\375y\265\276(\301\317\026\371\363\354"
 226      65FD79B5 
 226      BE28C1CF 
 226      16F9F3EC 
 227 0480 A69E503D 		.ascii	"\246\236P=\2521\000\325\245\242\256\367\034\365G\010"
 227      AA3100D5 
 227      A5A2AEF7 
 227      1CF54708 
 228 0490 130CB5F1 		.ascii	"\023\014\265\361\300\303'QzTC\000\352\236\212\312\336"
 228      C0C32751 
ARM GAS  C:\Users\johnb\AppData\Local\Temp\ccG5w1jw.s 			page 17


 228      7A544300 
 228      EA9E8ACA 
 228      DE
 229 04a1 37DA1C25 		.ascii	"7\332\034%\2545P\224\262K\315d\273T\315\375\246\263"
 229      AC355094 
 229      B24BCD64 
 229      BB54CDFD 
 229      A6B3
 230 04b3 26B66949 		.ascii	"&\266iI\344CQ\264\253\346\227\200\004\332\002\026}\250"
 230      E44351B4 
 230      ABE69780 
 230      04DA0216 
 230      7DA8
 231 04c5 2C6ACCDF 		.ascii	",j\314\337\\Vb\206\230\370\370\204\370\370\002:B\330"
 231      5C566286 
 231      98F8F884 
 231      F8F8023A 
 231      42D8
 232 04d7 5903070F 		.ascii	"Y\003\007\0170\266\207\214\320}\254j/\304\220\312\302"
 232      30B6878C 
 232      D07DAC6A 
 232      2FC490CA 
 232      C2
 233 04e8 631CA701 		.ascii	"c\034\247\001\210\207Gh}h\375\020O?\260e\204\307;\271"
 233      88874768 
 233      7D68FD10 
 233      4F3FB065 
 233      84C73BB9 
 234 04fc 51E8DF9D 		.ascii	"Q\350\337\235'\345'\221L\341\256\214Sg\321J\210\253"
 234      27E52791 
 234      4CE1AE8C 
 234      5367D14A 
 234      88AB
 235 050e 08BD1CDF 		.ascii	"\010\275\034\337\010\215\363I)\351\010\005\204\336\241"
 235      088DF349 
 235      29E90805 
 235      84DEA1
 236 051d 22134928 		.ascii	"\"\023I(\033\375\376<\001\277\347$\210\223[\254\321"
 236      1BFDFE3C 
 236      01BFE724 
 236      88935BAC 
 236      D1
 237 052e FA17E114 		.ascii	"\372\027\341\024\254\023HNt\004\202\254\3647V,*t\007"
 237      AC13484E 
 237      740482AC 
 237      F437562C 
 237      2A7407
 238 0541 154849C9 		.ascii	"\025HI\311V\224\227]\030\031#Wd\303t\025\341\202\226"
 238      5694975D 
 238      18192357 
 238      64C37415 
 238      E18296
 239 0554 03E1393B 		.ascii	"\003\3419;On\013\327\327\177P\307\304\301\220R\177a"
 239      4F6E0BD7 
 239      D77F50C7 
 239      C4C19052 
 239      7F61
ARM GAS  C:\Users\johnb\AppData\Local\Temp\ccG5w1jw.s 			page 18


 240 0566 EF77A5F5 		.ascii	"\357w\245\365\021\020\237\020\303\324\235\335\376\374"
 240      11109F10 
 240      C3D49DDD 
 240      FEFC
 241 0574 D61C0915 		.ascii	"\326\034\011\025b\004N\257\000\243\301\025\262\262\370"
 241      62044EAF 
 241      00A3C115 
 241      B2B2F8
 242 0583 8B685946 		.ascii	"\213hYF\003\313R \357\004D\264F9*\367p\004{8\254\011"
 242      03CB5220 
 242      EF0444B4 
 242      46392AF7 
 242      70047B38 
 243 0599 DDB9A5AD 		.ascii	"\335\271\245\255\306,\324\323\241\342\017n<t\202\207"
 243      C62CD4D3 
 243      A1E20F6E 
 243      3C748287 
 244 05a9 9884602B 		.ascii	"\230\204`+\300\030\002\203-\302\244\374\272\335H\244"
 244      C0180283 
 244      2DC2A4FC 
 244      BADD48A4 
 245 05b9 F831E077 		.ascii	"\3701\340w\355=$\3128\366\331jm\017\323\327\303\037"
 245      ED3D24CA 
 245      38F6D96A 
 245      6D0FD3D7 
 245      C31F
 246 05cb 508F27EA 		.ascii	"P\217'\352\2207\256\037+\344\351\376\200>y\203\250\177"
 246      9037AE1F 
 246      2BE4E9FE 
 246      803E7983 
 246      A87F
 247 05dd B6F90B83 		.ascii	"\266\371\013\203~\207X9[\267A<\245\033\304\270\262A"
 247      7E875839 
 247      5BB7413C 
 247      A51BC4B8 
 247      B241
 248 05ef B4ACF51D 		.ascii	"\264\254\365\035\013\305\015\242\224\356V\257\355\250"
 248      0BC50DA2 
 248      94EE56AF 
 248      EDA8
 249 05fd 50772B0C 		.ascii	"Pw+\014\304\275@\325\326>u\217\230\240{Ds\353DC\364"
 249      C4BD40D5 
 249      D63E758F 
 249      98A07B44 
 249      73EB4443 
 250 0612 0BDF4B2D 		.ascii	"\013\337K-^\311{\277x6~\337X\363:\030R\035\003\216z"
 250      5EC97BBF 
 250      78367EDF 
 250      58F33A18 
 250      521D038E 
 251 0627 DEC37FAB 		.ascii	"\336\303\177\253\237\301\013\234\361\223L\227\350\364"
 251      9FC10B9C 
 251      F1934C97 
 251      E8F4
 252 0635 842D7D7B 		.ascii	"\204-}{E\334\222\304D\316\350q}\346\264\213)\216Wl\216"
 252      45DC92C4 
 252      44CEE871 
ARM GAS  C:\Users\johnb\AppData\Local\Temp\ccG5w1jw.s 			page 19


 252      7DE6B48B 
 252      298E576C 
 253 064a 5457B2CB 		.ascii	"TW\262\313#f\245\2702lbFF\232\307\266\312\235\025G\257"
 253      2366A5B8 
 253      326C6246 
 253      469AC7B6 
 253      CA9D1547 
 254 065f E29232D3 		.ascii	"\342\2222\323\343\234\351\311\316\224\024g\212m\221"
 254      E39CE9C9 
 254      CE941467 
 254      8A6D91
 255 066e 6561DC82 		.ascii	"ea\334\202\371\211/}\224hKs%\333V9\0346|>\317\235\341"
 255      F9892F7D 
 255      94684B73 
 255      25DB5639 
 255      1C367C3E 
 256 0685 76CE7326 		.ascii	"v\316s&%\273H\200%\321\346r;\322\262R\2346\217\210\250"
 256      25BB4880 
 256      25D1E672 
 256      3BD2B252 
 256      9C368F88 
 257 069a 0F2CA95C 		.ascii	"\017,\251\\\270\335\236\345r\213/\333\305\017\376#]"
 257      B8DD9EE5 
 257      728B2FDB 
 257      C50FFE23 
 257      5D
 258 06ab 208D4290 		.ascii	" \215B\220\236\204k\271\2356;\322$e\245\211v\361\323"
 258      9E846BB9 
 258      9D363BD2 
 258      2465A589 
 258      76F1D3
 259 06be D54E0F12 		.ascii	"\325N\017\022\206\312t\357\377\257t\236O=6;&\205k#\307"
 259      86CA74EF 
 259      FFAF749E 
 259      4F3D363B 
 259      26856B23 
 260 06d3 3C8BC5AA 		.ascii	"<\213\305\252\376ex\254\251IiV\254\212\325#f:\223\322"
 260      FE6578AC 
 260      A9496956 
 260      AC8AD523 
 260      663A93D2 
 261 06e7 3D567756 		.ascii	"=VwVZ\232|mqp!x\221\342\021Vg\211X\014\\`\341\002\273"
 261      5A9A7C6D 
 261      71702178 
 261      91E21156 
 261      6789580C 
 262 0700 182AFF86 		.ascii	"\030*\377\206\244{V\331\305W\247\254\347\310HO\317p"
 262      A47B56D9 
 262      C557A7AC 
 262      E7C8484F 
 262      CF70
 263 0712 5B576764 		.ascii	"[Wgd\212\036\353\353\357,[\262l\015\361\255v\24593="
 263      8A1EEBEB 
 263      EF2C5BB2 
 263      6C0DF1AD 
 263      76A53933 
 264 0727 D6A54B96 		.ascii	"\326\245K\226X\035\251J\276\302*\247\030E\010\227'\177"
ARM GAS  C:\Users\johnb\AppData\Local\Temp\ccG5w1jw.s 			page 20


 264      581DA94A 
 264      BEC22AA7 
 264      18450897 
 264      277F
 265 0739 E874886F 		.ascii	"\350t\210o\271]\242\360q\272h \244!\264\361\221o\343"
 265      B95DA2F0 
 265      71BA6820 
 265      A421B4F1 
 265      916FE3
 266 074c D377A99C 		.ascii	"\323w\251\234\225\313\336\3737\332S9\223\206\375\013"
 266      95CBDEFB 
 266      37DA5339 
 266      9386FD0B 
 267 075c 5F3F2B3B 		.ascii	"_?+;"
 268              		.text
 269              		.section	.gnu.lto_.symtab.5f7e46a,"",%progbits
 270 0000 6E756C6C 		.ascii	"nullObjectInit\000"
 270      4F626A65 
 270      6374496E 
 270      697400
 271 000f 00       		.ascii	"\000"
 272 0010 00       		.ascii	"\000"
 273 0011 00       		.ascii	"\000"
 274 0012 00000000 		.ascii	"\000\000\000\000\000\000\000\000"
 274      00000000 
 275 001a FB000000 		.ascii	"\373\000\000\000"
 276              		.text
 277              		.section	.gnu.lto_.opts,"",%progbits
 278 0000 272D666D 		.ascii	"'-fmath-errno' '-fsigned-zeros' '-ftrapping-math' '"
 278      6174682D 
 278      6572726E 
 278      6F272027 
 278      2D667369 
 279 0033 2D666E6F 		.ascii	"-fno-trapv' '-fno-openmp' '-fno-openacc' '-mcpu=cor"
 279      2D747261 
 279      70762720 
 279      272D666E 
 279      6F2D6F70 
 280 0066 7465782D 		.ascii	"tex-m4' '-mno-thumb-interwork' '-mthumb' '-ggdb' '-"
 280      6D342720 
 280      272D6D6E 
 280      6F2D7468 
 280      756D622D 
 281 0099 4F322720 		.ascii	"O2' '-fomit-frame-pointer' '-falign-functions=16' '"
 281      272D666F 
 281      6D69742D 
 281      6672616D 
 281      652D706F 
 282 00cc 2D666675 		.ascii	"-ffunction-sections' '-fdata-sections' '-fno-common"
 282      6E637469 
 282      6F6E2D73 
 282      65637469 
 282      6F6E7327 
 283 00ff 2720272D 		.ascii	"' '-flto'\000"
 283      666C746F 
 283      2700
 284              		.text
ARM GAS  C:\Users\johnb\AppData\Local\Temp\ccG5w1jw.s 			page 21


 285              		.comm	__gnu_lto_v1,1,1
 286              		.comm	__gnu_lto_slim,1,1
 287              		.ident	"GCC: (GNU Tools for ARM Embedded Processors 6-2017-q1-update) 6.3.1 20170215 (release) [AR
ARM GAS  C:\Users\johnb\AppData\Local\Temp\ccG5w1jw.s 			page 22


DEFINED SYMBOLS
                            *ABS*:00000000 nullstreams.c
                            *COM*:00000001 __gnu_lto_v1
                            *COM*:00000001 __gnu_lto_slim

NO UNDEFINED SYMBOLS
