ARM GAS  C:\Users\johnb\AppData\Local\Temp\ccih4mY9.s 			page 1


   1              		.cpu cortex-m4
   2              		.eabi_attribute 20, 1
   3              		.eabi_attribute 21, 1
   4              		.eabi_attribute 23, 3
   5              		.eabi_attribute 24, 1
   6              		.eabi_attribute 25, 1
   7              		.eabi_attribute 26, 1
   8              		.eabi_attribute 30, 2
   9              		.eabi_attribute 34, 1
  10              		.eabi_attribute 18, 4
  11              		.file	"nvic.c"
  12              		.text
  13              	.Ltext0:
  14              		.section	.gnu.lto_.profile.5f7f295,"",%progbits
  15 0000 789C6365 		.ascii	"x\234ce`b`a```dP\227\002\000\000\350\000N"
  15      60626061 
  15      60606064 
  15      50970200 
  15      00E8004E 
  16              		.text
  17              		.section	.gnu.lto_.icf.5f7f295,"",%progbits
  18 0000 789C6365 		.ascii	"x\234ce`bP`@\000V\206\027\337\372'q3~\336ur'\033\323"
  18      60625060 
  18      40005686 
  18      17DFFA27 
  18      71337EDE 
  19 0019 975317DF 		.ascii	"\227S\027\337s1\317<\262\263\237\213\245\343\336\217"
  19      7331CF3C 
  19      B2B39F8B 
  19      A5E3DE8F 
  20 0029 16260600 		.ascii	"\026&\006\000\013\032\017\221"
  20      0B1A0F91 
  21              		.text
  22              		.section	.gnu.lto_.jmpfuncs.5f7f295,"",%progbits
  23 0000 789C6365 		.ascii	"x\234ce`b\260`@\000\026\006&FF\346\372zF \250g\202\260"
  23      6062B060 
  23      40001606 
  23      264646E6 
  23      FA7A4620 
  24 0018 9918A733 		.ascii	"\231\030\247336\377\332\377\231\257\376o\203\304|f\206"
  24      3336FFDA 
  24      FF99AFFE 
  24      6F83C47C 
  24      6686
  25 002a C5CC4095 		.ascii	"\305\314@\225\214\313\031\353\031\030Y\030X@*\031\000"
  25      8CCB19EB 
  25      19185918 
  25      58402A19 
  25      00
  26 003b 52EF0BBD 		.ascii	"R\357\013\275"
  27              		.text
  28              		.section	.gnu.lto_.inline.5f7f295,"",%progbits
  29 0000 789C458E 		.ascii	"x\234E\216\301\015\3020\014E\377wL\222\266\007\030\000"
  29      C10DC230 
  29      0C45FF77 
  29      4C92B607 
  29      1800
ARM GAS  C:\Users\johnb\AppData\Local\Temp\ccih4mY9.s 			page 2


  30 0012 A99980B5 		.ascii	"\251\231\200\265`\032\256\034\351\215\0018\263\002b"
  30      601AAE1C 
  30      E98D0138 
  30      B30262
  31 0021 148E485C 		.ascii	"\024\216H\\\370I\241X\262-\313\337\357{\005\303\025"
  31      F849A158 
  31      B22DCBDF 
  31      EF7B05C3 
  31      15
  32 0032 FF70A0EF 		.ascii	"\377p\240\357h,\324P\213\307\347\016q\032\015\366X;"
  32      682CD450 
  32      8BC7E70E 
  32      711A0DF6 
  32      583B
  33 0044 34656D32 		.ascii	"4em2\210\234\310&\011>\215\263D[o\020C\327\323Q\016"
  33      889CC826 
  33      093E8DB3 
  33      445B6F10 
  33      43D7D351 
  34 0059 A7C0F7EB 		.ascii	"\247\300\367\353~K\307p\016\344\300\013\267\342\356"
  34      7E4BC770 
  34      0EE4C00B 
  34      B7E2EE
  35 0068 BF5DC7CD 		.ascii	"\277]\307\315\311\305\236\011Bm\252S\251\317\330 \024"
  35      C9C59E09 
  35      426DAA53 
  35      A9CFD820 
  35      14
  36 0079 9529FEAC 		.ascii	"\225)\376\254\026\341b\205\017a\215\026\377"
  36      16E16285 
  36      0F618D16 
  36      FF
  37              		.text
  38              		.section	.gnu.lto_.pureconst.5f7f295,"",%progbits
  39 0000 789C6365 		.ascii	"x\234ce`b\340d```a\220b\224b\222b\221\002\000\002\323"
  39      6062E064 
  39      60606061 
  39      90629462 
  39      92629102 
  40 0017 0084     		.ascii	"\000\204"
  41              		.text
  42              		.section	.gnu.lto_nvicEnableVector.5f7f295,"",%progbits
  43 0000 789C9D53 		.ascii	"x\234\235S\317k\023Q\020~\337N\222M\332$\236\305`{\020"
  43      CF6B1351 
  43      107EDF4E 
  43      924DDA24 
  43      9EC5607B 
  44 0015 422F5982 		.ascii	"B/Y\202\007\317*x\353\305\377@r\261`\223\322J\361\326"
  44      07CF2A78 
  44      EBC5FF40 
  44      72B16093 
  44      D24AF1D6 
  45 0029 97A42618 		.ascii	"\227\244&\030\245\026m\022+\206\215Pm\332\332\246\251"
  45      A5166D12 
  45      2B868D50 
  45      6DDADAA6 
  45      A9
ARM GAS  C:\Users\johnb\AppData\Local\Temp\ccih4mY9.s 			page 3


  46 003a 559BAA10 		.ascii	"U\233\252\020BAr\250\242x\023<\030Qr\250\324\340\301"
  46      424172A8 
  46      A278133C 
  46      185172A8 
  46      D4E0C1
  47 004d 43539DB7 		.ascii	"CS\235\267\033TP\017\372\330}?f\276of\276y\273N\241"
  47      1B54500F 
  47      FAD87D3F 
  47      66BE6F66 
  47      BE79BB4E 
  48 0062 891324C4 		.ascii	"\211\023$\3041!\304!~A\002\332\364s!\342n\015P\033\351"
  48      3121C421 
  48      7E4102DA 
  48      F47321E2 
  48      6E0D501B 
  49 0077 8698D030 		.ascii	"\206\230\3200\201\253\224'\324\323\037\252\332\300\274"
  49      81AB9427 
  49      D4D31FAA 
  49      DAC0BC
  50 0086 E451CBB7 		.ascii	"\344Q\313\267\017\312R\015&\323g\371U\003\363\030`\324"
  50      0FCA520D 
  50      26D367F9 
  50      5503F318 
  50      60D4
  51 0098 CBC9D55B 		.ascii	"\313\311\325[4E&\001\016>~\336\276\331\364\253\243\206"
  51      34452601 
  51      0E3E7EDE 
  51      BED9F4AB 
  51      A386
  52 00aa 7E3E76E4 		.ascii	"~>v\344L\316Oa\010\336\317\326\263o|\301;R&dmk\206\344"
  52      4CCE4F61 
  52      08DECFD6 
  52      B36F7CC1 
  52      3B522664 
  53 00c2 1193088B 		.ascii	"\021\223\010\213 \016\210\005\004PB@\260I`\011A\206"
  53      200E8805 
  53      04504240 
  53      B0496009 
  53      4186
  54 00d4 2F253EEE 		.ascii	"/%>\356\020\035\265\250\227\032\235\246\336\245\276"
  54      101DB5A8 
  54      971A9DA6 
  54      DEA5BE
  55 00e3 CF76A9F7 		.ascii	"\317v\251\367\376@]FP\341\337U\366\263>\227\303\256"
  55      FE405D46 
  55      50E1DF55 
  55      F6B33E97 
  55      C3AE
  56 00f5 152B7081 		.ascii	"\025+p\201\327\362+\324\344\376\267\264\254\275\276"
  56      D7F22BD4 
  56      E4FEB7B4 
  56      ACBDBE
  57 0104 8BFC292F 		.ascii	"\213\374)/\240\340\032\023\035\244&'Tf\235\267N\267"
  57      A0E01A13 
  57      1DA42627 
  57      54669DB7 
  57      4EB7
ARM GAS  C:\Users\johnb\AppData\Local\Temp\ccih4mY9.s 			page 4


  58 0116 9A3C3CB9 		.ascii	"\232<<\271\204\310p\014\325\234\313\244\251\225ZH\264"
  58      84C8700C 
  58      D59CCBA4 
  58      A9955A48 
  58      B4
  59 0127 D39D728F 		.ascii	"\323\235r\217\012[ \255@\020-$wS\260\015\304\266_\333"
  59      0A5B20AD 
  59      40102D24 
  59      7753B00D 
  59      C4B65FDB 
  60 013b E2820365 		.ascii	"\342\202\003e.\257\205z\256\321\2470\354\315]\254\277"
  60      2EAF857A 
  60      AED1A730 
  60      ECCD5DAC 
  60      BF
  61 014c D09557B7 		.ascii	"\320\225W\267\344\255\337\376\364\325k\037e=)\375l\272"
  61      E4ADDFFE 
  61      F4D56B1F 
  61      653D29FD 
  61      6CBA
  62 015e B6D3DEF0 		.ascii	"\266\323\336\360\233(\304\271\373\305\303&\271Qa\235"
  62      9B28C4B9 
  62      FBC5C326 
  62      B951619D 
  63 016e AB1C4811 		.ascii	"\253\034H\021\266\337\256M\0370\226\345d\\\366\233\344"
  63      B6DFAE4D 
  63      1F3096E5 
  63      645CF69B 
  63      E4
  64 017f C11A4CDC 		.ascii	"\301\032L\334\260\356EE[\374R\242pY9\213Q\223zp\037"
  64      B0EE4545 
  64      5BFC52A2 
  64      7059398B 
  64      51937A70 
  65 0194 46819CD6 		.ascii	"F\201\234\326\235\255#\314%\252\202\333\251B\245\330"
  65      9DAD23CC 
  65      25AA82DB 
  65      A942A5D8 
  66 01a4 AD596737 		.ascii	"\255Yg7\023\033s\233{^\273f'\036X5'\367R\013\036\033"
  66      131B739B 
  66      7B5EBB66 
  66      271E5835 
  66      27F7520B 
  67 01ba E4B641D7 		.ascii	"\344\266A\327\347V\252>\005r\242\017\017m\320n\252\241"
  67      E756AA3E 
  67      0572A20F 
  67      0F6DD06E 
  67      AAA1
  68 01cc DB208FCA 		.ascii	"\333 \217\312\277\365,\345\266\303\000\217\020`\252"
  68      BFF52CE5 
  68      B6C3008F 
  68      1060AA
  69 01db ADDEE8AA 		.ascii	"\255\336\350\252\377\027m\275\330\260\264\341wm\343"
  69      FF176DBD 
  69      D8B0B4E1 
  69      776DE3
  70 01ea 26795155 		.ascii	"&yQU\332tK\333\246\322\346\261R\2652\315\336\377J\366"
ARM GAS  C:\Users\johnb\AppData\Local\Temp\ccih4mY9.s 			page 5


  70      DA744BDB 
  70      A6D2E6B1 
  70      52B532CD 
  70      DEFF4AF6 
  71 01fe D84AA6FD 		.ascii	"\330J\246\375%\331\223\237\311\236\332\311v\220(\226"
  71      25D9939F 
  71      C99EDAC9 
  71      76902896 
  72 020e AF586DB4 		.ascii	"\257Xm\264~\212\014\027\312\037\011\007\010\205B\306"
  72      7E8A0C17 
  72      CA1F0907 
  72      088542C6 
  73 021e 8F273666 		.ascii	"\217'6f\234=s\316\030\211\215\236\0373\"\261\341\341"
  73      9C3D73CE 
  73      18898D9E 
  73      1F3322B1 
  73      E1E1
  74 0230 58D4387E 		.ascii	"X\3248~z\360\344\340\005#:>\024\011E\004\242\216\221"
  74      7AF0E4E0 
  74      05233A3E 
  74      14094504 
  74      A28E91
  75 0243 D1A1D877 		.ascii	"\321\241\330w\220\303\026\223"
  75      90C31693 
  76              		.text
  77              		.section	.gnu.lto_nvicDisableVector.5f7f295,"",%progbits
  78 0000 789C9592 		.ascii	"x\234\225\222\317k\023A\024\307\337w\336&\331\332&^"
  78      CF6B1341 
  78      14C7DF77 
  78      DE26D9DA 
  78      265E
  79 0012 0583F620 		.ascii	"\005\203\366 \224^\262\304\377@\004o\275\370\037H\020"
  79      945EB2C4 
  79      FF40046F 
  79      BDF81F48 
  79      10
  80 0023 146C2256 		.ascii	"\024l\"V\212\267N\372c\013\025\265h\233Z1L\204H\323"
  80      8AB74EFA 
  80      630B15B5 
  80      689B5A31 
  80      4C8448D3 
  81 0037 D636FD11 		.ascii	"\3266\375\021\265\365\024\026A\002FQ\360$x\260\"z\250"
  81      B5F51416 
  81      41024651 
  81      F02478B0 
  81      227AA8
  82 004a 68E9C143 		.ascii	"h\351\301C\255\276\331\025\021<9\354\316\314\233\375"
  82      ADBED915 
  82      113C39EC 
  82      CECC9BFD 
  83 005a BCF77DEF 		.ascii	"\274\367}\357\315\306H\321YEt\234\210\016\313\013&\250"
  83      CDC648D1 
  83      5945749C 
  83      880ECB0B 
  83      26A8
  84 006c C9174445 		.ascii	"\311\027DEW\001v\243]\320\220\302\020n\360\014#\030"
  84      570176A3 
ARM GAS  C:\Users\johnb\AppData\Local\Temp\ccih4mY9.s 			page 6


  84      5DD090C2 
  84      106EF00C 
  84      2318
  85 007e FFB8A97A 		.ascii	"\377\270\251z\347\264\214\346L#\356\353\261C\206\211"
  85      E7B48CE6 
  85      4C23EEEB 
  85      B1438689 
  86 008e 66E5B503 		.ascii	"f\345\265\003s\350\025\352\325\350\312]\276\316\206"
  86      73E815EA 
  86      D5E8CA5D 
  86      BECE86
  87 009d 0147CC6F 		.ascii	"\001G\314o\355;[)k*t\213\371CO\225R\234\005\311~6\230"
  87      ED3B5B29 
  87      6B2A748B 
  87      F9434F95 
  87      529C05C9 
  88 00b4 7E9BECB9 		.ascii	"~\233\354\271\257\365\260n>\237b}\3140c\001,\0011\217"
  88      AFF5B06E 
  88      3E9F627D 
  88      CC306301 
  88      2C01318F 
  89 00c8 346A4893 		.ascii	"4jH\223\034\021\026\321c\371\367\253\373\323\311\270"
  89      1C1116D1 
  89      63F9F7AB 
  89      FBD3C9B8 
  90 00d8 1309E201 		.ascii	"\023\011\342\001\342\220\265\376\032M\275\377s\\7?T"
  90      E290B5FE 
  90      1A4DBDFF 
  90      735C373F 
  90      54
  91 00e9 F1E6940B 		.ascii	"\361\346\224\013X\\\211\243\303vrd\212\021M\210\217"
  91      585C89A3 
  91      C3767264 
  91      8A114D88 
  91      8F
  92 00fa ADE82A2B 		.ascii	"\255\350*+\273\362g\214\354\370\355\365\012l\2342\253"
  92      BBF2678C 
  92      ECF8EDF5 
  92      0A6C9C32 
  92      AB
  93 010b 3243145A 		.ascii	"2C\024Z\325'{]6\331\030bX\022y\301\366\374\371\216\010"
  93      D5277B5D 
  93      36D91862 
  93      581279C1 
  93      F6FCF98E 
  94 0120 E208BA55 		.ascii	"\342\010\272U]\336LZ\310\301Q,G\320W\277\225\210 [s"
  94      5DDE4C5A 
  94      C8C1512C 
  94      47D057BF 
  94      9588205B 
  95 0135 E3E933DF 		.ascii	"\343\3513\337\215\302\000u\244\305U\240\240\324\362"
  95      8DC20075 
  95      A4C555A0 
  95      A0D4F2
  96 0144 2C234069 		.ascii	",#@i,x\231\260@<lD\343\336\227\357]\221\251\203\021"
  96      2C7899B0 
  96      403C6C44 
ARM GAS  C:\Users\johnb\AppData\Local\Temp\ccih4mY9.s 			page 7


  96      E3DE97EF 
  96      5D91A983 
  97 0159 9D92A39B 		.ascii	"\235\222\243\233\333;\033)\203rQ\232]9b8\201U\351\310"
  97      DB3B1B29 
  97      8372519A 
  97      5D396238 
  97      8155E9C8 
  98 016d 8AA85987 		.ascii	"\212\250Y\207\366\273\265\311\203\336\222\036-\352n"
  98      F6BBB5C9 
  98      83DE921E 
  98      2DEA6E
  99 017c C32ED660 		.ascii	"\303.\326`p;\274\006\033ma\267\306\331\272\375X\031"
  99      703BBC06 
  99      1B6D61B7 
  99      C6D9BAFD 
  99      5819
 100 018e 34DC8175 		.ascii	"4\334\201uxRaxE\015d%E\233\314\356\247\332V\342w:\377"
 100      78526178 
 100      450D6425 
 100      459BCCEE 
 100      A7DA56E2 
 101 01a5 2376000F 		.ascii	"#v\000\017C1\374+\2267\334\211GV\014\241\330cd\377\256"
 101      4331FC2B 
 101      9637DC89 
 101      47560CA1 
 101      D86364FF 
 102 01ba B513840D 		.ascii	"\265\023\204\015\211\271\215\341\312\342\265\260\361"
 102      89B98DE1 
 102      CAE2B5B0 
 102      F1
 103 01c7 E17F3321 		.ascii	"\341\1773!\270\\\211$\230\311d\274?Oa\300;w\346\202"
 103      B85C8924 
 103      98C964BC 
 103      3F4F61C0 
 103      3B77E682 
 104 01db 77B170E9 		.ascii	"w\261p\351\362\200\227+\364\367\027\362\336\211\323"
 104      F280972B 
 104      F4F717F2 
 104      DE89D3
 105 01ea 7D27FBAE 		.ascii	"}'\373\256x\371\301\363\271L\216\220\377\005u\212\321"
 105      78F9C1F3 
 105      B94C8E90 
 105      FF05758A 
 105      D1
 106 01fb AE       		.ascii	"\256"
 107              		.text
 108              		.section	.gnu.lto_nvicSetSystemHandlerPriority.5f7f295,"",%progbits
 109 0000 789C6D92 		.ascii	"x\234m\222\317KTQ\024\307\357\367\2357\357=\307\037"
 109      CF4B5451 
 109      14C7EFF7 
 109      9D37EF3D 
 109      C71F
 110 0012 B4941071 		.ascii	"\264\224\020q\021\014.\232\207\320\246E\213p\355\246"
 110      110C2E9A 
 110      87D0A645 
 110      8B70EDA6 
 111 0022 FF402C50 		.ascii	"\377@,P\322\031\321\210vs\347\207J\012\026\325\370\253"
ARM GAS  C:\Users\johnb\AppData\Local\Temp\ccih4mY9.s 			page 8


 111      D219D188 
 111      7673E787 
 111      4A0A16D5 
 111      F8AB
 112 0034 E4091296 		.ascii	"\344\011\022\226\246\243\366s\314Jl\323,4j\021a\253"
 112      A6A3F673 
 112      CC4A6CD3 
 112      2C346A11 
 112      61AB
 113 0046 528C2985 		.ascii	"R\214)\205J\027Q\250\235\363f\012\027\035\356{\367\336"
 113      4A1751A8 
 113      9DF3660A 
 113      171DEE7B 
 113      F7DE
 114 0058 F3F373CF 		.ascii	"\363\363s\317\275\001e\250IC\251SJ\251\023\374!\240"
 114      BD0165A8 
 114      4943A953 
 114      4AA913FC 
 114      21A0
 115 006a 605C5D55 		.ascii	"`\\]U*\356\030\006-T+\0354\337\271J\227\021\314\202"
 115      2AEE1806 
 115      2D542B1D 
 115      34DFB94A 
 115      9711CC82 
 116 007e DA0464A1 		.ascii	"\332\004d\241\035\250\230A&b\270B\203\204\345\236\315"
 116      1DA89841 
 116      2662B842 
 116      8384E59E 
 116      CD
 117 008f AC513BA1 		.ascii	"\254Q;\241Y\226\006w\255n\335U\351\221R\303\374\211"
 117      59960677 
 117      AD6EDD55 
 117      E99152C3 
 117      FC89
 118 00a1 6002B5EC 		.ascii	"`\002\265\354\365&5{\213\372\311#\300\344\355\367\225"
 118      F526357B 
 118      8BFAC923 
 118      C0E4EDF7 
 118      95
 119 00b2 91F50AD9 		.ascii	"\221\365\012\331\032\250\341m\362\372\363E\207\352\240"
 119      1AA8E16D 
 119      F2FAF345 
 119      87EAA0
 120 00c1 78BDAD73 		.ascii	"x\275\255sq+t[\353\204^\332H\223>\346\021a\022\304\011"
 120      712B745B 
 120      EB845EDA 
 120      48933EE6 
 120      116112C4 
 121 00d6 711755B8 		.ascii	"q\027U\270\203*\305*\205)\204\330}*\361y\233\350\244"
 121      832AC52A 
 121      852984D8 
 121      7D2AF179 
 121      9BE8A4
 122 00e9 1F7A39B7 		.ascii	"\037z9\267\267n\027Cw\007\213\241\367\376\023:\215\220"
 122      B76E1743 
 122      77078BA1 
 122      F7FE133A 
ARM GAS  C:\Users\johnb\AppData\Local\Temp\ccih4mY9.s 			page 9


 122      8D90
 123 00fb F87F9ADB 		.ascii	"\370\177\232\333O\227[\346\370_\\\314\300\002O\254\310"
 123      4F975BE6 
 123      F85F5CCC 
 123      C0024FAC 
 123      C8
 124 010c BCC592DE 		.ascii	"\274\305\222\336?\350a\206\312\265\035\247\304\200\324"
 124      3FE86186 
 124      CAB51DA7 
 124      C480D4
 125 011b 0B40422D 		.ascii	"\013@B-Nb\332\362S\252\227\343\244+}d\310L\033H\275"
 125      4E62DAF2 
 125      53AA97E3 
 125      A42B7D64 
 125      C84C1B48 
 126 0130 7FB979D3 		.ascii	"\177\271y\323\222T\243dp\221\337?W\237\331rTB)2L \322"
 126      9254A364 
 126      7091DF3F 
 126      579FD972 
 126      54422932 
 127 0147 C7140BD5 		.ascii	"\307\024\013\325\364\025\251\032\361\024\230lv\353\203"
 127      F415A91A 
 127      F114986C 
 127      76EB83
 128 0156 1DDBD38E 		.ascii	"\035\333\323\216G\201a\022\214Y\304\3040\320\265\374"
 128      47816112 
 128      8C59C4C4 
 128      30D0B5FC 
 129 0166 DA4F60F9 		.ascii	"\332O`\371\207L\376z\261S\301~\334eK\310E\227\033\231"
 129      874CFE7A 
 129      B153C17E 
 129      DC654BC8 
 129      45971B99 
 130 017a 3AEF6134 		.ascii	":\357a4~\304#\033\363|3sR\207\015\007_\346gJ\330yH\353"
 130      7EC4231B 
 130      F37C3373 
 130      52870D07 
 130      5FE6674A 
 131 0192 1A49701F 		.ascii	"\032Ip\037\036\374\202x\200\230G\216\217b\372\344y$"
 131      1EFC8278 
 131      8098478E 
 131      8F62FAE4 
 131      7924
 132 01a4 7EF4AC64 		.ascii	"~\364\254d\027Q@\347\021Py$\277u\027\0256\353\016_d"
 132      175140E7 
 132      11507924 
 132      BF751715 
 132      36EB0E5F 
 133 01b9 094C3CE4 		.ascii	"\011L<\3442y,\017\344\216\213\317a\326\240\317\032\317"
 133      32792C0F 
 133      E48E8BCF 
 133      61D6A0CF 
 133      1ACF
 134 01cb 2EDE0814 		.ascii	".\336\010\024\266z-\251+$~(\361\321\021V~/cG=*\305c"
 134      B67A2DA9 
 134      2B247E28 
 134      F1D11156 
ARM GAS  C:\Users\johnb\AppData\Local\Temp\ccih4mY9.s 			page 10


 134      7E2F6347 
 135 01e3 BE994745 		.ascii	"\276\231GE\336\255\364\253\311\240;\255Sq\341-\303\023"
 135      DEADF4AB 
 135      C9A03BAD 
 135      5371E12D 
 135      C313
 136 01f5 E61DF25F 		.ascii	"\346\035\362_\022\033\307\257\215\326\327e\3046\026"
 136      121BC7AF 
 136      8DD6D765 
 136      C43616
 137 0204 F1A81C59 		.ascii	"\361\250\034Y\270\334b\377\221-\240\216\011\3256\022"
 137      B8DC62FF 
 137      912DA08E 
 137      09D53612 
 138 0214 634FFB0B 		.ascii	"cO\373\013'\024\351\345>\362\331\330'\034\016\273\377"
 138      2714E9E5 
 138      3EF2D9D8 
 138      271C0EBB 
 138      FF
 139 0225 46B4D36D 		.ascii	"F\264\323mnlu\333\243\035\027:\335\246h[[4\342\236>"
 139      6E6C75DB 
 139      A31D173A 
 139      DDA6685B 
 139      5B34E29E 
 140 023a D350DF70 		.ascii	"\323P\337p\311\215\\li\0127)\273\2711r\266\365\\\207"
 140      C98D5C6C 
 140      690A3729 
 140      BBB93172 
 140      B6F55C87 
 141 024e D9DED112 		.ascii	"\331\336\321\022\375\003EP\354\262"
 141      FD034550 
 141      ECB2
 142              		.text
 143              		.section	.gnu.lto___func__.7602.5f7f295,"",%progbits
 144 0000 789C6365 		.ascii	"x\234ce`b\020e``\220g\200\200\351\314\214\037\036\317"
 144      60621065 
 144      60609067 
 144      8080E9CC 
 144      8C1F1ECF 
 145 0014 B9CCA4C8 		.ascii	"\271\314\244\3104\277\201c>3\003\003\343rFE\006\331"
 145      34BF8163 
 145      3E330303 
 145      E3724645 
 145      06D9
 146 0026 BCB2CCE4 		.ascii	"\274\262\314\344\340\324\222\340\312\342\222\324\\\217"
 146      E0D492E0 
 146      CAE292D4 
 146      5C8F
 147 0034 C4BC949C 		.ascii	"\304\274\224\234\324\242\200\242\314\374\242\314\222"
 147      D4A280A2 
 147      CCFCA2CC 
 147      92
 148 0041 4A0600E6 		.ascii	"J\006\000\346\254\022o"
 148      AC126F
 149              		.text
 150              		.section	.gnu.lto_nvicClearPending.5f7f295,"",%progbits
 151 0000 789C3D51 		.ascii	"x\234=Q\317O\023Q\020\236\357\315n[\022Z\257&6\312\301"
ARM GAS  C:\Users\johnb\AppData\Local\Temp\ccih4mY9.s 			page 11


 151      CF4F1351 
 151      109EEFCD 
 151      6E5B125A 
 151      AF2636CA 
 152 0015 841093DD 		.ascii	"\204\020\223\335\324\377\300x\360\304\305\377\200\364"
 152      D4FFC078 
 152      F0C4C5FF 
 152      80F4
 153 0023 A209B446 		.ascii	"\242\011\264F\014\361\306k\2016b\"D\241\010\261\331"
 153      0CF1C66B 
 153      81366222 
 153      44A108B1 
 153      D9
 154 0034 124AF8A1 		.ascii	"\022J\370\241P@\017\202\227f\343\205\003\032\274j<h"
 154      50400F82 
 154      9766E385 
 154      031ABC6A 
 154      3C68
 155 0046 62E201A2 		.ascii	"b\342\001\242\215\007\017\200\316\354\032_\366\275\235"
 155      8D070F80 
 155      CEEC1A5F 
 155      F6BD9D
 156 0055 F9DE37DF 		.ascii	"\371\3367\337\314\233q\311\3201\210\256\022\321\005"
 156      CC9B71C9 
 156      D03188AE 
 156      12D105
 157 0064 D9608299 		.ascii	"\331`\202\231~GTJ\031@\015\233\002\215\032\214b\212"
 157      7E47544A 
 157      19400D9B 
 157      028D1A8C 
 157      628A
 158 0076 E71861F5 		.ascii	"\347\030a\365\333\256\351[\261\262\332s{\311\212\235"
 158      DBAEE95B 
 158      B1B2DA73 
 158      7BC98A9D 
 159 0086 381F30D1 		.ascii	"8\0370\321\274l]XA\237\260\016\307\267\236\361#\016"
 159      BC6C5D58 
 159      419FB00E 
 159      C7B79EF1 
 159      230E
 160 0098 1870C4FD 		.ascii	"\030p\304\375y\260\3605\243\256A\217\270\247v\246\226"
 160      79B0F035 
 160      A3AE418F 
 160      B8A776A6 
 160      96
 161 00a9 E11C48EC 		.ascii	"\341\034H\354\371p\366c\272w\331\332\262m\277\235a{"
 161      F970F663 
 161      BA77D9DA 
 161      B26DBF9D 
 161      617B
 162 00bb 3960C63A 		.ascii	"9`\306:X\004\261\206,V\221%\201\010\317\321\253\374"
 162      5804B186 
 162      2C569125 
 162      8108CFD1 
 162      ABFC
 163 00cd 2FDB67B3 		.ascii	"/\333g\263\351\204\023'\304\013$\244vj}@\333\236\375"
 163      E9841327 
ARM GAS  C:\Users\johnb\AppData\Local\Temp\ccih4mY9.s 			page 12


 163      C40B24A4 
 163      766A7D40 
 163      DB9EFD
 164 00e0 A9DAF6A7 		.ascii	"\251\332\366\247&\016o\244\000\245\033\011tX\017G\016"
 164      260E6FA4 
 164      00A51B09 
 164      74580F47 
 164      0E
 165 00f1 D7558B68 		.ascii	"\327U\213hR\002\365Y\017\331\350\237\277c\254S9}\323"
 165      5202F559 
 165      0FD9E89F 
 165      BF63AC53 
 165      397DD3
 166 0104 808AD5D9 		.ascii	"\200\212\325\331\324\031\222f\277\271w\322\255\025\273"
 166      D4199266 
 166      BFB977D2 
 166      AD15BB
 167 0113 70B12135 		.ascii	"p\261!5\010\355\244\362\240+&qLz\322\334\334M+\311\301"
 167      08EDA4F2 
 167      A02B2671 
 167      4C7AD2DC 
 167      DC4D2BC9 
 168 0128 256CC6A4 		.ascii	"%l\306\244\037\225\265dLrp%+T\001\313\235\352?uW`\001"
 168      1F95B564 
 168      4C727025 
 168      2B5401CB 
 168      9DEA3F75 
 169 013f C2DABEA7 		.ascii	"\302\332\276\247\200h\324&\302\367I\325HD\355x\265x"
 169      8068D426 
 169      C2F749D5 
 169      4844ED78 
 169      B578
 170 0151 FCBB3B76 		.ascii	"\374\273;vm8f3\002=>\352\274\316\004\250\227\244\345"
 170      6D386633 
 170      023D3EEA 
 170      BCCE04A8 
 170      97A4E5
 171 0164 8D8B0127 		.ascii	"\215\213\001'\261%}iI:\0158\370\2743}\316\337\260\343"
 171      B1257D69 
 171      493A0D38 
 171      F8BC337D 
 171      CEDFB0E3 
 172 0178 25DB1370 		.ascii	"%\333\023p\012\333\010\3604\032\206\252\255\377Z\345"
 172      0ADB08F0 
 172      341A86AA 
 172      ADFF5AE5 
 173 0188 5C4B2F1B 		.ascii	"\\K/\033#\001wa\007\276<1\032\324K\344\244\036:B\271"
 173      23017761 
 173      07BE3C31 
 173      1AD44BE4 
 173      A41E3A42 
 174 019d B1341595 		.ascii	"\2614\025\225\027\015p\222\241m\021\216\347y\376\377"
 174      170D7092 
 174      A16D118E 
 174      E779FEFF 
 175 01ad AF38ECDF 		.ascii	"\2578\354\337\032\030\364\357\024\357\336\033\366\363"
 175      1A18F4EF 
ARM GAS  C:\Users\johnb\AppData\Local\Temp\ccih4mY9.s 			page 13


 175      14EFDE1B 
 175      F6F3
 176 01bb C5A1A162 		.ascii	"\305\241\241b\301\277v\263\377z\377}\2770r;\357\345"
 176      C1BF76B3 
 176      FF7AFF7D 
 176      BF30723B 
 176      EFE5
 177 01cd 0985BF2A 		.ascii	"\011\205\277*\376\251X"
 177      FEA958
 178              		.text
 179              		.section	.gnu.lto_.symbol_nodes.5f7f295,"",%progbits
 180 0000 789C6365 		.ascii	"x\234ce`b\310f\000\002\246\251L\365\014\014\023\316"
 180      6062C866 
 180      0002A6A9 
 180      4CF50C0C 
 180      13CE
 181 0012 313000A9 		.ascii	"10\000\251]\015\216@\221iL\365\214\250\"\323\231\352"
 181      5D0D8E40 
 181      91694CF5 
 181      8CA822D3 
 181      99EA
 182 0024 99504458 		.ascii	"\231PDXg114(1003\315`\252gF\221b\234\311T\317\002\026"
 182      67313134 
 182      28313030 
 182      33CD60AA 
 182      67469162 
 183 003e 61606868 		.ascii	"a`hhp\000\251ae8\262\305\204\001\000|\375\030\370"
 183      7000A961 
 183      6538B2C5 
 183      8401007C 
 183      FD18F8
 184              		.text
 185              		.section	.gnu.lto_.refs.5f7f295,"",%progbits
 186 0000 789C6365 		.ascii	"x\234ce`b`c```dbbfb\000\000\000\315\000\030"
 186      60626063 
 186      60606064 
 186      62626662 
 186      000000CD 
 187              		.text
 188              		.section	.gnu.lto_.decls.5f7f295,"",%progbits
 189 0000 789CBD57 		.ascii	"x\234\275WkPTG\026\236\276=\3000 \272H%n\226\244,\313"
 189      6B505447 
 189      169EBE3D 
 189      C03020BA 
 189      48256E96 
 190 0017 94ECD606 		.ascii	"\224\354\326\006P\263Ij\377l\010\352\312V\231P\203q"
 190      50B3496A 
 190      FF6C08EA 
 190      CA569950 
 190      8371
 191 0029 B76AA9A2 		.ascii	"\267j\251\242\020&\221-\204,\340\226f\037\271\012D|"
 191      1026912D 
 191      842CE096 
 191      661FB90A 
 191      447C
 192 003b 83E28397 		.ascii	"\203\342\203\227 \210\210\240\200\274TDy\211<\004\021"
 192      208888A0 
ARM GAS  C:\Users\johnb\AppData\Local\Temp\ccih4mY9.s 			page 14


 192      80BC5444 
 192      79893C04 
 192      11
 193 004c 45447989 		.ascii	"EDy\211\200\200\210<T\036\242\354\351\307e.73V~l\355"
 193      8080883C 
 193      541EA2EC 
 193      E9C7652E 
 193      3733567E 
 194 0062 AD393373 		.ascii	"\25593s\272\277>\375\3659\335\247\3175S\011\252?\275"
 194      BABF3EFD 
 194      F539DDA7 
 194      CF355309 
 194      AA3FBD
 195 0075 A7529509 		.ascii	"\247R\225\011*U'R\251f\3401W\251TgA\240I\225\017R\254"
 195      2A552752 
 195      A966E031 
 195      57A95467 
 195      41A04995 
 196 008c 628F19C8 		.ascii	"b\217\031\310u\220Z\220:\220\233 w@`\230\252Y5\3679"
 196      75905A90 
 196      3A909B20 
 196      77406098 
 196      AA5935F7 
 197 00a1 008DF3E0 		.ascii	"\000\215\363\340w\003\210-\210\035\267c\017\262\014"
 197      7703882D 
 197      881DB763 
 197      0FB20C
 198 00b0 E42B905F 		.ascii	"\344+\220_\003\306\001d\030\376?S1C3\360\203A\336\205"
 198      03C60164 
 198      18FE3F53 
 198      314333F0 
 198      8341DE85 
 199 00c4 FF1F80D8 		.ascii	"\377\037\200\330#f\377\272\352\247\317Q\350\26062\207"
 199      2366FFBA 
 199      EAA7CF51 
 199      E8B03632 
 199      87
 200 00d5 D2BE6457 		.ascii	"\322\276dW\232\207\254\353}\304\346@|=\312'\016:lL\360"
 200      9A87ACEB 
 200      7DC4E640 
 200      7C3DCA27 
 200      0E3A6C4C 
 201 00ea FF0D627E 		.ascii	"\377\015b~\311\003\271\315\347\372'\264m\003\3713bs"
 201      C903B9CD 
 201      E7FA27B4 
 201      6D03F933 
 201      6273
 202 00fc 10BBDE88 		.ascii	"\020\273\336\210\315U\367\026?eq\016yF8HO\"\000\264"
 202      CD55F716 
 202      3F65710E 
 202      79463848 
 202      4F2200B4 
 203 0110 26D6E96E 		.ascii	"&\326\351nd\235\344\357\007\334\356Mc~\303\350VXv<\336"
 203      649DE4EF 
 203      07DCEE4D 
 203      637EC3E8 
 203      5658763C 
ARM GAS  C:\Users\johnb\AppData\Local\Temp\ccih4mY9.s 			page 15


 204 0125 8F91AD16 		.ascii	"\217\221\255\026\251A\035\251\213}d\003\252\235\026"
 204      A9411DA9 
 204      8B7D6403 
 204      AA9D16
 205 0134 2D06F542 		.ascii	"-\006\365B\361\323\025\254\323\236`\217\307v!m\204\010"
 205      F1D315AC 
 205      D39E608F 
 205      C776216D 
 205      8408
 206 0146 4F64A868 		.ascii	"Od\250h\271\226\264\237F\366(\015\2013\320\031\004\324"
 206      B996B49F 
 206      46F6280D 
 206      8133D019 
 206      04D4
 207 0158 90933D4A 		.ascii	"\220\223=J\007\025\320\311}u\325fl\360\373\2406\035"
 207      0715D0C9 
 207      7D75D566 
 207      6CF0FBA0 
 207      361D
 208 016a 1ADC8F98 		.ascii	"\032\334\217\230\345>D\364\211\342)k, \200\252;SF\237"
 208      E53E44F4 
 208      89E2296B 
 208      2C2080AA 
 208      3B53469F 
 209 017e 9823077B 		.ascii	"\230#\007{\204\264 \247D\366hT(\033i\321Y\204%\276\261"
 209      84B420A7 
 209      44F66854 
 209      281B69D1 
 209      598425BE 
 210 0193 224C3EFC 		.ascii	"\"L>\374\003iV\301\277\035\342p\262\210\027\251\320"
 210      036956C1 
 210      BF1DE270 
 210      B28817A9 
 210      D0
 211 01a4 4A7BE46C 		.ascii	"J{\344l\257B\347\220\003\355R\241\034`\225\0054bE\015"
 211      AF42E790 
 211      03ED52A1 
 211      1C609505 
 211      3462450D 
 212 01b8 6D81F9CE 		.ascii	"m\201\371\316\214\237J\325\330FR\362\242\270\030Q\333"
 212      8C9F4AD5 
 212      D84652F2 
 212      A2B81851 
 212      DB
 213 01c9 9980CBA0 		.ascii	"\231\200\313\240\354\317#[i\015\004\035Yw\"\316R\313"
 213      ECCF235B 
 213      690D041D 
 213      597722CE 
 213      52CB
 214 01db E78878EB 		.ascii	"\347\210x\353\034\200>\322\021\333\246\225\333\316}"
 214      1C803ED2 
 214      11DBA695 
 214      DBCE7D
 215 01ea 9BED896C 		.ascii	"\233\355\211lq\012[\357&\266\231\033\363\220\255\314"
 215      710A5BEF 
 215      26B6991B 
 215      F390ADCC 
ARM GAS  C:\Users\johnb\AppData\Local\Temp\ccih4mY9.s 			page 16


 216 01fa 8FF9886C 		.ascii	"\217\371\210le\372\013\340\266\252\364\014\022\237e"
 216      65FA0BE0 
 216      B6AAF40C 
 216      129F65
 217 0209 5A444EE4 		.ascii	"ZDN\344|h\312\032\27489\2175\021s\035\223\247\3278f"
 217      7C68CA1A 
 217      BC38398F 
 217      3511731D 
 217      93A7D738 
 218 021e 4A3EB330 		.ascii	"J>\2630\204\266\361\300\350I\013\274\200\200\204\230"
 218      84B6F1C0 
 218      E8490BBC 
 218      80808498 
 219 022e 9AE63235 		.ascii	"\232\34625r\320R\337\226t\214-\213\332)\212\002*\002"
 219      72D052DF 
 219      96748C2D 
 219      8BDA298A 
 219      022A02
 220 0241 9E1711C4 		.ascii	"\236\027\021\304\0319\222)\227\021\206\021\263\304T"
 220      19399229 
 220      97118611 
 220      B3C454
 221 0250 B3ACD025 		.ascii	"\263\254\320%X6\314Gp\250\020\032\013\330\302\323OF"
 221      5836CC47 
 221      70A8101A 
 221      0BD8C2D3 
 221      4F46
 222 0262 259BE31D 		.ascii	"%\233\343\035\210\316Qy\345\301=5\322:\0305p\305\210"
 222      88CE5179 
 222      E5C13D35 
 222      D23A1835 
 222      70C588
 223 0275 014E267D 		.ascii	"\001N&}Ie8!S\014d.\033\310\024Q\177\221V\230\250`_E"
 223      49653821 
 223      530C642E 
 223      1BC81451 
 223      7F915698 
 224 028d B1D08E5A 		.ascii	"\261\320\216Z\021\034#\264\200\256\020!\366\215\250"
 224      111C23B4 
 224      80AE1021 
 224      F68DA8
 225 029c 5075467A 		.ascii	"PuFz\020\242\355\320*\250\370\376\227\232\2204\202\353"
 225      10A2EDD0 
 225      2AA8F8FE 
 225      979A9034 
 225      82EB
 226 02ae 0257056E 		.ascii	"\002W\005n\222~\370`$\263\310\272\331L\322\303\216\030"
 226      927EF860 
 226      24B3C8BA 
 226      D94CD2C3 
 226      8E18
 227 02c0 FB438749 		.ascii	"\373C\207I\243\221`\230\000!\371\000\231AF\233\367\317"
 227      A3916098 
 227      0021F900 
 227      9941469B 
 227      F7CF
 228 02d2 F2531916 		.ascii	"\362S\031\026\207\244H\216\304\334\350\325v\2406\322"
ARM GAS  C:\Users\johnb\AppData\Local\Temp\ccih4mY9.s 			page 17


 228      87A4488E 
 228      C4DCE8D5 
 228      76A036D2 
 229 02e2 9AF439A2 		.ascii	"\232\3649\242mqw\272R\004\374\230\272\036\225Mv,P\013"
 229      6D7177BA 
 229      5204FC98 
 229      BA1E954D 
 229      762C500B 
 230 02f6 CC5B68A3 		.ascii	"\314[h\243\2324\355N\255\236\302\263me\2106^\233\031"
 230      9A34ED4E 
 230      AD9EC2B3 
 230      6D658836 
 230      5E9B19
 231 0309 2F99CFCE 		.ascii	"/\231\317\316\244@v\310\360\215\004+v&\027\200Z{k\264"
 231      A44076C8 
 231      F08D042B 
 231      76261780 
 231      5A7B6BB4 
 232 031d D97AD111 		.ascii	"\331z\321\021\272\221B\305\005\002\332\360\016\272\006"
 232      BA9142C5 
 232      0502DAF0 
 232      0EBA06
 233 032c B1AAA0FB 		.ascii	"\261\252\240\373\262\022-\202\357r0D\347\237\276\267"
 233      B2122D82 
 233      EF723044 
 233      E79FBEB7 
 234 033c 7DD07C49 		.ascii	"}\320|I\222\230\324)\226\\\277\272\364\361yQ\204(\212"
 234      9298D429 
 234      965CBFBA 
 234      F4F17951 
 234      84288A
 235 034f 6A8243A5 		.ascii	"j\202C\245\2060\226\222\343\213JP\007BWQ;\254\360:Z"
 235      86309692 
 235      E38B4A50 
 235      07425751 
 235      3BACF03A 
 236 0364 428E7F7B 		.ascii	"B\216\177{\3610\306i\202)\372\025\331\031\257mLr\251"
 236      F130C669 
 236      8229FA15 
 236      D919AF6D 
 236      4C72A9
 237 0377 A15CAA25 		.ascii	"\241\\\252%.G\316g\275\0218\227\306_\306\210%;D\262"
 237      2E47CE67 
 237      BD113897 
 237      C65FC688 
 237      253B44B2 
 238 038b A10085AA 		.ascii	"\241\000\205\252\014L\252\224Lj)\223\234\211'\241\030"
 238      0C4CAA94 
 238      4C6A2993 
 238      9C8927A1 
 238      18
 239 039c 5F644C4E 		.ascii	"_dLN=\231\272h-Y\372\325\254%\262\246\033\006K7\224"
 239      3D99BA68 
 239      2D59FAD5 
 239      AC25B2A6 
 239      1B064B37 
 240 03b1 96EAA8A5 		.ascii	"\226\352\250\245\342\264\243n\370.3Tt\341\376\270\206"
ARM GAS  C:\Users\johnb\AppData\Local\Temp\ccih4mY9.s 			page 18


 240      E2B4A36E 
 240      F82E3354 
 240      74E1FEB8 
 240      86
 241 03c2 1B1A787F 		.ascii	"\033\032x\177\016\245z\203\241z\245\241\233\324P\311"
 241      0EA57A83 
 241      A17AA5A1 
 241      9BD450C9 
 242 03d2 F0C96318 		.ascii	"\360\311c\030?f\226\206\307Z\357\010\362tA\222\213!"
 242      3F669686 
 242      C75AEF08 
 242      F2744192 
 242      8B21
 243 03e4 5DDC62E9 		.ascii	"]\334b\351\002\200C\361\015?j\251\033\241\215\273\361"
 243      028043F1 
 243      0D3F6AA9 
 243      1BA18DBB 
 243      F1
 244 03f5 C78ACE44 		.ascii	"\307\212\316DK\223n\274M\335\330(\271\361\325\261[\241"
 244      4B936EBC 
 244      4DDDD828 
 244      B9F1D5B1 
 244      5BA1
 245 0407 F3817327 		.ascii	"\363\201s'\234\312\233\355\016\365\331\335b\204\226"
 245      9CCA9BED 
 245      0EF5D9DD 
 245      628496
 246 0416 A2508381 		.ascii	"\242P\203\201s\003\317\307\350\016\345\232}\256>F\215"
 246      7303CFC7 
 246      E80EE59A 
 246      7DAE3E46 
 246      8D
 247 0427 A331E57A 		.ascii	"\2431\345z\242n\354\210\026'3\345@yB\205\346\303\024"
 247      A26EEC88 
 247      162733E5 
 247      40794285 
 247      E6C314
 248 043a B1A184EC 		.ascii	"\261\241\204\354\020\347\270SbD\344v\015\315vw\301\034"
 248      10E7B853 
 248      6244E476 
 248      0DCD7677 
 248      C11C
 249 044c F84C9623 		.ascii	"\370L\226#\233\240e=\034\326f\364!\014\315lJ,\262f\373"
 249      9BA0653D 
 249      1CD666F4 
 249      210CCD6C 
 249      4A2CB266 
 250 0461 542437CF 		.ascii	"T$7\317H\351\316<\256\017[\200\036}\366Q!bz\244\035"
 250      48E9CE3C 
 250      AE0F5B80 
 250      1E7DF651 
 250      21627AA4 
 251 0476 E87D4D69 		.ascii	"\350}Mi\261\363\330F\026O\220\333%az:L\2153\030\221"
 251      B1F3D846 
 251      164F90DB 
 251      25617A3A 
 251      4C8D3318 
ARM GAS  C:\Users\johnb\AppData\Local\Temp\ccih4mY9.s 			page 19


 252 048b 8777DFD4 		.ascii	"\207w\337\324\362;.\324\214\334c\005\375\007\255L\336"
 252      F23B2ED4 
 252      8CDC6305 
 252      FD07AD4C 
 252      DE
 253 049c 63EDD23D 		.ascii	"c\355\322=\326\306r\334\330\203\322$YrW\323M\372\000"
 253      D6C672DC 
 253      D883D224 
 253      597257D3 
 253      4DFA00
 254 04af E0F729BC 		.ascii	"\340\367)\274\203&\367v)\271w\247v'Yr\346\346$\000Q"
 254      8326F776 
 254      29B977A7 
 254      76275972 
 254      E6E62400 
 255 04c4 5D29369C 		.ascii	"])6\2349!\326\020\265\367\220\2323%\311|\177s\324\037"
 255      3921D610 
 255      B5F7909A 
 255      3325C97C 
 255      7F73D41F 
 256 04d8 703EE379 		.ascii	"p>\343y/\347P6\2771\237\021\354\310\233\324\303\346"
 256      2FE75036 
 256      BF319F11 
 256      ECC89BD4 
 256      C3E6
 257 04ea 2679F648 		.ascii	"&y\366H<\273\031\317\254\360\356t\015\214\266\207\233"
 257      3CBB19CF 
 257      ACF0EE74 
 257      0D8CB687 
 257      9B
 258 04fb 02C9AE09 		.ascii	"\002\311\256\011{vM\344\225\214\235U\343\013t&\241 "
 258      7B764DE4 
 258      958C9D55 
 258      E30B7426 
 258      A120
 259 050d AF3B562B 		.ascii	"\257;V+\273\016\336\271 \212\013\320\000\"w\363l\240"
 259      BB0EDEB9 
 259      208A0BD0 
 259      002277F3 
 259      6CA0
 260 051f ED676F83 		.ascii	"\355go\203\271\327l?\244r{\236\312\037\003\235^~\027"
 260      B9D76C3F 
 260      A4727B9E 
 260      CA1F039D 
 260      5E7E17
 261 0532 249EAE98 		.ascii	"$\236\256\230\207\313\330\0041\207K\363l\014\023\244"
 261      87CBD804 
 261      31874BF3 
 261      6C0C13A4 
 262 0542 2FC9A529 		.ascii	"/\311\245)\376)\314\360\3040\303\00021\305\240\361)"
 262      FE29CCF0 
 262      C430C300 
 262      3231C5A0 
 262      F129
 263 0554 C67A2E17 		.ascii	"\306z.\027\232\313\357Yb\257\013\372\037R\217\014\321"
 263      9ACBEF59 
 263      62AF0BFA 
ARM GAS  C:\Users\johnb\AppData\Local\Temp\ccih4mY9.s 			page 20


 263      1F528F0C 
 263      D1
 264 0565 50F448A1 		.ascii	"P\364H\241H\312\214\031\264 \356\013\375y\326;\304\360"
 264      48CA8C19 
 264      B420EE0B 
 264      FD79D63B 
 264      C4F0
 265 0577 010BB9F5 		.ascii	"\001\013\271\365go\263^\320\021\275\213o\311$R9]j\033"
 265      676FB35E 
 265      D011BD8B 
 265      6FC92452 
 265      395D6A1B 
 266 058b 29B1627A 		.ascii	")\261bz'q\377\344\340\261&\015\017\264\015\350\345c"
 266      2771FFE4 
 266      E0B1260D 
 266      0FB40DE8 
 266      E563
 267 059d F123D6B8 		.ascii	"\361#\326\270\206E\272\354Aq\004\217\364\247\240\356"
 267      8645BAEC 
 267      4171048F 
 267      F4A7A0EE 
 268 05ad 18C861D5 		.ascii	"\030\310a\325\206\321@\277\224\002\375\202\361\014\357"
 268      86D140BF 
 268      9402FD82 
 268      F10CEF
 269 05bc 4D681594 		.ascii	"Mh\025\224\033r\014\340\243\024>Ny\276\224x\036}:\371"
 269      1B720CE0 
 269      A3143E4E 
 269      79BE9478 
 269      1E7D3AF9 
 270 05d0 1EDF8FF2 		.ascii	"\036\337\217\362\002\317\226\025x\347\372\256\306k9"
 270      02CF9615 
 270      78E7FAAE 
 270      C66B39
 271 05df 4B722394 		.ascii	"Kr#\224\337\216\313\260\300w\030\313\347\273\303\307"
 271      DF8ECBB0 
 271      C07718CB 
 271      E7BBC3C7 
 272 05ef F9B92187 		.ascii	"\371\271!\207\256\371D\317\204\326$\313\327\022\313"
 272      AEF944CF 
 272      84D624CB 
 272      D712CB
 273 05fe 69C67277 		.ascii	"i\306rw|r\202\271\222\345\024\300')\374\015e\371Zb\031"
 273      7C7282B9 
 273      92E514C0 
 273      2729FC0D 
 273      65F95A62 
 274 0613 91B9BF1C 		.ascii	"\221\271\277\034\263X\375\234\312\001FT'\025\304\314"
 274      B358FD9C 
 274      CA014654 
 274      2715C4CC 
 275 0623 3996336F 		.ascii	"9\2263o\263?^\360\352\001_v\022&\036/j\211\342\027a"
 275      B33F5EF0 
 275      EA015F76 
 275      12261E2F 
 275      6A89E217 
 276 0638 A7FCD8DA 		.ascii	"\247\374\330\332\361c\273\275/{'\306-\314\017cG\303"
ARM GAS  C:\Users\johnb\AppData\Local\Temp\ccih4mY9.s 			page 21


 276      F163BBBD 
 276      2F7B27C6 
 276      2DCC0F63 
 276      47C3
 277 064a 776918F8 		.ascii	"wi\030\370]P\253\342\342?0\351\206\037\005\356\206p"
 277      5D50ABE2 
 277      E23F30E9 
 277      861F05EE 
 277      8670
 278 065c 81D2BC52 		.ascii	"\201\322\274R\377\340\202\245\322\015\241\202=\332!"
 278      FFE082A5 
 278      D20DA182 
 278      3DDA21
 279 066b 10F84EC1 		.ascii	"\020\370N\301V\032D\017i\361H\252\224=\010\315\236\214"
 279      561A440F 
 279      69F148AA 
 279      943D08CD 
 279      9E8C
 280 067d AE142D7E 		.ascii	"\256\024-~\304h\234)\331S\305\303\221Db5\0237\234`\215"
 280      C4689C29 
 280      D953C5C3 
 280      91446235 
 280      13379C60 
 281 0692 FB58A714 		.ascii	"\373X\247\024H[\036\310\233\375\0059\002\036e\235\257"
 281      485B1EC8 
 281      9BFD0539 
 281      021E659D 
 281      AF
 282 06a3 3B22232D 		.ascii	";\"#-\370H\2627;Z\232r\254\3618\353,\350\255\256\224"
 282      F848B237 
 282      3B5A9A72 
 282      ACF138EB 
 282      2CE8ADAE 
 283 06b8 4692CE5D 		.ascii	"F\222\316]Y]{\3140\\\3444u\266=\336m\203\303\231r\275"
 283      595D7BCC 
 283      305CE434 
 283      75B63DDE 
 283      6D83C399 
 284 06ce 72C7DFF0 		.ascii	"r\307\337\360\001\366\277\366Q\330o\331\2400\222\240"
 284      01F6BFF6 
 284      51D86FD9 
 284      A03092A0 
 285 06de AF9DCC49 		.ascii	"\257\235\314I\304\314\177It\373\347\226\356\016\235"
 285      C4CC7F49 
 285      74FBE796 
 285      EE0E9D
 286 06ed 8FA32978 		.ascii	"\217\243)x~\371\303\2648\015Z\312\237\205\344\313ai"
 286      7EF9C3B4 
 286      380D5ACA 
 286      9F85E4CB 
 286      6169
 287 06ff B218B61D 		.ascii	"\262\030\266\035\356\231=8\361f\215(v\226 H\220\266"
 287      EE993D38 
 287      F1668D28 
 287      76962048 
 287      90B6
 288 0711 E8116487 		.ascii	"\350\021d\207Da\341\354\271\203\303D\374\264\234\274"
ARM GAS  C:\Users\johnb\AppData\Local\Temp\ccih4mY9.s 			page 22


 288      4461E1EC 
 288      B983C344 
 288      FCB49CBC 
 289 0721 6EB11135 		.ascii	"n\261\0215\333\340+\014\3032m\321>\201\241\245\270\243"
 289      DBE02B0C 
 289      C3326DD1 
 289      3E81A1A5 
 289      B8A3
 290 0733 BD821C1D 		.ascii	"\275\202\034\035\012\350\357c(\232\354\216#\034=\273"
 290      0AE8EF63 
 290      289AEC8E 
 290      231C3DBB 
 291 0743 B5EEC96D 		.ascii	"\265\356\311m\223D5\272\225\331\206\260\240\203\034"
 291      934435BA 
 291      95D986B0 
 291      A0831C
 292 0752 2D058B6F 		.ascii	"-\005\213o,\031\272q\233\001\275G\211\336-(x\017l5\360"
 292      2C19BA71 
 292      9B01BD47 
 292      89DE2D28 
 292      780F6C35 
 293 0767 3EA4E4ED 		.ascii	">\244\344\355\244\000O\311\300QJp\244\322\364}\231K"
 293      A4004FC9 
 293      C0514A70 
 293      A4D2F47D 
 293      994B
 294 0779 7629D111 		.ascii	"v)\321\021\006t\024\337\206\237\253U\3500\020\215\246"
 294      067414DF 
 294      869FAB55 
 294      E830108D 
 294      A6
 295 078a 5D040DA7 		.ascii	"]\004\015\247\013\235\024\034P\274\260\024\305\202$"
 295      0B9D141C 
 295      50BCB014 
 295      C58224
 296 0799 80A4801C 		.ascii	"\200\244\200\034\003\211\0039\016\222\004\222\014\222"
 296      03890339 
 296      0E920492 
 296      0C92
 297 07a7 0A7214E4 		.ascii	"\012r\024\344\004H\214\260\224\026\003\314!]2\207\204"
 297      04488CB0 
 297      941603CC 
 297      215D3287 
 297      84
 298 07b8 291DB25D 		.ascii	")\035\262]P\270\257\354{\206\206\033\024\012{\206\226"
 298      50B8AFEC 
 298      7B86861B 
 298      140A7B86 
 298      96
 299 07c9 EE55D4A2 		.ascii	"\356U\324\242\014\373\200"
 299      0CFB80
 300 07d0 6C8DAF90 		.ascii	"l\215\257\220b\215\023\312\320\224\311\230\034P2\331"
 300      628D13CA 
 300      D094C998 
 300      1C5032D9 
 301 07e0 6F60C2EE 		.ascii	"o`\302\356\247\366\011\333\355\242\210\010J\305\357"
 301      A7F609DB 
ARM GAS  C:\Users\johnb\AppData\Local\Temp\ccih4mY9.s 			page 23


 301      EDA28808 
 301      4AC5EF
 302 07ef 26C3A25E 		.ascii	"&\303\242^N\332\035\024\305*g\222X\321s>\263\224n\321"
 302      4EDA1D14 
 302      C52A6792 
 302      58D1733E 
 302      B3946ED1 
 303 0803 886166D8 		.ascii	"\210af\330\365o\356vT \\Gw\275\260\375rb\275\025rX\310"
 303      F56FEE76 
 303      54205C47 
 303      77BDB0FD 
 303      7262BD15 
 304 081a E6B83BA5 		.ascii	"\346\270;\245\201\3273t\032\006\237\022fo@2\243\361"
 304      81D73374 
 304      1A069F12 
 304      666F4032 
 304      A3F1
 305 082c B8A03408 		.ascii	"\270\2404\010\307\377\"4\344\260\356\317\031\265\221"
 305      C7FF2234 
 305      E4B0EECF 
 305      19B591
 306 083b 9790A765 		.ascii	"\227\220\247e\247@\205\322\005\366\306\011\277$\315"
 306      A74085D2 
 306      05F6C609 
 306      BF24CD
 307 084a 0CC5C76A 		.ascii	"\014\305\307j\344`R\377\311^\3639\370\014\005g\326]"
 307      E46052FF 
 307      C95EF339 
 307      F80C0567 
 307      D65D
 308 085c 6FE53929 		.ascii	"o\3459)\202\034\373\231\376\226\024\236\300\206\351"
 308      821CFB99 
 308      FE96149E 
 308      C086E9
 309 086b 9BCB7442 		.ascii	"\233\313tB!\327\355d\211\310\216'\242\351=\3051\246"
 309      21D7ED64 
 309      89C88E27 
 309      A2E93DC5 
 309      31A6
 310 087d 2B9C2C29 		.ascii	"+\234,)\227\246\261\224?\031V\330\211\224\271\364\034"
 310      97A6B194 
 310      3F1956D8 
 310      8994B9F4 
 310      1C
 311 088e F8EB2C0D 		.ascii	"\370\353,\015h6\315\245YR.\315ol~i\211\233Y\272Jz\023"
 311      6836CDA5 
 311      59522ECD 
 311      6F6C7E69 
 311      899B59BA 
 312 08a5 956C25DD 		.ascii	"\225l%\335/\021?\347~\331\325\324z~\316d\347\205\267"
 312      2F113FE7 
 312      7ED9D5D4 
 312      7A7ECE64 
 312      E785B7
 313 08b8 4C76BBF7 		.ascii	"Lv\273\367D\030\257\006\032T\2627+[\366f%\345X;\236"
 313      4418AF06 
 313      1A54B237 
ARM GAS  C:\Users\johnb\AppData\Local\Temp\ccih4mY9.s 			page 24


 313      2B5BF666 
 313      25E5583B 
 314 08cd 638B2A1B 		.ascii	"c\213*\033\253\021ne\334\312F\263\323\370X\222\363#"
 314      AB116E65 
 314      DCCA46B3 
 314      D3F85892 
 314      F323
 315 08df 62461BE6 		.ascii	"bF\033\346\233\364\311E\311'\027\330\375\3222q\355\276"
 315      9BF4C945 
 315      C92717D8 
 315      FDD23271 
 315      EDBE
 316 08f1 99D22705 		.ascii	"\231\322'\005@3\237\322\274Di^\224h\266\347\306\364"
 316      40339FD2 
 316      BC44695E 
 316      9468B6E7 
 316      C6F4
 317 0903 5A281765 		.ascii	"Z(\027e\022\275\347Z~%\017n\025\321{\337\344\326X\340"
 317      12BDE75A 
 317      7E250F6E 
 317      15D17BDF 
 317      E4D658E0 
 318 0917 878CF5A1 		.ascii	"\207\214\365\241\203\0235\032\334\303\224\302\241\214"
 318      8313351A 
 318      DCC394C2 
 318      A18C
 319 0925 C2790C59 		.ascii	"\302y\014YB\364\330\242\3475\274\276\321\310\272\355"
 319      42F4D8A2 
 319      E735BCBE 
 319      D1C8BAED 
 320 0935 78F758C6 		.ascii	"x\367X\306p\2529\356gcw\027\334nW\233\\o\271\264^g\272"
 320      70AA39EE 
 320      67637717 
 320      DC6E579B 
 320      5C6FB9B4 
 321 094c DCC3C587 		.ascii	"\334\303\305\207\363m\224\313-\205\005\224\320\005T"
 321      F36D94CB 
 321      2D850594 
 321      D00554
 322 095b D005944B 		.ascii	"\320\005\224K\0138\367b\354\222V\271\\\223\350\323\275"
 322      0B38F762 
 322      EC9256B9 
 322      5C93E8D3 
 322      BD
 323 096c F1FB791C 		.ascii	"\361\373y\034>\003\365\330\344\211\201y\370)#\371th"
 323      3E03F5D8 
 323      E4898179 
 323      F82923F9 
 323      7468
 324 097e 3ACB068F 		.ascii	":\313\006\2172\245\250\360r%_\2353\250\031\231\245\365"
 324      32A5A8F0 
 324      72255F9D 
 324      33A81999 
 324      A5F5
 325 0990 56789CF5 		.ascii	"Vx\234\365MG&\346Z\342\327L\211\033k\353\347\273\337"
 325      4D4726E6 
 325      5AE2D74C 
ARM GAS  C:\Users\johnb\AppData\Local\Temp\ccih4mY9.s 			page 25


 325      891B6BEB 
 325      E7BBDF
 326 09a3 81043AE5 		.ascii	"\201\004:\345\370AK\274\303\214\366\315DF\304X\340\235"
 326      F8414BBC 
 326      C38CF6CD 
 326      4446C458 
 326      E09D
 327 09b5 4C89AE8F 		.ascii	"L\211\256\217N\261\302{\2312\024\326\323\311\367\316"
 327      4EB1C27B 
 327      993214D6 
 327      D3C9F7CE 
 328 09c5 22F256D6 		.ascii	"\"\362V\326\027\335\302\337u\254e\225\213\035\257\\"
 328      17DDC2DF 
 328      75AC6595 
 328      8B1DAF5C 
 329 09d5 CEBDDC7F 		.ascii	"\316\275\334\177\324\012\037dC\233[\302.r\254\025\250"
 329      D40A1F64 
 329      439B5BC2 
 329      2E72AC15 
 329      A8
 330 09e6 91B51D7F 		.ascii	"\221\265\035\1771\351\331&\311\263w\330N\252\251\272"
 330      31E9D926 
 330      C9B377D8 
 330      4EAAA9BA 
 331 09f6 B14FAD2C 		.ascii	"\261O\255,\256\033\301Y\267\250\263\356Rg5I\316J\211"
 331      AE1BC159 
 331      B7A8B3EE 
 331      52673549 
 331      CE4A89
 332 0a09 099D3253 		.ascii	"\011\2352S\026\313&\321\305\215\255\237\343#\214\343"
 332      16CB26D1 
 332      C58DAD9F 
 332      E3238CE3 
 333 0a19 8BFAD687 		.ascii	"\213\372\326\207\010\3072%\254\266:\315\002\037g\312"
 333      08C73225 
 333      ACB63ACD 
 333      021F67CA 
 334 0a29 607A5D95 		.ascii	"`z]\2259>\311\224\356\336\251\013\030\2473\345\324`"
 334      393EC994 
 334      EEDEA90B 
 334      18A733E5 
 334      D460
 335 0a3b F23E4B7C 		.ascii	"\362>K|\216\217\351\036\252\347\376\331K\016\323\253"
 335      8E8FE91E 
 335      AAE7FED9 
 335      4B0ED3AB 
 336 0a4b E1823B92 		.ascii	"\341\202;\222G\310n\033x\3213\243\301y\024\374\356`"
 336      47C86E1B 
 336      78D133A3 
 336      C17914FC 
 336      EE60
 337 0a5d 5E54AAF5 		.ascii	"^T\252\365\334\322\203=\016 \354f\031zM\022\3741g\324"
 337      DCD2833D 
 337      0E20EC66 
 337      197A4D12 
 337      FC3167D4 
 338 0a71 0C97C56D 		.ascii	"\014\227\305m\310\315\375\220\035\245\245\240\006eE"
ARM GAS  C:\Users\johnb\AppData\Local\Temp\ccih4mY9.s 			page 26


 338      C8CDFD90 
 338      1DA5A5A0 
 338      066545
 339 0a80 51F66F43 		.ascii	"Q\366oCE\321\312\321\263\311\204\336\343\247\021CG\203"
 339      45D1CAD1 
 339      B3C984DE 
 339      E3A71143 
 339      4783
 340 0a92 F1B21FD8 		.ascii	"\361\262\037\330ET\004\266\0139Z:p(Oi{Tf\373\246\322"
 340      455404B6 
 340      0B395A3A 
 340      70284F69 
 340      7B5466FB 
 341 0aa8 36AB3F24 		.ascii	"6\253?$\343\264\270\371\217\001^\253\204W\313\215G\023"
 341      E3B4B8F9 
 341      8F015EAB 
 341      8457CB8D 
 341      4713
 342 0aba E31C4D0E 		.ascii	"\343\034M\016\301\025%\372\262\222\312\224\214J\275"
 342      C11525FA 
 342      B292CA94 
 342      8C4ABD
 343 0ac9 127DE327 		.ascii	"\022}\343'e\226\014\375@\211.1^\201t\200\033\332iW?"
 343      65960CFD 
 343      40892E31 
 343      5E817480 
 343      1BDA6957 
 344 0ade BFE69EC3 		.ascii	"\277\346\236\30357\000WW\027H\037\310\010\310 \310\030"
 344      35370057 
 344      5717481F 
 344      C808C820 
 344      C818
 345 0af0 C843906E 		.ascii	"\310C\220n\220\307 \303 = \243 O@\306A^\200\364\202"
 345      90C720C3 
 345      203D20A3 
 345      204F40C6 
 345      415E80F4 
 346 0b05 BC047904 		.ascii	"\274\004y\0042\004\362\014\344\351l\205B|0\365/\203"
 346      3204F20C 
 346      E4E96C85 
 346      427C30F5 
 346      2F83
 347 0b17 0FDA8C06 		.ascii	"\017\332\214\006O\266\250\3732\367V)\301\225J\027\334"
 347      4FB6A8FB 
 347      32F75629 
 347      C1954A17 
 347      DC
 348 0b28 97B9A045 		.ascii	"\227\271\240E\211\316\377\011\372\007\003\272S\211\316"
 348      89CEFF09 
 348      FA0703BA 
 348      5389CE
 349 0b37 98133A52 		.ascii	"\230\023:R\363\362]\224\013\273(\207\243\245\273\210"
 349      F3F25D94 
 349      0BBB2887 
 349      A3A5BB88 
 350 0b47 BF49C8EB 		.ascii	"\277I\310\353R\216\316\346U\354\034t\246\240\334Ee\262"
 350      528ECEE6 
ARM GAS  C:\Users\johnb\AppData\Local\Temp\ccih4mY9.s 			page 27


 350      55EC1C74 
 350      A6A0DC45 
 350      65B2
 351 0b59 65D6198F 		.ascii	"e\326\031\217\264\034\336([\347}\343\241\236\003\227"
 351      B41CDE28 
 351      5BE77DE3 
 351      A19E0397 
 352 0b69 59AF31BE 		.ascii	"Y\2571\276G\345\360.\231\365{\306\275\310\340\254\252"
 352      47E5F02E 
 352      99F57BC6 
 352      BDC8E0AC 
 352      AA
 353 0b7a 1A9A6695 		.ascii	"\032\232f\225[\277\262r#^\033z\303+\267k\340\2102nL"
 353      5BBFB272 
 353      235E1B7A 
 353      C32BB76B 
 353      E088326E 
 354 0b8f 4AFFE8AA 		.ascii	"J\377\350\252\362|L\311\316G\261\361\3631\207\251la"
 354      F27C4CC9 
 354      CE47B1F1 
 354      F33187A9 
 354      6C61
 355 0ba1 D78DEF0E 		.ascii	"\327\215\357\016\006\207\224T\337q\270^\215/\321\224"
 355      06879454 
 355      DF71B85E 
 355      8D2FD194 
 356 0bb1 241436E7 		.ascii	"$\0246\347\036\266A\013\035\214\235\0054\005G\340\377"
 356      1EB6410B 
 356      1D8C9D05 
 356      340547E0 
 356      FF
 357 0bc2 711C98FB 		.ascii	"q\034\230\373zg\314IQ:\011\023N\030\212\322~Z\224\002"
 357      7A67CC49 
 357      513A0913 
 357      4E188AD2 
 357      7E5A9402 
 358 0bd6 ED23375A 		.ascii	"\355#7ZC-\344\245\340\344\234\272\361\025/\005\311\257"
 358      432DE4A5 
 358      E0E49CBA 
 358      F1152F05 
 358      C9AF
 359 0be8 DA679377 		.ascii	"\332g\223w\220\346\217_~\275\330u\371r\225\326\313k"
 359      90E68F5F 
 359      7EBDD875 
 359      F97295D6 
 359      CB6B
 360 0bfa 8B5F40C8 		.ascii	"\213_@\310\312\025^!\337\370\374\336\323g\223\337F\277"
 360      CA155E21 
 360      DFF8FCDE 
 360      D36793DF 
 360      46BF
 361 0c0c E0902DBE 		.ascii	"\340\220-\276~\201\236!\201\201\376\301\236\337\006"
 361      7E819E21 
 361      8181FEC1 
 361      9EDF06
 362 0c1b 6C594CFF 		.ascii	"lYL\377-\366\016\332\274X\277y\243\336\327W\357\353"
 362      2DF60EDA 
ARM GAS  C:\Users\johnb\AppData\Local\Temp\ccih4mY9.s 			page 28


 362      BC58BF79 
 362      A3DED757 
 362      EFEB
 363 0c2d F989E3CA 		.ascii	"\371\211\343\312\305+\234\227\177\372\367\345\236\320"
 363      C52B9C97 
 363      7FFAF7E5 
 363      9ED0
 364 0c3b FE514060 		.ascii	"\376Q@`\200\376#\275\367F?O\277\000\037\377-\276z\317"
 364      80FE23BD 
 364      F7463F4F 
 364      BF001FFF 
 364      2DBE7ACF 
 365 0c4f CDDE602B 		.ascii	"\315\336`+@\357\351\345\253\377\306{\213\177\210W\310"
 365      40EFE9E5 
 365      ABFFC67B 
 365      8B7F8857 
 365      C8
 366 0c60 B6EFF4C1 		.ascii	"\266\357\364\301\216\233T\032i\276\277\376O\347\013"
 366      8E9B541A 
 366      69BEBFFE 
 366      4FE70B
 367 0c6f DE16ECE9 		.ascii	"\336\026\354\351\025\034\342\013\306a\222\005\001\377"
 367      151CE20B 
 367      C6619205 
 367      01FF
 368 0c7d F0F3591D 		.ascii	"\360\363Y\035\340\275\321_\277A\357\023\022\030\344"
 368      E0BDD15F 
 368      BF41EF13 
 368      1218E4
 369 0c8c E8E8E834 		.ascii	"\350\350\3504\373\011\014v\332\344\355\357\364]`PH\260"
 369      FB090C76 
 369      DAE4EDEF 
 369      F45D6050 
 369      48B0
 370 0c9e 934FE0E6 		.ascii	"\223O\340\346\315\201\001N.\272u\256\353\266:\221q\216"
 370      CD81014E 
 370      2EBA75AE 
 370      EBB63A91 
 370      718E
 371 0cb0 3EAA5F90 		.ascii	">\252_\220\337U~\301\006\003\366\244\305C\037\342\261"
 371      DF557EC1 
 371      0603F6A4 
 371      C5431FE2 
 371      B1
 372 0cc1 2D3844BF 		.ascii	"-8D\277y\255w\200\257\277>\310=\310/0\310/d\033\235"
 372      79AD7780 
 372      AFBF3EC8 
 372      3DC82F30 
 372      C82F641B 
 373 0cd6 CED55FEF 		.ascii	"\316\325_\357\035\344\256\017\000\012\337Z\372l\002"
 373      1DE4AE0F 
 373      000ADF5A 
 373      FA6C02
 374 0ce5 E05A6FFF 		.ascii	"\340Zo\377\220%\212\211\203B\2348e'\237M@\032\310\316"
 374      90258A89 
 374      83429C38 
 374      65279F4D 
ARM GAS  C:\Users\johnb\AppData\Local\Temp\ccih4mY9.s 			page 29


 374      401AC8CE 
 375 0cf9 F3F2FA66 		.ascii	"\363\362\372fK\200\217\227\227\343\247\2378\257\320"
 375      4B808F97 
 375      97E3A79F 
 375      38AFD0
 376 0d08 489AA56E 		.ascii	"H\232\245n\265\307j\335\206\325\253~'\270\271[\2628"
 376      B5C76ADD 
 376      86D5AB7E 
 376      27B8B95B 
 376      B238
 377 0d1a 7DE61562 		.ascii	"}\346\025b\301\177g\273?V\273\271|\241\233UW\252\335"
 377      C17F67BB 
 377      3F56BBB9 
 377      7CA19B55 
 377      57AADD
 378 0d2d 5CDD0DEA 		.ascii	"\\\335\015\352\012\265\233\207\273N\243c\332r\350\\"
 378      0AB59B87 
 378      BB4EA363 
 378      DA72E85C 
 379 0d3d 6DE87486 		.ascii	"m\350t\206\316\325:\265\307z7\335J\005O\356\026\375"
 379      CED53AB5 
 379      C77A37DD 
 379      4A054FEE 
 379      16FD
 380 0d4f D61027D7 		.ascii	"\326\020'\327u\036n\036\006\326\201Az/\237\315\037\003"
 380      751E6E1E 
 380      06D68141 
 380      7A2F9FCD 
 380      1F03
 381 0d61 71CB2F37 		.ascii	"q\313/7\270\271z\255\207\300\202\035\027\235z\335\272"
 381      B8B97AAD 
 381      87C0821D 
 381      179D7ADD 
 381      BA
 382 0d72 353AECB2 		.ascii	"5:\354\262J\207W\301\257\373\032\235\332e\215\207N\375"
 382      4A8757C1 
 382      AFFB1A9D 
 382      DA658D87 
 382      4EFD
 383 0d84 C51A179D 		.ascii	"\305\032\027\235\031t\001`\025\321\327\222/W\3702\363"
 383      19740160 
 383      15D1D792 
 383      2F57F832 
 383      F3
 384 0d95 58EBEAA1 		.ascii	"X\353\352\241\303\036k\335\261\253+\374\272\352\314"
 384      C31E6BDD 
 384      B1AB2BFC 
 384      BAEACC
 385 0da4 5CDC74AE 		.ascii	"\\\334t\256:\365\206\365_\351\200( \\\335\277v[\005"
 385      3AF586F5 
 385      5FE98028 
 385      205CDDBF 
 385      765B05
 386 0db7 DF2EAE3A 		.ascii	"\337.\256:\215\207\353\027t\256\377\002+\340Q\016"
 386      8D87EB17 
 386      74AEFF02 
 386      2BE0510E 
ARM GAS  C:\Users\johnb\AppData\Local\Temp\ccih4mY9.s 			page 30


 387              		.text
 388              		.section	.gnu.lto_.symtab.5f7f295,"",%progbits
 389 0000 6E766963 		.ascii	"nvicEnableVector\000"
 389      456E6162 
 389      6C655665 
 389      63746F72 
 389      00
 390 0011 00       		.ascii	"\000"
 391 0012 00       		.ascii	"\000"
 392 0013 00       		.ascii	"\000"
 393 0014 00000000 		.ascii	"\000\000\000\000\000\000\000\000"
 393      00000000 
 394 001c C7000000 		.ascii	"\307\000\000\000"
 395 0020 6E766963 		.ascii	"nvicDisableVector\000"
 395      44697361 
 395      626C6556 
 395      6563746F 
 395      7200
 396 0032 00       		.ascii	"\000"
 397 0033 00       		.ascii	"\000"
 398 0034 00       		.ascii	"\000"
 399 0035 00000000 		.ascii	"\000\000\000\000\000\000\000\000"
 399      00000000 
 400 003d CB000000 		.ascii	"\313\000\000\000"
 401 0041 6E766963 		.ascii	"nvicSetSystemHandlerPriority\000"
 401      53657453 
 401      79737465 
 401      6D48616E 
 401      646C6572 
 402 005e 00       		.ascii	"\000"
 403 005f 00       		.ascii	"\000"
 404 0060 00       		.ascii	"\000"
 405 0061 00000000 		.ascii	"\000\000\000\000\000\000\000\000"
 405      00000000 
 406 0069 CD000000 		.ascii	"\315\000\000\000"
 407 006d 6E766963 		.ascii	"nvicClearPending\000"
 407      436C6561 
 407      7250656E 
 407      64696E67 
 407      00
 408 007e 00       		.ascii	"\000"
 409 007f 00       		.ascii	"\000"
 410 0080 00       		.ascii	"\000"
 411 0081 00000000 		.ascii	"\000\000\000\000\000\000\000\000"
 411      00000000 
 412 0089 CF000000 		.ascii	"\317\000\000\000"
 413 008d 63685379 		.ascii	"chSysHalt\000"
 413      7348616C 
 413      7400
 414 0097 00       		.ascii	"\000"
 415 0098 02       		.ascii	"\002"
 416 0099 00       		.ascii	"\000"
 417 009a 00000000 		.ascii	"\000\000\000\000\000\000\000\000"
 417      00000000 
 418 00a2 D4000000 		.ascii	"\324\000\000\000"
 419              		.text
 420              		.section	.gnu.lto_.opts,"",%progbits
ARM GAS  C:\Users\johnb\AppData\Local\Temp\ccih4mY9.s 			page 31


 421 0000 272D666D 		.ascii	"'-fmath-errno' '-fsigned-zeros' '-ftrapping-math' '"
 421      6174682D 
 421      6572726E 
 421      6F272027 
 421      2D667369 
 422 0033 2D666E6F 		.ascii	"-fno-trapv' '-fno-openmp' '-fno-openacc' '-mcpu=cor"
 422      2D747261 
 422      70762720 
 422      272D666E 
 422      6F2D6F70 
 423 0066 7465782D 		.ascii	"tex-m4' '-mno-thumb-interwork' '-mthumb' '-ggdb' '-"
 423      6D342720 
 423      272D6D6E 
 423      6F2D7468 
 423      756D622D 
 424 0099 4F322720 		.ascii	"O2' '-fomit-frame-pointer' '-falign-functions=16' '"
 424      272D666F 
 424      6D69742D 
 424      6672616D 
 424      652D706F 
 425 00cc 2D666675 		.ascii	"-ffunction-sections' '-fdata-sections' '-fno-common"
 425      6E637469 
 425      6F6E2D73 
 425      65637469 
 425      6F6E7327 
 426 00ff 2720272D 		.ascii	"' '-flto'\000"
 426      666C746F 
 426      2700
 427              		.text
 428              		.comm	__gnu_lto_v1,1,1
 429              		.comm	__gnu_lto_slim,1,1
 430              		.ident	"GCC: (GNU Tools for ARM Embedded Processors 6-2017-q1-update) 6.3.1 20170215 (release) [AR
ARM GAS  C:\Users\johnb\AppData\Local\Temp\ccih4mY9.s 			page 32


DEFINED SYMBOLS
                            *ABS*:00000000 nvic.c
                            *COM*:00000001 __gnu_lto_v1
                            *COM*:00000001 __gnu_lto_slim

NO UNDEFINED SYMBOLS
